1778086121.674589  INFO: [kua.nodewatcher] 构造 NodeWatcher
1778086121.682812  INFO: [kua.bidder] 构造 Bidder
1778086126.682960 DEBUG: [kua.bidder] 重新计算 bucket 分配，当前节点数: 5
1778086126.683070  INFO: [kua.bidder] 本地节点成为 bucket 0 的所有者，当前所有者: [/two,/five,/four]
1778086126.684084  INFO: [kua.worker] 构造 worker #0 /five
1778086126.688397  INFO: [kua.bidder] 本地节点成为 bucket 3 的所有者，当前所有者: [/one,/five,/four]
1778086126.689415  INFO: [kua.worker] 构造 worker #3 /five
1778086126.692980  INFO: [kua.bidder] BUCKET_SNAPSHOT node=/five bucket0=[/two,/five,/four] bucket1=[/one,/four,/three] bucket2=[/two,/four,/three] bucket3=[/one,/five,/four]
1778086127.418300 DEBUG: [kua.worker] 收到请求 : #3 : /five/%03/%07%0A%08%05beta22%01%00/%0B
1778086127.418352  INFO: [kua.worker] 接收数据: /beta2/seg=0 到 bucket #3
1778086127.418395 DEBUG: [kua.worker] 收到请求 : #3 : /five/%03/%07%0B%08%06alpha22%01%00/%0B
1778086127.418401  INFO: [kua.worker] 接收数据: /alpha2/seg=0 到 bucket #3
1778086127.418432 DEBUG: [kua.worker] 收到请求 : #3 : /five/%03/%07%0B%08%06alpha72%01%00/%0B
1778086127.418437  INFO: [kua.worker] 接收数据: /alpha7/seg=0 到 bucket #3
1778086127.418501 DEBUG: [kua.worker] 收到请求 : #3 : /beta2/seg=0
1778086127.418521 DEBUG: [kua.worker] 收到请求 : #3 : /alpha2/seg=0
1778086127.418534 DEBUG: [kua.worker] 收到请求 : #3 : /alpha7/seg=0
1778086127.418973  INFO: [kua.worker] 接收数据并存储成功: /beta2/seg=0 到 bucket #3
1778086127.419084  INFO: [kua.worker] 接收数据并存储成功: /alpha2/seg=0 到 bucket #3
1778086127.419134  INFO: [kua.worker] 接收数据并存储成功: /alpha7/seg=0 到 bucket #3
1778086129.693150 DEBUG: [kua.bidder] 重新计算 bucket 分配，当前节点数: 5
1778086129.693258  INFO: [kua.bidder] BUCKET_SNAPSHOT node=/five bucket0=[/two,/five,/four] bucket1=[/one,/four,/three] bucket2=[/two,/four,/three] bucket3=[/one,/five,/four]
1778086132.693491 DEBUG: [kua.bidder] 重新计算 bucket 分配，当前节点数: 5
1778086132.693745  INFO: [kua.bidder] BUCKET_SNAPSHOT node=/five bucket0=[/two,/five,/four] bucket1=[/one,/four,/three] bucket2=[/two,/four,/three] bucket3=[/one,/five,/four]
1778086135.693917 DEBUG: [kua.bidder] 重新计算 bucket 分配，当前节点数: 5
1778086135.694023  INFO: [kua.bidder] BUCKET_SNAPSHOT node=/five bucket0=[/two,/five,/four] bucket1=[/one,/four,/three] bucket2=[/two,/four,/three] bucket3=[/one,/five,/four]
1778086138.694174 DEBUG: [kua.bidder] 重新计算 bucket 分配，当前节点数: 5
1778086138.694345  INFO: [kua.bidder] BUCKET_SNAPSHOT node=/five bucket0=[/two,/five,/four] bucket1=[/one,/four,/three] bucket2=[/two,/four,/three] bucket3=[/one,/five,/four]
1778086141.695473 DEBUG: [kua.bidder] 重新计算 bucket 分配，当前节点数: 5
1778086141.695566  INFO: [kua.bidder] BUCKET_SNAPSHOT node=/five bucket0=[/two,/five,/four] bucket1=[/one,/four,/three] bucket2=[/two,/four,/three] bucket3=[/one,/five,/four]
1778086144.696374 DEBUG: [kua.bidder] 重新计算 bucket 分配，当前节点数: 5
1778086144.696539  INFO: [kua.bidder] BUCKET_SNAPSHOT node=/five bucket0=[/two,/five,/four] bucket1=[/one,/four,/three] bucket2=[/two,/four,/three] bucket3=[/one,/five,/four]
1778086147.696679 DEBUG: [kua.bidder] 重新计算 bucket 分配，当前节点数: 5
1778086147.696904  INFO: [kua.bidder] BUCKET_SNAPSHOT node=/five bucket0=[/two,/five,/four] bucket1=[/one,/four,/three] bucket2=[/two,/four,/three] bucket3=[/one,/five,/four]
1778086150.697058 DEBUG: [kua.bidder] 重新计算 bucket 分配，当前节点数: 5
1778086150.697220  INFO: [kua.bidder] BUCKET_SNAPSHOT node=/five bucket0=[/two,/five,/four] bucket1=[/one,/four,/three] bucket2=[/two,/four,/three] bucket3=[/one,/five,/four]
1778086153.697364 DEBUG: [kua.bidder] 重新计算 bucket 分配，当前节点数: 5
1778086153.697455  INFO: [kua.bidder] BUCKET_SNAPSHOT node=/five bucket0=[/two,/five,/four] bucket1=[/one,/four,/three] bucket2=[/two,/four,/three] bucket3=[/one,/five,/four]
1778086156.697557 DEBUG: [kua.bidder] 重新计算 bucket 分配，当前节点数: 5
1778086156.697705  INFO: [kua.bidder] BUCKET_SNAPSHOT node=/five bucket0=[/two,/five,/four] bucket1=[/one,/four,/three] bucket2=[/two,/four,/three] bucket3=[/one,/five,/four]
1778086159.697851 DEBUG: [kua.bidder] 重新计算 bucket 分配，当前节点数: 5
1778086159.698032  INFO: [kua.bidder] BUCKET_SNAPSHOT node=/five bucket0=[/two,/five,/four] bucket1=[/one,/four,/three] bucket2=[/two,/four,/three] bucket3=[/one,/five,/four]
1778086162.701760 DEBUG: [kua.bidder] 重新计算 bucket 分配，当前节点数: 5
1778086162.701894  INFO: [kua.bidder] BUCKET_SNAPSHOT node=/five bucket0=[/two,/five,/four] bucket1=[/one,/four,/three] bucket2=[/two,/four,/three] bucket3=[/one,/five,/four]
1778086163.792497 DEBUG: [kua.worker] 收到请求 : #3 : /five/%03/%07%0D%08%05beta72%01%002%01%00/%07
1778086163.792579 DEBUG: [kua.worker] 收到请求 : #3 : /beta7/seg=0
1778086163.793191 DEBUG: [kua.worker] FETCH 0 / 1
1778086164.827064 DEBUG: [kua.worker] 收到请求 : #3 : /five/%03/%07%0E%08%06gamma82%01%002%01%00/%07
1778086164.827103 DEBUG: [kua.worker] 收到请求 : #3 : /gamma8/seg=0
1778086164.829836 DEBUG: [kua.worker] FETCH 0 / 1
1778086165.702036 DEBUG: [kua.bidder] 重新计算 bucket 分配，当前节点数: 5
1778086165.702216  INFO: [kua.bidder] BUCKET_SNAPSHOT node=/five bucket0=[/two,/five,/four] bucket1=[/one,/four,/three] bucket2=[/two,/four,/three] bucket3=[/one,/five,/four]
1778086168.702318 DEBUG: [kua.bidder] 重新计算 bucket 分配，当前节点数: 5
1778086168.702644  INFO: [kua.bidder] BUCKET_SNAPSHOT node=/five bucket0=[/two,/five,/four] bucket1=[/one,/four,/three] bucket2=[/two,/four,/three] bucket3=[/one,/five,/four]
1778086171.704750 DEBUG: [kua.bidder] 重新计算 bucket 分配，当前节点数: 5
1778086171.704988  INFO: [kua.bidder] BUCKET_SNAPSHOT node=/five bucket0=[/two,/five,/four] bucket1=[/one,/four,/three] bucket2=[/two,/four,/three] bucket3=[/one,/five,/four]
1778086174.705151 DEBUG: [kua.bidder] 重新计算 bucket 分配，当前节点数: 5
1778086174.705232  INFO: [kua.bidder] BUCKET_SNAPSHOT node=/five bucket0=[/two,/five,/four] bucket1=[/one,/four,/three] bucket2=[/two,/four,/three] bucket3=[/one,/five,/four]
1778086177.705468 DEBUG: [kua.bidder] 重新计算 bucket 分配，当前节点数: 5
1778086177.705758  INFO: [kua.bidder] BUCKET_SNAPSHOT node=/five bucket0=[/two,/five,/four] bucket1=[/one,/four,/three] bucket2=[/two,/four,/three] bucket3=[/one,/five,/four]
1778086180.705929 DEBUG: [kua.bidder] 重新计算 bucket 分配，当前节点数: 5
1778086180.706178  INFO: [kua.bidder] BUCKET_SNAPSHOT node=/five bucket0=[/two,/five,/four] bucket1=[/one,/four,/three] bucket2=[/two,/four,/three] bucket3=[/one,/five,/four]
1778086183.706307 DEBUG: [kua.bidder] 重新计算 bucket 分配，当前节点数: 5
1778086183.706492  INFO: [kua.bidder] BUCKET_SNAPSHOT node=/five bucket0=[/two,/five,/four] bucket1=[/one,/four,/three] bucket2=[/two,/four,/three] bucket3=[/one,/five,/four]
1778086186.706647 DEBUG: [kua.bidder] 重新计算 bucket 分配，当前节点数: 5
1778086186.706872  INFO: [kua.bidder] BUCKET_SNAPSHOT node=/five bucket0=[/two,/five,/four] bucket1=[/one,/four,/three] bucket2=[/two,/four,/three] bucket3=[/one,/five,/four]
1778086189.707119 DEBUG: [kua.bidder] 重新计算 bucket 分配，当前节点数: 5
1778086189.707249  INFO: [kua.bidder] BUCKET_SNAPSHOT node=/five bucket0=[/two,/five,/four] bucket1=[/one,/four,/three] bucket2=[/two,/four,/three] bucket3=[/one,/five,/four]
