1778086099.449621  INFO: [kua.nodewatcher] 构造 NodeWatcher
1778086099.455915  INFO: [kua.bidder] 构造 Bidder
1778086104.456079 DEBUG: [kua.bidder] 重新计算 bucket 分配，当前节点数: 4
1778086104.456166  INFO: [kua.bidder] 本地节点成为 bucket 0 的所有者，当前所有者: [/one,/two,/four]
1778086104.456882  INFO: [kua.worker] 构造 worker #0 /four
1778086104.459067  INFO: [kua.bidder] 本地节点成为 bucket 1 的所有者，当前所有者: [/one,/four,/three]
1778086104.459522  INFO: [kua.worker] 构造 worker #1 /four
1778086104.461164  INFO: [kua.bidder] 本地节点成为 bucket 2 的所有者，当前所有者: [/two,/four,/three]
1778086104.462847  INFO: [kua.worker] 构造 worker #2 /four
1778086104.466479  INFO: [kua.bidder] 本地节点成为 bucket 3 的所有者，当前所有者: [/one,/two,/four]
1778086104.467358  INFO: [kua.worker] 构造 worker #3 /four
1778086104.470937  INFO: [kua.bidder] BUCKET_SNAPSHOT node=/four bucket0=[/one,/two,/four] bucket1=[/one,/four,/three] bucket2=[/two,/four,/three] bucket3=[/one,/two,/four]
1778086107.471263 DEBUG: [kua.bidder] 重新计算 bucket 分配，当前节点数: 4
1778086107.471418  INFO: [kua.bidder] BUCKET_SNAPSHOT node=/four bucket0=[/one,/two,/four] bucket1=[/one,/four,/three] bucket2=[/two,/four,/three] bucket3=[/one,/two,/four]
1778086110.471754 DEBUG: [kua.bidder] 重新计算 bucket 分配，当前节点数: 4
1778086110.471993  INFO: [kua.bidder] BUCKET_SNAPSHOT node=/four bucket0=[/one,/two,/four] bucket1=[/one,/four,/three] bucket2=[/two,/four,/three] bucket3=[/one,/two,/four]
1778086110.482280 DEBUG: [kua.worker] 收到请求 : #1 : /four/%01/%07%0E%08%06gamma22%01%002%01%00/%07
1778086110.482334 DEBUG: [kua.worker] 收到请求 : #1 : /gamma2/seg=0
1778086110.482710 DEBUG: [kua.worker] FETCH 0 / 1
1778086111.527417 DEBUG: [kua.worker] 收到请求 : #1 : /four/%01/%07%0E%08%06delta42%01%002%01%00/%07
1778086111.527472 DEBUG: [kua.worker] 收到请求 : #1 : /delta4/seg=0
1778086111.527775 DEBUG: [kua.worker] FETCH 0 / 1
1778086112.557349 DEBUG: [kua.worker] 收到请求 : #1 : /four/%01/%07%0E%08%06gamma72%01%002%01%00/%07
1778086112.557495 DEBUG: [kua.worker] 收到请求 : #1 : /gamma7/seg=0
1778086112.557640 DEBUG: [kua.worker] FETCH 0 / 1
1778086113.472488 DEBUG: [kua.bidder] 重新计算 bucket 分配，当前节点数: 4
1778086113.472794  INFO: [kua.bidder] BUCKET_SNAPSHOT node=/four bucket0=[/one,/two,/four] bucket1=[/one,/four,/three] bucket2=[/two,/four,/three] bucket3=[/one,/two,/four]
1778086113.581938 DEBUG: [kua.worker] 收到请求 : #3 : /four/%03/%07%0E%08%06alpha22%01%002%01%00/%07
1778086113.582023 DEBUG: [kua.worker] 收到请求 : #3 : /alpha2/seg=0
1778086113.582232 DEBUG: [kua.worker] FETCH 0 / 1
1778086114.607956 DEBUG: [kua.worker] 收到请求 : #3 : /four/%03/%07%0D%08%05beta22%01%002%01%00/%07
1778086114.608003 DEBUG: [kua.worker] 收到请求 : #3 : /beta2/seg=0
1778086114.608315 DEBUG: [kua.worker] FETCH 0 / 1
1778086115.644070 DEBUG: [kua.worker] 收到请求 : #3 : /four/%03/%07%0E%08%06alpha72%01%002%01%00/%07
1778086115.644125 DEBUG: [kua.worker] 收到请求 : #3 : /alpha7/seg=0
1778086115.644314 DEBUG: [kua.worker] FETCH 0 / 1
1778086116.472923 DEBUG: [kua.bidder] 重新计算 bucket 分配，当前节点数: 4
1778086116.473097  INFO: [kua.bidder] BUCKET_SNAPSHOT node=/four bucket0=[/one,/two,/four] bucket1=[/one,/four,/three] bucket2=[/two,/four,/three] bucket3=[/one,/two,/four]
1778086119.473480 DEBUG: [kua.bidder] 重新计算 bucket 分配，当前节点数: 4
1778086119.473643  INFO: [kua.bidder] BUCKET_SNAPSHOT node=/four bucket0=[/one,/two,/four] bucket1=[/one,/four,/three] bucket2=[/two,/four,/three] bucket3=[/one,/two,/four]
1778086122.474410 DEBUG: [kua.bidder] 重新计算 bucket 分配，当前节点数: 5
1778086122.474488  INFO: [kua.worker] bucket #0 无需迁移数据（names: 0, owners: 1）
1778086122.474521  INFO: [kua.worker] 等待 5 秒后开始迁移 bucket #3 的 3 条数据到 1 个新所有者
1778086122.474543  INFO: [kua.bidder] BUCKET_SNAPSHOT node=/four bucket0=[/two,/five,/four] bucket1=[/one,/four,/three] bucket2=[/two,/four,/three] bucket3=[/one,/five,/four]
1778086125.474667 DEBUG: [kua.bidder] 重新计算 bucket 分配，当前节点数: 5
1778086125.474797  INFO: [kua.bidder] BUCKET_SNAPSHOT node=/four bucket0=[/two,/five,/four] bucket1=[/one,/four,/three] bucket2=[/two,/four,/three] bucket3=[/one,/five,/four]
1778086127.474807  INFO: [kua.worker] 开始迁移 bucket #3 的 3 条数据到 1 个新所有者
1778086127.474871  INFO: [kua.worker] 迁移 bucket #3 到所有者: /five (3 条数据)
1778086127.474936 DEBUG: [kua.worker] 发送迁移请求 #1: /beta2/seg=0 -> /five
1778086127.474962 DEBUG: [kua.worker] 发送迁移请求 #2: /alpha2/seg=0 -> /five
1778086127.474978 DEBUG: [kua.worker] 发送迁移请求 #3: /alpha7/seg=0 -> /five
1778086127.474983  INFO: [kua.worker] bucket #3 迁移完成，共发送 3 条数据
1778086127.475059 DEBUG: [kua.worker] 收到请求 : #3 : /five/%03/%07%0A%08%05beta22%01%00/%0B
1778086127.475098 DEBUG: [kua.worker] 收到请求 : #3 : /five/%03/%07%0B%08%06alpha22%01%00/%0B
1778086127.475115 DEBUG: [kua.worker] 收到请求 : #3 : /five/%03/%07%0B%08%06alpha72%01%00/%0B
1778086127.475385  INFO: [kua.worker] 迁移成功 #1: /beta2/seg=0 已发送到 /five
1778086127.475450  INFO: [kua.worker] 迁移成功 #2: /alpha2/seg=0 已发送到 /five
1778086127.475471  INFO: [kua.worker] 迁移成功 #3: /alpha7/seg=0 已发送到 /five
1778086128.474948 DEBUG: [kua.bidder] 重新计算 bucket 分配，当前节点数: 5
1778086128.475094  INFO: [kua.bidder] BUCKET_SNAPSHOT node=/four bucket0=[/two,/five,/four] bucket1=[/one,/four,/three] bucket2=[/two,/four,/three] bucket3=[/one,/five,/four]
1778086131.475268 DEBUG: [kua.bidder] 重新计算 bucket 分配，当前节点数: 5
1778086131.475426  INFO: [kua.bidder] BUCKET_SNAPSHOT node=/four bucket0=[/two,/five,/four] bucket1=[/one,/four,/three] bucket2=[/two,/four,/three] bucket3=[/one,/five,/four]
1778086134.475511 DEBUG: [kua.bidder] 重新计算 bucket 分配，当前节点数: 5
1778086134.475685  INFO: [kua.bidder] BUCKET_SNAPSHOT node=/four bucket0=[/two,/five,/four] bucket1=[/one,/four,/three] bucket2=[/two,/four,/three] bucket3=[/one,/five,/four]
1778086137.475829 DEBUG: [kua.bidder] 重新计算 bucket 分配，当前节点数: 5
1778086137.475975  INFO: [kua.bidder] BUCKET_SNAPSHOT node=/four bucket0=[/two,/five,/four] bucket1=[/one,/four,/three] bucket2=[/two,/four,/three] bucket3=[/one,/five,/four]
1778086140.476099 DEBUG: [kua.bidder] 重新计算 bucket 分配，当前节点数: 5
1778086140.476247  INFO: [kua.bidder] BUCKET_SNAPSHOT node=/four bucket0=[/two,/five,/four] bucket1=[/one,/four,/three] bucket2=[/two,/four,/three] bucket3=[/one,/five,/four]
1778086143.476357 DEBUG: [kua.bidder] 重新计算 bucket 分配，当前节点数: 5
1778086143.476472  INFO: [kua.bidder] BUCKET_SNAPSHOT node=/four bucket0=[/two,/five,/four] bucket1=[/one,/four,/three] bucket2=[/two,/four,/three] bucket3=[/one,/five,/four]
1778086146.476887 DEBUG: [kua.bidder] 重新计算 bucket 分配，当前节点数: 5
1778086146.477384  INFO: [kua.bidder] BUCKET_SNAPSHOT node=/four bucket0=[/two,/five,/four] bucket1=[/one,/four,/three] bucket2=[/two,/four,/three] bucket3=[/one,/five,/four]
1778086149.477504 DEBUG: [kua.bidder] 重新计算 bucket 分配，当前节点数: 5
1778086149.477860  INFO: [kua.bidder] BUCKET_SNAPSHOT node=/four bucket0=[/two,/five,/four] bucket1=[/one,/four,/three] bucket2=[/two,/four,/three] bucket3=[/one,/five,/four]
1778086152.480652 DEBUG: [kua.bidder] 重新计算 bucket 分配，当前节点数: 5
1778086152.480787  INFO: [kua.bidder] BUCKET_SNAPSHOT node=/four bucket0=[/two,/five,/four] bucket1=[/one,/four,/three] bucket2=[/two,/four,/three] bucket3=[/one,/five,/four]
1778086155.489351 DEBUG: [kua.bidder] 重新计算 bucket 分配，当前节点数: 5
1778086155.489453  INFO: [kua.bidder] BUCKET_SNAPSHOT node=/four bucket0=[/two,/five,/four] bucket1=[/one,/four,/three] bucket2=[/two,/four,/three] bucket3=[/one,/five,/four]
1778086158.489695 DEBUG: [kua.bidder] 重新计算 bucket 分配，当前节点数: 5
1778086158.490007  INFO: [kua.bidder] BUCKET_SNAPSHOT node=/four bucket0=[/two,/five,/four] bucket1=[/one,/four,/three] bucket2=[/two,/four,/three] bucket3=[/one,/five,/four]
1778086161.490163 DEBUG: [kua.bidder] 重新计算 bucket 分配，当前节点数: 5
1778086161.490309  INFO: [kua.bidder] BUCKET_SNAPSHOT node=/four bucket0=[/two,/five,/four] bucket1=[/one,/four,/three] bucket2=[/two,/four,/three] bucket3=[/one,/five,/four]
1778086161.716701 DEBUG: [kua.worker] 收到请求 : #1 : /four/%01/%07%0E%08%06delta62%01%002%01%00/%07
1778086161.716770 DEBUG: [kua.worker] 收到请求 : #1 : /delta6/seg=0
1778086161.717477 DEBUG: [kua.worker] FETCH 0 / 1
1778086162.745714 DEBUG: [kua.worker] 收到请求 : #1 : /four/%01/%07%0E%08%06alpha82%01%002%01%00/%07
1778086162.745764 DEBUG: [kua.worker] 收到请求 : #1 : /alpha8/seg=0
1778086162.745936 DEBUG: [kua.worker] FETCH 0 / 1
1778086163.791140 DEBUG: [kua.worker] 收到请求 : #3 : /four/%03/%07%0D%08%05beta72%01%002%01%00/%07
1778086163.791219 DEBUG: [kua.worker] 收到请求 : #3 : /beta7/seg=0
1778086163.793361 DEBUG: [kua.worker] FETCH 0 / 1
1778086164.491364 DEBUG: [kua.bidder] 重新计算 bucket 分配，当前节点数: 5
1778086164.491461  INFO: [kua.bidder] BUCKET_SNAPSHOT node=/four bucket0=[/two,/five,/four] bucket1=[/one,/four,/three] bucket2=[/two,/four,/three] bucket3=[/one,/five,/four]
1778086164.827185 DEBUG: [kua.worker] 收到请求 : #3 : /four/%03/%07%0E%08%06gamma82%01%002%01%00/%07
1778086164.827225 DEBUG: [kua.worker] 收到请求 : #3 : /gamma8/seg=0
1778086164.829970 DEBUG: [kua.worker] FETCH 0 / 1
1778086167.491561 DEBUG: [kua.bidder] 重新计算 bucket 分配，当前节点数: 5
1778086167.491798  INFO: [kua.bidder] BUCKET_SNAPSHOT node=/four bucket0=[/two,/five,/four] bucket1=[/one,/four,/three] bucket2=[/two,/four,/three] bucket3=[/one,/five,/four]
1778086170.491898 DEBUG: [kua.bidder] 重新计算 bucket 分配，当前节点数: 5
1778086170.491995  INFO: [kua.bidder] BUCKET_SNAPSHOT node=/four bucket0=[/two,/five,/four] bucket1=[/one,/four,/three] bucket2=[/two,/four,/three] bucket3=[/one,/five,/four]
1778086173.492186 DEBUG: [kua.bidder] 重新计算 bucket 分配，当前节点数: 5
1778086173.492326  INFO: [kua.bidder] BUCKET_SNAPSHOT node=/four bucket0=[/two,/five,/four] bucket1=[/one,/four,/three] bucket2=[/two,/four,/three] bucket3=[/one,/five,/four]
1778086176.492555 DEBUG: [kua.bidder] 重新计算 bucket 分配，当前节点数: 5
1778086176.492837  INFO: [kua.bidder] BUCKET_SNAPSHOT node=/four bucket0=[/two,/five,/four] bucket1=[/one,/four,/three] bucket2=[/two,/four,/three] bucket3=[/one,/five,/four]
1778086179.492951 DEBUG: [kua.bidder] 重新计算 bucket 分配，当前节点数: 5
1778086179.493169  INFO: [kua.bidder] BUCKET_SNAPSHOT node=/four bucket0=[/two,/five,/four] bucket1=[/one,/four,/three] bucket2=[/two,/four,/three] bucket3=[/one,/five,/four]
1778086182.493312 DEBUG: [kua.bidder] 重新计算 bucket 分配，当前节点数: 5
1778086182.493473  INFO: [kua.bidder] BUCKET_SNAPSHOT node=/four bucket0=[/two,/five,/four] bucket1=[/one,/four,/three] bucket2=[/two,/four,/three] bucket3=[/one,/five,/four]
1778086185.493626 DEBUG: [kua.bidder] 重新计算 bucket 分配，当前节点数: 5
1778086185.493744  INFO: [kua.bidder] BUCKET_SNAPSHOT node=/four bucket0=[/two,/five,/four] bucket1=[/one,/four,/three] bucket2=[/two,/four,/three] bucket3=[/one,/five,/four]
1778086188.494063 DEBUG: [kua.bidder] 重新计算 bucket 分配，当前节点数: 5
1778086188.494338  INFO: [kua.bidder] BUCKET_SNAPSHOT node=/four bucket0=[/two,/five,/four] bucket1=[/one,/four,/three] bucket2=[/two,/four,/three] bucket3=[/one,/five,/four]
1778086191.494974 DEBUG: [kua.bidder] 重新计算 bucket 分配，当前节点数: 5
1778086191.495301  INFO: [kua.bidder] BUCKET_SNAPSHOT node=/four bucket0=[/two,/five,/four] bucket1=[/one,/four,/three] bucket2=[/two,/four,/three] bucket3=[/one,/five,/four]
