1778086096.389822  INFO: [kua.nodewatcher] 构造 NodeWatcher
1778086096.395398  INFO: [kua.bidder] 构造 Bidder
1778086101.396385 DEBUG: [kua.bidder] 重新计算 bucket 分配，当前节点数: 4
1778086101.396509  INFO: [kua.bidder] 本地节点成为 bucket 0 的所有者，当前所有者: [/one,/two,/four]
1778086101.398185  INFO: [kua.worker] 构造 worker #0 /one
1778086101.401882  INFO: [kua.bidder] 本地节点成为 bucket 1 的所有者，当前所有者: [/one,/four,/three]
1778086101.402783  INFO: [kua.worker] 构造 worker #1 /one
1778086101.407984  INFO: [kua.bidder] 本地节点成为 bucket 3 的所有者，当前所有者: [/one,/two,/four]
1778086101.408889  INFO: [kua.worker] 构造 worker #3 /one
1778086101.412530  INFO: [kua.bidder] BUCKET_SNAPSHOT node=/one bucket0=[/one,/two,/four] bucket1=[/one,/four,/three] bucket2=[/two,/four,/three] bucket3=[/one,/two,/four]
1778086104.413055 DEBUG: [kua.bidder] 重新计算 bucket 分配，当前节点数: 4
1778086104.413215  INFO: [kua.bidder] BUCKET_SNAPSHOT node=/one bucket0=[/one,/two,/four] bucket1=[/one,/four,/three] bucket2=[/two,/four,/three] bucket3=[/one,/two,/four]
1778086107.413367 DEBUG: [kua.bidder] 重新计算 bucket 分配，当前节点数: 4
1778086107.413513  INFO: [kua.bidder] BUCKET_SNAPSHOT node=/one bucket0=[/one,/two,/four] bucket1=[/one,/four,/three] bucket2=[/two,/four,/three] bucket3=[/one,/two,/four]
1778086110.413854 DEBUG: [kua.bidder] 重新计算 bucket 分配，当前节点数: 4
1778086110.414012  INFO: [kua.bidder] BUCKET_SNAPSHOT node=/one bucket0=[/one,/two,/four] bucket1=[/one,/four,/three] bucket2=[/two,/four,/three] bucket3=[/one,/two,/four]
1778086110.481493 DEBUG: [kua.worker] 收到请求 : #1 : /kua/%01/%07%0E%08%06gamma22%01%002%01%00/%05
1778086110.481598 DEBUG: [kua.worker] 收到请求 : #1 : /one/%01/%07%0E%08%06gamma22%01%002%01%00/%07
1778086110.481629 DEBUG: [kua.worker] 收到请求 : #1 : /four/%01/%07%0E%08%06gamma22%01%002%01%00/%07
1778086110.481638 DEBUG: [kua.worker] 收到请求 : #1 : /three/%01/%07%0E%08%06gamma22%01%002%01%00/%07
1778086110.481668 DEBUG: [kua.worker] 收到请求 : #1 : /gamma2/seg=0
1778086110.482606 DEBUG: [kua.worker] FETCH 0 / 1
1778086110.482838 DEBUG: [kua.worker] #1 : 所有副本已完成 : /gamma2/seg=0/seg=0
1778086111.526884 DEBUG: [kua.worker] 收到请求 : #1 : /kua/%01/%07%0E%08%06delta42%01%002%01%00/%05
1778086111.526990 DEBUG: [kua.worker] 收到请求 : #1 : /one/%01/%07%0E%08%06delta42%01%002%01%00/%07
1778086111.527005 DEBUG: [kua.worker] 收到请求 : #1 : /four/%01/%07%0E%08%06delta42%01%002%01%00/%07
1778086111.527011 DEBUG: [kua.worker] 收到请求 : #1 : /three/%01/%07%0E%08%06delta42%01%002%01%00/%07
1778086111.527019 DEBUG: [kua.worker] 收到请求 : #1 : /delta4/seg=0
1778086111.527705 DEBUG: [kua.worker] FETCH 0 / 1
1778086111.527934 DEBUG: [kua.worker] #1 : 所有副本已完成 : /delta4/seg=0/seg=0
1778086112.556697 DEBUG: [kua.worker] 收到请求 : #1 : /kua/%01/%07%0E%08%06gamma72%01%002%01%00/%05
1778086112.556774 DEBUG: [kua.worker] 收到请求 : #1 : /one/%01/%07%0E%08%06gamma72%01%002%01%00/%07
1778086112.556786 DEBUG: [kua.worker] 收到请求 : #1 : /four/%01/%07%0E%08%06gamma72%01%002%01%00/%07
1778086112.556792 DEBUG: [kua.worker] 收到请求 : #1 : /three/%01/%07%0E%08%06gamma72%01%002%01%00/%07
1778086112.556801 DEBUG: [kua.worker] 收到请求 : #1 : /gamma7/seg=0
1778086112.557933 DEBUG: [kua.worker] FETCH 0 / 1
1778086112.558185 DEBUG: [kua.worker] #1 : 所有副本已完成 : /gamma7/seg=0/seg=0
1778086113.414161 DEBUG: [kua.bidder] 重新计算 bucket 分配，当前节点数: 4
1778086113.414316  INFO: [kua.bidder] BUCKET_SNAPSHOT node=/one bucket0=[/one,/two,/four] bucket1=[/one,/four,/three] bucket2=[/two,/four,/three] bucket3=[/one,/two,/four]
1778086113.581138 DEBUG: [kua.worker] 收到请求 : #3 : /kua/%03/%07%0E%08%06alpha22%01%002%01%00/%05
1778086113.581329 DEBUG: [kua.worker] 收到请求 : #3 : /one/%03/%07%0E%08%06alpha22%01%002%01%00/%07
1778086113.581445 DEBUG: [kua.worker] 收到请求 : #3 : /two/%03/%07%0E%08%06alpha22%01%002%01%00/%07
1778086113.581476 DEBUG: [kua.worker] 收到请求 : #3 : /four/%03/%07%0E%08%06alpha22%01%002%01%00/%07
1778086113.581554 DEBUG: [kua.worker] 收到请求 : #3 : /alpha2/seg=0
1778086113.582104 DEBUG: [kua.worker] FETCH 0 / 1
1778086113.582462 DEBUG: [kua.worker] #3 : 所有副本已完成 : /alpha2/seg=0/seg=0
1778086114.607372 DEBUG: [kua.worker] 收到请求 : #3 : /kua/%03/%07%0D%08%05beta22%01%002%01%00/%05
1778086114.607493 DEBUG: [kua.worker] 收到请求 : #3 : /one/%03/%07%0D%08%05beta22%01%002%01%00/%07
1778086114.607518 DEBUG: [kua.worker] 收到请求 : #3 : /two/%03/%07%0D%08%05beta22%01%002%01%00/%07
1778086114.607530 DEBUG: [kua.worker] 收到请求 : #3 : /four/%03/%07%0D%08%05beta22%01%002%01%00/%07
1778086114.607543 DEBUG: [kua.worker] 收到请求 : #3 : /beta2/seg=0
1778086114.608222 DEBUG: [kua.worker] FETCH 0 / 1
1778086114.608485 DEBUG: [kua.worker] #3 : 所有副本已完成 : /beta2/seg=0/seg=0
1778086115.643621 DEBUG: [kua.worker] 收到请求 : #3 : /kua/%03/%07%0E%08%06alpha72%01%002%01%00/%05
1778086115.643789 DEBUG: [kua.worker] 收到请求 : #3 : /one/%03/%07%0E%08%06alpha72%01%002%01%00/%07
1778086115.643827 DEBUG: [kua.worker] 收到请求 : #3 : /two/%03/%07%0E%08%06alpha72%01%002%01%00/%07
1778086115.643842 DEBUG: [kua.worker] 收到请求 : #3 : /four/%03/%07%0E%08%06alpha72%01%002%01%00/%07
1778086115.643862 DEBUG: [kua.worker] 收到请求 : #3 : /alpha7/seg=0
1778086115.644301 DEBUG: [kua.worker] FETCH 0 / 1
1778086115.644437 DEBUG: [kua.worker] #3 : 所有副本已完成 : /alpha7/seg=0/seg=0
1778086116.414496 DEBUG: [kua.bidder] 重新计算 bucket 分配，当前节点数: 4
1778086116.414604  INFO: [kua.bidder] BUCKET_SNAPSHOT node=/one bucket0=[/one,/two,/four] bucket1=[/one,/four,/three] bucket2=[/two,/four,/three] bucket3=[/one,/two,/four]
1778086119.416195 DEBUG: [kua.bidder] 重新计算 bucket 分配，当前节点数: 4
1778086119.416372  INFO: [kua.bidder] BUCKET_SNAPSHOT node=/one bucket0=[/one,/two,/four] bucket1=[/one,/four,/three] bucket2=[/two,/four,/three] bucket3=[/one,/two,/four]
1778086122.416543 DEBUG: [kua.bidder] 重新计算 bucket 分配，当前节点数: 5
1778086122.416774  INFO: [kua.bidder] 本地节点失去 bucket 0 的所有者身份，新所有者: [/two,/five,/four]
1778086122.416806  INFO: [kua.worker] bucket #0 无需迁移数据（names: 0, owners: 3）
1778086122.416973  INFO: [kua.worker] 等待 5 秒后开始迁移 bucket #3 的 3 条数据到 1 个新所有者
1778086122.417031  INFO: [kua.bidder] BUCKET_SNAPSHOT node=/one bucket0=[/two,/five,/four] bucket1=[/one,/four,/three] bucket2=[/two,/four,/three] bucket3=[/one,/five,/four]
1778086125.417271 DEBUG: [kua.bidder] 重新计算 bucket 分配，当前节点数: 5
1778086125.417420  INFO: [kua.bidder] BUCKET_SNAPSHOT node=/one bucket0=[/two,/five,/four] bucket1=[/one,/four,/three] bucket2=[/two,/four,/three] bucket3=[/one,/five,/four]
1778086127.417145  INFO: [kua.worker] 开始迁移 bucket #3 的 3 条数据到 1 个新所有者
1778086127.417215  INFO: [kua.worker] 迁移 bucket #3 到所有者: /five (3 条数据)
1778086127.417285 DEBUG: [kua.worker] 发送迁移请求 #1: /beta2/seg=0 -> /five
1778086127.417320 DEBUG: [kua.worker] 发送迁移请求 #2: /alpha2/seg=0 -> /five
1778086127.417351 DEBUG: [kua.worker] 发送迁移请求 #3: /alpha7/seg=0 -> /five
1778086127.417408  INFO: [kua.worker] bucket #3 迁移完成，共发送 3 条数据
1778086127.417489 DEBUG: [kua.worker] 收到请求 : #3 : /five/%03/%07%0A%08%05beta22%01%00/%0B
1778086127.417514 DEBUG: [kua.worker] 收到请求 : #3 : /five/%03/%07%0B%08%06alpha22%01%00/%0B
1778086127.417528 DEBUG: [kua.worker] 收到请求 : #3 : /five/%03/%07%0B%08%06alpha72%01%00/%0B
1778086127.421954  INFO: [kua.worker] 迁移成功 #1: /beta2/seg=0 已发送到 /five
1778086127.422013  INFO: [kua.worker] 迁移成功 #2: /alpha2/seg=0 已发送到 /five
1778086127.422028  INFO: [kua.worker] 迁移成功 #3: /alpha7/seg=0 已发送到 /five
1778086128.417542 DEBUG: [kua.bidder] 重新计算 bucket 分配，当前节点数: 5
1778086128.417752  INFO: [kua.bidder] BUCKET_SNAPSHOT node=/one bucket0=[/two,/five,/four] bucket1=[/one,/four,/three] bucket2=[/two,/four,/three] bucket3=[/one,/five,/four]
1778086131.418434 DEBUG: [kua.bidder] 重新计算 bucket 分配，当前节点数: 5
1778086131.418530  INFO: [kua.bidder] BUCKET_SNAPSHOT node=/one bucket0=[/two,/five,/four] bucket1=[/one,/four,/three] bucket2=[/two,/four,/three] bucket3=[/one,/five,/four]
1778086132.417024  INFO: [kua.worker] 停止 worker #268851919 (/one)，包含 0 条数据
1778086134.418682 DEBUG: [kua.bidder] 重新计算 bucket 分配，当前节点数: 5
1778086134.418908  INFO: [kua.bidder] BUCKET_SNAPSHOT node=/one bucket0=[/two,/five,/four] bucket1=[/one,/four,/three] bucket2=[/two,/four,/three] bucket3=[/one,/five,/four]
1778086137.419104 DEBUG: [kua.bidder] 重新计算 bucket 分配，当前节点数: 5
1778086137.419282  INFO: [kua.bidder] BUCKET_SNAPSHOT node=/one bucket0=[/two,/five,/four] bucket1=[/one,/four,/three] bucket2=[/two,/four,/three] bucket3=[/one,/five,/four]
1778086140.419882 DEBUG: [kua.bidder] 重新计算 bucket 分配，当前节点数: 5
1778086140.420110  INFO: [kua.bidder] BUCKET_SNAPSHOT node=/one bucket0=[/two,/five,/four] bucket1=[/one,/four,/three] bucket2=[/two,/four,/three] bucket3=[/one,/five,/four]
1778086143.422913 DEBUG: [kua.bidder] 重新计算 bucket 分配，当前节点数: 5
1778086143.423407  INFO: [kua.bidder] BUCKET_SNAPSHOT node=/one bucket0=[/two,/five,/four] bucket1=[/one,/four,/three] bucket2=[/two,/four,/three] bucket3=[/one,/five,/four]
1778086146.423543 DEBUG: [kua.bidder] 重新计算 bucket 分配，当前节点数: 5
1778086146.423779  INFO: [kua.bidder] BUCKET_SNAPSHOT node=/one bucket0=[/two,/five,/four] bucket1=[/one,/four,/three] bucket2=[/two,/four,/three] bucket3=[/one,/five,/four]
1778086149.423962 DEBUG: [kua.bidder] 重新计算 bucket 分配，当前节点数: 5
1778086149.424155  INFO: [kua.bidder] BUCKET_SNAPSHOT node=/one bucket0=[/two,/five,/four] bucket1=[/one,/four,/three] bucket2=[/two,/four,/three] bucket3=[/one,/five,/four]
1778086152.424427 DEBUG: [kua.bidder] 重新计算 bucket 分配，当前节点数: 5
1778086152.424636  INFO: [kua.bidder] BUCKET_SNAPSHOT node=/one bucket0=[/two,/five,/four] bucket1=[/one,/four,/three] bucket2=[/two,/four,/three] bucket3=[/one,/five,/four]
1778086155.425460 DEBUG: [kua.bidder] 重新计算 bucket 分配，当前节点数: 5
1778086155.425628  INFO: [kua.bidder] BUCKET_SNAPSHOT node=/one bucket0=[/two,/five,/four] bucket1=[/one,/four,/three] bucket2=[/two,/four,/three] bucket3=[/one,/five,/four]
1778086158.426033 DEBUG: [kua.bidder] 重新计算 bucket 分配，当前节点数: 5
1778086158.426137  INFO: [kua.bidder] BUCKET_SNAPSHOT node=/one bucket0=[/two,/five,/four] bucket1=[/one,/four,/three] bucket2=[/two,/four,/three] bucket3=[/one,/five,/four]
1778086161.426285 DEBUG: [kua.bidder] 重新计算 bucket 分配，当前节点数: 5
1778086161.426446  INFO: [kua.bidder] BUCKET_SNAPSHOT node=/one bucket0=[/two,/five,/four] bucket1=[/one,/four,/three] bucket2=[/two,/four,/three] bucket3=[/one,/five,/four]
1778086161.714909 DEBUG: [kua.worker] 收到请求 : #1 : /kua/%01/%07%0E%08%06delta62%01%002%01%00/%05
1778086161.715000 DEBUG: [kua.worker] 收到请求 : #1 : /one/%01/%07%0E%08%06delta62%01%002%01%00/%07
1778086161.715014 DEBUG: [kua.worker] 收到请求 : #1 : /four/%01/%07%0E%08%06delta62%01%002%01%00/%07
1778086161.715020 DEBUG: [kua.worker] 收到请求 : #1 : /three/%01/%07%0E%08%06delta62%01%002%01%00/%07
1778086161.715028 DEBUG: [kua.worker] 收到请求 : #1 : /delta6/seg=0
1778086161.716567 DEBUG: [kua.worker] FETCH 0 / 1
1778086161.717707 DEBUG: [kua.worker] #1 : 所有副本已完成 : /delta6/seg=0/seg=0
1778086162.743835 DEBUG: [kua.worker] 收到请求 : #1 : /kua/%01/%07%0E%08%06alpha82%01%002%01%00/%05
1778086162.743923 DEBUG: [kua.worker] 收到请求 : #1 : /one/%01/%07%0E%08%06alpha82%01%002%01%00/%07
1778086162.743938 DEBUG: [kua.worker] 收到请求 : #1 : /four/%01/%07%0E%08%06alpha82%01%002%01%00/%07
1778086162.743944 DEBUG: [kua.worker] 收到请求 : #1 : /three/%01/%07%0E%08%06alpha82%01%002%01%00/%07
1778086162.743953 DEBUG: [kua.worker] 收到请求 : #1 : /alpha8/seg=0
1778086162.746327 DEBUG: [kua.worker] FETCH 0 / 1
1778086162.746953 DEBUG: [kua.worker] #1 : 所有副本已完成 : /alpha8/seg=0/seg=0
1778086163.779464 DEBUG: [kua.worker] 收到请求 : #3 : /kua/%03/%07%0D%08%05beta72%01%002%01%00/%05
1778086163.779553 DEBUG: [kua.worker] 收到请求 : #3 : /one/%03/%07%0D%08%05beta72%01%002%01%00/%07
1778086163.779568 DEBUG: [kua.worker] 收到请求 : #3 : /five/%03/%07%0D%08%05beta72%01%002%01%00/%07
1778086163.779574 DEBUG: [kua.worker] 收到请求 : #3 : /four/%03/%07%0D%08%05beta72%01%002%01%00/%07
1778086163.779581 DEBUG: [kua.worker] 收到请求 : #3 : /beta7/seg=0
1778086163.793287 DEBUG: [kua.worker] FETCH 0 / 1
1778086163.793907 DEBUG: [kua.worker] #3 : 所有副本已完成 : /beta7/seg=0/seg=0
1778086164.426682 DEBUG: [kua.bidder] 重新计算 bucket 分配，当前节点数: 5
1778086164.426921  INFO: [kua.bidder] BUCKET_SNAPSHOT node=/one bucket0=[/two,/five,/four] bucket1=[/one,/four,/three] bucket2=[/two,/four,/three] bucket3=[/one,/five,/four]
1778086164.826453 DEBUG: [kua.worker] 收到请求 : #3 : /kua/%03/%07%0E%08%06gamma82%01%002%01%00/%05
1778086164.826537 DEBUG: [kua.worker] 收到请求 : #3 : /one/%03/%07%0E%08%06gamma82%01%002%01%00/%07
1778086164.826552 DEBUG: [kua.worker] 收到请求 : #3 : /five/%03/%07%0E%08%06gamma82%01%002%01%00/%07
1778086164.826559 DEBUG: [kua.worker] 收到请求 : #3 : /four/%03/%07%0E%08%06gamma82%01%002%01%00/%07
1778086164.826567 DEBUG: [kua.worker] 收到请求 : #3 : /gamma8/seg=0
1778086164.829712 DEBUG: [kua.worker] FETCH 0 / 1
1778086164.830669 DEBUG: [kua.worker] #3 : 所有副本已完成 : /gamma8/seg=0/seg=0
1778086167.427080 DEBUG: [kua.bidder] 重新计算 bucket 分配，当前节点数: 5
1778086167.427198  INFO: [kua.bidder] BUCKET_SNAPSHOT node=/one bucket0=[/two,/five,/four] bucket1=[/one,/four,/three] bucket2=[/two,/four,/three] bucket3=[/one,/five,/four]
1778086170.427328 DEBUG: [kua.bidder] 重新计算 bucket 分配，当前节点数: 5
1778086170.427507  INFO: [kua.bidder] BUCKET_SNAPSHOT node=/one bucket0=[/two,/five,/four] bucket1=[/one,/four,/three] bucket2=[/two,/four,/three] bucket3=[/one,/five,/four]
1778086173.427700 DEBUG: [kua.bidder] 重新计算 bucket 分配，当前节点数: 5
1778086173.427844  INFO: [kua.bidder] BUCKET_SNAPSHOT node=/one bucket0=[/two,/five,/four] bucket1=[/one,/four,/three] bucket2=[/two,/four,/three] bucket3=[/one,/five,/four]
1778086176.429727 DEBUG: [kua.bidder] 重新计算 bucket 分配，当前节点数: 5
1778086176.429933  INFO: [kua.bidder] BUCKET_SNAPSHOT node=/one bucket0=[/two,/five,/four] bucket1=[/one,/four,/three] bucket2=[/two,/four,/three] bucket3=[/one,/five,/four]
1778086179.430020 DEBUG: [kua.bidder] 重新计算 bucket 分配，当前节点数: 5
1778086179.430116  INFO: [kua.bidder] BUCKET_SNAPSHOT node=/one bucket0=[/two,/five,/four] bucket1=[/one,/four,/three] bucket2=[/two,/four,/three] bucket3=[/one,/five,/four]
1778086182.430285 DEBUG: [kua.bidder] 重新计算 bucket 分配，当前节点数: 5
1778086182.430464  INFO: [kua.bidder] BUCKET_SNAPSHOT node=/one bucket0=[/two,/five,/four] bucket1=[/one,/four,/three] bucket2=[/two,/four,/three] bucket3=[/one,/five,/four]
1778086185.431934 DEBUG: [kua.bidder] 重新计算 bucket 分配，当前节点数: 5
1778086185.432118  INFO: [kua.bidder] BUCKET_SNAPSHOT node=/one bucket0=[/two,/five,/four] bucket1=[/one,/four,/three] bucket2=[/two,/four,/three] bucket3=[/one,/five,/four]
1778086188.432303 DEBUG: [kua.bidder] 重新计算 bucket 分配，当前节点数: 5
1778086188.432464  INFO: [kua.bidder] BUCKET_SNAPSHOT node=/one bucket0=[/two,/five,/four] bucket1=[/one,/four,/three] bucket2=[/two,/four,/three] bucket3=[/one,/five,/four]
1778086191.432628 DEBUG: [kua.bidder] 重新计算 bucket 分配，当前节点数: 5
1778086191.432866  INFO: [kua.bidder] BUCKET_SNAPSHOT node=/one bucket0=[/two,/five,/four] bucket1=[/one,/four,/three] bucket2=[/two,/four,/three] bucket3=[/one,/five,/four]
