1778086098.440391  INFO: [kua.nodewatcher] 构造 NodeWatcher
1778086098.447113  INFO: [kua.bidder] 构造 Bidder
1778086103.447258 DEBUG: [kua.bidder] 重新计算 bucket 分配，当前节点数: 4
1778086103.447383  INFO: [kua.bidder] 本地节点成为 bucket 1 的所有者，当前所有者: [/one,/four,/three]
1778086103.448410  INFO: [kua.worker] 构造 worker #1 /three
1778086103.451476  INFO: [kua.bidder] 本地节点成为 bucket 2 的所有者，当前所有者: [/two,/four,/three]
1778086103.452131  INFO: [kua.worker] 构造 worker #2 /three
1778086103.457646  INFO: [kua.bidder] BUCKET_SNAPSHOT node=/three bucket0=[/one,/two,/four] bucket1=[/one,/four,/three] bucket2=[/two,/four,/three] bucket3=[/one,/two,/four]
1778086106.457814 DEBUG: [kua.bidder] 重新计算 bucket 分配，当前节点数: 4
1778086106.457964  INFO: [kua.bidder] BUCKET_SNAPSHOT node=/three bucket0=[/one,/two,/four] bucket1=[/one,/four,/three] bucket2=[/two,/four,/three] bucket3=[/one,/two,/four]
1778086109.458188 DEBUG: [kua.bidder] 重新计算 bucket 分配，当前节点数: 4
1778086109.458328  INFO: [kua.bidder] BUCKET_SNAPSHOT node=/three bucket0=[/one,/two,/four] bucket1=[/one,/four,/three] bucket2=[/two,/four,/three] bucket3=[/one,/two,/four]
1778086110.482036 DEBUG: [kua.worker] 收到请求 : #1 : /three/%01/%07%0E%08%06gamma22%01%002%01%00/%07
1778086110.482091 DEBUG: [kua.worker] 收到请求 : #1 : /gamma2/seg=0
1778086110.482472 DEBUG: [kua.worker] FETCH 0 / 1
1778086111.527464 DEBUG: [kua.worker] 收到请求 : #1 : /three/%01/%07%0E%08%06delta42%01%002%01%00/%07
1778086111.527504 DEBUG: [kua.worker] 收到请求 : #1 : /delta4/seg=0
1778086111.527683 DEBUG: [kua.worker] FETCH 0 / 1
1778086112.458590 DEBUG: [kua.bidder] 重新计算 bucket 分配，当前节点数: 4
1778086112.458933  INFO: [kua.bidder] BUCKET_SNAPSHOT node=/three bucket0=[/one,/two,/four] bucket1=[/one,/four,/three] bucket2=[/two,/four,/three] bucket3=[/one,/two,/four]
1778086112.556970 DEBUG: [kua.worker] 收到请求 : #1 : /three/%01/%07%0E%08%06gamma72%01%002%01%00/%07
1778086112.557006 DEBUG: [kua.worker] 收到请求 : #1 : /gamma7/seg=0
1778086112.557945 DEBUG: [kua.worker] FETCH 0 / 1
1778086115.459173 DEBUG: [kua.bidder] 重新计算 bucket 分配，当前节点数: 4
1778086115.459330  INFO: [kua.bidder] BUCKET_SNAPSHOT node=/three bucket0=[/one,/two,/four] bucket1=[/one,/four,/three] bucket2=[/two,/four,/three] bucket3=[/one,/two,/four]
1778086118.459429 DEBUG: [kua.bidder] 重新计算 bucket 分配，当前节点数: 4
1778086118.459528  INFO: [kua.bidder] BUCKET_SNAPSHOT node=/three bucket0=[/one,/two,/four] bucket1=[/one,/four,/three] bucket2=[/two,/four,/three] bucket3=[/one,/two,/four]
1778086121.459918 DEBUG: [kua.bidder] 重新计算 bucket 分配，当前节点数: 4
1778086121.460123  INFO: [kua.bidder] BUCKET_SNAPSHOT node=/three bucket0=[/one,/two,/four] bucket1=[/one,/four,/three] bucket2=[/two,/four,/three] bucket3=[/one,/two,/four]
1778086124.460320 DEBUG: [kua.bidder] 重新计算 bucket 分配，当前节点数: 5
1778086124.460420  INFO: [kua.bidder] BUCKET_SNAPSHOT node=/three bucket0=[/two,/five,/four] bucket1=[/one,/four,/three] bucket2=[/two,/four,/three] bucket3=[/one,/five,/four]
1778086127.460744 DEBUG: [kua.bidder] 重新计算 bucket 分配，当前节点数: 5
1778086127.460888  INFO: [kua.bidder] BUCKET_SNAPSHOT node=/three bucket0=[/two,/five,/four] bucket1=[/one,/four,/three] bucket2=[/two,/four,/three] bucket3=[/one,/five,/four]
1778086130.463082 DEBUG: [kua.bidder] 重新计算 bucket 分配，当前节点数: 5
1778086130.463295  INFO: [kua.bidder] BUCKET_SNAPSHOT node=/three bucket0=[/two,/five,/four] bucket1=[/one,/four,/three] bucket2=[/two,/four,/three] bucket3=[/one,/five,/four]
1778086133.463696 DEBUG: [kua.bidder] 重新计算 bucket 分配，当前节点数: 5
1778086133.464740  INFO: [kua.bidder] BUCKET_SNAPSHOT node=/three bucket0=[/two,/five,/four] bucket1=[/one,/four,/three] bucket2=[/two,/four,/three] bucket3=[/one,/five,/four]
1778086136.464892 DEBUG: [kua.bidder] 重新计算 bucket 分配，当前节点数: 5
1778086136.465052  INFO: [kua.bidder] BUCKET_SNAPSHOT node=/three bucket0=[/two,/five,/four] bucket1=[/one,/four,/three] bucket2=[/two,/four,/three] bucket3=[/one,/five,/four]
1778086139.465232 DEBUG: [kua.bidder] 重新计算 bucket 分配，当前节点数: 5
1778086139.465426  INFO: [kua.bidder] BUCKET_SNAPSHOT node=/three bucket0=[/two,/five,/four] bucket1=[/one,/four,/three] bucket2=[/two,/four,/three] bucket3=[/one,/five,/four]
1778086142.465620 DEBUG: [kua.bidder] 重新计算 bucket 分配，当前节点数: 5
1778086142.465875  INFO: [kua.bidder] BUCKET_SNAPSHOT node=/three bucket0=[/two,/five,/four] bucket1=[/one,/four,/three] bucket2=[/two,/four,/three] bucket3=[/one,/five,/four]
1778086145.466015 DEBUG: [kua.bidder] 重新计算 bucket 分配，当前节点数: 5
1778086145.466241  INFO: [kua.bidder] BUCKET_SNAPSHOT node=/three bucket0=[/two,/five,/four] bucket1=[/one,/four,/three] bucket2=[/two,/four,/three] bucket3=[/one,/five,/four]
1778086148.466380 DEBUG: [kua.bidder] 重新计算 bucket 分配，当前节点数: 5
1778086148.466546  INFO: [kua.bidder] BUCKET_SNAPSHOT node=/three bucket0=[/two,/five,/four] bucket1=[/one,/four,/three] bucket2=[/two,/four,/three] bucket3=[/one,/five,/four]
1778086151.466764 DEBUG: [kua.bidder] 重新计算 bucket 分配，当前节点数: 5
1778086151.466901  INFO: [kua.bidder] BUCKET_SNAPSHOT node=/three bucket0=[/two,/five,/four] bucket1=[/one,/four,/three] bucket2=[/two,/four,/three] bucket3=[/one,/five,/four]
1778086154.467109 DEBUG: [kua.bidder] 重新计算 bucket 分配，当前节点数: 5
1778086154.467304  INFO: [kua.bidder] BUCKET_SNAPSHOT node=/three bucket0=[/two,/five,/four] bucket1=[/one,/four,/three] bucket2=[/two,/four,/three] bucket3=[/one,/five,/four]
1778086157.467452 DEBUG: [kua.bidder] 重新计算 bucket 分配，当前节点数: 5
1778086157.467607  INFO: [kua.bidder] BUCKET_SNAPSHOT node=/three bucket0=[/two,/five,/four] bucket1=[/one,/four,/three] bucket2=[/two,/four,/three] bucket3=[/one,/five,/four]
1778086160.467734 DEBUG: [kua.bidder] 重新计算 bucket 分配，当前节点数: 5
1778086160.467900  INFO: [kua.bidder] BUCKET_SNAPSHOT node=/three bucket0=[/two,/five,/four] bucket1=[/one,/four,/three] bucket2=[/two,/four,/three] bucket3=[/one,/five,/four]
1778086161.716868 DEBUG: [kua.worker] 收到请求 : #1 : /three/%01/%07%0E%08%06delta62%01%002%01%00/%07
1778086161.716907 DEBUG: [kua.worker] 收到请求 : #1 : /delta6/seg=0
1778086161.717383 DEBUG: [kua.worker] FETCH 0 / 1
1778086162.745465 DEBUG: [kua.worker] 收到请求 : #1 : /three/%01/%07%0E%08%06alpha82%01%002%01%00/%07
1778086162.745509 DEBUG: [kua.worker] 收到请求 : #1 : /alpha8/seg=0
1778086162.746215 DEBUG: [kua.worker] FETCH 0 / 1
1778086163.468089 DEBUG: [kua.bidder] 重新计算 bucket 分配，当前节点数: 5
1778086163.468263  INFO: [kua.bidder] BUCKET_SNAPSHOT node=/three bucket0=[/two,/five,/four] bucket1=[/one,/four,/three] bucket2=[/two,/four,/three] bucket3=[/one,/five,/four]
1778086166.468462 DEBUG: [kua.bidder] 重新计算 bucket 分配，当前节点数: 5
1778086166.468745  INFO: [kua.bidder] BUCKET_SNAPSHOT node=/three bucket0=[/two,/five,/four] bucket1=[/one,/four,/three] bucket2=[/two,/four,/three] bucket3=[/one,/five,/four]
1778086169.468898 DEBUG: [kua.bidder] 重新计算 bucket 分配，当前节点数: 5
1778086169.468995  INFO: [kua.bidder] BUCKET_SNAPSHOT node=/three bucket0=[/two,/five,/four] bucket1=[/one,/four,/three] bucket2=[/two,/four,/three] bucket3=[/one,/five,/four]
1778086172.469120 DEBUG: [kua.bidder] 重新计算 bucket 分配，当前节点数: 5
1778086172.470999  INFO: [kua.bidder] BUCKET_SNAPSHOT node=/three bucket0=[/two,/five,/four] bucket1=[/one,/four,/three] bucket2=[/two,/four,/three] bucket3=[/one,/five,/four]
1778086175.471225 DEBUG: [kua.bidder] 重新计算 bucket 分配，当前节点数: 5
1778086175.471389  INFO: [kua.bidder] BUCKET_SNAPSHOT node=/three bucket0=[/two,/five,/four] bucket1=[/one,/four,/three] bucket2=[/two,/four,/three] bucket3=[/one,/five,/four]
1778086178.471523 DEBUG: [kua.bidder] 重新计算 bucket 分配，当前节点数: 5
1778086178.471710  INFO: [kua.bidder] BUCKET_SNAPSHOT node=/three bucket0=[/two,/five,/four] bucket1=[/one,/four,/three] bucket2=[/two,/four,/three] bucket3=[/one,/five,/four]
1778086181.471857 DEBUG: [kua.bidder] 重新计算 bucket 分配，当前节点数: 5
1778086181.472028  INFO: [kua.bidder] BUCKET_SNAPSHOT node=/three bucket0=[/two,/five,/four] bucket1=[/one,/four,/three] bucket2=[/two,/four,/three] bucket3=[/one,/five,/four]
1778086184.472171 DEBUG: [kua.bidder] 重新计算 bucket 分配，当前节点数: 5
1778086184.472274  INFO: [kua.bidder] BUCKET_SNAPSHOT node=/three bucket0=[/two,/five,/four] bucket1=[/one,/four,/three] bucket2=[/two,/four,/three] bucket3=[/one,/five,/four]
1778086187.472428 DEBUG: [kua.bidder] 重新计算 bucket 分配，当前节点数: 5
1778086187.472598  INFO: [kua.bidder] BUCKET_SNAPSHOT node=/three bucket0=[/two,/five,/four] bucket1=[/one,/four,/three] bucket2=[/two,/four,/three] bucket3=[/one,/five,/four]
1778086190.472775 DEBUG: [kua.bidder] 重新计算 bucket 分配，当前节点数: 5
1778086190.472873  INFO: [kua.bidder] BUCKET_SNAPSHOT node=/three bucket0=[/two,/five,/four] bucket1=[/one,/four,/three] bucket2=[/two,/four,/three] bucket3=[/one,/five,/four]
