1778086097.434271  INFO: [kua.nodewatcher] 构造 NodeWatcher
1778086097.441858  INFO: [kua.bidder] 构造 Bidder
1778086102.442292 DEBUG: [kua.bidder] 重新计算 bucket 分配，当前节点数: 4
1778086102.442409  INFO: [kua.bidder] 本地节点成为 bucket 0 的所有者，当前所有者: [/one,/two,/four]
1778086102.443467  INFO: [kua.worker] 构造 worker #0 /two
1778086102.449724  INFO: [kua.bidder] 本地节点成为 bucket 2 的所有者，当前所有者: [/two,/four,/three]
1778086102.450265  INFO: [kua.worker] 构造 worker #2 /two
1778086102.452103  INFO: [kua.bidder] 本地节点成为 bucket 3 的所有者，当前所有者: [/one,/two,/four]
1778086102.452497  INFO: [kua.worker] 构造 worker #3 /two
1778086102.456267  INFO: [kua.bidder] BUCKET_SNAPSHOT node=/two bucket0=[/one,/two,/four] bucket1=[/one,/four,/three] bucket2=[/two,/four,/three] bucket3=[/one,/two,/four]
1778086102.464168 ERROR: [kua.worker] 错误：注册前缀 '/two/%00' 到本地转发器失败（authorization rejected）
1778086102.464211 ERROR: [kua.worker] 错误：注册前缀 '/kua/%00' 到本地转发器失败（authorization rejected）
1778086102.464312 ERROR: [kua.worker] 错误：注册前缀 '/two/%02' 到本地转发器失败（authorization rejected）
1778086102.464330 ERROR: [kua.worker] 错误：注册前缀 '/kua/%02' 到本地转发器失败（authorization rejected）
1778086102.765758 ERROR: [kua.worker] 错误：注册前缀 '/two/%02' 到本地转发器失败（authorization rejected）
1778086102.765800 ERROR: [kua.worker] 错误：注册前缀 '/kua/%02' 到本地转发器失败（authorization rejected）
1778086105.456414 DEBUG: [kua.bidder] 重新计算 bucket 分配，当前节点数: 4
1778086105.456562  INFO: [kua.bidder] BUCKET_SNAPSHOT node=/two bucket0=[/one,/two,/four] bucket1=[/one,/four,/three] bucket2=[/two,/four,/three] bucket3=[/one,/two,/four]
1778086108.456822 DEBUG: [kua.bidder] 重新计算 bucket 分配，当前节点数: 4
1778086108.456973  INFO: [kua.bidder] BUCKET_SNAPSHOT node=/two bucket0=[/one,/two,/four] bucket1=[/one,/four,/three] bucket2=[/two,/four,/three] bucket3=[/one,/two,/four]
1778086111.490180 DEBUG: [kua.bidder] 重新计算 bucket 分配，当前节点数: 4
1778086111.490279  INFO: [kua.bidder] BUCKET_SNAPSHOT node=/two bucket0=[/one,/two,/four] bucket1=[/one,/four,/three] bucket2=[/two,/four,/three] bucket3=[/one,/two,/four]
1778086113.581864 DEBUG: [kua.worker] 收到请求 : #3 : /two/%03/%07%0E%08%06alpha22%01%002%01%00/%07
1778086113.581914 DEBUG: [kua.worker] 收到请求 : #3 : /alpha2/seg=0
1778086113.582211 DEBUG: [kua.worker] FETCH 0 / 1
1778086114.490513 DEBUG: [kua.bidder] 重新计算 bucket 分配，当前节点数: 4
1778086114.490746  INFO: [kua.bidder] BUCKET_SNAPSHOT node=/two bucket0=[/one,/two,/four] bucket1=[/one,/four,/three] bucket2=[/two,/four,/three] bucket3=[/one,/two,/four]
1778086114.607961 DEBUG: [kua.worker] 收到请求 : #3 : /two/%03/%07%0D%08%05beta22%01%002%01%00/%07
1778086114.608019 DEBUG: [kua.worker] 收到请求 : #3 : /beta2/seg=0
1778086114.608218 DEBUG: [kua.worker] FETCH 0 / 1
1778086115.644037 DEBUG: [kua.worker] 收到请求 : #3 : /two/%03/%07%0E%08%06alpha72%01%002%01%00/%07
1778086115.644099 DEBUG: [kua.worker] 收到请求 : #3 : /alpha7/seg=0
1778086115.644263 DEBUG: [kua.worker] FETCH 0 / 1
1778086117.490908 DEBUG: [kua.bidder] 重新计算 bucket 分配，当前节点数: 4
1778086117.491068  INFO: [kua.bidder] BUCKET_SNAPSHOT node=/two bucket0=[/one,/two,/four] bucket1=[/one,/four,/three] bucket2=[/two,/four,/three] bucket3=[/one,/two,/four]
1778086120.491237 DEBUG: [kua.bidder] 重新计算 bucket 分配，当前节点数: 4
1778086120.491348  INFO: [kua.bidder] BUCKET_SNAPSHOT node=/two bucket0=[/one,/two,/four] bucket1=[/one,/four,/three] bucket2=[/two,/four,/three] bucket3=[/one,/two,/four]
1778086123.491585 DEBUG: [kua.bidder] 重新计算 bucket 分配，当前节点数: 5
1778086123.491769  INFO: [kua.worker] bucket #0 无需迁移数据（names: 0, owners: 1）
1778086123.491836  INFO: [kua.bidder] 本地节点失去 bucket 3 的所有者身份，新所有者: [/one,/five,/four]
1778086123.491851  INFO: [kua.worker] 等待 5 秒后开始迁移 bucket #3 的 3 条数据到 3 个新所有者
1778086123.491891  INFO: [kua.bidder] BUCKET_SNAPSHOT node=/two bucket0=[/two,/five,/four] bucket1=[/one,/four,/three] bucket2=[/two,/four,/three] bucket3=[/one,/five,/four]
1778086126.491974 DEBUG: [kua.bidder] 重新计算 bucket 分配，当前节点数: 5
1778086126.492068  INFO: [kua.bidder] BUCKET_SNAPSHOT node=/two bucket0=[/two,/five,/four] bucket1=[/one,/four,/three] bucket2=[/two,/four,/three] bucket3=[/one,/five,/four]
1778086128.491997  INFO: [kua.worker] 开始迁移 bucket #3321510397 的 3 条数据到 3 个新所有者
1778086128.492042  INFO: [kua.worker] 迁移 bucket #3321510397 到所有者: /one (3 条数据)
1778086128.492131 DEBUG: [kua.worker] 发送迁移请求 #1: /beta2/seg=0 -> /one
1778086128.492173 DEBUG: [kua.worker] 发送迁移请求 #2: /alpha2/seg=0 -> /one
1778086128.492194 DEBUG: [kua.worker] 发送迁移请求 #3: /alpha7/seg=0 -> /one
1778086128.492198  INFO: [kua.worker] 迁移 bucket #3321510397 到所有者: /five (3 条数据)
1778086128.492210 DEBUG: [kua.worker] 发送迁移请求 #4: /beta2/seg=0 -> /five
1778086128.492247 DEBUG: [kua.worker] 发送迁移请求 #5: /alpha2/seg=0 -> /five
1778086128.492261 DEBUG: [kua.worker] 发送迁移请求 #6: /alpha7/seg=0 -> /five
1778086128.492265  INFO: [kua.worker] 迁移 bucket #3321510397 到所有者: /four (3 条数据)
1778086128.492306 DEBUG: [kua.worker] 发送迁移请求 #7: /beta2/seg=0 -> /four
1778086128.492325 DEBUG: [kua.worker] 发送迁移请求 #8: /alpha2/seg=0 -> /four
1778086128.492350 DEBUG: [kua.worker] 发送迁移请求 #9: /alpha7/seg=0 -> /four
1778086128.492355  INFO: [kua.worker] bucket #3321510397 迁移完成，共发送 9 条数据
1778086128.492433 DEBUG: [kua.worker] 收到请求 : #3321510397 : /one/%C5%FA9%FD/%07%0A%08%05beta22%01%00/%0B
1778086128.492463 DEBUG: [kua.worker] 收到请求 : #3321510397 : /one/%C5%FA9%FD/%07%0B%08%06alpha22%01%00/%0B
1778086128.492477 DEBUG: [kua.worker] 收到请求 : #3321510397 : /one/%C5%FA9%FD/%07%0B%08%06alpha72%01%00/%0B
1778086128.492488 DEBUG: [kua.worker] 收到请求 : #3321510397 : /five/%C5%FA9%FD/%07%0A%08%05beta22%01%00/%0B
1778086128.492519 DEBUG: [kua.worker] 收到请求 : #3321510397 : /five/%C5%FA9%FD/%07%0B%08%06alpha22%01%00/%0B
1778086128.492541 DEBUG: [kua.worker] 收到请求 : #3321510397 : /five/%C5%FA9%FD/%07%0B%08%06alpha72%01%00/%0B
1778086128.492576 DEBUG: [kua.worker] 收到请求 : #3321510397 : /four/%C5%FA9%FD/%07%0A%08%05beta22%01%00/%0B
1778086128.492596 DEBUG: [kua.worker] 收到请求 : #3321510397 : /four/%C5%FA9%FD/%07%0B%08%06alpha22%01%00/%0B
1778086128.492641 DEBUG: [kua.worker] 收到请求 : #3321510397 : /four/%C5%FA9%FD/%07%0B%08%06alpha72%01%00/%0B
1778086129.492172 DEBUG: [kua.bidder] 重新计算 bucket 分配，当前节点数: 5
1778086129.492327  INFO: [kua.bidder] BUCKET_SNAPSHOT node=/two bucket0=[/two,/five,/four] bucket1=[/one,/four,/three] bucket2=[/two,/four,/three] bucket3=[/one,/five,/four]
1778086132.492487 DEBUG: [kua.bidder] 重新计算 bucket 分配，当前节点数: 5
1778086132.492646  INFO: [kua.bidder] BUCKET_SNAPSHOT node=/two bucket0=[/two,/five,/four] bucket1=[/one,/four,/three] bucket2=[/two,/four,/three] bucket3=[/one,/five,/four]
1778086133.492403  INFO: [kua.worker] 停止 worker #3321643957 (/two)，包含 3 条数据
1778086133.492453  INFO: [kua.worker] worker #3321643957 停止前数据列表:
1778086133.492455  INFO: [kua.worker]   - /beta2/seg=0
1778086133.492460  INFO: [kua.worker]   - /alpha2/seg=0
1778086133.492462  INFO: [kua.worker]   - /alpha7/seg=0
1778086135.492961 DEBUG: [kua.bidder] 重新计算 bucket 分配，当前节点数: 5
1778086135.493169  INFO: [kua.bidder] BUCKET_SNAPSHOT node=/two bucket0=[/two,/five,/four] bucket1=[/one,/four,/three] bucket2=[/two,/four,/three] bucket3=[/one,/five,/four]
1778086138.493320 DEBUG: [kua.bidder] 重新计算 bucket 分配，当前节点数: 5
1778086138.493497  INFO: [kua.bidder] BUCKET_SNAPSHOT node=/two bucket0=[/two,/five,/four] bucket1=[/one,/four,/three] bucket2=[/two,/four,/three] bucket3=[/one,/five,/four]
1778086141.494262 DEBUG: [kua.bidder] 重新计算 bucket 分配，当前节点数: 5
1778086141.501046  INFO: [kua.bidder] BUCKET_SNAPSHOT node=/two bucket0=[/two,/five,/four] bucket1=[/one,/four,/three] bucket2=[/two,/four,/three] bucket3=[/one,/five,/four]
1778086144.501220 DEBUG: [kua.bidder] 重新计算 bucket 分配，当前节点数: 5
1778086144.501320  INFO: [kua.bidder] BUCKET_SNAPSHOT node=/two bucket0=[/two,/five,/four] bucket1=[/one,/four,/three] bucket2=[/two,/four,/three] bucket3=[/one,/five,/four]
1778086147.501481 DEBUG: [kua.bidder] 重新计算 bucket 分配，当前节点数: 5
1778086147.501766  INFO: [kua.bidder] BUCKET_SNAPSHOT node=/two bucket0=[/two,/five,/four] bucket1=[/one,/four,/three] bucket2=[/two,/four,/three] bucket3=[/one,/five,/four]
1778086150.501915 DEBUG: [kua.bidder] 重新计算 bucket 分配，当前节点数: 5
1778086150.502016  INFO: [kua.bidder] BUCKET_SNAPSHOT node=/two bucket0=[/two,/five,/four] bucket1=[/one,/four,/three] bucket2=[/two,/four,/three] bucket3=[/one,/five,/four]
1778086153.502109 DEBUG: [kua.bidder] 重新计算 bucket 分配，当前节点数: 5
1778086153.502207  INFO: [kua.bidder] BUCKET_SNAPSHOT node=/two bucket0=[/two,/five,/four] bucket1=[/one,/four,/three] bucket2=[/two,/four,/three] bucket3=[/one,/five,/four]
1778086156.502310 DEBUG: [kua.bidder] 重新计算 bucket 分配，当前节点数: 5
1778086156.502468  INFO: [kua.bidder] BUCKET_SNAPSHOT node=/two bucket0=[/two,/five,/four] bucket1=[/one,/four,/three] bucket2=[/two,/four,/three] bucket3=[/one,/five,/four]
1778086159.504412 DEBUG: [kua.bidder] 重新计算 bucket 分配，当前节点数: 5
1778086159.504576  INFO: [kua.bidder] BUCKET_SNAPSHOT node=/two bucket0=[/two,/five,/four] bucket1=[/one,/four,/three] bucket2=[/two,/four,/three] bucket3=[/one,/five,/four]
1778086162.504864 DEBUG: [kua.bidder] 重新计算 bucket 分配，当前节点数: 5
1778086162.505018  INFO: [kua.bidder] BUCKET_SNAPSHOT node=/two bucket0=[/two,/five,/four] bucket1=[/one,/four,/three] bucket2=[/two,/four,/three] bucket3=[/one,/five,/four]
1778086165.506462 DEBUG: [kua.bidder] 重新计算 bucket 分配，当前节点数: 5
1778086165.506589  INFO: [kua.bidder] BUCKET_SNAPSHOT node=/two bucket0=[/two,/five,/four] bucket1=[/one,/four,/three] bucket2=[/two,/four,/three] bucket3=[/one,/five,/four]
1778086168.506703 DEBUG: [kua.bidder] 重新计算 bucket 分配，当前节点数: 5
1778086168.506853  INFO: [kua.bidder] BUCKET_SNAPSHOT node=/two bucket0=[/two,/five,/four] bucket1=[/one,/four,/three] bucket2=[/two,/four,/three] bucket3=[/one,/five,/four]
1778086171.507016 DEBUG: [kua.bidder] 重新计算 bucket 分配，当前节点数: 5
1778086171.507182  INFO: [kua.bidder] BUCKET_SNAPSHOT node=/two bucket0=[/two,/five,/four] bucket1=[/one,/four,/three] bucket2=[/two,/four,/three] bucket3=[/one,/five,/four]
1778086174.507335 DEBUG: [kua.bidder] 重新计算 bucket 分配，当前节点数: 5
1778086174.507495  INFO: [kua.bidder] BUCKET_SNAPSHOT node=/two bucket0=[/two,/five,/four] bucket1=[/one,/four,/three] bucket2=[/two,/four,/three] bucket3=[/one,/five,/four]
1778086177.507629 DEBUG: [kua.bidder] 重新计算 bucket 分配，当前节点数: 5
1778086177.507763  INFO: [kua.bidder] BUCKET_SNAPSHOT node=/two bucket0=[/two,/five,/four] bucket1=[/one,/four,/three] bucket2=[/two,/four,/three] bucket3=[/one,/five,/four]
1778086180.507903 DEBUG: [kua.bidder] 重新计算 bucket 分配，当前节点数: 5
1778086180.508063  INFO: [kua.bidder] BUCKET_SNAPSHOT node=/two bucket0=[/two,/five,/four] bucket1=[/one,/four,/three] bucket2=[/two,/four,/three] bucket3=[/one,/five,/four]
1778086183.508207 DEBUG: [kua.bidder] 重新计算 bucket 分配，当前节点数: 5
1778086183.508370  INFO: [kua.bidder] BUCKET_SNAPSHOT node=/two bucket0=[/two,/five,/four] bucket1=[/one,/four,/three] bucket2=[/two,/four,/three] bucket3=[/one,/five,/four]
1778086186.508506 DEBUG: [kua.bidder] 重新计算 bucket 分配，当前节点数: 5
1778086186.508756  INFO: [kua.bidder] BUCKET_SNAPSHOT node=/two bucket0=[/two,/five,/four] bucket1=[/one,/four,/three] bucket2=[/two,/four,/three] bucket3=[/one,/five,/four]
1778086189.508989 DEBUG: [kua.bidder] 重新计算 bucket 分配，当前节点数: 5
1778086189.509180  INFO: [kua.bidder] BUCKET_SNAPSHOT node=/two bucket0=[/two,/five,/four] bucket1=[/one,/four,/three] bucket2=[/two,/four,/three] bucket3=[/one,/five,/four]
