1778142098.871991  INFO: [kua.nodewatcher] 构造 NodeWatcher
1778142098.876819  INFO: [kua.bidder] 构造 Bidder
1778142103.877211 DEBUG: [kua.bidder] 重新计算 bucket 分配，当前节点数: 4
1778142103.877733  INFO: [kua.bidder] 本地节点成为 bucket 0 的所有者，当前所有者: [/one,/two,/four]
1778142103.880601  INFO: [kua.worker] 构造 worker #0 /four
1778142103.884183  INFO: [kua.bidder] 本地节点成为 bucket 1 的所有者，当前所有者: [/one,/four,/three]
1778142103.885094  INFO: [kua.worker] 构造 worker #1 /four
1778142103.887956  INFO: [kua.bidder] 本地节点成为 bucket 2 的所有者，当前所有者: [/two,/four,/three]
1778142103.888605  INFO: [kua.worker] 构造 worker #2 /four
1778142103.890783  INFO: [kua.bidder] 本地节点成为 bucket 3 的所有者，当前所有者: [/one,/two,/four]
1778142103.891276  INFO: [kua.worker] 构造 worker #3 /four
1778142103.892985  INFO: [kua.bidder] BUCKET_SNAPSHOT node=/four bucket0=[/one,/two,/four] bucket1=[/one,/four,/three] bucket2=[/two,/four,/three] bucket3=[/one,/two,/four]
1778142106.893122 DEBUG: [kua.bidder] 重新计算 bucket 分配，当前节点数: 4
1778142106.893251  INFO: [kua.bidder] BUCKET_SNAPSHOT node=/four bucket0=[/one,/two,/four] bucket1=[/one,/four,/three] bucket2=[/two,/four,/three] bucket3=[/one,/two,/four]
1778142109.893329 DEBUG: [kua.bidder] 重新计算 bucket 分配，当前节点数: 4
1778142109.893479  INFO: [kua.bidder] BUCKET_SNAPSHOT node=/four bucket0=[/one,/two,/four] bucket1=[/one,/four,/three] bucket2=[/two,/four,/three] bucket3=[/one,/two,/four]
1778142111.893453 DEBUG: [kua.worker] 收到请求 : #2 : /four/%02/7573657241/7631/%00%00%01%9E%01%87h%8F/%00%01%00%02
1778142111.893482  INFO: [kua.worker] KV 写入成功: key=userA, version=1778142111887, bucket=#2
1778142112.893598 DEBUG: [kua.bidder] 重新计算 bucket 分配，当前节点数: 4
1778142112.893731  INFO: [kua.bidder] BUCKET_SNAPSHOT node=/four bucket0=[/one,/two,/four] bucket1=[/one,/four,/three] bucket2=[/two,/four,/three] bucket3=[/one,/two,/four]
1778142112.911069 DEBUG: [kua.worker] 收到请求 : #2 : /four/%02/7573657241/%00%02%00%02
1778142112.930267 DEBUG: [kua.worker] 收到请求 : #2 : /four/%02/7573657241/7632/%00%00%01%9E%01%87l%9D/%00%01%00%02
1778142112.930293  INFO: [kua.worker] KV 写入成功: key=userA, version=1778142112925, bucket=#2
1778142113.951367 DEBUG: [kua.worker] 收到请求 : #2 : /four/%02/7573657241/%00%02%00%02
1778142113.971448 DEBUG: [kua.worker] 收到请求 : #0 : /four/%00/7573657242/6231/%00%00%01%9E%01%87p%AE/%00%01%00%02
1778142113.971475  INFO: [kua.worker] KV 写入成功: key=userB, version=1778142113966, bucket=#0
1778142115.032983 DEBUG: [kua.worker] 收到请求 : #0 : /four/%00/%00%04%00%02
1778142115.034032 DEBUG: [kua.worker] 收到请求 : #1 : /four/%01/%00%04%00%02
1778142115.035345 DEBUG: [kua.worker] 收到请求 : #2 : /four/%02/%00%04%00%02
1778142115.036481 DEBUG: [kua.worker] 收到请求 : #3 : /four/%03/%00%04%00%02
1778142115.893863 DEBUG: [kua.bidder] 重新计算 bucket 分配，当前节点数: 4
1778142115.894018  INFO: [kua.bidder] BUCKET_SNAPSHOT node=/four bucket0=[/one,/two,/four] bucket1=[/one,/four,/three] bucket2=[/two,/four,/three] bucket3=[/one,/two,/four]
1778142118.896120 DEBUG: [kua.bidder] 重新计算 bucket 分配，当前节点数: 4
1778142118.896202  INFO: [kua.bidder] BUCKET_SNAPSHOT node=/four bucket0=[/one,/two,/four] bucket1=[/one,/four,/three] bucket2=[/two,/four,/three] bucket3=[/one,/two,/four]
1778142121.896333 DEBUG: [kua.bidder] 重新计算 bucket 分配，当前节点数: 4
1778142121.896474  INFO: [kua.bidder] BUCKET_SNAPSHOT node=/four bucket0=[/one,/two,/four] bucket1=[/one,/four,/three] bucket2=[/two,/four,/three] bucket3=[/one,/two,/four]
1778142124.896618 DEBUG: [kua.bidder] 重新计算 bucket 分配，当前节点数: 4
1778142124.896824  INFO: [kua.bidder] BUCKET_SNAPSHOT node=/four bucket0=[/one,/two,/four] bucket1=[/one,/four,/three] bucket2=[/two,/four,/three] bucket3=[/one,/two,/four]
1778142127.896946 DEBUG: [kua.bidder] 重新计算 bucket 分配，当前节点数: 4
1778142127.897088  INFO: [kua.bidder] BUCKET_SNAPSHOT node=/four bucket0=[/one,/two,/four] bucket1=[/one,/four,/three] bucket2=[/two,/four,/three] bucket3=[/one,/two,/four]
1778142130.897157 DEBUG: [kua.bidder] 重新计算 bucket 分配，当前节点数: 4
1778142130.897276  INFO: [kua.bidder] BUCKET_SNAPSHOT node=/four bucket0=[/one,/two,/four] bucket1=[/one,/four,/three] bucket2=[/two,/four,/three] bucket3=[/one,/two,/four]
1778142133.897363 DEBUG: [kua.bidder] 重新计算 bucket 分配，当前节点数: 4
1778142133.897438  INFO: [kua.bidder] BUCKET_SNAPSHOT node=/four bucket0=[/one,/two,/four] bucket1=[/one,/four,/three] bucket2=[/two,/four,/three] bucket3=[/one,/two,/four]
1778142136.902388 DEBUG: [kua.bidder] 重新计算 bucket 分配，当前节点数: 4
1778142136.904296  INFO: [kua.bidder] BUCKET_SNAPSHOT node=/four bucket0=[/one,/two,/four] bucket1=[/one,/four,/three] bucket2=[/two,/four,/three] bucket3=[/one,/two,/four]
1778142139.904403 DEBUG: [kua.bidder] 重新计算 bucket 分配，当前节点数: 4
1778142139.904531  INFO: [kua.bidder] BUCKET_SNAPSHOT node=/four bucket0=[/one,/two,/four] bucket1=[/one,/four,/three] bucket2=[/two,/four,/three] bucket3=[/one,/two,/four]
1778142142.904662 DEBUG: [kua.bidder] 重新计算 bucket 分配，当前节点数: 4
1778142142.904831  INFO: [kua.bidder] BUCKET_SNAPSHOT node=/four bucket0=[/one,/two,/four] bucket1=[/one,/four,/three] bucket2=[/two,/four,/three] bucket3=[/one,/two,/four]
1778142145.904926 DEBUG: [kua.bidder] 重新计算 bucket 分配，当前节点数: 4
1778142145.905054  INFO: [kua.bidder] BUCKET_SNAPSHOT node=/four bucket0=[/one,/two,/four] bucket1=[/one,/four,/three] bucket2=[/two,/four,/three] bucket3=[/one,/two,/four]
1778142148.905140 DEBUG: [kua.bidder] 重新计算 bucket 分配，当前节点数: 4
1778142148.905229  INFO: [kua.bidder] BUCKET_SNAPSHOT node=/four bucket0=[/one,/two,/four] bucket1=[/one,/four,/three] bucket2=[/two,/four,/three] bucket3=[/one,/two,/four]
1778142151.905345 DEBUG: [kua.bidder] 重新计算 bucket 分配，当前节点数: 4
1778142151.905476  INFO: [kua.bidder] BUCKET_SNAPSHOT node=/four bucket0=[/one,/two,/four] bucket1=[/one,/four,/three] bucket2=[/two,/four,/three] bucket3=[/one,/two,/four]
1778142154.905637 DEBUG: [kua.bidder] 重新计算 bucket 分配，当前节点数: 4
1778142154.905794  INFO: [kua.bidder] BUCKET_SNAPSHOT node=/four bucket0=[/one,/two,/four] bucket1=[/one,/four,/three] bucket2=[/two,/four,/three] bucket3=[/one,/two,/four]
