1776069299.445365  INFO: [kua.nodewatcher] 构造 NodeWatcher
1776069299.450810  INFO: [kua.bidder] 构造 Bidder
1776069304.451206 DEBUG: [kua.bidder] 重新计算 bucket 分配，当前节点数: 4
1776069304.451274  INFO: [kua.bidder] 本地节点成为 bucket 0 的所有者
1776069304.451824  INFO: [kua.worker] 构造 worker #0 /one
1776069304.453600  INFO: [kua.bidder] 本地节点成为 bucket 1 的所有者
1776069304.453991  INFO: [kua.worker] 构造 worker #1 /one
1776069304.455731  INFO: [kua.bidder] 本地节点成为 bucket 3 的所有者
1776069304.456130  INFO: [kua.worker] 构造 worker #3 /one
1776069307.457688 DEBUG: [kua.bidder] 重新计算 bucket 分配，当前节点数: 4
1776069310.457957 DEBUG: [kua.bidder] 重新计算 bucket 分配，当前节点数: 4
1776069313.458422 DEBUG: [kua.bidder] 重新计算 bucket 分配，当前节点数: 4
1776069316.458749 DEBUG: [kua.bidder] 重新计算 bucket 分配，当前节点数: 4
1776069317.565525 DEBUG: [kua.worker] 收到请求 : #0 : /kua/%00/7573657242/6231/%00%00%01%9D%85%FB%13%B7/%00%01%00%00
1776069317.565652 DEBUG: [kua.worker] 收到请求 : #0 : /one/%00/7573657242/6231/%00%00%01%9D%85%FB%13%B7/%00%01%00%02
1776069317.565658  INFO: [kua.worker] KV 写入成功: key=userB, version=1776069317559, bucket=#0
1776069317.565680 DEBUG: [kua.worker] 收到请求 : #0 : /two/%00/7573657242/6231/%00%00%01%9D%85%FB%13%B7/%00%01%00%02
1776069317.565691 DEBUG: [kua.worker] 收到请求 : #0 : /four/%00/7573657242/6231/%00%00%01%9D%85%FB%13%B7/%00%01%00%02
1776069318.585675 DEBUG: [kua.worker] 收到请求 : #0 : /kua/%00/%00%04%00%00
1776069318.586479 DEBUG: [kua.worker] 收到请求 : #1 : /kua/%01/%00%04%00%00
1776069318.587605 DEBUG: [kua.worker] 收到请求 : #3 : /kua/%03/%00%04%00%00
1776069319.459090 DEBUG: [kua.bidder] 重新计算 bucket 分配，当前节点数: 4
1776069322.459354 DEBUG: [kua.bidder] 重新计算 bucket 分配，当前节点数: 4
1776069325.459863 DEBUG: [kua.bidder] 重新计算 bucket 分配，当前节点数: 4
1776069328.463941 DEBUG: [kua.bidder] 重新计算 bucket 分配，当前节点数: 4
1776069331.464261 DEBUG: [kua.bidder] 重新计算 bucket 分配，当前节点数: 4
1776069334.464637 DEBUG: [kua.bidder] 重新计算 bucket 分配，当前节点数: 4
1776069337.464940 DEBUG: [kua.bidder] 重新计算 bucket 分配，当前节点数: 4
1776069340.465329 DEBUG: [kua.bidder] 重新计算 bucket 分配，当前节点数: 4
1776069343.465692 DEBUG: [kua.bidder] 重新计算 bucket 分配，当前节点数: 4
1776069346.466052 DEBUG: [kua.bidder] 重新计算 bucket 分配，当前节点数: 4
1776069349.466398 DEBUG: [kua.bidder] 重新计算 bucket 分配，当前节点数: 4
1776069352.466645 DEBUG: [kua.bidder] 重新计算 bucket 分配，当前节点数: 4
1776069355.466836 DEBUG: [kua.bidder] 重新计算 bucket 分配，当前节点数: 4
1776069358.467037 DEBUG: [kua.bidder] 重新计算 bucket 分配，当前节点数: 4
1776069361.467331 DEBUG: [kua.bidder] 重新计算 bucket 分配，当前节点数: 4
1776069364.467668 DEBUG: [kua.bidder] 重新计算 bucket 分配，当前节点数: 4
1776069367.467906 DEBUG: [kua.bidder] 重新计算 bucket 分配，当前节点数: 4
1776069370.468209 DEBUG: [kua.bidder] 重新计算 bucket 分配，当前节点数: 4
1776069373.468448 DEBUG: [kua.bidder] 重新计算 bucket 分配，当前节点数: 4
1776069376.468846 DEBUG: [kua.bidder] 重新计算 bucket 分配，当前节点数: 4
1776069379.469244 DEBUG: [kua.bidder] 重新计算 bucket 分配，当前节点数: 4
1776069382.469568 DEBUG: [kua.bidder] 重新计算 bucket 分配，当前节点数: 4
1776069385.470125 DEBUG: [kua.bidder] 重新计算 bucket 分配，当前节点数: 4
1776069388.470487 DEBUG: [kua.bidder] 重新计算 bucket 分配，当前节点数: 4
1776069391.470797 DEBUG: [kua.bidder] 重新计算 bucket 分配，当前节点数: 4
1776069394.471265 DEBUG: [kua.bidder] 重新计算 bucket 分配，当前节点数: 4
1776069397.471602 DEBUG: [kua.bidder] 重新计算 bucket 分配，当前节点数: 4
1776069400.472015 DEBUG: [kua.bidder] 重新计算 bucket 分配，当前节点数: 4
1776069403.472392 DEBUG: [kua.bidder] 重新计算 bucket 分配，当前节点数: 4
1776069406.473046 DEBUG: [kua.bidder] 重新计算 bucket 分配，当前节点数: 4
1776069409.473454 DEBUG: [kua.bidder] 重新计算 bucket 分配，当前节点数: 4
1776069412.473850 DEBUG: [kua.bidder] 重新计算 bucket 分配，当前节点数: 4
1776069415.474321 DEBUG: [kua.bidder] 重新计算 bucket 分配，当前节点数: 4
1776069418.474820 DEBUG: [kua.bidder] 重新计算 bucket 分配，当前节点数: 4
1776069421.475247 DEBUG: [kua.bidder] 重新计算 bucket 分配，当前节点数: 4
1776069424.475661 DEBUG: [kua.bidder] 重新计算 bucket 分配，当前节点数: 4
1776069427.476091 DEBUG: [kua.bidder] 重新计算 bucket 分配，当前节点数: 4
1776069430.478073 DEBUG: [kua.bidder] 重新计算 bucket 分配，当前节点数: 4
1776069433.478388 DEBUG: [kua.bidder] 重新计算 bucket 分配，当前节点数: 4
1776069436.478705 DEBUG: [kua.bidder] 重新计算 bucket 分配，当前节点数: 4
1776069439.479019 DEBUG: [kua.bidder] 重新计算 bucket 分配，当前节点数: 4
1776069442.490330 DEBUG: [kua.bidder] 重新计算 bucket 分配，当前节点数: 4
1776069445.490562 DEBUG: [kua.bidder] 重新计算 bucket 分配，当前节点数: 4
1776069448.490886 DEBUG: [kua.bidder] 重新计算 bucket 分配，当前节点数: 4
1776069451.491264 DEBUG: [kua.bidder] 重新计算 bucket 分配，当前节点数: 4
1776069454.491613 DEBUG: [kua.bidder] 重新计算 bucket 分配，当前节点数: 4
1776069457.491932 DEBUG: [kua.bidder] 重新计算 bucket 分配，当前节点数: 4
1776069460.492264 DEBUG: [kua.bidder] 重新计算 bucket 分配，当前节点数: 4
1776069463.492615 DEBUG: [kua.bidder] 重新计算 bucket 分配，当前节点数: 4
1776069466.493016 DEBUG: [kua.bidder] 重新计算 bucket 分配，当前节点数: 4
1776069469.493330 DEBUG: [kua.bidder] 重新计算 bucket 分配，当前节点数: 4
1776069472.493610 DEBUG: [kua.bidder] 重新计算 bucket 分配，当前节点数: 4
1776069475.493921 DEBUG: [kua.bidder] 重新计算 bucket 分配，当前节点数: 4
1776069478.494306 DEBUG: [kua.bidder] 重新计算 bucket 分配，当前节点数: 4
1776069481.497647 DEBUG: [kua.bidder] 重新计算 bucket 分配，当前节点数: 4
1776069484.500107 DEBUG: [kua.bidder] 重新计算 bucket 分配，当前节点数: 4
1776069487.500849 DEBUG: [kua.bidder] 重新计算 bucket 分配，当前节点数: 4
1776069490.501379 DEBUG: [kua.bidder] 重新计算 bucket 分配，当前节点数: 4
1776069493.502956 DEBUG: [kua.bidder] 重新计算 bucket 分配，当前节点数: 4
1776069496.503262 DEBUG: [kua.bidder] 重新计算 bucket 分配，当前节点数: 4
1776069499.503583 DEBUG: [kua.bidder] 重新计算 bucket 分配，当前节点数: 4
1776069502.506087 DEBUG: [kua.bidder] 重新计算 bucket 分配，当前节点数: 4
1776069505.507419 DEBUG: [kua.bidder] 重新计算 bucket 分配，当前节点数: 4
1776069508.507671 DEBUG: [kua.bidder] 重新计算 bucket 分配，当前节点数: 4
1776069511.508623 DEBUG: [kua.bidder] 重新计算 bucket 分配，当前节点数: 4
1776069514.508936 DEBUG: [kua.bidder] 重新计算 bucket 分配，当前节点数: 4
1776069517.510060 DEBUG: [kua.bidder] 重新计算 bucket 分配，当前节点数: 4
1776069520.535446 DEBUG: [kua.bidder] 重新计算 bucket 分配，当前节点数: 4
1776069523.535792 DEBUG: [kua.bidder] 重新计算 bucket 分配，当前节点数: 4
1776069526.536150 DEBUG: [kua.bidder] 重新计算 bucket 分配，当前节点数: 4
1776069529.536517 DEBUG: [kua.bidder] 重新计算 bucket 分配，当前节点数: 4
1776069532.536787 DEBUG: [kua.bidder] 重新计算 bucket 分配，当前节点数: 4
1776069535.537829 DEBUG: [kua.bidder] 重新计算 bucket 分配，当前节点数: 4
1776069538.538217 DEBUG: [kua.bidder] 重新计算 bucket 分配，当前节点数: 4
1776069541.538535 DEBUG: [kua.bidder] 重新计算 bucket 分配，当前节点数: 4
1776069544.538907 DEBUG: [kua.bidder] 重新计算 bucket 分配，当前节点数: 4
1776069547.539498 DEBUG: [kua.bidder] 重新计算 bucket 分配，当前节点数: 4
1776069550.540090 DEBUG: [kua.bidder] 重新计算 bucket 分配，当前节点数: 4
1776069553.540432 DEBUG: [kua.bidder] 重新计算 bucket 分配，当前节点数: 4
1776069556.542926 DEBUG: [kua.bidder] 重新计算 bucket 分配，当前节点数: 4
1776069559.543381 DEBUG: [kua.bidder] 重新计算 bucket 分配，当前节点数: 4
1776069562.543692 DEBUG: [kua.bidder] 重新计算 bucket 分配，当前节点数: 4
1776069565.544097 DEBUG: [kua.bidder] 重新计算 bucket 分配，当前节点数: 4
1776069568.544506 DEBUG: [kua.bidder] 重新计算 bucket 分配，当前节点数: 4
1776069571.544796 DEBUG: [kua.bidder] 重新计算 bucket 分配，当前节点数: 4
1776069574.545029 DEBUG: [kua.bidder] 重新计算 bucket 分配，当前节点数: 4
1776069577.545437 DEBUG: [kua.bidder] 重新计算 bucket 分配，当前节点数: 4
1776069580.545732 DEBUG: [kua.bidder] 重新计算 bucket 分配，当前节点数: 4
1776069583.546056 DEBUG: [kua.bidder] 重新计算 bucket 分配，当前节点数: 4
1776069586.546310 DEBUG: [kua.bidder] 重新计算 bucket 分配，当前节点数: 4
1776069589.546637 DEBUG: [kua.bidder] 重新计算 bucket 分配，当前节点数: 4
1776069592.547006 DEBUG: [kua.bidder] 重新计算 bucket 分配，当前节点数: 4
1776069595.547347 DEBUG: [kua.bidder] 重新计算 bucket 分配，当前节点数: 4
1776069598.547613 DEBUG: [kua.bidder] 重新计算 bucket 分配，当前节点数: 4
1776069601.547883 DEBUG: [kua.bidder] 重新计算 bucket 分配，当前节点数: 4
1776069604.548230 DEBUG: [kua.bidder] 重新计算 bucket 分配，当前节点数: 4
1776069607.548631 DEBUG: [kua.bidder] 重新计算 bucket 分配，当前节点数: 4
1776069610.548935 DEBUG: [kua.bidder] 重新计算 bucket 分配，当前节点数: 4
1776069613.549466 DEBUG: [kua.bidder] 重新计算 bucket 分配，当前节点数: 4
1776069616.549968 DEBUG: [kua.bidder] 重新计算 bucket 分配，当前节点数: 4
1776069619.550351 DEBUG: [kua.bidder] 重新计算 bucket 分配，当前节点数: 4
1776069622.550770 DEBUG: [kua.bidder] 重新计算 bucket 分配，当前节点数: 4
1776069625.551167 DEBUG: [kua.bidder] 重新计算 bucket 分配，当前节点数: 4
1776069628.551545 DEBUG: [kua.bidder] 重新计算 bucket 分配，当前节点数: 4
1776069631.552095 DEBUG: [kua.bidder] 重新计算 bucket 分配，当前节点数: 4
1776069634.552511 DEBUG: [kua.bidder] 重新计算 bucket 分配，当前节点数: 4
1776069637.552939 DEBUG: [kua.bidder] 重新计算 bucket 分配，当前节点数: 4
1776069638.908384 DEBUG: [kua.worker] 收到请求 : #0 : /kua/%00/%00%04%00%00
1776069638.909458 DEBUG: [kua.worker] 收到请求 : #1 : /kua/%01/%00%04%00%00
1776069638.911155 DEBUG: [kua.worker] 收到请求 : #3 : /kua/%03/%00%04%00%00
1776069640.553399 DEBUG: [kua.bidder] 重新计算 bucket 分配，当前节点数: 4
1776069643.553683 DEBUG: [kua.bidder] 重新计算 bucket 分配，当前节点数: 4
1776069646.553972 DEBUG: [kua.bidder] 重新计算 bucket 分配，当前节点数: 4
1776069649.554692 DEBUG: [kua.bidder] 重新计算 bucket 分配，当前节点数: 4
1776069652.555014 DEBUG: [kua.bidder] 重新计算 bucket 分配，当前节点数: 4
1776069655.555384 DEBUG: [kua.bidder] 重新计算 bucket 分配，当前节点数: 4
1776069658.555731 DEBUG: [kua.bidder] 重新计算 bucket 分配，当前节点数: 4
1776069661.556088 DEBUG: [kua.bidder] 重新计算 bucket 分配，当前节点数: 4
1776069664.556464 DEBUG: [kua.bidder] 重新计算 bucket 分配，当前节点数: 4
1776069667.556804 DEBUG: [kua.bidder] 重新计算 bucket 分配，当前节点数: 4
1776069670.557111 DEBUG: [kua.bidder] 重新计算 bucket 分配，当前节点数: 4
1776069673.557346 DEBUG: [kua.bidder] 重新计算 bucket 分配，当前节点数: 4
1776069676.557611 DEBUG: [kua.bidder] 重新计算 bucket 分配，当前节点数: 4
1776069679.557939 DEBUG: [kua.bidder] 重新计算 bucket 分配，当前节点数: 4
1776069682.558363 DEBUG: [kua.bidder] 重新计算 bucket 分配，当前节点数: 4
1776069685.558754 DEBUG: [kua.bidder] 重新计算 bucket 分配，当前节点数: 4
1776069688.559129 DEBUG: [kua.bidder] 重新计算 bucket 分配，当前节点数: 4
1776069691.559696 DEBUG: [kua.bidder] 重新计算 bucket 分配，当前节点数: 4
1776069694.559942 DEBUG: [kua.bidder] 重新计算 bucket 分配，当前节点数: 4
1776069697.560289 DEBUG: [kua.bidder] 重新计算 bucket 分配，当前节点数: 4
1776069700.560576 DEBUG: [kua.bidder] 重新计算 bucket 分配，当前节点数: 4
1776069703.566678 DEBUG: [kua.bidder] 重新计算 bucket 分配，当前节点数: 4
1776069706.566932 DEBUG: [kua.bidder] 重新计算 bucket 分配，当前节点数: 4
1776069709.567449 DEBUG: [kua.bidder] 重新计算 bucket 分配，当前节点数: 4
1776069712.568562 DEBUG: [kua.bidder] 重新计算 bucket 分配，当前节点数: 4
1776069715.568915 DEBUG: [kua.bidder] 重新计算 bucket 分配，当前节点数: 4
1776069718.569271 DEBUG: [kua.bidder] 重新计算 bucket 分配，当前节点数: 4
1776069721.569669 DEBUG: [kua.bidder] 重新计算 bucket 分配，当前节点数: 4
1776069724.569969 DEBUG: [kua.bidder] 重新计算 bucket 分配，当前节点数: 4
1776069727.570365 DEBUG: [kua.bidder] 重新计算 bucket 分配，当前节点数: 4
1776069730.570627 DEBUG: [kua.bidder] 重新计算 bucket 分配，当前节点数: 4
1776069733.570920 DEBUG: [kua.bidder] 重新计算 bucket 分配，当前节点数: 4
1776069736.571280 DEBUG: [kua.bidder] 重新计算 bucket 分配，当前节点数: 4
1776069739.571843 DEBUG: [kua.bidder] 重新计算 bucket 分配，当前节点数: 4
1776069742.572159 DEBUG: [kua.bidder] 重新计算 bucket 分配，当前节点数: 4
1776069745.572444 DEBUG: [kua.bidder] 重新计算 bucket 分配，当前节点数: 4
1776069748.572667 DEBUG: [kua.bidder] 重新计算 bucket 分配，当前节点数: 4
1776069751.572977 DEBUG: [kua.bidder] 重新计算 bucket 分配，当前节点数: 4
1776069754.573369 DEBUG: [kua.bidder] 重新计算 bucket 分配，当前节点数: 4
1776069757.573699 DEBUG: [kua.bidder] 重新计算 bucket 分配，当前节点数: 4
1776069760.574287 DEBUG: [kua.bidder] 重新计算 bucket 分配，当前节点数: 4
1776069763.574693 DEBUG: [kua.bidder] 重新计算 bucket 分配，当前节点数: 4
1776069766.575115 DEBUG: [kua.bidder] 重新计算 bucket 分配，当前节点数: 4
1776069769.575446 DEBUG: [kua.bidder] 重新计算 bucket 分配，当前节点数: 4
1776069772.575728 DEBUG: [kua.bidder] 重新计算 bucket 分配，当前节点数: 4
1776069775.576309 DEBUG: [kua.bidder] 重新计算 bucket 分配，当前节点数: 4
1776069778.576597 DEBUG: [kua.bidder] 重新计算 bucket 分配，当前节点数: 4
1776069781.576880 DEBUG: [kua.bidder] 重新计算 bucket 分配，当前节点数: 4
1776069784.580374 DEBUG: [kua.bidder] 重新计算 bucket 分配，当前节点数: 4
1776069787.580799 DEBUG: [kua.bidder] 重新计算 bucket 分配，当前节点数: 4
1776069790.581199 DEBUG: [kua.bidder] 重新计算 bucket 分配，当前节点数: 4
1776069793.581526 DEBUG: [kua.bidder] 重新计算 bucket 分配，当前节点数: 4
1776069796.581769 DEBUG: [kua.bidder] 重新计算 bucket 分配，当前节点数: 4
1776069799.582168 DEBUG: [kua.bidder] 重新计算 bucket 分配，当前节点数: 4
1776069802.582441 DEBUG: [kua.bidder] 重新计算 bucket 分配，当前节点数: 4
1776069805.582702 DEBUG: [kua.bidder] 重新计算 bucket 分配，当前节点数: 4
1776069808.583003 DEBUG: [kua.bidder] 重新计算 bucket 分配，当前节点数: 4
1776069811.583374 DEBUG: [kua.bidder] 重新计算 bucket 分配，当前节点数: 4
1776069814.583681 DEBUG: [kua.bidder] 重新计算 bucket 分配，当前节点数: 4
1776069817.583927 DEBUG: [kua.bidder] 重新计算 bucket 分配，当前节点数: 4
1776069820.584293 DEBUG: [kua.bidder] 重新计算 bucket 分配，当前节点数: 4
1776069823.584574 DEBUG: [kua.bidder] 重新计算 bucket 分配，当前节点数: 4
1776069826.584849 DEBUG: [kua.bidder] 重新计算 bucket 分配，当前节点数: 4
1776069829.585300 DEBUG: [kua.bidder] 重新计算 bucket 分配，当前节点数: 4
1776069832.585596 DEBUG: [kua.bidder] 重新计算 bucket 分配，当前节点数: 4
1776069835.585838 DEBUG: [kua.bidder] 重新计算 bucket 分配，当前节点数: 4
1776069838.586254 DEBUG: [kua.bidder] 重新计算 bucket 分配，当前节点数: 4
1776069841.586679 DEBUG: [kua.bidder] 重新计算 bucket 分配，当前节点数: 4
1776069844.587206 DEBUG: [kua.bidder] 重新计算 bucket 分配，当前节点数: 4
1776069847.587686 DEBUG: [kua.bidder] 重新计算 bucket 分配，当前节点数: 4
1776069850.588027 DEBUG: [kua.bidder] 重新计算 bucket 分配，当前节点数: 4
1776069853.588520 DEBUG: [kua.bidder] 重新计算 bucket 分配，当前节点数: 4
1776069856.589129 DEBUG: [kua.bidder] 重新计算 bucket 分配，当前节点数: 4
1776069859.589456 DEBUG: [kua.bidder] 重新计算 bucket 分配，当前节点数: 4
1776069862.591225 DEBUG: [kua.bidder] 重新计算 bucket 分配，当前节点数: 4
1776069865.591667 DEBUG: [kua.bidder] 重新计算 bucket 分配，当前节点数: 4
1776069868.592155 DEBUG: [kua.bidder] 重新计算 bucket 分配，当前节点数: 4
1776069871.592753 DEBUG: [kua.bidder] 重新计算 bucket 分配，当前节点数: 4
1776069874.594196 DEBUG: [kua.bidder] 重新计算 bucket 分配，当前节点数: 4
1776069877.594792 DEBUG: [kua.bidder] 重新计算 bucket 分配，当前节点数: 4
1776069880.595211 DEBUG: [kua.bidder] 重新计算 bucket 分配，当前节点数: 4
1776069883.595517 DEBUG: [kua.bidder] 重新计算 bucket 分配，当前节点数: 4
1776069886.595786 DEBUG: [kua.bidder] 重新计算 bucket 分配，当前节点数: 4
1776069889.596051 DEBUG: [kua.bidder] 重新计算 bucket 分配，当前节点数: 4
1776069892.596365 DEBUG: [kua.bidder] 重新计算 bucket 分配，当前节点数: 4
1776069895.596636 DEBUG: [kua.bidder] 重新计算 bucket 分配，当前节点数: 4
1776069898.596929 DEBUG: [kua.bidder] 重新计算 bucket 分配，当前节点数: 4
1776069901.597299 DEBUG: [kua.bidder] 重新计算 bucket 分配，当前节点数: 4
1776069904.597613 DEBUG: [kua.bidder] 重新计算 bucket 分配，当前节点数: 4
1776069907.597871 DEBUG: [kua.bidder] 重新计算 bucket 分配，当前节点数: 4
1776069910.598218 DEBUG: [kua.bidder] 重新计算 bucket 分配，当前节点数: 4
1776069913.598739 DEBUG: [kua.bidder] 重新计算 bucket 分配，当前节点数: 4
1776069916.599071 DEBUG: [kua.bidder] 重新计算 bucket 分配，当前节点数: 4
1776069919.599858 DEBUG: [kua.bidder] 重新计算 bucket 分配，当前节点数: 4
1776069922.600243 DEBUG: [kua.bidder] 重新计算 bucket 分配，当前节点数: 4
1776069925.600695 DEBUG: [kua.bidder] 重新计算 bucket 分配，当前节点数: 4
1776069928.601012 DEBUG: [kua.bidder] 重新计算 bucket 分配，当前节点数: 4
1776069931.601347 DEBUG: [kua.bidder] 重新计算 bucket 分配，当前节点数: 4
1776069934.601601 DEBUG: [kua.bidder] 重新计算 bucket 分配，当前节点数: 4
1776069937.602163 DEBUG: [kua.bidder] 重新计算 bucket 分配，当前节点数: 4
1776069940.602429 DEBUG: [kua.bidder] 重新计算 bucket 分配，当前节点数: 4
1776069943.602820 DEBUG: [kua.bidder] 重新计算 bucket 分配，当前节点数: 4
1776069946.603211 DEBUG: [kua.bidder] 重新计算 bucket 分配，当前节点数: 4
1776069949.603508 DEBUG: [kua.bidder] 重新计算 bucket 分配，当前节点数: 4
1776069952.605036 DEBUG: [kua.bidder] 重新计算 bucket 分配，当前节点数: 4
1776069955.605562 DEBUG: [kua.bidder] 重新计算 bucket 分配，当前节点数: 4
1776069958.605954 DEBUG: [kua.bidder] 重新计算 bucket 分配，当前节点数: 4
1776069961.606350 DEBUG: [kua.bidder] 重新计算 bucket 分配，当前节点数: 4
1776069964.606928 DEBUG: [kua.bidder] 重新计算 bucket 分配，当前节点数: 4
1776069967.607346 DEBUG: [kua.bidder] 重新计算 bucket 分配，当前节点数: 4
1776069970.607660 DEBUG: [kua.bidder] 重新计算 bucket 分配，当前节点数: 4
1776069973.607988 DEBUG: [kua.bidder] 重新计算 bucket 分配，当前节点数: 4
1776069976.608328 DEBUG: [kua.bidder] 重新计算 bucket 分配，当前节点数: 4
1776069979.608690 DEBUG: [kua.bidder] 重新计算 bucket 分配，当前节点数: 4
1776069982.608937 DEBUG: [kua.bidder] 重新计算 bucket 分配，当前节点数: 4
1776069985.609269 DEBUG: [kua.bidder] 重新计算 bucket 分配，当前节点数: 4
1776069988.609611 DEBUG: [kua.bidder] 重新计算 bucket 分配，当前节点数: 4
1776069991.610054 DEBUG: [kua.bidder] 重新计算 bucket 分配，当前节点数: 4
1776069994.610461 DEBUG: [kua.bidder] 重新计算 bucket 分配，当前节点数: 4
1776069997.610767 DEBUG: [kua.bidder] 重新计算 bucket 分配，当前节点数: 4
1776070000.611618 DEBUG: [kua.bidder] 重新计算 bucket 分配，当前节点数: 4
1776070003.612070 DEBUG: [kua.bidder] 重新计算 bucket 分配，当前节点数: 4
1776070006.612383 DEBUG: [kua.bidder] 重新计算 bucket 分配，当前节点数: 4
1776070009.612712 DEBUG: [kua.bidder] 重新计算 bucket 分配，当前节点数: 4
1776070012.613271 DEBUG: [kua.bidder] 重新计算 bucket 分配，当前节点数: 4
1776070015.613555 DEBUG: [kua.bidder] 重新计算 bucket 分配，当前节点数: 4
1776070018.613911 DEBUG: [kua.bidder] 重新计算 bucket 分配，当前节点数: 4
1776070021.614335 DEBUG: [kua.bidder] 重新计算 bucket 分配，当前节点数: 4
1776070024.614608 DEBUG: [kua.bidder] 重新计算 bucket 分配，当前节点数: 4
1776070027.614902 DEBUG: [kua.bidder] 重新计算 bucket 分配，当前节点数: 4
1776070030.615229 DEBUG: [kua.bidder] 重新计算 bucket 分配，当前节点数: 4
1776070033.615552 DEBUG: [kua.bidder] 重新计算 bucket 分配，当前节点数: 4
1776070036.615928 DEBUG: [kua.bidder] 重新计算 bucket 分配，当前节点数: 4
1776070039.616458 DEBUG: [kua.bidder] 重新计算 bucket 分配，当前节点数: 4
1776070042.616911 DEBUG: [kua.bidder] 重新计算 bucket 分配，当前节点数: 4
1776070045.617175 DEBUG: [kua.bidder] 重新计算 bucket 分配，当前节点数: 4
1776070048.617466 DEBUG: [kua.bidder] 重新计算 bucket 分配，当前节点数: 4
1776070051.617787 DEBUG: [kua.bidder] 重新计算 bucket 分配，当前节点数: 4
1776070054.618765 DEBUG: [kua.bidder] 重新计算 bucket 分配，当前节点数: 4
1776070057.619151 DEBUG: [kua.bidder] 重新计算 bucket 分配，当前节点数: 4
1776070060.619447 DEBUG: [kua.bidder] 重新计算 bucket 分配，当前节点数: 4
1776070063.619764 DEBUG: [kua.bidder] 重新计算 bucket 分配，当前节点数: 4
1776070066.620158 DEBUG: [kua.bidder] 重新计算 bucket 分配，当前节点数: 4
1776070069.620725 DEBUG: [kua.bidder] 重新计算 bucket 分配，当前节点数: 4
1776070072.621191 DEBUG: [kua.bidder] 重新计算 bucket 分配，当前节点数: 4
1776070075.621458 DEBUG: [kua.bidder] 重新计算 bucket 分配，当前节点数: 4
1776070078.621692 DEBUG: [kua.bidder] 重新计算 bucket 分配，当前节点数: 4
1776070081.622182 DEBUG: [kua.bidder] 重新计算 bucket 分配，当前节点数: 4
1776070084.622565 DEBUG: [kua.bidder] 重新计算 bucket 分配，当前节点数: 4
1776070087.622845 DEBUG: [kua.bidder] 重新计算 bucket 分配，当前节点数: 4
1776070090.623228 DEBUG: [kua.bidder] 重新计算 bucket 分配，当前节点数: 4
1776070093.623797 DEBUG: [kua.bidder] 重新计算 bucket 分配，当前节点数: 4
1776070096.624380 DEBUG: [kua.bidder] 重新计算 bucket 分配，当前节点数: 4
1776070099.624734 DEBUG: [kua.bidder] 重新计算 bucket 分配，当前节点数: 4
1776070102.624978 DEBUG: [kua.bidder] 重新计算 bucket 分配，当前节点数: 4
1776070105.625250 DEBUG: [kua.bidder] 重新计算 bucket 分配，当前节点数: 4
1776070108.625550 DEBUG: [kua.bidder] 重新计算 bucket 分配，当前节点数: 4
1776070111.625839 DEBUG: [kua.bidder] 重新计算 bucket 分配，当前节点数: 4
1776070114.626164 DEBUG: [kua.bidder] 重新计算 bucket 分配，当前节点数: 4
1776070117.626419 DEBUG: [kua.bidder] 重新计算 bucket 分配，当前节点数: 4
1776070120.626691 DEBUG: [kua.bidder] 重新计算 bucket 分配，当前节点数: 4
1776070123.626955 DEBUG: [kua.bidder] 重新计算 bucket 分配，当前节点数: 4
1776070126.627239 DEBUG: [kua.bidder] 重新计算 bucket 分配，当前节点数: 4
1776070129.627533 DEBUG: [kua.bidder] 重新计算 bucket 分配，当前节点数: 4
1776070132.627791 DEBUG: [kua.bidder] 重新计算 bucket 分配，当前节点数: 4
1776070135.628066 DEBUG: [kua.bidder] 重新计算 bucket 分配，当前节点数: 4
1776070138.628295 DEBUG: [kua.bidder] 重新计算 bucket 分配，当前节点数: 4
1776070141.628566 DEBUG: [kua.bidder] 重新计算 bucket 分配，当前节点数: 4
1776070144.628873 DEBUG: [kua.bidder] 重新计算 bucket 分配，当前节点数: 4
1776070147.629270 DEBUG: [kua.bidder] 重新计算 bucket 分配，当前节点数: 4
1776070150.629567 DEBUG: [kua.bidder] 重新计算 bucket 分配，当前节点数: 4
1776070153.629907 DEBUG: [kua.bidder] 重新计算 bucket 分配，当前节点数: 4
1776070156.630449 DEBUG: [kua.bidder] 重新计算 bucket 分配，当前节点数: 4
1776070159.631072 DEBUG: [kua.bidder] 重新计算 bucket 分配，当前节点数: 4
1776070162.631531 DEBUG: [kua.bidder] 重新计算 bucket 分配，当前节点数: 4
1776070165.632275 DEBUG: [kua.bidder] 重新计算 bucket 分配，当前节点数: 4
1776070168.633149 DEBUG: [kua.bidder] 重新计算 bucket 分配，当前节点数: 4
1776070171.633707 DEBUG: [kua.bidder] 重新计算 bucket 分配，当前节点数: 4
1776070174.634102 DEBUG: [kua.bidder] 重新计算 bucket 分配，当前节点数: 4
1776070177.634379 DEBUG: [kua.bidder] 重新计算 bucket 分配，当前节点数: 4
1776070180.634686 DEBUG: [kua.bidder] 重新计算 bucket 分配，当前节点数: 4
1776070183.635017 DEBUG: [kua.bidder] 重新计算 bucket 分配，当前节点数: 4
1776070186.635274 DEBUG: [kua.bidder] 重新计算 bucket 分配，当前节点数: 4
1776070189.635585 DEBUG: [kua.bidder] 重新计算 bucket 分配，当前节点数: 4
1776070192.635883 DEBUG: [kua.bidder] 重新计算 bucket 分配，当前节点数: 4
1776070195.636372 DEBUG: [kua.bidder] 重新计算 bucket 分配，当前节点数: 4
1776070198.636630 DEBUG: [kua.bidder] 重新计算 bucket 分配，当前节点数: 4
1776070201.636967 DEBUG: [kua.bidder] 重新计算 bucket 分配，当前节点数: 4
1776070204.637363 DEBUG: [kua.bidder] 重新计算 bucket 分配，当前节点数: 4
1776070207.637698 DEBUG: [kua.bidder] 重新计算 bucket 分配，当前节点数: 4
1776070210.638183 DEBUG: [kua.bidder] 重新计算 bucket 分配，当前节点数: 4
1776070213.638651 DEBUG: [kua.bidder] 重新计算 bucket 分配，当前节点数: 4
1776070216.639061 DEBUG: [kua.bidder] 重新计算 bucket 分配，当前节点数: 4
1776070219.639441 DEBUG: [kua.bidder] 重新计算 bucket 分配，当前节点数: 4
1776070222.639734 DEBUG: [kua.bidder] 重新计算 bucket 分配，当前节点数: 4
1776070225.640403 DEBUG: [kua.bidder] 重新计算 bucket 分配，当前节点数: 4
1776070228.640788 DEBUG: [kua.bidder] 重新计算 bucket 分配，当前节点数: 4
1776070231.641117 DEBUG: [kua.bidder] 重新计算 bucket 分配，当前节点数: 4
1776070234.641404 DEBUG: [kua.bidder] 重新计算 bucket 分配，当前节点数: 4
1776070237.641728 DEBUG: [kua.bidder] 重新计算 bucket 分配，当前节点数: 4
1776070240.642050 DEBUG: [kua.bidder] 重新计算 bucket 分配，当前节点数: 4
1776070243.642641 DEBUG: [kua.bidder] 重新计算 bucket 分配，当前节点数: 4
1776070246.643171 DEBUG: [kua.bidder] 重新计算 bucket 分配，当前节点数: 4
1776070249.643591 DEBUG: [kua.bidder] 重新计算 bucket 分配，当前节点数: 4
1776070252.644366 DEBUG: [kua.bidder] 重新计算 bucket 分配，当前节点数: 4
1776070255.646226 DEBUG: [kua.bidder] 重新计算 bucket 分配，当前节点数: 4
1776070258.647141 DEBUG: [kua.bidder] 重新计算 bucket 分配，当前节点数: 4
1776070261.648894 DEBUG: [kua.bidder] 重新计算 bucket 分配，当前节点数: 4
1776070264.659178 DEBUG: [kua.bidder] 重新计算 bucket 分配，当前节点数: 4
1776070267.659978 DEBUG: [kua.bidder] 重新计算 bucket 分配，当前节点数: 4
1776070270.660287 DEBUG: [kua.bidder] 重新计算 bucket 分配，当前节点数: 4
1776070273.660588 DEBUG: [kua.bidder] 重新计算 bucket 分配，当前节点数: 4
1776070276.660894 DEBUG: [kua.bidder] 重新计算 bucket 分配，当前节点数: 4
1776070279.661439 DEBUG: [kua.bidder] 重新计算 bucket 分配，当前节点数: 4
1776070282.661747 DEBUG: [kua.bidder] 重新计算 bucket 分配，当前节点数: 4
1776070285.661986 DEBUG: [kua.bidder] 重新计算 bucket 分配，当前节点数: 4
1776070288.662327 DEBUG: [kua.bidder] 重新计算 bucket 分配，当前节点数: 4
1776070291.662816 DEBUG: [kua.bidder] 重新计算 bucket 分配，当前节点数: 4
1776070294.663208 DEBUG: [kua.bidder] 重新计算 bucket 分配，当前节点数: 4
1776070297.663989 DEBUG: [kua.bidder] 重新计算 bucket 分配，当前节点数: 4
1776070300.664184 DEBUG: [kua.bidder] 重新计算 bucket 分配，当前节点数: 4
1776070303.664485 DEBUG: [kua.bidder] 重新计算 bucket 分配，当前节点数: 4
1776070306.664932 DEBUG: [kua.bidder] 重新计算 bucket 分配，当前节点数: 4
1776070309.665309 DEBUG: [kua.bidder] 重新计算 bucket 分配，当前节点数: 4
1776070312.665690 DEBUG: [kua.bidder] 重新计算 bucket 分配，当前节点数: 4
1776070315.666134 DEBUG: [kua.bidder] 重新计算 bucket 分配，当前节点数: 4
1776070318.666374 DEBUG: [kua.bidder] 重新计算 bucket 分配，当前节点数: 4
1776070321.666636 DEBUG: [kua.bidder] 重新计算 bucket 分配，当前节点数: 4
1776070324.666899 DEBUG: [kua.bidder] 重新计算 bucket 分配，当前节点数: 4
1776070327.669160 DEBUG: [kua.bidder] 重新计算 bucket 分配，当前节点数: 4
1776070330.669922 DEBUG: [kua.bidder] 重新计算 bucket 分配，当前节点数: 4
1776070333.670361 DEBUG: [kua.bidder] 重新计算 bucket 分配，当前节点数: 4
1776070336.670640 DEBUG: [kua.bidder] 重新计算 bucket 分配，当前节点数: 4
1776070339.671491 DEBUG: [kua.bidder] 重新计算 bucket 分配，当前节点数: 4
1776070342.673287 DEBUG: [kua.bidder] 重新计算 bucket 分配，当前节点数: 4
1776070345.673631 DEBUG: [kua.bidder] 重新计算 bucket 分配，当前节点数: 4
1776070348.673949 DEBUG: [kua.bidder] 重新计算 bucket 分配，当前节点数: 4
1776070351.674413 DEBUG: [kua.bidder] 重新计算 bucket 分配，当前节点数: 4
1776070354.674696 DEBUG: [kua.bidder] 重新计算 bucket 分配，当前节点数: 4
1776070357.675063 DEBUG: [kua.bidder] 重新计算 bucket 分配，当前节点数: 4
1776070360.675427 DEBUG: [kua.bidder] 重新计算 bucket 分配，当前节点数: 4
1776070363.675745 DEBUG: [kua.bidder] 重新计算 bucket 分配，当前节点数: 4
1776070366.676038 DEBUG: [kua.bidder] 重新计算 bucket 分配，当前节点数: 4
1776070369.677140 DEBUG: [kua.bidder] 重新计算 bucket 分配，当前节点数: 4
1776070372.678892 DEBUG: [kua.bidder] 重新计算 bucket 分配，当前节点数: 4
1776070375.683785 DEBUG: [kua.bidder] 重新计算 bucket 分配，当前节点数: 4
1776070378.684216 DEBUG: [kua.bidder] 重新计算 bucket 分配，当前节点数: 4
1776070381.684623 DEBUG: [kua.bidder] 重新计算 bucket 分配，当前节点数: 4
1776070384.684945 DEBUG: [kua.bidder] 重新计算 bucket 分配，当前节点数: 4
1776070387.685324 DEBUG: [kua.bidder] 重新计算 bucket 分配，当前节点数: 4
1776070390.685650 DEBUG: [kua.bidder] 重新计算 bucket 分配，当前节点数: 4
1776070393.685949 DEBUG: [kua.bidder] 重新计算 bucket 分配，当前节点数: 4
1776070396.686273 DEBUG: [kua.bidder] 重新计算 bucket 分配，当前节点数: 4
1776070399.686600 DEBUG: [kua.bidder] 重新计算 bucket 分配，当前节点数: 4
1776070402.687260 DEBUG: [kua.bidder] 重新计算 bucket 分配，当前节点数: 4
1776070405.687832 DEBUG: [kua.bidder] 重新计算 bucket 分配，当前节点数: 4
1776070408.688241 DEBUG: [kua.bidder] 重新计算 bucket 分配，当前节点数: 4
1776070411.688539 DEBUG: [kua.bidder] 重新计算 bucket 分配，当前节点数: 4
1776070414.688857 DEBUG: [kua.bidder] 重新计算 bucket 分配，当前节点数: 4
1776070417.689192 DEBUG: [kua.bidder] 重新计算 bucket 分配，当前节点数: 4
1776070420.689507 DEBUG: [kua.bidder] 重新计算 bucket 分配，当前节点数: 4
1776070423.689849 DEBUG: [kua.bidder] 重新计算 bucket 分配，当前节点数: 4
1776070426.695232 DEBUG: [kua.bidder] 重新计算 bucket 分配，当前节点数: 4
1776070429.701183 DEBUG: [kua.bidder] 重新计算 bucket 分配，当前节点数: 4
1776070432.701433 DEBUG: [kua.bidder] 重新计算 bucket 分配，当前节点数: 4
1776070435.701787 DEBUG: [kua.bidder] 重新计算 bucket 分配，当前节点数: 4
1776070438.702201 DEBUG: [kua.bidder] 重新计算 bucket 分配，当前节点数: 4
1776070441.702493 DEBUG: [kua.bidder] 重新计算 bucket 分配，当前节点数: 4
1776070444.702722 DEBUG: [kua.bidder] 重新计算 bucket 分配，当前节点数: 4
1776070447.704273 DEBUG: [kua.bidder] 重新计算 bucket 分配，当前节点数: 4
1776070450.704589 DEBUG: [kua.bidder] 重新计算 bucket 分配，当前节点数: 4
1776070453.704902 DEBUG: [kua.bidder] 重新计算 bucket 分配，当前节点数: 4
1776070456.750983 DEBUG: [kua.bidder] 重新计算 bucket 分配，当前节点数: 4
1776070459.752791 DEBUG: [kua.bidder] 重新计算 bucket 分配，当前节点数: 4
1776070462.753813 DEBUG: [kua.bidder] 重新计算 bucket 分配，当前节点数: 4
1776070465.754109 DEBUG: [kua.bidder] 重新计算 bucket 分配，当前节点数: 4
1776070468.754370 DEBUG: [kua.bidder] 重新计算 bucket 分配，当前节点数: 4
1776070471.754659 DEBUG: [kua.bidder] 重新计算 bucket 分配，当前节点数: 4
1776070474.754962 DEBUG: [kua.bidder] 重新计算 bucket 分配，当前节点数: 4
1776070477.755414 DEBUG: [kua.bidder] 重新计算 bucket 分配，当前节点数: 4
1776070480.755756 DEBUG: [kua.bidder] 重新计算 bucket 分配，当前节点数: 4
1776070483.756103 DEBUG: [kua.bidder] 重新计算 bucket 分配，当前节点数: 4
1776070486.756501 DEBUG: [kua.bidder] 重新计算 bucket 分配，当前节点数: 4
1776070489.756770 DEBUG: [kua.bidder] 重新计算 bucket 分配，当前节点数: 4
1776070492.757046 DEBUG: [kua.bidder] 重新计算 bucket 分配，当前节点数: 4
1776070495.757309 DEBUG: [kua.bidder] 重新计算 bucket 分配，当前节点数: 4
1776070498.757870 DEBUG: [kua.bidder] 重新计算 bucket 分配，当前节点数: 4
1776070501.758297 DEBUG: [kua.bidder] 重新计算 bucket 分配，当前节点数: 4
1776070504.758573 DEBUG: [kua.bidder] 重新计算 bucket 分配，当前节点数: 4
1776070507.758901 DEBUG: [kua.bidder] 重新计算 bucket 分配，当前节点数: 4
1776070510.759481 DEBUG: [kua.bidder] 重新计算 bucket 分配，当前节点数: 4
1776070513.759766 DEBUG: [kua.bidder] 重新计算 bucket 分配，当前节点数: 4
1776070516.760235 DEBUG: [kua.bidder] 重新计算 bucket 分配，当前节点数: 4
1776070519.760665 DEBUG: [kua.bidder] 重新计算 bucket 分配，当前节点数: 4
1776070522.761358 DEBUG: [kua.bidder] 重新计算 bucket 分配，当前节点数: 4
1776070525.761905 DEBUG: [kua.bidder] 重新计算 bucket 分配，当前节点数: 4
1776070528.762257 DEBUG: [kua.bidder] 重新计算 bucket 分配，当前节点数: 4
1776070531.762714 DEBUG: [kua.bidder] 重新计算 bucket 分配，当前节点数: 4
1776070534.762998 DEBUG: [kua.bidder] 重新计算 bucket 分配，当前节点数: 4
1776070537.763342 DEBUG: [kua.bidder] 重新计算 bucket 分配，当前节点数: 4
1776070540.763625 DEBUG: [kua.bidder] 重新计算 bucket 分配，当前节点数: 4
1776070543.763927 DEBUG: [kua.bidder] 重新计算 bucket 分配，当前节点数: 4
1776070546.764240 DEBUG: [kua.bidder] 重新计算 bucket 分配，当前节点数: 4
1776070549.764492 DEBUG: [kua.bidder] 重新计算 bucket 分配，当前节点数: 4
1776070552.764761 DEBUG: [kua.bidder] 重新计算 bucket 分配，当前节点数: 4
1776070555.765011 DEBUG: [kua.bidder] 重新计算 bucket 分配，当前节点数: 4
1776070558.765281 DEBUG: [kua.bidder] 重新计算 bucket 分配，当前节点数: 4
1776070561.765535 DEBUG: [kua.bidder] 重新计算 bucket 分配，当前节点数: 4
1776070564.765904 DEBUG: [kua.bidder] 重新计算 bucket 分配，当前节点数: 4
1776070567.766531 DEBUG: [kua.bidder] 重新计算 bucket 分配，当前节点数: 4
1776070570.766783 DEBUG: [kua.bidder] 重新计算 bucket 分配，当前节点数: 4
1776070573.767065 DEBUG: [kua.bidder] 重新计算 bucket 分配，当前节点数: 4
1776070576.767360 DEBUG: [kua.bidder] 重新计算 bucket 分配，当前节点数: 4
1776070579.767684 DEBUG: [kua.bidder] 重新计算 bucket 分配，当前节点数: 4
1776070582.767948 DEBUG: [kua.bidder] 重新计算 bucket 分配，当前节点数: 4
1776070585.768309 DEBUG: [kua.bidder] 重新计算 bucket 分配，当前节点数: 4
1776070588.768618 DEBUG: [kua.bidder] 重新计算 bucket 分配，当前节点数: 4
1776070591.768910 DEBUG: [kua.bidder] 重新计算 bucket 分配，当前节点数: 4
1776070594.769342 DEBUG: [kua.bidder] 重新计算 bucket 分配，当前节点数: 4
1776070597.769840 DEBUG: [kua.bidder] 重新计算 bucket 分配，当前节点数: 4
1776070600.770402 DEBUG: [kua.bidder] 重新计算 bucket 分配，当前节点数: 4
1776070603.770677 DEBUG: [kua.bidder] 重新计算 bucket 分配，当前节点数: 4
1776070606.770967 DEBUG: [kua.bidder] 重新计算 bucket 分配，当前节点数: 4
1776070609.771287 DEBUG: [kua.bidder] 重新计算 bucket 分配，当前节点数: 4
1776070612.771681 DEBUG: [kua.bidder] 重新计算 bucket 分配，当前节点数: 4
1776070615.771941 DEBUG: [kua.bidder] 重新计算 bucket 分配，当前节点数: 4
1776070618.772265 DEBUG: [kua.bidder] 重新计算 bucket 分配，当前节点数: 4
1776070621.772542 DEBUG: [kua.bidder] 重新计算 bucket 分配，当前节点数: 4
1776070624.772839 DEBUG: [kua.bidder] 重新计算 bucket 分配，当前节点数: 4
1776070627.775457 DEBUG: [kua.bidder] 重新计算 bucket 分配，当前节点数: 4
1776070630.776308 DEBUG: [kua.bidder] 重新计算 bucket 分配，当前节点数: 4
1776070633.776614 DEBUG: [kua.bidder] 重新计算 bucket 分配，当前节点数: 4
1776070636.776939 DEBUG: [kua.bidder] 重新计算 bucket 分配，当前节点数: 4
1776070639.777314 DEBUG: [kua.bidder] 重新计算 bucket 分配，当前节点数: 4
1776070642.778293 DEBUG: [kua.bidder] 重新计算 bucket 分配，当前节点数: 4
1776070645.778564 DEBUG: [kua.bidder] 重新计算 bucket 分配，当前节点数: 4
1776070648.779063 DEBUG: [kua.bidder] 重新计算 bucket 分配，当前节点数: 4
1776070651.779405 DEBUG: [kua.bidder] 重新计算 bucket 分配，当前节点数: 4
1776070654.779684 DEBUG: [kua.bidder] 重新计算 bucket 分配，当前节点数: 4
1776070657.779985 DEBUG: [kua.bidder] 重新计算 bucket 分配，当前节点数: 4
1776070660.780459 DEBUG: [kua.bidder] 重新计算 bucket 分配，当前节点数: 4
1776070663.780863 DEBUG: [kua.bidder] 重新计算 bucket 分配，当前节点数: 4
1776070666.781344 DEBUG: [kua.bidder] 重新计算 bucket 分配，当前节点数: 4
1776070669.781594 DEBUG: [kua.bidder] 重新计算 bucket 分配，当前节点数: 4
1776070672.781872 DEBUG: [kua.bidder] 重新计算 bucket 分配，当前节点数: 4
1776070675.782367 DEBUG: [kua.bidder] 重新计算 bucket 分配，当前节点数: 4
1776070678.782635 DEBUG: [kua.bidder] 重新计算 bucket 分配，当前节点数: 4
1776070681.782859 DEBUG: [kua.bidder] 重新计算 bucket 分配，当前节点数: 4
1776070684.783185 DEBUG: [kua.bidder] 重新计算 bucket 分配，当前节点数: 4
1776070687.783425 DEBUG: [kua.bidder] 重新计算 bucket 分配，当前节点数: 4
1776070690.783669 DEBUG: [kua.bidder] 重新计算 bucket 分配，当前节点数: 4
1776070693.785022 DEBUG: [kua.bidder] 重新计算 bucket 分配，当前节点数: 4
1776070696.785427 DEBUG: [kua.bidder] 重新计算 bucket 分配，当前节点数: 4
1776070699.785700 DEBUG: [kua.bidder] 重新计算 bucket 分配，当前节点数: 4
1776070702.786134 DEBUG: [kua.bidder] 重新计算 bucket 分配，当前节点数: 4
1776070705.786419 DEBUG: [kua.bidder] 重新计算 bucket 分配，当前节点数: 4
1776070708.786694 DEBUG: [kua.bidder] 重新计算 bucket 分配，当前节点数: 4
1776070711.786964 DEBUG: [kua.bidder] 重新计算 bucket 分配，当前节点数: 4
1776070714.787252 DEBUG: [kua.bidder] 重新计算 bucket 分配，当前节点数: 4
1776070717.787519 DEBUG: [kua.bidder] 重新计算 bucket 分配，当前节点数: 4
1776070720.787792 DEBUG: [kua.bidder] 重新计算 bucket 分配，当前节点数: 4
1776070723.788045 DEBUG: [kua.bidder] 重新计算 bucket 分配，当前节点数: 4
1776070726.788396 DEBUG: [kua.bidder] 重新计算 bucket 分配，当前节点数: 4
1776070729.788635 DEBUG: [kua.bidder] 重新计算 bucket 分配，当前节点数: 4
1776070732.788955 DEBUG: [kua.bidder] 重新计算 bucket 分配，当前节点数: 4
1776070735.789336 DEBUG: [kua.bidder] 重新计算 bucket 分配，当前节点数: 4
1776070738.789631 DEBUG: [kua.bidder] 重新计算 bucket 分配，当前节点数: 4
1776070741.789928 DEBUG: [kua.bidder] 重新计算 bucket 分配，当前节点数: 4
1776070744.790330 DEBUG: [kua.bidder] 重新计算 bucket 分配，当前节点数: 4
1776070747.790627 DEBUG: [kua.bidder] 重新计算 bucket 分配，当前节点数: 4
1776070750.790923 DEBUG: [kua.bidder] 重新计算 bucket 分配，当前节点数: 4
1776070753.791496 DEBUG: [kua.bidder] 重新计算 bucket 分配，当前节点数: 4
1776070756.791904 DEBUG: [kua.bidder] 重新计算 bucket 分配，当前节点数: 4
1776070759.792227 DEBUG: [kua.bidder] 重新计算 bucket 分配，当前节点数: 4
1776070762.792567 DEBUG: [kua.bidder] 重新计算 bucket 分配，当前节点数: 4
1776070765.792886 DEBUG: [kua.bidder] 重新计算 bucket 分配，当前节点数: 4
1776070768.793216 DEBUG: [kua.bidder] 重新计算 bucket 分配，当前节点数: 4
1776070771.793515 DEBUG: [kua.bidder] 重新计算 bucket 分配，当前节点数: 4
1776070774.793807 DEBUG: [kua.bidder] 重新计算 bucket 分配，当前节点数: 4
1776070777.794149 DEBUG: [kua.bidder] 重新计算 bucket 分配，当前节点数: 4
1776070780.794444 DEBUG: [kua.bidder] 重新计算 bucket 分配，当前节点数: 4
1776070783.794860 DEBUG: [kua.bidder] 重新计算 bucket 分配，当前节点数: 4
1776070786.795174 DEBUG: [kua.bidder] 重新计算 bucket 分配，当前节点数: 4
1776070789.795454 DEBUG: [kua.bidder] 重新计算 bucket 分配，当前节点数: 4
1776070792.795752 DEBUG: [kua.bidder] 重新计算 bucket 分配，当前节点数: 4
1776070795.796026 DEBUG: [kua.bidder] 重新计算 bucket 分配，当前节点数: 4
1776070798.796322 DEBUG: [kua.bidder] 重新计算 bucket 分配，当前节点数: 4
1776070801.796610 DEBUG: [kua.bidder] 重新计算 bucket 分配，当前节点数: 4
1776070804.796885 DEBUG: [kua.bidder] 重新计算 bucket 分配，当前节点数: 4
1776070807.797210 DEBUG: [kua.bidder] 重新计算 bucket 分配，当前节点数: 4
1776070810.797485 DEBUG: [kua.bidder] 重新计算 bucket 分配，当前节点数: 4
1776070813.797761 DEBUG: [kua.bidder] 重新计算 bucket 分配，当前节点数: 4
1776070816.798053 DEBUG: [kua.bidder] 重新计算 bucket 分配，当前节点数: 4
1776070819.798320 DEBUG: [kua.bidder] 重新计算 bucket 分配，当前节点数: 4
1776070822.798657 DEBUG: [kua.bidder] 重新计算 bucket 分配，当前节点数: 4
1776070825.799239 DEBUG: [kua.bidder] 重新计算 bucket 分配，当前节点数: 4
1776070828.799545 DEBUG: [kua.bidder] 重新计算 bucket 分配，当前节点数: 4
1776070831.799806 DEBUG: [kua.bidder] 重新计算 bucket 分配，当前节点数: 4
1776070834.800175 DEBUG: [kua.bidder] 重新计算 bucket 分配，当前节点数: 4
1776070837.801014 DEBUG: [kua.bidder] 重新计算 bucket 分配，当前节点数: 4
1776070840.801336 DEBUG: [kua.bidder] 重新计算 bucket 分配，当前节点数: 4
1776070843.801562 DEBUG: [kua.bidder] 重新计算 bucket 分配，当前节点数: 4
1776070846.801816 DEBUG: [kua.bidder] 重新计算 bucket 分配，当前节点数: 4
1776070849.803604 DEBUG: [kua.bidder] 重新计算 bucket 分配，当前节点数: 4
1776070852.804002 DEBUG: [kua.bidder] 重新计算 bucket 分配，当前节点数: 4
1776070855.804271 DEBUG: [kua.bidder] 重新计算 bucket 分配，当前节点数: 4
1776070858.804562 DEBUG: [kua.bidder] 重新计算 bucket 分配，当前节点数: 4
1776070861.805122 DEBUG: [kua.bidder] 重新计算 bucket 分配，当前节点数: 4
1776070864.805385 DEBUG: [kua.bidder] 重新计算 bucket 分配，当前节点数: 4
1776070867.805734 DEBUG: [kua.bidder] 重新计算 bucket 分配，当前节点数: 4
1776070870.807772 DEBUG: [kua.bidder] 重新计算 bucket 分配，当前节点数: 4
1776070873.808196 DEBUG: [kua.bidder] 重新计算 bucket 分配，当前节点数: 4
1776070876.808864 DEBUG: [kua.bidder] 重新计算 bucket 分配，当前节点数: 4
1776070879.809236 DEBUG: [kua.bidder] 重新计算 bucket 分配，当前节点数: 4
1776070882.809568 DEBUG: [kua.bidder] 重新计算 bucket 分配，当前节点数: 4
1776070885.809909 DEBUG: [kua.bidder] 重新计算 bucket 分配，当前节点数: 4
1776070888.810346 DEBUG: [kua.bidder] 重新计算 bucket 分配，当前节点数: 4
1776070891.810664 DEBUG: [kua.bidder] 重新计算 bucket 分配，当前节点数: 4
1776070894.810932 DEBUG: [kua.bidder] 重新计算 bucket 分配，当前节点数: 4
1776070897.811269 DEBUG: [kua.bidder] 重新计算 bucket 分配，当前节点数: 4
1776070900.811591 DEBUG: [kua.bidder] 重新计算 bucket 分配，当前节点数: 4
1776070903.811850 DEBUG: [kua.bidder] 重新计算 bucket 分配，当前节点数: 4
1776070906.812186 DEBUG: [kua.bidder] 重新计算 bucket 分配，当前节点数: 4
1776070909.812461 DEBUG: [kua.bidder] 重新计算 bucket 分配，当前节点数: 4
1776070912.812712 DEBUG: [kua.bidder] 重新计算 bucket 分配，当前节点数: 4
1776070915.812976 DEBUG: [kua.bidder] 重新计算 bucket 分配，当前节点数: 4
1776070918.813304 DEBUG: [kua.bidder] 重新计算 bucket 分配，当前节点数: 4
1776070921.813552 DEBUG: [kua.bidder] 重新计算 bucket 分配，当前节点数: 4
1776070924.813740 DEBUG: [kua.bidder] 重新计算 bucket 分配，当前节点数: 4
1776070927.814056 DEBUG: [kua.bidder] 重新计算 bucket 分配，当前节点数: 4
1776070930.814389 DEBUG: [kua.bidder] 重新计算 bucket 分配，当前节点数: 4
1776070933.814764 DEBUG: [kua.bidder] 重新计算 bucket 分配，当前节点数: 4
1776070936.815033 DEBUG: [kua.bidder] 重新计算 bucket 分配，当前节点数: 4
1776070939.815430 DEBUG: [kua.bidder] 重新计算 bucket 分配，当前节点数: 4
1776070942.815742 DEBUG: [kua.bidder] 重新计算 bucket 分配，当前节点数: 4
1776070945.815975 DEBUG: [kua.bidder] 重新计算 bucket 分配，当前节点数: 4
1776070948.816452 DEBUG: [kua.bidder] 重新计算 bucket 分配，当前节点数: 4
1776070951.816751 DEBUG: [kua.bidder] 重新计算 bucket 分配，当前节点数: 4
1776070954.817010 DEBUG: [kua.bidder] 重新计算 bucket 分配，当前节点数: 4
1776070957.817352 DEBUG: [kua.bidder] 重新计算 bucket 分配，当前节点数: 4
1776070960.817701 DEBUG: [kua.bidder] 重新计算 bucket 分配，当前节点数: 4
1776070963.818094 DEBUG: [kua.bidder] 重新计算 bucket 分配，当前节点数: 4
1776070966.818360 DEBUG: [kua.bidder] 重新计算 bucket 分配，当前节点数: 4
1776070969.818637 DEBUG: [kua.bidder] 重新计算 bucket 分配，当前节点数: 4
1776070972.818900 DEBUG: [kua.bidder] 重新计算 bucket 分配，当前节点数: 4
1776070975.819253 DEBUG: [kua.bidder] 重新计算 bucket 分配，当前节点数: 4
1776070978.819519 DEBUG: [kua.bidder] 重新计算 bucket 分配，当前节点数: 4
1776070981.819774 DEBUG: [kua.bidder] 重新计算 bucket 分配，当前节点数: 4
1776070984.820018 DEBUG: [kua.bidder] 重新计算 bucket 分配，当前节点数: 4
1776070987.821904 DEBUG: [kua.bidder] 重新计算 bucket 分配，当前节点数: 4
1776070990.822732 DEBUG: [kua.bidder] 重新计算 bucket 分配，当前节点数: 4
1776070993.823212 DEBUG: [kua.bidder] 重新计算 bucket 分配，当前节点数: 4
1776070996.823466 DEBUG: [kua.bidder] 重新计算 bucket 分配，当前节点数: 4
1776070999.823675 DEBUG: [kua.bidder] 重新计算 bucket 分配，当前节点数: 4
1776071002.823948 DEBUG: [kua.bidder] 重新计算 bucket 分配，当前节点数: 4
1776071005.824258 DEBUG: [kua.bidder] 重新计算 bucket 分配，当前节点数: 4
1776071008.824534 DEBUG: [kua.bidder] 重新计算 bucket 分配，当前节点数: 4
1776071011.824821 DEBUG: [kua.bidder] 重新计算 bucket 分配，当前节点数: 4
1776071014.825196 DEBUG: [kua.bidder] 重新计算 bucket 分配，当前节点数: 4
1776071017.826073 DEBUG: [kua.bidder] 重新计算 bucket 分配，当前节点数: 4
1776071020.834222 DEBUG: [kua.bidder] 重新计算 bucket 分配，当前节点数: 4
1776071023.834443 DEBUG: [kua.bidder] 重新计算 bucket 分配，当前节点数: 4
1776071026.834653 DEBUG: [kua.bidder] 重新计算 bucket 分配，当前节点数: 4
1776071029.834839 DEBUG: [kua.bidder] 重新计算 bucket 分配，当前节点数: 4
1776071032.835359 DEBUG: [kua.bidder] 重新计算 bucket 分配，当前节点数: 4
1776071035.835656 DEBUG: [kua.bidder] 重新计算 bucket 分配，当前节点数: 4
1776071038.835924 DEBUG: [kua.bidder] 重新计算 bucket 分配，当前节点数: 4
1776071041.836260 DEBUG: [kua.bidder] 重新计算 bucket 分配，当前节点数: 4
1776071044.836413 DEBUG: [kua.bidder] 重新计算 bucket 分配，当前节点数: 4
1776071047.836792 DEBUG: [kua.bidder] 重新计算 bucket 分配，当前节点数: 4
1776071050.837910 DEBUG: [kua.bidder] 重新计算 bucket 分配，当前节点数: 4
1776071053.838261 DEBUG: [kua.bidder] 重新计算 bucket 分配，当前节点数: 4
1776071056.838524 DEBUG: [kua.bidder] 重新计算 bucket 分配，当前节点数: 4
1776071059.839593 DEBUG: [kua.bidder] 重新计算 bucket 分配，当前节点数: 4
1776071062.839999 DEBUG: [kua.bidder] 重新计算 bucket 分配，当前节点数: 4
1776071065.840408 DEBUG: [kua.bidder] 重新计算 bucket 分配，当前节点数: 4
1776071068.840722 DEBUG: [kua.bidder] 重新计算 bucket 分配，当前节点数: 4
1776071071.841030 DEBUG: [kua.bidder] 重新计算 bucket 分配，当前节点数: 4
1776071074.841366 DEBUG: [kua.bidder] 重新计算 bucket 分配，当前节点数: 4
1776071077.841701 DEBUG: [kua.bidder] 重新计算 bucket 分配，当前节点数: 4
1776071080.842042 DEBUG: [kua.bidder] 重新计算 bucket 分配，当前节点数: 4
1776071083.842490 DEBUG: [kua.bidder] 重新计算 bucket 分配，当前节点数: 4
1776071086.842735 DEBUG: [kua.bidder] 重新计算 bucket 分配，当前节点数: 4
1776071089.842960 DEBUG: [kua.bidder] 重新计算 bucket 分配，当前节点数: 4
1776071092.843274 DEBUG: [kua.bidder] 重新计算 bucket 分配，当前节点数: 4
1776071095.843580 DEBUG: [kua.bidder] 重新计算 bucket 分配，当前节点数: 4
1776071098.843846 DEBUG: [kua.bidder] 重新计算 bucket 分配，当前节点数: 4
1776071101.844259 DEBUG: [kua.bidder] 重新计算 bucket 分配，当前节点数: 4
1776071104.844850 DEBUG: [kua.bidder] 重新计算 bucket 分配，当前节点数: 4
1776071107.845231 DEBUG: [kua.bidder] 重新计算 bucket 分配，当前节点数: 4
1776071110.845624 DEBUG: [kua.bidder] 重新计算 bucket 分配，当前节点数: 4
1776071113.845895 DEBUG: [kua.bidder] 重新计算 bucket 分配，当前节点数: 4
1776071116.846187 DEBUG: [kua.bidder] 重新计算 bucket 分配，当前节点数: 4
1776071119.846438 DEBUG: [kua.bidder] 重新计算 bucket 分配，当前节点数: 4
1776071122.846792 DEBUG: [kua.bidder] 重新计算 bucket 分配，当前节点数: 4
1776071125.847219 DEBUG: [kua.bidder] 重新计算 bucket 分配，当前节点数: 4
1776071128.847589 DEBUG: [kua.bidder] 重新计算 bucket 分配，当前节点数: 4
1776071131.847886 DEBUG: [kua.bidder] 重新计算 bucket 分配，当前节点数: 4
1776071134.848240 DEBUG: [kua.bidder] 重新计算 bucket 分配，当前节点数: 4
