1776069301.461138  INFO: [kua.nodewatcher] 构造 NodeWatcher
1776069301.474714  INFO: [kua.bidder] 构造 Bidder
1776069306.474879 DEBUG: [kua.bidder] 重新计算 bucket 分配，当前节点数: 4
1776069306.475048  INFO: [kua.bidder] 本地节点成为 bucket 1 的所有者
1776069306.478037  INFO: [kua.worker] 构造 worker #1 /three
1776069306.479883  INFO: [kua.bidder] 本地节点成为 bucket 2 的所有者
1776069306.480301  INFO: [kua.worker] 构造 worker #2 /three
1776069309.481823 DEBUG: [kua.bidder] 重新计算 bucket 分配，当前节点数: 4
1776069312.482167 DEBUG: [kua.bidder] 重新计算 bucket 分配，当前节点数: 4
1776069315.472294 DEBUG: [kua.worker] 收到请求 : #2 : /three/%02/7573657241/7631/%00%00%01%9D%85%FB%0B%8B/%00%01%00%02
1776069315.472326  INFO: [kua.worker] KV 写入成功: key=userA, version=1776069315467, bucket=#2
1776069315.491675 DEBUG: [kua.bidder] 重新计算 bucket 分配，当前节点数: 4
1776069316.531685 DEBUG: [kua.worker] 收到请求 : #2 : /three/%02/7573657241/7632/%00%00%01%9D%85%FB%0F%AB/%00%01%00%02
1776069316.531711  INFO: [kua.worker] KV 写入成功: key=userA, version=1776069316523, bucket=#2
1776069318.492171 DEBUG: [kua.bidder] 重新计算 bucket 分配，当前节点数: 4
1776069321.496616 DEBUG: [kua.bidder] 重新计算 bucket 分配，当前节点数: 4
1776069324.497133 DEBUG: [kua.bidder] 重新计算 bucket 分配，当前节点数: 4
1776069327.497439 DEBUG: [kua.bidder] 重新计算 bucket 分配，当前节点数: 4
1776069330.497713 DEBUG: [kua.bidder] 重新计算 bucket 分配，当前节点数: 4
1776069333.497973 DEBUG: [kua.bidder] 重新计算 bucket 分配，当前节点数: 4
1776069336.498348 DEBUG: [kua.bidder] 重新计算 bucket 分配，当前节点数: 4
1776069339.498671 DEBUG: [kua.bidder] 重新计算 bucket 分配，当前节点数: 4
1776069342.498987 DEBUG: [kua.bidder] 重新计算 bucket 分配，当前节点数: 4
1776069345.499335 DEBUG: [kua.bidder] 重新计算 bucket 分配，当前节点数: 4
1776069348.499584 DEBUG: [kua.bidder] 重新计算 bucket 分配，当前节点数: 4
1776069351.523877 DEBUG: [kua.bidder] 重新计算 bucket 分配，当前节点数: 4
1776069354.524075 DEBUG: [kua.bidder] 重新计算 bucket 分配，当前节点数: 4
1776069357.524299 DEBUG: [kua.bidder] 重新计算 bucket 分配，当前节点数: 4
1776069360.524555 DEBUG: [kua.bidder] 重新计算 bucket 分配，当前节点数: 4
1776069363.524770 DEBUG: [kua.bidder] 重新计算 bucket 分配，当前节点数: 4
1776069366.525058 DEBUG: [kua.bidder] 重新计算 bucket 分配，当前节点数: 4
1776069369.525353 DEBUG: [kua.bidder] 重新计算 bucket 分配，当前节点数: 4
1776069372.525699 DEBUG: [kua.bidder] 重新计算 bucket 分配，当前节点数: 4
1776069375.526021 DEBUG: [kua.bidder] 重新计算 bucket 分配，当前节点数: 4
1776069378.526382 DEBUG: [kua.bidder] 重新计算 bucket 分配，当前节点数: 4
1776069381.526750 DEBUG: [kua.bidder] 重新计算 bucket 分配，当前节点数: 4
1776069384.528533 DEBUG: [kua.bidder] 重新计算 bucket 分配，当前节点数: 4
1776069387.528861 DEBUG: [kua.bidder] 重新计算 bucket 分配，当前节点数: 4
1776069390.529336 DEBUG: [kua.bidder] 重新计算 bucket 分配，当前节点数: 4
1776069393.531287 DEBUG: [kua.bidder] 重新计算 bucket 分配，当前节点数: 4
1776069396.531877 DEBUG: [kua.bidder] 重新计算 bucket 分配，当前节点数: 4
1776069399.532290 DEBUG: [kua.bidder] 重新计算 bucket 分配，当前节点数: 4
1776069402.532705 DEBUG: [kua.bidder] 重新计算 bucket 分配，当前节点数: 4
1776069405.533011 DEBUG: [kua.bidder] 重新计算 bucket 分配，当前节点数: 4
1776069408.533326 DEBUG: [kua.bidder] 重新计算 bucket 分配，当前节点数: 4
1776069411.533864 DEBUG: [kua.bidder] 重新计算 bucket 分配，当前节点数: 4
1776069414.534599 DEBUG: [kua.bidder] 重新计算 bucket 分配，当前节点数: 4
1776069417.534999 DEBUG: [kua.bidder] 重新计算 bucket 分配，当前节点数: 4
1776069420.536311 DEBUG: [kua.bidder] 重新计算 bucket 分配，当前节点数: 4
1776069423.536932 DEBUG: [kua.bidder] 重新计算 bucket 分配，当前节点数: 4
1776069426.537268 DEBUG: [kua.bidder] 重新计算 bucket 分配，当前节点数: 4
1776069429.537504 DEBUG: [kua.bidder] 重新计算 bucket 分配，当前节点数: 4
1776069432.537775 DEBUG: [kua.bidder] 重新计算 bucket 分配，当前节点数: 4
1776069435.538040 DEBUG: [kua.bidder] 重新计算 bucket 分配，当前节点数: 4
1776069438.538394 DEBUG: [kua.bidder] 重新计算 bucket 分配，当前节点数: 4
1776069441.538757 DEBUG: [kua.bidder] 重新计算 bucket 分配，当前节点数: 4
1776069444.539026 DEBUG: [kua.bidder] 重新计算 bucket 分配，当前节点数: 4
1776069447.539306 DEBUG: [kua.bidder] 重新计算 bucket 分配，当前节点数: 4
1776069450.539522 DEBUG: [kua.bidder] 重新计算 bucket 分配，当前节点数: 4
1776069453.539956 DEBUG: [kua.bidder] 重新计算 bucket 分配，当前节点数: 4
1776069456.540430 DEBUG: [kua.bidder] 重新计算 bucket 分配，当前节点数: 4
1776069459.540750 DEBUG: [kua.bidder] 重新计算 bucket 分配，当前节点数: 4
1776069462.541155 DEBUG: [kua.bidder] 重新计算 bucket 分配，当前节点数: 4
1776069465.542444 DEBUG: [kua.bidder] 重新计算 bucket 分配，当前节点数: 4
1776069468.543281 DEBUG: [kua.bidder] 重新计算 bucket 分配，当前节点数: 4
1776069471.543566 DEBUG: [kua.bidder] 重新计算 bucket 分配，当前节点数: 4
1776069474.543869 DEBUG: [kua.bidder] 重新计算 bucket 分配，当前节点数: 4
1776069477.544151 DEBUG: [kua.bidder] 重新计算 bucket 分配，当前节点数: 4
1776069480.544432 DEBUG: [kua.bidder] 重新计算 bucket 分配，当前节点数: 4
1776069483.547459 DEBUG: [kua.bidder] 重新计算 bucket 分配，当前节点数: 4
1776069486.547746 DEBUG: [kua.bidder] 重新计算 bucket 分配，当前节点数: 4
1776069489.548316 DEBUG: [kua.bidder] 重新计算 bucket 分配，当前节点数: 4
1776069492.549210 DEBUG: [kua.bidder] 重新计算 bucket 分配，当前节点数: 4
1776069495.549511 DEBUG: [kua.bidder] 重新计算 bucket 分配，当前节点数: 4
1776069498.549797 DEBUG: [kua.bidder] 重新计算 bucket 分配，当前节点数: 4
1776069501.550100 DEBUG: [kua.bidder] 重新计算 bucket 分配，当前节点数: 4
1776069504.550425 DEBUG: [kua.bidder] 重新计算 bucket 分配，当前节点数: 4
1776069507.551275 DEBUG: [kua.bidder] 重新计算 bucket 分配，当前节点数: 4
1776069510.551552 DEBUG: [kua.bidder] 重新计算 bucket 分配，当前节点数: 4
1776069513.551906 DEBUG: [kua.bidder] 重新计算 bucket 分配，当前节点数: 4
1776069516.552267 DEBUG: [kua.bidder] 重新计算 bucket 分配，当前节点数: 4
1776069519.552651 DEBUG: [kua.bidder] 重新计算 bucket 分配，当前节点数: 4
1776069522.559763 DEBUG: [kua.bidder] 重新计算 bucket 分配，当前节点数: 4
1776069525.560507 DEBUG: [kua.bidder] 重新计算 bucket 分配，当前节点数: 4
1776069528.561868 DEBUG: [kua.bidder] 重新计算 bucket 分配，当前节点数: 4
1776069531.562970 DEBUG: [kua.bidder] 重新计算 bucket 分配，当前节点数: 4
1776069534.563378 DEBUG: [kua.bidder] 重新计算 bucket 分配，当前节点数: 4
1776069537.563711 DEBUG: [kua.bidder] 重新计算 bucket 分配，当前节点数: 4
1776069540.564056 DEBUG: [kua.bidder] 重新计算 bucket 分配，当前节点数: 4
1776069543.564502 DEBUG: [kua.bidder] 重新计算 bucket 分配，当前节点数: 4
1776069546.564758 DEBUG: [kua.bidder] 重新计算 bucket 分配，当前节点数: 4
1776069549.565115 DEBUG: [kua.bidder] 重新计算 bucket 分配，当前节点数: 4
1776069552.565436 DEBUG: [kua.bidder] 重新计算 bucket 分配，当前节点数: 4
1776069555.565833 DEBUG: [kua.bidder] 重新计算 bucket 分配，当前节点数: 4
1776069558.566270 DEBUG: [kua.bidder] 重新计算 bucket 分配，当前节点数: 4
1776069561.566599 DEBUG: [kua.bidder] 重新计算 bucket 分配，当前节点数: 4
1776069564.566836 DEBUG: [kua.bidder] 重新计算 bucket 分配，当前节点数: 4
1776069567.567306 DEBUG: [kua.bidder] 重新计算 bucket 分配，当前节点数: 4
1776069570.567618 DEBUG: [kua.bidder] 重新计算 bucket 分配，当前节点数: 4
1776069573.568047 DEBUG: [kua.bidder] 重新计算 bucket 分配，当前节点数: 4
1776069576.568503 DEBUG: [kua.bidder] 重新计算 bucket 分配，当前节点数: 4
1776069579.568787 DEBUG: [kua.bidder] 重新计算 bucket 分配，当前节点数: 4
1776069582.569096 DEBUG: [kua.bidder] 重新计算 bucket 分配，当前节点数: 4
1776069585.569472 DEBUG: [kua.bidder] 重新计算 bucket 分配，当前节点数: 4
1776069588.569813 DEBUG: [kua.bidder] 重新计算 bucket 分配，当前节点数: 4
1776069591.570228 DEBUG: [kua.bidder] 重新计算 bucket 分配，当前节点数: 4
1776069594.570571 DEBUG: [kua.bidder] 重新计算 bucket 分配，当前节点数: 4
1776069597.571361 DEBUG: [kua.bidder] 重新计算 bucket 分配，当前节点数: 4
1776069600.571748 DEBUG: [kua.bidder] 重新计算 bucket 分配，当前节点数: 4
1776069603.572059 DEBUG: [kua.bidder] 重新计算 bucket 分配，当前节点数: 4
1776069606.575247 DEBUG: [kua.bidder] 重新计算 bucket 分配，当前节点数: 4
1776069609.575513 DEBUG: [kua.bidder] 重新计算 bucket 分配，当前节点数: 4
1776069612.575809 DEBUG: [kua.bidder] 重新计算 bucket 分配，当前节点数: 4
1776069615.576185 DEBUG: [kua.bidder] 重新计算 bucket 分配，当前节点数: 4
1776069618.576579 DEBUG: [kua.bidder] 重新计算 bucket 分配，当前节点数: 4
1776069621.576951 DEBUG: [kua.bidder] 重新计算 bucket 分配，当前节点数: 4
1776069624.577485 DEBUG: [kua.bidder] 重新计算 bucket 分配，当前节点数: 4
1776069627.577823 DEBUG: [kua.bidder] 重新计算 bucket 分配，当前节点数: 4
1776069630.578061 DEBUG: [kua.bidder] 重新计算 bucket 分配，当前节点数: 4
1776069633.578398 DEBUG: [kua.bidder] 重新计算 bucket 分配，当前节点数: 4
1776069636.578841 DEBUG: [kua.bidder] 重新计算 bucket 分配，当前节点数: 4
1776069639.579283 DEBUG: [kua.bidder] 重新计算 bucket 分配，当前节点数: 4
1776069642.579524 DEBUG: [kua.bidder] 重新计算 bucket 分配，当前节点数: 4
1776069645.579799 DEBUG: [kua.bidder] 重新计算 bucket 分配，当前节点数: 4
1776069648.580527 DEBUG: [kua.bidder] 重新计算 bucket 分配，当前节点数: 4
1776069651.580889 DEBUG: [kua.bidder] 重新计算 bucket 分配，当前节点数: 4
1776069654.581136 DEBUG: [kua.bidder] 重新计算 bucket 分配，当前节点数: 4
1776069657.581474 DEBUG: [kua.bidder] 重新计算 bucket 分配，当前节点数: 4
1776069660.581804 DEBUG: [kua.bidder] 重新计算 bucket 分配，当前节点数: 4
1776069663.582162 DEBUG: [kua.bidder] 重新计算 bucket 分配，当前节点数: 4
1776069666.582498 DEBUG: [kua.bidder] 重新计算 bucket 分配，当前节点数: 4
1776069669.582817 DEBUG: [kua.bidder] 重新计算 bucket 分配，当前节点数: 4
1776069672.586954 DEBUG: [kua.bidder] 重新计算 bucket 分配，当前节点数: 4
1776069675.587327 DEBUG: [kua.bidder] 重新计算 bucket 分配，当前节点数: 4
1776069678.587729 DEBUG: [kua.bidder] 重新计算 bucket 分配，当前节点数: 4
1776069681.588151 DEBUG: [kua.bidder] 重新计算 bucket 分配，当前节点数: 4
1776069684.588446 DEBUG: [kua.bidder] 重新计算 bucket 分配，当前节点数: 4
1776069687.588922 DEBUG: [kua.bidder] 重新计算 bucket 分配，当前节点数: 4
1776069690.589275 DEBUG: [kua.bidder] 重新计算 bucket 分配，当前节点数: 4
1776069693.589646 DEBUG: [kua.bidder] 重新计算 bucket 分配，当前节点数: 4
1776069696.590006 DEBUG: [kua.bidder] 重新计算 bucket 分配，当前节点数: 4
1776069699.590396 DEBUG: [kua.bidder] 重新计算 bucket 分配，当前节点数: 4
1776069702.590643 DEBUG: [kua.bidder] 重新计算 bucket 分配，当前节点数: 4
1776069705.590885 DEBUG: [kua.bidder] 重新计算 bucket 分配，当前节点数: 4
1776069708.591273 DEBUG: [kua.bidder] 重新计算 bucket 分配，当前节点数: 4
1776069711.591611 DEBUG: [kua.bidder] 重新计算 bucket 分配，当前节点数: 4
1776069714.592018 DEBUG: [kua.bidder] 重新计算 bucket 分配，当前节点数: 4
1776069717.592313 DEBUG: [kua.bidder] 重新计算 bucket 分配，当前节点数: 4
1776069720.594431 DEBUG: [kua.bidder] 重新计算 bucket 分配，当前节点数: 4
1776069723.594800 DEBUG: [kua.bidder] 重新计算 bucket 分配，当前节点数: 4
1776069726.595273 DEBUG: [kua.bidder] 重新计算 bucket 分配，当前节点数: 4
1776069729.595571 DEBUG: [kua.bidder] 重新计算 bucket 分配，当前节点数: 4
1776069732.596728 DEBUG: [kua.bidder] 重新计算 bucket 分配，当前节点数: 4
1776069735.598984 DEBUG: [kua.bidder] 重新计算 bucket 分配，当前节点数: 4
1776069738.599612 DEBUG: [kua.bidder] 重新计算 bucket 分配，当前节点数: 4
1776069741.600077 DEBUG: [kua.bidder] 重新计算 bucket 分配，当前节点数: 4
1776069744.600419 DEBUG: [kua.bidder] 重新计算 bucket 分配，当前节点数: 4
1776069747.600895 DEBUG: [kua.bidder] 重新计算 bucket 分配，当前节点数: 4
1776069750.601315 DEBUG: [kua.bidder] 重新计算 bucket 分配，当前节点数: 4
1776069753.601618 DEBUG: [kua.bidder] 重新计算 bucket 分配，当前节点数: 4
1776069756.602050 DEBUG: [kua.bidder] 重新计算 bucket 分配，当前节点数: 4
1776069759.602417 DEBUG: [kua.bidder] 重新计算 bucket 分配，当前节点数: 4
1776069762.602773 DEBUG: [kua.bidder] 重新计算 bucket 分配，当前节点数: 4
1776069765.603068 DEBUG: [kua.bidder] 重新计算 bucket 分配，当前节点数: 4
1776069768.603371 DEBUG: [kua.bidder] 重新计算 bucket 分配，当前节点数: 4
1776069771.603659 DEBUG: [kua.bidder] 重新计算 bucket 分配，当前节点数: 4
1776069774.603990 DEBUG: [kua.bidder] 重新计算 bucket 分配，当前节点数: 4
1776069777.604405 DEBUG: [kua.bidder] 重新计算 bucket 分配，当前节点数: 4
1776069780.606804 DEBUG: [kua.bidder] 重新计算 bucket 分配，当前节点数: 4
1776069783.607257 DEBUG: [kua.bidder] 重新计算 bucket 分配，当前节点数: 4
1776069786.607703 DEBUG: [kua.bidder] 重新计算 bucket 分配，当前节点数: 4
1776069789.608012 DEBUG: [kua.bidder] 重新计算 bucket 分配，当前节点数: 4
1776069792.608424 DEBUG: [kua.bidder] 重新计算 bucket 分配，当前节点数: 4
1776069795.608981 DEBUG: [kua.bidder] 重新计算 bucket 分配，当前节点数: 4
1776069798.609836 DEBUG: [kua.bidder] 重新计算 bucket 分配，当前节点数: 4
1776069801.610233 DEBUG: [kua.bidder] 重新计算 bucket 分配，当前节点数: 4
1776069804.611268 DEBUG: [kua.bidder] 重新计算 bucket 分配，当前节点数: 4
1776069807.611577 DEBUG: [kua.bidder] 重新计算 bucket 分配，当前节点数: 4
1776069810.611816 DEBUG: [kua.bidder] 重新计算 bucket 分配，当前节点数: 4
1776069813.612177 DEBUG: [kua.bidder] 重新计算 bucket 分配，当前节点数: 4
1776069816.612643 DEBUG: [kua.bidder] 重新计算 bucket 分配，当前节点数: 4
1776069819.613351 DEBUG: [kua.bidder] 重新计算 bucket 分配，当前节点数: 4
1776069822.613660 DEBUG: [kua.bidder] 重新计算 bucket 分配，当前节点数: 4
1776069825.614086 DEBUG: [kua.bidder] 重新计算 bucket 分配，当前节点数: 4
1776069828.614458 DEBUG: [kua.bidder] 重新计算 bucket 分配，当前节点数: 4
1776069831.614796 DEBUG: [kua.bidder] 重新计算 bucket 分配，当前节点数: 4
1776069834.615201 DEBUG: [kua.bidder] 重新计算 bucket 分配，当前节点数: 4
1776069837.615626 DEBUG: [kua.bidder] 重新计算 bucket 分配，当前节点数: 4
1776069840.616710 DEBUG: [kua.bidder] 重新计算 bucket 分配，当前节点数: 4
1776069843.617104 DEBUG: [kua.bidder] 重新计算 bucket 分配，当前节点数: 4
1776069846.617432 DEBUG: [kua.bidder] 重新计算 bucket 分配，当前节点数: 4
1776069849.618203 DEBUG: [kua.bidder] 重新计算 bucket 分配，当前节点数: 4
1776069852.618517 DEBUG: [kua.bidder] 重新计算 bucket 分配，当前节点数: 4
1776069855.618906 DEBUG: [kua.bidder] 重新计算 bucket 分配，当前节点数: 4
1776069858.619276 DEBUG: [kua.bidder] 重新计算 bucket 分配，当前节点数: 4
1776069861.619572 DEBUG: [kua.bidder] 重新计算 bucket 分配，当前节点数: 4
1776069864.619996 DEBUG: [kua.bidder] 重新计算 bucket 分配，当前节点数: 4
1776069867.620410 DEBUG: [kua.bidder] 重新计算 bucket 分配，当前节点数: 4
1776069870.620721 DEBUG: [kua.bidder] 重新计算 bucket 分配，当前节点数: 4
1776069873.621065 DEBUG: [kua.bidder] 重新计算 bucket 分配，当前节点数: 4
1776069876.621372 DEBUG: [kua.bidder] 重新计算 bucket 分配，当前节点数: 4
1776069879.621792 DEBUG: [kua.bidder] 重新计算 bucket 分配，当前节点数: 4
1776069882.622091 DEBUG: [kua.bidder] 重新计算 bucket 分配，当前节点数: 4
1776069885.624094 DEBUG: [kua.bidder] 重新计算 bucket 分配，当前节点数: 4
1776069888.624353 DEBUG: [kua.bidder] 重新计算 bucket 分配，当前节点数: 4
1776069891.624616 DEBUG: [kua.bidder] 重新计算 bucket 分配，当前节点数: 4
1776069894.624969 DEBUG: [kua.bidder] 重新计算 bucket 分配，当前节点数: 4
1776069897.625611 DEBUG: [kua.bidder] 重新计算 bucket 分配，当前节点数: 4
1776069900.627490 DEBUG: [kua.bidder] 重新计算 bucket 分配，当前节点数: 4
1776069903.627755 DEBUG: [kua.bidder] 重新计算 bucket 分配，当前节点数: 4
1776069906.628085 DEBUG: [kua.bidder] 重新计算 bucket 分配，当前节点数: 4
1776069909.628402 DEBUG: [kua.bidder] 重新计算 bucket 分配，当前节点数: 4
1776069912.628751 DEBUG: [kua.bidder] 重新计算 bucket 分配，当前节点数: 4
1776069915.629144 DEBUG: [kua.bidder] 重新计算 bucket 分配，当前节点数: 4
1776069918.629435 DEBUG: [kua.bidder] 重新计算 bucket 分配，当前节点数: 4
1776069921.629648 DEBUG: [kua.bidder] 重新计算 bucket 分配，当前节点数: 4
1776069924.629931 DEBUG: [kua.bidder] 重新计算 bucket 分配，当前节点数: 4
1776069927.630426 DEBUG: [kua.bidder] 重新计算 bucket 分配，当前节点数: 4
1776069930.630671 DEBUG: [kua.bidder] 重新计算 bucket 分配，当前节点数: 4
1776069933.630950 DEBUG: [kua.bidder] 重新计算 bucket 分配，当前节点数: 4
1776069936.631258 DEBUG: [kua.bidder] 重新计算 bucket 分配，当前节点数: 4
1776069939.631637 DEBUG: [kua.bidder] 重新计算 bucket 分配，当前节点数: 4
1776069942.631886 DEBUG: [kua.bidder] 重新计算 bucket 分配，当前节点数: 4
1776069945.632213 DEBUG: [kua.bidder] 重新计算 bucket 分配，当前节点数: 4
1776069948.632557 DEBUG: [kua.bidder] 重新计算 bucket 分配，当前节点数: 4
1776069951.632819 DEBUG: [kua.bidder] 重新计算 bucket 分配，当前节点数: 4
1776069954.633136 DEBUG: [kua.bidder] 重新计算 bucket 分配，当前节点数: 4
1776069957.633638 DEBUG: [kua.bidder] 重新计算 bucket 分配，当前节点数: 4
1776069960.634618 DEBUG: [kua.bidder] 重新计算 bucket 分配，当前节点数: 4
1776069963.634896 DEBUG: [kua.bidder] 重新计算 bucket 分配，当前节点数: 4
1776069966.635279 DEBUG: [kua.bidder] 重新计算 bucket 分配，当前节点数: 4
1776069969.635759 DEBUG: [kua.bidder] 重新计算 bucket 分配，当前节点数: 4
1776069972.636119 DEBUG: [kua.bidder] 重新计算 bucket 分配，当前节点数: 4
1776069975.636422 DEBUG: [kua.bidder] 重新计算 bucket 分配，当前节点数: 4
1776069978.636745 DEBUG: [kua.bidder] 重新计算 bucket 分配，当前节点数: 4
1776069981.637022 DEBUG: [kua.bidder] 重新计算 bucket 分配，当前节点数: 4
1776069984.637545 DEBUG: [kua.bidder] 重新计算 bucket 分配，当前节点数: 4
1776069987.638423 DEBUG: [kua.bidder] 重新计算 bucket 分配，当前节点数: 4
1776069990.638688 DEBUG: [kua.bidder] 重新计算 bucket 分配，当前节点数: 4
1776069993.639074 DEBUG: [kua.bidder] 重新计算 bucket 分配，当前节点数: 4
1776069996.639755 DEBUG: [kua.bidder] 重新计算 bucket 分配，当前节点数: 4
1776069999.640050 DEBUG: [kua.bidder] 重新计算 bucket 分配，当前节点数: 4
1776070002.640341 DEBUG: [kua.bidder] 重新计算 bucket 分配，当前节点数: 4
1776070005.640603 DEBUG: [kua.bidder] 重新计算 bucket 分配，当前节点数: 4
1776070008.641027 DEBUG: [kua.bidder] 重新计算 bucket 分配，当前节点数: 4
1776070011.641390 DEBUG: [kua.bidder] 重新计算 bucket 分配，当前节点数: 4
1776070014.641752 DEBUG: [kua.bidder] 重新计算 bucket 分配，当前节点数: 4
1776070017.642183 DEBUG: [kua.bidder] 重新计算 bucket 分配，当前节点数: 4
1776070020.642546 DEBUG: [kua.bidder] 重新计算 bucket 分配，当前节点数: 4
1776070023.642883 DEBUG: [kua.bidder] 重新计算 bucket 分配，当前节点数: 4
1776070026.643224 DEBUG: [kua.bidder] 重新计算 bucket 分配，当前节点数: 4
1776070029.643510 DEBUG: [kua.bidder] 重新计算 bucket 分配，当前节点数: 4
1776070032.643813 DEBUG: [kua.bidder] 重新计算 bucket 分配，当前节点数: 4
1776070035.644195 DEBUG: [kua.bidder] 重新计算 bucket 分配，当前节点数: 4
1776070038.644509 DEBUG: [kua.bidder] 重新计算 bucket 分配，当前节点数: 4
1776070041.644877 DEBUG: [kua.bidder] 重新计算 bucket 分配，当前节点数: 4
1776070044.645724 DEBUG: [kua.bidder] 重新计算 bucket 分配，当前节点数: 4
1776070047.648383 DEBUG: [kua.bidder] 重新计算 bucket 分配，当前节点数: 4
1776070050.648655 DEBUG: [kua.bidder] 重新计算 bucket 分配，当前节点数: 4
1776070053.648902 DEBUG: [kua.bidder] 重新计算 bucket 分配，当前节点数: 4
1776070056.649206 DEBUG: [kua.bidder] 重新计算 bucket 分配，当前节点数: 4
1776070059.651370 DEBUG: [kua.bidder] 重新计算 bucket 分配，当前节点数: 4
1776070062.651652 DEBUG: [kua.bidder] 重新计算 bucket 分配，当前节点数: 4
1776070065.651964 DEBUG: [kua.bidder] 重新计算 bucket 分配，当前节点数: 4
1776070068.652227 DEBUG: [kua.bidder] 重新计算 bucket 分配，当前节点数: 4
1776070071.652522 DEBUG: [kua.bidder] 重新计算 bucket 分配，当前节点数: 4
1776070074.652822 DEBUG: [kua.bidder] 重新计算 bucket 分配，当前节点数: 4
1776070077.654554 DEBUG: [kua.bidder] 重新计算 bucket 分配，当前节点数: 4
1776070080.658744 DEBUG: [kua.bidder] 重新计算 bucket 分配，当前节点数: 4
1776070083.659020 DEBUG: [kua.bidder] 重新计算 bucket 分配，当前节点数: 4
1776070086.659328 DEBUG: [kua.bidder] 重新计算 bucket 分配，当前节点数: 4
1776070089.659649 DEBUG: [kua.bidder] 重新计算 bucket 分配，当前节点数: 4
1776070092.659959 DEBUG: [kua.bidder] 重新计算 bucket 分配，当前节点数: 4
1776070095.660322 DEBUG: [kua.bidder] 重新计算 bucket 分配，当前节点数: 4
1776070098.660604 DEBUG: [kua.bidder] 重新计算 bucket 分配，当前节点数: 4
1776070101.660881 DEBUG: [kua.bidder] 重新计算 bucket 分配，当前节点数: 4
1776070104.661227 DEBUG: [kua.bidder] 重新计算 bucket 分配，当前节点数: 4
1776070107.661517 DEBUG: [kua.bidder] 重新计算 bucket 分配，当前节点数: 4
1776070110.661800 DEBUG: [kua.bidder] 重新计算 bucket 分配，当前节点数: 4
1776070113.662196 DEBUG: [kua.bidder] 重新计算 bucket 分配，当前节点数: 4
1776070116.662661 DEBUG: [kua.bidder] 重新计算 bucket 分配，当前节点数: 4
1776070119.663172 DEBUG: [kua.bidder] 重新计算 bucket 分配，当前节点数: 4
1776070122.663462 DEBUG: [kua.bidder] 重新计算 bucket 分配，当前节点数: 4
1776070125.663811 DEBUG: [kua.bidder] 重新计算 bucket 分配，当前节点数: 4
1776070128.666413 DEBUG: [kua.bidder] 重新计算 bucket 分配，当前节点数: 4
1776070131.666635 DEBUG: [kua.bidder] 重新计算 bucket 分配，当前节点数: 4
1776070134.666935 DEBUG: [kua.bidder] 重新计算 bucket 分配，当前节点数: 4
1776070137.667327 DEBUG: [kua.bidder] 重新计算 bucket 分配，当前节点数: 4
1776070140.667867 DEBUG: [kua.bidder] 重新计算 bucket 分配，当前节点数: 4
1776070143.668347 DEBUG: [kua.bidder] 重新计算 bucket 分配，当前节点数: 4
1776070146.668732 DEBUG: [kua.bidder] 重新计算 bucket 分配，当前节点数: 4
1776070149.669033 DEBUG: [kua.bidder] 重新计算 bucket 分配，当前节点数: 4
1776070152.669353 DEBUG: [kua.bidder] 重新计算 bucket 分配，当前节点数: 4
1776070155.669661 DEBUG: [kua.bidder] 重新计算 bucket 分配，当前节点数: 4
1776070158.670055 DEBUG: [kua.bidder] 重新计算 bucket 分配，当前节点数: 4
1776070161.670346 DEBUG: [kua.bidder] 重新计算 bucket 分配，当前节点数: 4
1776070164.670678 DEBUG: [kua.bidder] 重新计算 bucket 分配，当前节点数: 4
1776070167.671020 DEBUG: [kua.bidder] 重新计算 bucket 分配，当前节点数: 4
1776070170.671321 DEBUG: [kua.bidder] 重新计算 bucket 分配，当前节点数: 4
1776070173.671612 DEBUG: [kua.bidder] 重新计算 bucket 分配，当前节点数: 4
1776070176.672094 DEBUG: [kua.bidder] 重新计算 bucket 分配，当前节点数: 4
1776070179.672523 DEBUG: [kua.bidder] 重新计算 bucket 分配，当前节点数: 4
1776070182.672823 DEBUG: [kua.bidder] 重新计算 bucket 分配，当前节点数: 4
1776070185.753171 DEBUG: [kua.bidder] 重新计算 bucket 分配，当前节点数: 4
1776070188.753425 DEBUG: [kua.bidder] 重新计算 bucket 分配，当前节点数: 4
1776070191.761697 DEBUG: [kua.bidder] 重新计算 bucket 分配，当前节点数: 4
1776070194.789385 DEBUG: [kua.bidder] 重新计算 bucket 分配，当前节点数: 4
1776070197.789669 DEBUG: [kua.bidder] 重新计算 bucket 分配，当前节点数: 4
1776070200.789961 DEBUG: [kua.bidder] 重新计算 bucket 分配，当前节点数: 4
1776070203.790187 DEBUG: [kua.bidder] 重新计算 bucket 分配，当前节点数: 4
1776070206.790517 DEBUG: [kua.bidder] 重新计算 bucket 分配，当前节点数: 4
1776070209.790793 DEBUG: [kua.bidder] 重新计算 bucket 分配，当前节点数: 4
1776070212.791260 DEBUG: [kua.bidder] 重新计算 bucket 分配，当前节点数: 4
1776070215.791552 DEBUG: [kua.bidder] 重新计算 bucket 分配，当前节点数: 4
1776070218.791930 DEBUG: [kua.bidder] 重新计算 bucket 分配，当前节点数: 4
1776070221.792483 DEBUG: [kua.bidder] 重新计算 bucket 分配，当前节点数: 4
1776070224.792933 DEBUG: [kua.bidder] 重新计算 bucket 分配，当前节点数: 4
1776070227.793197 DEBUG: [kua.bidder] 重新计算 bucket 分配，当前节点数: 4
1776070230.793506 DEBUG: [kua.bidder] 重新计算 bucket 分配，当前节点数: 4
1776070233.794141 DEBUG: [kua.bidder] 重新计算 bucket 分配，当前节点数: 4
1776070236.794497 DEBUG: [kua.bidder] 重新计算 bucket 分配，当前节点数: 4
1776070239.794805 DEBUG: [kua.bidder] 重新计算 bucket 分配，当前节点数: 4
1776070242.795173 DEBUG: [kua.bidder] 重新计算 bucket 分配，当前节点数: 4
1776070245.795483 DEBUG: [kua.bidder] 重新计算 bucket 分配，当前节点数: 4
1776070248.795763 DEBUG: [kua.bidder] 重新计算 bucket 分配，当前节点数: 4
1776070251.801044 DEBUG: [kua.bidder] 重新计算 bucket 分配，当前节点数: 4
1776070254.801337 DEBUG: [kua.bidder] 重新计算 bucket 分配，当前节点数: 4
1776070257.801725 DEBUG: [kua.bidder] 重新计算 bucket 分配，当前节点数: 4
1776070260.802013 DEBUG: [kua.bidder] 重新计算 bucket 分配，当前节点数: 4
1776070263.802318 DEBUG: [kua.bidder] 重新计算 bucket 分配，当前节点数: 4
1776070266.802741 DEBUG: [kua.bidder] 重新计算 bucket 分配，当前节点数: 4
1776070269.811170 DEBUG: [kua.bidder] 重新计算 bucket 分配，当前节点数: 4
1776070272.812951 DEBUG: [kua.bidder] 重新计算 bucket 分配，当前节点数: 4
1776070275.813303 DEBUG: [kua.bidder] 重新计算 bucket 分配，当前节点数: 4
1776070278.814304 DEBUG: [kua.bidder] 重新计算 bucket 分配，当前节点数: 4
1776070281.814791 DEBUG: [kua.bidder] 重新计算 bucket 分配，当前节点数: 4
1776070284.815052 DEBUG: [kua.bidder] 重新计算 bucket 分配，当前节点数: 4
1776070287.815501 DEBUG: [kua.bidder] 重新计算 bucket 分配，当前节点数: 4
1776070290.815912 DEBUG: [kua.bidder] 重新计算 bucket 分配，当前节点数: 4
1776070293.816462 DEBUG: [kua.bidder] 重新计算 bucket 分配，当前节点数: 4
1776070296.817096 DEBUG: [kua.bidder] 重新计算 bucket 分配，当前节点数: 4
1776070299.817437 DEBUG: [kua.bidder] 重新计算 bucket 分配，当前节点数: 4
1776070302.817744 DEBUG: [kua.bidder] 重新计算 bucket 分配，当前节点数: 4
1776070305.820392 DEBUG: [kua.bidder] 重新计算 bucket 分配，当前节点数: 4
1776070308.821018 DEBUG: [kua.bidder] 重新计算 bucket 分配，当前节点数: 4
1776070311.893103 DEBUG: [kua.bidder] 重新计算 bucket 分配，当前节点数: 4
1776070314.893343 DEBUG: [kua.bidder] 重新计算 bucket 分配，当前节点数: 4
1776070317.893642 DEBUG: [kua.bidder] 重新计算 bucket 分配，当前节点数: 4
1776070320.894190 DEBUG: [kua.bidder] 重新计算 bucket 分配，当前节点数: 4
1776070323.894464 DEBUG: [kua.bidder] 重新计算 bucket 分配，当前节点数: 4
1776070326.895425 DEBUG: [kua.bidder] 重新计算 bucket 分配，当前节点数: 4
1776070329.895916 DEBUG: [kua.bidder] 重新计算 bucket 分配，当前节点数: 4
1776070332.896332 DEBUG: [kua.bidder] 重新计算 bucket 分配，当前节点数: 4
1776070335.896582 DEBUG: [kua.bidder] 重新计算 bucket 分配，当前节点数: 4
1776070338.896946 DEBUG: [kua.bidder] 重新计算 bucket 分配，当前节点数: 4
1776070341.897309 DEBUG: [kua.bidder] 重新计算 bucket 分配，当前节点数: 4
1776070344.897713 DEBUG: [kua.bidder] 重新计算 bucket 分配，当前节点数: 4
1776070347.898086 DEBUG: [kua.bidder] 重新计算 bucket 分配，当前节点数: 4
1776070350.898726 DEBUG: [kua.bidder] 重新计算 bucket 分配，当前节点数: 4
1776070353.898967 DEBUG: [kua.bidder] 重新计算 bucket 分配，当前节点数: 4
1776070356.899284 DEBUG: [kua.bidder] 重新计算 bucket 分配，当前节点数: 4
1776070359.899611 DEBUG: [kua.bidder] 重新计算 bucket 分配，当前节点数: 4
1776070362.899917 DEBUG: [kua.bidder] 重新计算 bucket 分配，当前节点数: 4
1776070365.900277 DEBUG: [kua.bidder] 重新计算 bucket 分配，当前节点数: 4
1776070368.900557 DEBUG: [kua.bidder] 重新计算 bucket 分配，当前节点数: 4
1776070371.997131 DEBUG: [kua.bidder] 重新计算 bucket 分配，当前节点数: 4
1776070375.002373 DEBUG: [kua.bidder] 重新计算 bucket 分配，当前节点数: 4
1776070378.002703 DEBUG: [kua.bidder] 重新计算 bucket 分配，当前节点数: 4
1776070381.002995 DEBUG: [kua.bidder] 重新计算 bucket 分配，当前节点数: 4
1776070384.003354 DEBUG: [kua.bidder] 重新计算 bucket 分配，当前节点数: 4
1776070387.003596 DEBUG: [kua.bidder] 重新计算 bucket 分配，当前节点数: 4
1776070390.003883 DEBUG: [kua.bidder] 重新计算 bucket 分配，当前节点数: 4
1776070393.004275 DEBUG: [kua.bidder] 重新计算 bucket 分配，当前节点数: 4
1776070396.005110 DEBUG: [kua.bidder] 重新计算 bucket 分配，当前节点数: 4
1776070399.006721 DEBUG: [kua.bidder] 重新计算 bucket 分配，当前节点数: 4
1776070402.007035 DEBUG: [kua.bidder] 重新计算 bucket 分配，当前节点数: 4
1776070405.007412 DEBUG: [kua.bidder] 重新计算 bucket 分配，当前节点数: 4
1776070408.007784 DEBUG: [kua.bidder] 重新计算 bucket 分配，当前节点数: 4
1776070411.008114 DEBUG: [kua.bidder] 重新计算 bucket 分配，当前节点数: 4
1776070414.008416 DEBUG: [kua.bidder] 重新计算 bucket 分配，当前节点数: 4
1776070417.008706 DEBUG: [kua.bidder] 重新计算 bucket 分配，当前节点数: 4
1776070420.010476 DEBUG: [kua.bidder] 重新计算 bucket 分配，当前节点数: 4
1776070423.019533 DEBUG: [kua.bidder] 重新计算 bucket 分配，当前节点数: 4
1776070426.020246 DEBUG: [kua.bidder] 重新计算 bucket 分配，当前节点数: 4
1776070429.020528 DEBUG: [kua.bidder] 重新计算 bucket 分配，当前节点数: 4
1776070432.020864 DEBUG: [kua.bidder] 重新计算 bucket 分配，当前节点数: 4
1776070435.021181 DEBUG: [kua.bidder] 重新计算 bucket 分配，当前节点数: 4
1776070438.021529 DEBUG: [kua.bidder] 重新计算 bucket 分配，当前节点数: 4
1776070441.021838 DEBUG: [kua.bidder] 重新计算 bucket 分配，当前节点数: 4
1776070444.022173 DEBUG: [kua.bidder] 重新计算 bucket 分配，当前节点数: 4
1776070447.022400 DEBUG: [kua.bidder] 重新计算 bucket 分配，当前节点数: 4
1776070450.022721 DEBUG: [kua.bidder] 重新计算 bucket 分配，当前节点数: 4
1776070453.022988 DEBUG: [kua.bidder] 重新计算 bucket 分配，当前节点数: 4
1776070456.023325 DEBUG: [kua.bidder] 重新计算 bucket 分配，当前节点数: 4
1776070459.023585 DEBUG: [kua.bidder] 重新计算 bucket 分配，当前节点数: 4
1776070462.024110 DEBUG: [kua.bidder] 重新计算 bucket 分配，当前节点数: 4
1776070465.031087 DEBUG: [kua.bidder] 重新计算 bucket 分配，当前节点数: 4
1776070468.031388 DEBUG: [kua.bidder] 重新计算 bucket 分配，当前节点数: 4
1776070471.031764 DEBUG: [kua.bidder] 重新计算 bucket 分配，当前节点数: 4
1776070474.032051 DEBUG: [kua.bidder] 重新计算 bucket 分配，当前节点数: 4
1776070477.032341 DEBUG: [kua.bidder] 重新计算 bucket 分配，当前节点数: 4
1776070480.032666 DEBUG: [kua.bidder] 重新计算 bucket 分配，当前节点数: 4
1776070483.032945 DEBUG: [kua.bidder] 重新计算 bucket 分配，当前节点数: 4
1776070486.033300 DEBUG: [kua.bidder] 重新计算 bucket 分配，当前节点数: 4
1776070489.033618 DEBUG: [kua.bidder] 重新计算 bucket 分配，当前节点数: 4
1776070492.033880 DEBUG: [kua.bidder] 重新计算 bucket 分配，当前节点数: 4
1776070495.034235 DEBUG: [kua.bidder] 重新计算 bucket 分配，当前节点数: 4
1776070498.034517 DEBUG: [kua.bidder] 重新计算 bucket 分配，当前节点数: 4
1776070501.034827 DEBUG: [kua.bidder] 重新计算 bucket 分配，当前节点数: 4
1776070504.035254 DEBUG: [kua.bidder] 重新计算 bucket 分配，当前节点数: 4
1776070507.035575 DEBUG: [kua.bidder] 重新计算 bucket 分配，当前节点数: 4
1776070510.035911 DEBUG: [kua.bidder] 重新计算 bucket 分配，当前节点数: 4
1776070513.036253 DEBUG: [kua.bidder] 重新计算 bucket 分配，当前节点数: 4
1776070516.036527 DEBUG: [kua.bidder] 重新计算 bucket 分配，当前节点数: 4
1776070519.036845 DEBUG: [kua.bidder] 重新计算 bucket 分配，当前节点数: 4
1776070522.037144 DEBUG: [kua.bidder] 重新计算 bucket 分配，当前节点数: 4
1776070525.037424 DEBUG: [kua.bidder] 重新计算 bucket 分配，当前节点数: 4
1776070528.037716 DEBUG: [kua.bidder] 重新计算 bucket 分配，当前节点数: 4
1776070531.038001 DEBUG: [kua.bidder] 重新计算 bucket 分配，当前节点数: 4
1776070534.038418 DEBUG: [kua.bidder] 重新计算 bucket 分配，当前节点数: 4
1776070537.038779 DEBUG: [kua.bidder] 重新计算 bucket 分配，当前节点数: 4
1776070540.039118 DEBUG: [kua.bidder] 重新计算 bucket 分配，当前节点数: 4
1776070543.039368 DEBUG: [kua.bidder] 重新计算 bucket 分配，当前节点数: 4
1776070546.039639 DEBUG: [kua.bidder] 重新计算 bucket 分配，当前节点数: 4
1776070549.045138 DEBUG: [kua.bidder] 重新计算 bucket 分配，当前节点数: 4
1776070552.045575 DEBUG: [kua.bidder] 重新计算 bucket 分配，当前节点数: 4
1776070555.045860 DEBUG: [kua.bidder] 重新计算 bucket 分配，当前节点数: 4
1776070558.046212 DEBUG: [kua.bidder] 重新计算 bucket 分配，当前节点数: 4
1776070561.046537 DEBUG: [kua.bidder] 重新计算 bucket 分配，当前节点数: 4
1776070564.046893 DEBUG: [kua.bidder] 重新计算 bucket 分配，当前节点数: 4
1776070567.047279 DEBUG: [kua.bidder] 重新计算 bucket 分配，当前节点数: 4
1776070570.047632 DEBUG: [kua.bidder] 重新计算 bucket 分配，当前节点数: 4
1776070573.047947 DEBUG: [kua.bidder] 重新计算 bucket 分配，当前节点数: 4
1776070576.048612 DEBUG: [kua.bidder] 重新计算 bucket 分配，当前节点数: 4
1776070579.049006 DEBUG: [kua.bidder] 重新计算 bucket 分配，当前节点数: 4
1776070582.049443 DEBUG: [kua.bidder] 重新计算 bucket 分配，当前节点数: 4
1776070585.050190 DEBUG: [kua.bidder] 重新计算 bucket 分配，当前节点数: 4
1776070588.051709 DEBUG: [kua.bidder] 重新计算 bucket 分配，当前节点数: 4
1776070591.054431 DEBUG: [kua.bidder] 重新计算 bucket 分配，当前节点数: 4
1776070594.054908 DEBUG: [kua.bidder] 重新计算 bucket 分配，当前节点数: 4
1776070597.055327 DEBUG: [kua.bidder] 重新计算 bucket 分配，当前节点数: 4
1776070600.055667 DEBUG: [kua.bidder] 重新计算 bucket 分配，当前节点数: 4
1776070603.059653 DEBUG: [kua.bidder] 重新计算 bucket 分配，当前节点数: 4
1776070606.060219 DEBUG: [kua.bidder] 重新计算 bucket 分配，当前节点数: 4
1776070609.061359 DEBUG: [kua.bidder] 重新计算 bucket 分配，当前节点数: 4
1776070612.061774 DEBUG: [kua.bidder] 重新计算 bucket 分配，当前节点数: 4
1776070615.062130 DEBUG: [kua.bidder] 重新计算 bucket 分配，当前节点数: 4
1776070618.062945 DEBUG: [kua.bidder] 重新计算 bucket 分配，当前节点数: 4
1776070621.063473 DEBUG: [kua.bidder] 重新计算 bucket 分配，当前节点数: 4
1776070624.066539 DEBUG: [kua.bidder] 重新计算 bucket 分配，当前节点数: 4
1776070627.067621 DEBUG: [kua.bidder] 重新计算 bucket 分配，当前节点数: 4
1776070630.069822 DEBUG: [kua.bidder] 重新计算 bucket 分配，当前节点数: 4
1776070633.070422 DEBUG: [kua.bidder] 重新计算 bucket 分配，当前节点数: 4
1776070636.070688 DEBUG: [kua.bidder] 重新计算 bucket 分配，当前节点数: 4
1776070639.071261 DEBUG: [kua.bidder] 重新计算 bucket 分配，当前节点数: 4
1776070642.071689 DEBUG: [kua.bidder] 重新计算 bucket 分配，当前节点数: 4
1776070645.072535 DEBUG: [kua.bidder] 重新计算 bucket 分配，当前节点数: 4
1776070648.073230 DEBUG: [kua.bidder] 重新计算 bucket 分配，当前节点数: 4
1776070651.073638 DEBUG: [kua.bidder] 重新计算 bucket 分配，当前节点数: 4
1776070654.073964 DEBUG: [kua.bidder] 重新计算 bucket 分配，当前节点数: 4
1776070657.074829 DEBUG: [kua.bidder] 重新计算 bucket 分配，当前节点数: 4
1776070660.075244 DEBUG: [kua.bidder] 重新计算 bucket 分配，当前节点数: 4
1776070663.077927 DEBUG: [kua.bidder] 重新计算 bucket 分配，当前节点数: 4
1776070666.078746 DEBUG: [kua.bidder] 重新计算 bucket 分配，当前节点数: 4
1776070669.079268 DEBUG: [kua.bidder] 重新计算 bucket 分配，当前节点数: 4
1776070672.079646 DEBUG: [kua.bidder] 重新计算 bucket 分配，当前节点数: 4
1776070675.080220 DEBUG: [kua.bidder] 重新计算 bucket 分配，当前节点数: 4
1776070678.080570 DEBUG: [kua.bidder] 重新计算 bucket 分配，当前节点数: 4
1776070681.081156 DEBUG: [kua.bidder] 重新计算 bucket 分配，当前节点数: 4
1776070684.081669 DEBUG: [kua.bidder] 重新计算 bucket 分配，当前节点数: 4
1776070687.082430 DEBUG: [kua.bidder] 重新计算 bucket 分配，当前节点数: 4
1776070690.082779 DEBUG: [kua.bidder] 重新计算 bucket 分配，当前节点数: 4
1776070693.083079 DEBUG: [kua.bidder] 重新计算 bucket 分配，当前节点数: 4
1776070696.083532 DEBUG: [kua.bidder] 重新计算 bucket 分配，当前节点数: 4
1776070699.083841 DEBUG: [kua.bidder] 重新计算 bucket 分配，当前节点数: 4
1776070702.084579 DEBUG: [kua.bidder] 重新计算 bucket 分配，当前节点数: 4
1776070705.085031 DEBUG: [kua.bidder] 重新计算 bucket 分配，当前节点数: 4
1776070708.085339 DEBUG: [kua.bidder] 重新计算 bucket 分配，当前节点数: 4
1776070711.085650 DEBUG: [kua.bidder] 重新计算 bucket 分配，当前节点数: 4
1776070714.085978 DEBUG: [kua.bidder] 重新计算 bucket 分配，当前节点数: 4
1776070717.086242 DEBUG: [kua.bidder] 重新计算 bucket 分配，当前节点数: 4
1776070720.086534 DEBUG: [kua.bidder] 重新计算 bucket 分配，当前节点数: 4
1776070723.086818 DEBUG: [kua.bidder] 重新计算 bucket 分配，当前节点数: 4
1776070726.087239 DEBUG: [kua.bidder] 重新计算 bucket 分配，当前节点数: 4
1776070729.087526 DEBUG: [kua.bidder] 重新计算 bucket 分配，当前节点数: 4
1776070732.087852 DEBUG: [kua.bidder] 重新计算 bucket 分配，当前节点数: 4
1776070735.088197 DEBUG: [kua.bidder] 重新计算 bucket 分配，当前节点数: 4
1776070738.088447 DEBUG: [kua.bidder] 重新计算 bucket 分配，当前节点数: 4
1776070741.088858 DEBUG: [kua.bidder] 重新计算 bucket 分配，当前节点数: 4
1776070744.091442 DEBUG: [kua.bidder] 重新计算 bucket 分配，当前节点数: 4
1776070747.091758 DEBUG: [kua.bidder] 重新计算 bucket 分配，当前节点数: 4
1776070750.092152 DEBUG: [kua.bidder] 重新计算 bucket 分配，当前节点数: 4
1776070753.092409 DEBUG: [kua.bidder] 重新计算 bucket 分配，当前节点数: 4
1776070756.092667 DEBUG: [kua.bidder] 重新计算 bucket 分配，当前节点数: 4
1776070759.092978 DEBUG: [kua.bidder] 重新计算 bucket 分配，当前节点数: 4
1776070762.093376 DEBUG: [kua.bidder] 重新计算 bucket 分配，当前节点数: 4
1776070765.093724 DEBUG: [kua.bidder] 重新计算 bucket 分配，当前节点数: 4
1776070768.094016 DEBUG: [kua.bidder] 重新计算 bucket 分配，当前节点数: 4
1776070771.094421 DEBUG: [kua.bidder] 重新计算 bucket 分配，当前节点数: 4
1776070774.094753 DEBUG: [kua.bidder] 重新计算 bucket 分配，当前节点数: 4
1776070777.095191 DEBUG: [kua.bidder] 重新计算 bucket 分配，当前节点数: 4
1776070780.095510 DEBUG: [kua.bidder] 重新计算 bucket 分配，当前节点数: 4
1776070783.095813 DEBUG: [kua.bidder] 重新计算 bucket 分配，当前节点数: 4
1776070786.096350 DEBUG: [kua.bidder] 重新计算 bucket 分配，当前节点数: 4
1776070789.096992 DEBUG: [kua.bidder] 重新计算 bucket 分配，当前节点数: 4
1776070792.097428 DEBUG: [kua.bidder] 重新计算 bucket 分配，当前节点数: 4
1776070795.097828 DEBUG: [kua.bidder] 重新计算 bucket 分配，当前节点数: 4
1776070798.098240 DEBUG: [kua.bidder] 重新计算 bucket 分配，当前节点数: 4
1776070801.098512 DEBUG: [kua.bidder] 重新计算 bucket 分配，当前节点数: 4
1776070804.098869 DEBUG: [kua.bidder] 重新计算 bucket 分配，当前节点数: 4
1776070807.099221 DEBUG: [kua.bidder] 重新计算 bucket 分配，当前节点数: 4
1776070810.099559 DEBUG: [kua.bidder] 重新计算 bucket 分配，当前节点数: 4
1776070813.099864 DEBUG: [kua.bidder] 重新计算 bucket 分配，当前节点数: 4
1776070816.100091 DEBUG: [kua.bidder] 重新计算 bucket 分配，当前节点数: 4
1776070819.100573 DEBUG: [kua.bidder] 重新计算 bucket 分配，当前节点数: 4
1776070822.100999 DEBUG: [kua.bidder] 重新计算 bucket 分配，当前节点数: 4
1776070825.101451 DEBUG: [kua.bidder] 重新计算 bucket 分配，当前节点数: 4
1776070828.101900 DEBUG: [kua.bidder] 重新计算 bucket 分配，当前节点数: 4
1776070831.102252 DEBUG: [kua.bidder] 重新计算 bucket 分配，当前节点数: 4
1776070834.102569 DEBUG: [kua.bidder] 重新计算 bucket 分配，当前节点数: 4
1776070837.102877 DEBUG: [kua.bidder] 重新计算 bucket 分配，当前节点数: 4
1776070840.103317 DEBUG: [kua.bidder] 重新计算 bucket 分配，当前节点数: 4
1776070843.103753 DEBUG: [kua.bidder] 重新计算 bucket 分配，当前节点数: 4
1776070846.104073 DEBUG: [kua.bidder] 重新计算 bucket 分配，当前节点数: 4
1776070849.104403 DEBUG: [kua.bidder] 重新计算 bucket 分配，当前节点数: 4
1776070852.104781 DEBUG: [kua.bidder] 重新计算 bucket 分配，当前节点数: 4
1776070855.105198 DEBUG: [kua.bidder] 重新计算 bucket 分配，当前节点数: 4
1776070858.105607 DEBUG: [kua.bidder] 重新计算 bucket 分配，当前节点数: 4
1776070861.106131 DEBUG: [kua.bidder] 重新计算 bucket 分配，当前节点数: 4
1776070864.106910 DEBUG: [kua.bidder] 重新计算 bucket 分配，当前节点数: 4
1776070867.107263 DEBUG: [kua.bidder] 重新计算 bucket 分配，当前节点数: 4
1776070870.107585 DEBUG: [kua.bidder] 重新计算 bucket 分配，当前节点数: 4
1776070873.107882 DEBUG: [kua.bidder] 重新计算 bucket 分配，当前节点数: 4
1776070876.108289 DEBUG: [kua.bidder] 重新计算 bucket 分配，当前节点数: 4
1776070879.108771 DEBUG: [kua.bidder] 重新计算 bucket 分配，当前节点数: 4
1776070882.109415 DEBUG: [kua.bidder] 重新计算 bucket 分配，当前节点数: 4
1776070885.111181 DEBUG: [kua.bidder] 重新计算 bucket 分配，当前节点数: 4
1776070888.111488 DEBUG: [kua.bidder] 重新计算 bucket 分配，当前节点数: 4
1776070891.111828 DEBUG: [kua.bidder] 重新计算 bucket 分配，当前节点数: 4
1776070894.112392 DEBUG: [kua.bidder] 重新计算 bucket 分配，当前节点数: 4
1776070897.112668 DEBUG: [kua.bidder] 重新计算 bucket 分配，当前节点数: 4
1776070900.112961 DEBUG: [kua.bidder] 重新计算 bucket 分配，当前节点数: 4
1776070903.113269 DEBUG: [kua.bidder] 重新计算 bucket 分配，当前节点数: 4
1776070906.113556 DEBUG: [kua.bidder] 重新计算 bucket 分配，当前节点数: 4
1776070909.113889 DEBUG: [kua.bidder] 重新计算 bucket 分配，当前节点数: 4
1776070912.114449 DEBUG: [kua.bidder] 重新计算 bucket 分配，当前节点数: 4
1776070915.114704 DEBUG: [kua.bidder] 重新计算 bucket 分配，当前节点数: 4
1776070918.114963 DEBUG: [kua.bidder] 重新计算 bucket 分配，当前节点数: 4
1776070921.115292 DEBUG: [kua.bidder] 重新计算 bucket 分配，当前节点数: 4
1776070924.115892 DEBUG: [kua.bidder] 重新计算 bucket 分配，当前节点数: 4
1776070927.116214 DEBUG: [kua.bidder] 重新计算 bucket 分配，当前节点数: 4
1776070930.116513 DEBUG: [kua.bidder] 重新计算 bucket 分配，当前节点数: 4
1776070933.116784 DEBUG: [kua.bidder] 重新计算 bucket 分配，当前节点数: 4
1776070936.117060 DEBUG: [kua.bidder] 重新计算 bucket 分配，当前节点数: 4
1776070939.117373 DEBUG: [kua.bidder] 重新计算 bucket 分配，当前节点数: 4
1776070942.117686 DEBUG: [kua.bidder] 重新计算 bucket 分配，当前节点数: 4
1776070945.117949 DEBUG: [kua.bidder] 重新计算 bucket 分配，当前节点数: 4
1776070948.118384 DEBUG: [kua.bidder] 重新计算 bucket 分配，当前节点数: 4
1776070951.118860 DEBUG: [kua.bidder] 重新计算 bucket 分配，当前节点数: 4
1776070954.119613 DEBUG: [kua.bidder] 重新计算 bucket 分配，当前节点数: 4
1776070957.120003 DEBUG: [kua.bidder] 重新计算 bucket 分配，当前节点数: 4
1776070960.120285 DEBUG: [kua.bidder] 重新计算 bucket 分配，当前节点数: 4
1776070963.120570 DEBUG: [kua.bidder] 重新计算 bucket 分配，当前节点数: 4
1776070966.120831 DEBUG: [kua.bidder] 重新计算 bucket 分配，当前节点数: 4
1776070969.122096 DEBUG: [kua.bidder] 重新计算 bucket 分配，当前节点数: 4
1776070972.122548 DEBUG: [kua.bidder] 重新计算 bucket 分配，当前节点数: 4
1776070975.122882 DEBUG: [kua.bidder] 重新计算 bucket 分配，当前节点数: 4
1776070978.124786 DEBUG: [kua.bidder] 重新计算 bucket 分配，当前节点数: 4
1776070981.125310 DEBUG: [kua.bidder] 重新计算 bucket 分配，当前节点数: 4
1776070984.125614 DEBUG: [kua.bidder] 重新计算 bucket 分配，当前节点数: 4
1776070987.127732 DEBUG: [kua.bidder] 重新计算 bucket 分配，当前节点数: 4
1776070990.128257 DEBUG: [kua.bidder] 重新计算 bucket 分配，当前节点数: 4
1776070993.128546 DEBUG: [kua.bidder] 重新计算 bucket 分配，当前节点数: 4
1776070996.129004 DEBUG: [kua.bidder] 重新计算 bucket 分配，当前节点数: 4
1776070999.129357 DEBUG: [kua.bidder] 重新计算 bucket 分配，当前节点数: 4
1776071002.129767 DEBUG: [kua.bidder] 重新计算 bucket 分配，当前节点数: 4
1776071005.130077 DEBUG: [kua.bidder] 重新计算 bucket 分配，当前节点数: 4
1776071008.130428 DEBUG: [kua.bidder] 重新计算 bucket 分配，当前节点数: 4
1776071011.131079 DEBUG: [kua.bidder] 重新计算 bucket 分配，当前节点数: 4
1776071014.131411 DEBUG: [kua.bidder] 重新计算 bucket 分配，当前节点数: 4
1776071017.131726 DEBUG: [kua.bidder] 重新计算 bucket 分配，当前节点数: 4
1776071020.132123 DEBUG: [kua.bidder] 重新计算 bucket 分配，当前节点数: 4
1776071023.132387 DEBUG: [kua.bidder] 重新计算 bucket 分配，当前节点数: 4
1776071026.132661 DEBUG: [kua.bidder] 重新计算 bucket 分配，当前节点数: 4
1776071029.132912 DEBUG: [kua.bidder] 重新计算 bucket 分配，当前节点数: 4
1776071032.133239 DEBUG: [kua.bidder] 重新计算 bucket 分配，当前节点数: 4
1776071035.133520 DEBUG: [kua.bidder] 重新计算 bucket 分配，当前节点数: 4
1776071038.133834 DEBUG: [kua.bidder] 重新计算 bucket 分配，当前节点数: 4
1776071041.134147 DEBUG: [kua.bidder] 重新计算 bucket 分配，当前节点数: 4
1776071044.134445 DEBUG: [kua.bidder] 重新计算 bucket 分配，当前节点数: 4
1776071047.134746 DEBUG: [kua.bidder] 重新计算 bucket 分配，当前节点数: 4
1776071050.135054 DEBUG: [kua.bidder] 重新计算 bucket 分配，当前节点数: 4
1776071053.135390 DEBUG: [kua.bidder] 重新计算 bucket 分配，当前节点数: 4
1776071056.135688 DEBUG: [kua.bidder] 重新计算 bucket 分配，当前节点数: 4
1776071059.136106 DEBUG: [kua.bidder] 重新计算 bucket 分配，当前节点数: 4
1776071062.136427 DEBUG: [kua.bidder] 重新计算 bucket 分配，当前节点数: 4
1776071065.136709 DEBUG: [kua.bidder] 重新计算 bucket 分配，当前节点数: 4
1776071068.137100 DEBUG: [kua.bidder] 重新计算 bucket 分配，当前节点数: 4
1776071071.137879 DEBUG: [kua.bidder] 重新计算 bucket 分配，当前节点数: 4
1776071074.138611 DEBUG: [kua.bidder] 重新计算 bucket 分配，当前节点数: 4
1776071077.139587 DEBUG: [kua.bidder] 重新计算 bucket 分配，当前节点数: 4
1776071080.139902 DEBUG: [kua.bidder] 重新计算 bucket 分配，当前节点数: 4
1776071083.140261 DEBUG: [kua.bidder] 重新计算 bucket 分配，当前节点数: 4
1776071086.143176 DEBUG: [kua.bidder] 重新计算 bucket 分配，当前节点数: 4
1776071089.143526 DEBUG: [kua.bidder] 重新计算 bucket 分配，当前节点数: 4
1776071092.156386 DEBUG: [kua.bidder] 重新计算 bucket 分配，当前节点数: 4
1776071095.156970 DEBUG: [kua.bidder] 重新计算 bucket 分配，当前节点数: 4
1776071098.157589 DEBUG: [kua.bidder] 重新计算 bucket 分配，当前节点数: 4
1776071101.158601 DEBUG: [kua.bidder] 重新计算 bucket 分配，当前节点数: 4
1776071104.160285 DEBUG: [kua.bidder] 重新计算 bucket 分配，当前节点数: 4
1776071107.160942 DEBUG: [kua.bidder] 重新计算 bucket 分配，当前节点数: 4
1776071110.168674 DEBUG: [kua.bidder] 重新计算 bucket 分配，当前节点数: 4
1776071113.169017 DEBUG: [kua.bidder] 重新计算 bucket 分配，当前节点数: 4
1776071116.169346 DEBUG: [kua.bidder] 重新计算 bucket 分配，当前节点数: 4
1776071119.174749 DEBUG: [kua.bidder] 重新计算 bucket 分配，当前节点数: 4
1776071122.175009 DEBUG: [kua.bidder] 重新计算 bucket 分配，当前节点数: 4
1776071125.175303 DEBUG: [kua.bidder] 重新计算 bucket 分配，当前节点数: 4
1776071128.175650 DEBUG: [kua.bidder] 重新计算 bucket 分配，当前节点数: 4
1776071131.175919 DEBUG: [kua.bidder] 重新计算 bucket 分配，当前节点数: 4
1776071134.176232 DEBUG: [kua.bidder] 重新计算 bucket 分配，当前节点数: 4
1776071137.176572 DEBUG: [kua.bidder] 重新计算 bucket 分配，当前节点数: 4
1776071140.176920 DEBUG: [kua.bidder] 重新计算 bucket 分配，当前节点数: 4
1776071143.177278 DEBUG: [kua.bidder] 重新计算 bucket 分配，当前节点数: 4
1776071146.178379 DEBUG: [kua.bidder] 重新计算 bucket 分配，当前节点数: 4
1776071149.178923 DEBUG: [kua.bidder] 重新计算 bucket 分配，当前节点数: 4
1776071152.179278 DEBUG: [kua.bidder] 重新计算 bucket 分配，当前节点数: 4
1776071155.183292 DEBUG: [kua.bidder] 重新计算 bucket 分配，当前节点数: 4
1776071158.183782 DEBUG: [kua.bidder] 重新计算 bucket 分配，当前节点数: 4
1776071161.184258 DEBUG: [kua.bidder] 重新计算 bucket 分配，当前节点数: 4
1776071164.184922 DEBUG: [kua.bidder] 重新计算 bucket 分配，当前节点数: 4
1776071167.185334 DEBUG: [kua.bidder] 重新计算 bucket 分配，当前节点数: 4
1776071170.185650 DEBUG: [kua.bidder] 重新计算 bucket 分配，当前节点数: 4
1776071173.185937 DEBUG: [kua.bidder] 重新计算 bucket 分配，当前节点数: 4
1776071176.186393 DEBUG: [kua.bidder] 重新计算 bucket 分配，当前节点数: 4
1776071179.187120 DEBUG: [kua.bidder] 重新计算 bucket 分配，当前节点数: 4
1776071182.194114 DEBUG: [kua.bidder] 重新计算 bucket 分配，当前节点数: 4
1776071185.194426 DEBUG: [kua.bidder] 重新计算 bucket 分配，当前节点数: 4
1776071188.194889 DEBUG: [kua.bidder] 重新计算 bucket 分配，当前节点数: 4
1776071191.195736 DEBUG: [kua.bidder] 重新计算 bucket 分配，当前节点数: 4
1776071194.195946 DEBUG: [kua.bidder] 重新计算 bucket 分配，当前节点数: 4
1776071197.196237 DEBUG: [kua.bidder] 重新计算 bucket 分配，当前节点数: 4
1776071200.196659 DEBUG: [kua.bidder] 重新计算 bucket 分配，当前节点数: 4
1776071203.211532 DEBUG: [kua.bidder] 重新计算 bucket 分配，当前节点数: 4
1776071206.211853 DEBUG: [kua.bidder] 重新计算 bucket 分配，当前节点数: 4
1776071209.212264 DEBUG: [kua.bidder] 重新计算 bucket 分配，当前节点数: 4
1776071212.212534 DEBUG: [kua.bidder] 重新计算 bucket 分配，当前节点数: 4
1776071215.212778 DEBUG: [kua.bidder] 重新计算 bucket 分配，当前节点数: 4
1776071218.213192 DEBUG: [kua.bidder] 重新计算 bucket 分配，当前节点数: 4
1776071221.213484 DEBUG: [kua.bidder] 重新计算 bucket 分配，当前节点数: 4
1776071224.213820 DEBUG: [kua.bidder] 重新计算 bucket 分配，当前节点数: 4
1776071227.216834 DEBUG: [kua.bidder] 重新计算 bucket 分配，当前节点数: 4
1776071230.217310 DEBUG: [kua.bidder] 重新计算 bucket 分配，当前节点数: 4
1776071233.217647 DEBUG: [kua.bidder] 重新计算 bucket 分配，当前节点数: 4
1776071236.217951 DEBUG: [kua.bidder] 重新计算 bucket 分配，当前节点数: 4
1776071239.218262 DEBUG: [kua.bidder] 重新计算 bucket 分配，当前节点数: 4
1776071242.218600 DEBUG: [kua.bidder] 重新计算 bucket 分配，当前节点数: 4
1776071245.218913 DEBUG: [kua.bidder] 重新计算 bucket 分配，当前节点数: 4
1776071248.219400 DEBUG: [kua.bidder] 重新计算 bucket 分配，当前节点数: 4
1776071251.219672 DEBUG: [kua.bidder] 重新计算 bucket 分配，当前节点数: 4
1776071254.227999 DEBUG: [kua.bidder] 重新计算 bucket 分配，当前节点数: 4
1776071257.228515 DEBUG: [kua.bidder] 重新计算 bucket 分配，当前节点数: 4
1776071260.230482 DEBUG: [kua.bidder] 重新计算 bucket 分配，当前节点数: 4
1776071263.230750 DEBUG: [kua.bidder] 重新计算 bucket 分配，当前节点数: 4
1776071266.231215 DEBUG: [kua.bidder] 重新计算 bucket 分配，当前节点数: 4
1776071269.231480 DEBUG: [kua.bidder] 重新计算 bucket 分配，当前节点数: 4
1776071272.231671 DEBUG: [kua.bidder] 重新计算 bucket 分配，当前节点数: 4
1776071275.231931 DEBUG: [kua.bidder] 重新计算 bucket 分配，当前节点数: 4
1776071278.232522 DEBUG: [kua.bidder] 重新计算 bucket 分配，当前节点数: 4
1776071281.232905 DEBUG: [kua.bidder] 重新计算 bucket 分配，当前节点数: 4
1776071284.233213 DEBUG: [kua.bidder] 重新计算 bucket 分配，当前节点数: 4
1776071287.233455 DEBUG: [kua.bidder] 重新计算 bucket 分配，当前节点数: 4
1776071290.233775 DEBUG: [kua.bidder] 重新计算 bucket 分配，当前节点数: 4
1776071293.234000 DEBUG: [kua.bidder] 重新计算 bucket 分配，当前节点数: 4
1776071296.234282 DEBUG: [kua.bidder] 重新计算 bucket 分配，当前节点数: 4
1776071299.234575 DEBUG: [kua.bidder] 重新计算 bucket 分配，当前节点数: 4
1776071302.234825 DEBUG: [kua.bidder] 重新计算 bucket 分配，当前节点数: 4
1776071305.235330 DEBUG: [kua.bidder] 重新计算 bucket 分配，当前节点数: 4
1776071308.235717 DEBUG: [kua.bidder] 重新计算 bucket 分配，当前节点数: 4
1776071311.236015 DEBUG: [kua.bidder] 重新计算 bucket 分配，当前节点数: 4
1776071314.236295 DEBUG: [kua.bidder] 重新计算 bucket 分配，当前节点数: 4
1776071317.239349 DEBUG: [kua.bidder] 重新计算 bucket 分配，当前节点数: 4
1776071320.239919 DEBUG: [kua.bidder] 重新计算 bucket 分配，当前节点数: 4
1776071323.240401 DEBUG: [kua.bidder] 重新计算 bucket 分配，当前节点数: 4
1776071326.241781 DEBUG: [kua.bidder] 重新计算 bucket 分配，当前节点数: 4
1776071329.242150 DEBUG: [kua.bidder] 重新计算 bucket 分配，当前节点数: 4
1776071332.267892 DEBUG: [kua.bidder] 重新计算 bucket 分配，当前节点数: 4
1776071335.268154 DEBUG: [kua.bidder] 重新计算 bucket 分配，当前节点数: 4
1776071338.268396 DEBUG: [kua.bidder] 重新计算 bucket 分配，当前节点数: 4
1776071341.268655 DEBUG: [kua.bidder] 重新计算 bucket 分配，当前节点数: 4
1776071344.268953 DEBUG: [kua.bidder] 重新计算 bucket 分配，当前节点数: 4
1776071347.269501 DEBUG: [kua.bidder] 重新计算 bucket 分配，当前节点数: 4
1776071350.277856 DEBUG: [kua.bidder] 重新计算 bucket 分配，当前节点数: 4
1776071353.278300 DEBUG: [kua.bidder] 重新计算 bucket 分配，当前节点数: 4
1776071356.279198 DEBUG: [kua.bidder] 重新计算 bucket 分配，当前节点数: 4
1776071359.279674 DEBUG: [kua.bidder] 重新计算 bucket 分配，当前节点数: 4
1776071362.280095 DEBUG: [kua.bidder] 重新计算 bucket 分配，当前节点数: 4
1776071365.280429 DEBUG: [kua.bidder] 重新计算 bucket 分配，当前节点数: 4
1776071368.280750 DEBUG: [kua.bidder] 重新计算 bucket 分配，当前节点数: 4
1776071371.281226 DEBUG: [kua.bidder] 重新计算 bucket 分配，当前节点数: 4
1776071374.281698 DEBUG: [kua.bidder] 重新计算 bucket 分配，当前节点数: 4
1776071377.282033 DEBUG: [kua.bidder] 重新计算 bucket 分配，当前节点数: 4
1776071380.282278 DEBUG: [kua.bidder] 重新计算 bucket 分配，当前节点数: 4
1776071383.282541 DEBUG: [kua.bidder] 重新计算 bucket 分配，当前节点数: 4
1776071386.282796 DEBUG: [kua.bidder] 重新计算 bucket 分配，当前节点数: 4
1776071389.283345 DEBUG: [kua.bidder] 重新计算 bucket 分配，当前节点数: 4
1776071392.299130 DEBUG: [kua.bidder] 重新计算 bucket 分配，当前节点数: 4
1776071395.299340 DEBUG: [kua.bidder] 重新计算 bucket 分配，当前节点数: 4
1776071398.299669 DEBUG: [kua.bidder] 重新计算 bucket 分配，当前节点数: 4
1776071401.299964 DEBUG: [kua.bidder] 重新计算 bucket 分配，当前节点数: 4
1776071404.300369 DEBUG: [kua.bidder] 重新计算 bucket 分配，当前节点数: 4
1776071407.300692 DEBUG: [kua.bidder] 重新计算 bucket 分配，当前节点数: 4
1776071410.301099 DEBUG: [kua.bidder] 重新计算 bucket 分配，当前节点数: 4
1776071413.301966 DEBUG: [kua.bidder] 重新计算 bucket 分配，当前节点数: 4
1776071416.302326 DEBUG: [kua.bidder] 重新计算 bucket 分配，当前节点数: 4
1776071419.302595 DEBUG: [kua.bidder] 重新计算 bucket 分配，当前节点数: 4
1776071422.304401 DEBUG: [kua.bidder] 重新计算 bucket 分配，当前节点数: 4
1776071425.304802 DEBUG: [kua.bidder] 重新计算 bucket 分配，当前节点数: 4
1776071428.305203 DEBUG: [kua.bidder] 重新计算 bucket 分配，当前节点数: 4
1776071431.305514 DEBUG: [kua.bidder] 重新计算 bucket 分配，当前节点数: 4
1776071434.305953 DEBUG: [kua.bidder] 重新计算 bucket 分配，当前节点数: 4
1776071437.308282 DEBUG: [kua.bidder] 重新计算 bucket 分配，当前节点数: 4
1776071440.308853 DEBUG: [kua.bidder] 重新计算 bucket 分配，当前节点数: 4
1776071443.309310 DEBUG: [kua.bidder] 重新计算 bucket 分配，当前节点数: 4
1776071446.309603 DEBUG: [kua.bidder] 重新计算 bucket 分配，当前节点数: 4
1776071449.309885 DEBUG: [kua.bidder] 重新计算 bucket 分配，当前节点数: 4
1776071452.310103 DEBUG: [kua.bidder] 重新计算 bucket 分配，当前节点数: 4
1776071455.310382 DEBUG: [kua.bidder] 重新计算 bucket 分配，当前节点数: 4
1776071458.310969 DEBUG: [kua.bidder] 重新计算 bucket 分配，当前节点数: 4
1776071461.311413 DEBUG: [kua.bidder] 重新计算 bucket 分配，当前节点数: 4
1776071464.311706 DEBUG: [kua.bidder] 重新计算 bucket 分配，当前节点数: 4
1776071467.312025 DEBUG: [kua.bidder] 重新计算 bucket 分配，当前节点数: 4
1776071470.312479 DEBUG: [kua.bidder] 重新计算 bucket 分配，当前节点数: 4
1776071473.312855 DEBUG: [kua.bidder] 重新计算 bucket 分配，当前节点数: 4
1776071476.317447 DEBUG: [kua.bidder] 重新计算 bucket 分配，当前节点数: 4
1776071479.317718 DEBUG: [kua.bidder] 重新计算 bucket 分配，当前节点数: 4
1776071482.318027 DEBUG: [kua.bidder] 重新计算 bucket 分配，当前节点数: 4
1776071485.318586 DEBUG: [kua.bidder] 重新计算 bucket 分配，当前节点数: 4
1776071488.318876 DEBUG: [kua.bidder] 重新计算 bucket 分配，当前节点数: 4
1776071491.319275 DEBUG: [kua.bidder] 重新计算 bucket 分配，当前节点数: 4
1776071494.323738 DEBUG: [kua.bidder] 重新计算 bucket 分配，当前节点数: 4
1776071497.324101 DEBUG: [kua.bidder] 重新计算 bucket 分配，当前节点数: 4
1776071500.325866 DEBUG: [kua.bidder] 重新计算 bucket 分配，当前节点数: 4
1776071503.327700 DEBUG: [kua.bidder] 重新计算 bucket 分配，当前节点数: 4
1776071506.327957 DEBUG: [kua.bidder] 重新计算 bucket 分配，当前节点数: 4
1776071509.328211 DEBUG: [kua.bidder] 重新计算 bucket 分配，当前节点数: 4
1776071512.335602 DEBUG: [kua.bidder] 重新计算 bucket 分配，当前节点数: 4
1776071515.336057 DEBUG: [kua.bidder] 重新计算 bucket 分配，当前节点数: 4
1776071518.337805 DEBUG: [kua.bidder] 重新计算 bucket 分配，当前节点数: 4
1776071521.339438 DEBUG: [kua.bidder] 重新计算 bucket 分配，当前节点数: 4
1776071524.339973 DEBUG: [kua.bidder] 重新计算 bucket 分配，当前节点数: 4
1776071527.340537 DEBUG: [kua.bidder] 重新计算 bucket 分配，当前节点数: 4
1776071530.340865 DEBUG: [kua.bidder] 重新计算 bucket 分配，当前节点数: 4
1776071533.341315 DEBUG: [kua.bidder] 重新计算 bucket 分配，当前节点数: 4
1776071536.341625 DEBUG: [kua.bidder] 重新计算 bucket 分配，当前节点数: 4
1776071539.341920 DEBUG: [kua.bidder] 重新计算 bucket 分配，当前节点数: 4
1776071542.342320 DEBUG: [kua.bidder] 重新计算 bucket 分配，当前节点数: 4
1776071545.342654 DEBUG: [kua.bidder] 重新计算 bucket 分配，当前节点数: 4
1776071548.343154 DEBUG: [kua.bidder] 重新计算 bucket 分配，当前节点数: 4
1776071551.343611 DEBUG: [kua.bidder] 重新计算 bucket 分配，当前节点数: 4
1776071554.343888 DEBUG: [kua.bidder] 重新计算 bucket 分配，当前节点数: 4
1776071557.357354 DEBUG: [kua.bidder] 重新计算 bucket 分配，当前节点数: 4
1776071560.357578 DEBUG: [kua.bidder] 重新计算 bucket 分配，当前节点数: 4
1776071563.357857 DEBUG: [kua.bidder] 重新计算 bucket 分配，当前节点数: 4
1776071566.360286 DEBUG: [kua.bidder] 重新计算 bucket 分配，当前节点数: 4
1776071569.360606 DEBUG: [kua.bidder] 重新计算 bucket 分配，当前节点数: 4
1776071572.360850 DEBUG: [kua.bidder] 重新计算 bucket 分配，当前节点数: 4
1776071575.361223 DEBUG: [kua.bidder] 重新计算 bucket 分配，当前节点数: 4
1776071578.361543 DEBUG: [kua.bidder] 重新计算 bucket 分配，当前节点数: 4
1776071581.361865 DEBUG: [kua.bidder] 重新计算 bucket 分配，当前节点数: 4
1776071584.362330 DEBUG: [kua.bidder] 重新计算 bucket 分配，当前节点数: 4
1776071587.362634 DEBUG: [kua.bidder] 重新计算 bucket 分配，当前节点数: 4
1776071590.362964 DEBUG: [kua.bidder] 重新计算 bucket 分配，当前节点数: 4
1776071593.363285 DEBUG: [kua.bidder] 重新计算 bucket 分配，当前节点数: 4
1776071596.364030 DEBUG: [kua.bidder] 重新计算 bucket 分配，当前节点数: 4
1776071599.364344 DEBUG: [kua.bidder] 重新计算 bucket 分配，当前节点数: 4
1776071602.364583 DEBUG: [kua.bidder] 重新计算 bucket 分配，当前节点数: 4
1776071605.364875 DEBUG: [kua.bidder] 重新计算 bucket 分配，当前节点数: 4
1776071608.365178 DEBUG: [kua.bidder] 重新计算 bucket 分配，当前节点数: 4
1776071611.365432 DEBUG: [kua.bidder] 重新计算 bucket 分配，当前节点数: 4
1776071614.365674 DEBUG: [kua.bidder] 重新计算 bucket 分配，当前节点数: 4
1776071617.365999 DEBUG: [kua.bidder] 重新计算 bucket 分配，当前节点数: 4
1776071620.367401 DEBUG: [kua.bidder] 重新计算 bucket 分配，当前节点数: 4
1776071623.367766 DEBUG: [kua.bidder] 重新计算 bucket 分配，当前节点数: 4
