1778142096.863218  INFO: [kua.nodewatcher] 构造 NodeWatcher
1778142096.867927  INFO: [kua.bidder] 构造 Bidder
1778142101.868050 DEBUG: [kua.bidder] 重新计算 bucket 分配，当前节点数: 4
1778142101.868155  INFO: [kua.bidder] 本地节点成为 bucket 0 的所有者，当前所有者: [/one,/two,/four]
1778142101.869249  INFO: [kua.worker] 构造 worker #0 /two
1778142101.874050  INFO: [kua.bidder] 本地节点成为 bucket 2 的所有者，当前所有者: [/two,/four,/three]
1778142101.874906  INFO: [kua.worker] 构造 worker #2 /two
1778142101.878180  INFO: [kua.bidder] 本地节点成为 bucket 3 的所有者，当前所有者: [/one,/two,/four]
1778142101.879375  INFO: [kua.worker] 构造 worker #3 /two
1778142101.882273  INFO: [kua.bidder] BUCKET_SNAPSHOT node=/two bucket0=[/one,/two,/four] bucket1=[/one,/four,/three] bucket2=[/two,/four,/three] bucket3=[/one,/two,/four]
1778142104.882420 DEBUG: [kua.bidder] 重新计算 bucket 分配，当前节点数: 4
1778142104.882563  INFO: [kua.bidder] BUCKET_SNAPSHOT node=/two bucket0=[/one,/two,/four] bucket1=[/one,/four,/three] bucket2=[/two,/four,/three] bucket3=[/one,/two,/four]
1778142107.882700 DEBUG: [kua.bidder] 重新计算 bucket 分配，当前节点数: 4
1778142107.882786  INFO: [kua.bidder] BUCKET_SNAPSHOT node=/two bucket0=[/one,/two,/four] bucket1=[/one,/four,/three] bucket2=[/two,/four,/three] bucket3=[/one,/two,/four]
1778142110.884343 DEBUG: [kua.bidder] 重新计算 bucket 分配，当前节点数: 4
1778142110.884495  INFO: [kua.bidder] BUCKET_SNAPSHOT node=/two bucket0=[/one,/two,/four] bucket1=[/one,/four,/three] bucket2=[/two,/four,/three] bucket3=[/one,/two,/four]
1778142111.892919 DEBUG: [kua.worker] 收到请求 : #2 : /kua/%02/7573657241/7631/%00%00%01%9E%01%87h%8F/%00%01%00%00
1778142111.893124 DEBUG: [kua.worker] 收到请求 : #2 : /two/%02/7573657241/7631/%00%00%01%9E%01%87h%8F/%00%01%00%02
1778142111.893150  INFO: [kua.worker] KV 写入成功: key=userA, version=1778142111887, bucket=#2
1778142111.893195 DEBUG: [kua.worker] 收到请求 : #2 : /four/%02/7573657241/7631/%00%00%01%9E%01%87h%8F/%00%01%00%02
1778142111.893233 DEBUG: [kua.worker] 收到请求 : #2 : /three/%02/7573657241/7631/%00%00%01%9E%01%87h%8F/%00%01%00%02
1778142112.910735 DEBUG: [kua.worker] 收到请求 : #2 : /kua/%02/7573657241/%00%02%00%00
1778142112.910853 DEBUG: [kua.worker] 收到请求 : #2 : /two/%02/7573657241/%00%02%00%02
1778142112.910885 DEBUG: [kua.worker] 收到请求 : #2 : /four/%02/7573657241/%00%02%00%02
1778142112.910892 DEBUG: [kua.worker] 收到请求 : #2 : /three/%02/7573657241/%00%02%00%02
1778142112.929887 DEBUG: [kua.worker] 收到请求 : #2 : /kua/%02/7573657241/7632/%00%00%01%9E%01%87l%9D/%00%01%00%00
1778142112.929986 DEBUG: [kua.worker] 收到请求 : #2 : /two/%02/7573657241/7632/%00%00%01%9E%01%87l%9D/%00%01%00%02
1778142112.929992  INFO: [kua.worker] KV 写入成功: key=userA, version=1778142112925, bucket=#2
1778142112.930023 DEBUG: [kua.worker] 收到请求 : #2 : /four/%02/7573657241/7632/%00%00%01%9E%01%87l%9D/%00%01%00%02
1778142112.930034 DEBUG: [kua.worker] 收到请求 : #2 : /three/%02/7573657241/7632/%00%00%01%9E%01%87l%9D/%00%01%00%02
1778142113.884587 DEBUG: [kua.bidder] 重新计算 bucket 分配，当前节点数: 4
1778142113.884737  INFO: [kua.bidder] BUCKET_SNAPSHOT node=/two bucket0=[/one,/two,/four] bucket1=[/one,/four,/three] bucket2=[/two,/four,/three] bucket3=[/one,/two,/four]
1778142113.950313 DEBUG: [kua.worker] 收到请求 : #2 : /kua/%02/7573657241/%00%02%00%00
1778142113.950548 DEBUG: [kua.worker] 收到请求 : #2 : /two/%02/7573657241/%00%02%00%02
1778142113.950645 DEBUG: [kua.worker] 收到请求 : #2 : /four/%02/7573657241/%00%02%00%02
1778142113.950661 DEBUG: [kua.worker] 收到请求 : #2 : /three/%02/7573657241/%00%02%00%02
1778142113.971239 DEBUG: [kua.worker] 收到请求 : #0 : /two/%00/7573657242/6231/%00%00%01%9E%01%87p%AE/%00%01%00%02
1778142113.971266  INFO: [kua.worker] KV 写入成功: key=userB, version=1778142113966, bucket=#0
1778142115.032877 DEBUG: [kua.worker] 收到请求 : #0 : /two/%00/%00%04%00%02
1778142115.034846 DEBUG: [kua.worker] 收到请求 : #2 : /kua/%02/%00%04%00%00
1778142115.035039 DEBUG: [kua.worker] 收到请求 : #2 : /two/%02/%00%04%00%02
1778142115.035111 DEBUG: [kua.worker] 收到请求 : #2 : /four/%02/%00%04%00%02
1778142115.035127 DEBUG: [kua.worker] 收到请求 : #2 : /three/%02/%00%04%00%02
1778142115.036409 DEBUG: [kua.worker] 收到请求 : #3 : /two/%03/%00%04%00%02
1778142116.884897 DEBUG: [kua.bidder] 重新计算 bucket 分配，当前节点数: 4
1778142116.885074  INFO: [kua.bidder] BUCKET_SNAPSHOT node=/two bucket0=[/one,/two,/four] bucket1=[/one,/four,/three] bucket2=[/two,/four,/three] bucket3=[/one,/two,/four]
1778142119.885262 DEBUG: [kua.bidder] 重新计算 bucket 分配，当前节点数: 4
1778142119.885476  INFO: [kua.bidder] BUCKET_SNAPSHOT node=/two bucket0=[/one,/two,/four] bucket1=[/one,/four,/three] bucket2=[/two,/four,/three] bucket3=[/one,/two,/four]
1778142122.885573 DEBUG: [kua.bidder] 重新计算 bucket 分配，当前节点数: 4
1778142122.885722  INFO: [kua.bidder] BUCKET_SNAPSHOT node=/two bucket0=[/one,/two,/four] bucket1=[/one,/four,/three] bucket2=[/two,/four,/three] bucket3=[/one,/two,/four]
1778142125.885839 DEBUG: [kua.bidder] 重新计算 bucket 分配，当前节点数: 4
1778142125.885999  INFO: [kua.bidder] BUCKET_SNAPSHOT node=/two bucket0=[/one,/two,/four] bucket1=[/one,/four,/three] bucket2=[/two,/four,/three] bucket3=[/one,/two,/four]
1778142128.886107 DEBUG: [kua.bidder] 重新计算 bucket 分配，当前节点数: 4
1778142128.886260  INFO: [kua.bidder] BUCKET_SNAPSHOT node=/two bucket0=[/one,/two,/four] bucket1=[/one,/four,/three] bucket2=[/two,/four,/three] bucket3=[/one,/two,/four]
1778142131.886365 DEBUG: [kua.bidder] 重新计算 bucket 分配，当前节点数: 4
1778142131.886492  INFO: [kua.bidder] BUCKET_SNAPSHOT node=/two bucket0=[/one,/two,/four] bucket1=[/one,/four,/three] bucket2=[/two,/four,/three] bucket3=[/one,/two,/four]
1778142134.886603 DEBUG: [kua.bidder] 重新计算 bucket 分配，当前节点数: 4
1778142134.886808  INFO: [kua.bidder] BUCKET_SNAPSHOT node=/two bucket0=[/one,/two,/four] bucket1=[/one,/four,/three] bucket2=[/two,/four,/three] bucket3=[/one,/two,/four]
1778142137.887032 DEBUG: [kua.bidder] 重新计算 bucket 分配，当前节点数: 4
1778142137.887179  INFO: [kua.bidder] BUCKET_SNAPSHOT node=/two bucket0=[/one,/two,/four] bucket1=[/one,/four,/three] bucket2=[/two,/four,/three] bucket3=[/one,/two,/four]
1778142140.887452 DEBUG: [kua.bidder] 重新计算 bucket 分配，当前节点数: 4
1778142140.887562  INFO: [kua.bidder] BUCKET_SNAPSHOT node=/two bucket0=[/one,/two,/four] bucket1=[/one,/four,/three] bucket2=[/two,/four,/three] bucket3=[/one,/two,/four]
1778142143.889561 DEBUG: [kua.bidder] 重新计算 bucket 分配，当前节点数: 4
1778142143.889719  INFO: [kua.bidder] BUCKET_SNAPSHOT node=/two bucket0=[/one,/two,/four] bucket1=[/one,/four,/three] bucket2=[/two,/four,/three] bucket3=[/one,/two,/four]
1778142146.889989 DEBUG: [kua.bidder] 重新计算 bucket 分配，当前节点数: 4
1778142146.890104  INFO: [kua.bidder] BUCKET_SNAPSHOT node=/two bucket0=[/one,/two,/four] bucket1=[/one,/four,/three] bucket2=[/two,/four,/three] bucket3=[/one,/two,/four]
1778142149.890211 DEBUG: [kua.bidder] 重新计算 bucket 分配，当前节点数: 4
1778142149.890352  INFO: [kua.bidder] BUCKET_SNAPSHOT node=/two bucket0=[/one,/two,/four] bucket1=[/one,/four,/three] bucket2=[/two,/four,/three] bucket3=[/one,/two,/four]
1778142152.890494 DEBUG: [kua.bidder] 重新计算 bucket 分配，当前节点数: 4
1778142152.890876  INFO: [kua.bidder] BUCKET_SNAPSHOT node=/two bucket0=[/one,/two,/four] bucket1=[/one,/four,/three] bucket2=[/two,/four,/three] bucket3=[/one,/two,/four]
