1776001039.458161  INFO: [kua.nodewatcher] 构造 NodeWatcher
1776001039.464227  INFO: [kua.bidder] 构造 Bidder
1776001044.468158 DEBUG: [kua.bidder] 重新计算 bucket 分配，当前节点数: 5
1776001044.468339  INFO: [kua.bidder] 本地节点成为 bucket 0 的所有者
1776001044.470075  INFO: [kua.worker] 构造 worker #0 /four
1776001044.475726  INFO: [kua.bidder] 本地节点成为 bucket 1 的所有者
1776001044.476838  INFO: [kua.worker] 构造 worker #1 /four
1776001044.482185  INFO: [kua.bidder] 本地节点成为 bucket 2 的所有者
1776001044.483894  INFO: [kua.worker] 构造 worker #2 /four
1776001044.488886  INFO: [kua.bidder] 本地节点成为 bucket 3 的所有者
1776001044.489810  INFO: [kua.worker] 构造 worker #3 /four
1776001047.494128 DEBUG: [kua.bidder] 重新计算 bucket 分配，当前节点数: 5
1776001050.494520 DEBUG: [kua.bidder] 重新计算 bucket 分配，当前节点数: 5
1776001053.494888 DEBUG: [kua.bidder] 重新计算 bucket 分配，当前节点数: 5
1776001055.352645 DEBUG: [kua.worker] 收到请求 : #0 : /four/%00/%07%16%08%0Ebucket0-test-22%01%002%01%00/%07
1776001055.352698 DEBUG: [kua.worker] 收到请求 : #0 : /bucket0-test-2/seg=0
1776001055.352831 DEBUG: [kua.worker] FETCH 0 / 1
1776001056.399782 DEBUG: [kua.worker] 收到请求 : #0 : /four/%00/%07%16%08%0Ebucket0-test-72%01%002%01%00/%07
1776001056.399827 DEBUG: [kua.worker] 收到请求 : #0 : /bucket0-test-7/seg=0
1776001056.399964 DEBUG: [kua.worker] FETCH 0 / 1
1776001056.495383 DEBUG: [kua.bidder] 重新计算 bucket 分配，当前节点数: 5
1776001057.457131 DEBUG: [kua.worker] 收到请求 : #0 : /four/%00/%07%16%08%0Ebucket0-test-92%01%002%01%00/%07
1776001057.457218 DEBUG: [kua.worker] 收到请求 : #0 : /bucket0-test-9/seg=0
1776001057.457615 DEBUG: [kua.worker] FETCH 0 / 1
1776001058.497909 DEBUG: [kua.worker] 收到请求 : #2 : /four/%02/%07%17%08%0Fbucket0-test-112%01%002%01%00/%07
1776001058.498206 DEBUG: [kua.worker] 收到请求 : #2 : /bucket0-test-11/seg=0
1776001058.498360 DEBUG: [kua.worker] FETCH 0 / 1
1776001059.495790 DEBUG: [kua.bidder] 重新计算 bucket 分配，当前节点数: 5
1776001059.539406 DEBUG: [kua.worker] 收到请求 : #2 : /four/%02/%07%17%08%0Fbucket0-test-132%01%002%01%00/%07
1776001059.539564 DEBUG: [kua.worker] 收到请求 : #2 : /bucket0-test-13/seg=0
1776001059.541988 DEBUG: [kua.worker] FETCH 0 / 1
1776001060.603433 DEBUG: [kua.worker] 收到请求 : #2 : /four/%02/%07%17%08%0Fbucket0-test-182%01%002%01%00/%07
1776001060.603483 DEBUG: [kua.worker] 收到请求 : #2 : /bucket0-test-18/seg=0
1776001060.603650 DEBUG: [kua.worker] FETCH 0 / 1
1776001062.496612 DEBUG: [kua.bidder] 重新计算 bucket 分配，当前节点数: 5
1776001065.497617 DEBUG: [kua.bidder] 重新计算 bucket 分配，当前节点数: 5
1776001068.498540 DEBUG: [kua.bidder] 重新计算 bucket 分配，当前节点数: 5
1776001071.504012 DEBUG: [kua.bidder] 重新计算 bucket 分配，当前节点数: 5
1776001074.504531 DEBUG: [kua.bidder] 重新计算 bucket 分配，当前节点数: 5
1776001077.506188 DEBUG: [kua.bidder] 重新计算 bucket 分配，当前节点数: 4
1776001077.506330  INFO: [kua.worker] 等待 5 秒后开始迁移 bucket #0 的 3 条数据到 1 个新所有者
1776001077.506414  INFO: [kua.worker] 等待 5 秒后开始迁移 bucket #2 的 3 条数据到 1 个新所有者
1776001080.506692 DEBUG: [kua.bidder] 重新计算 bucket 分配，当前节点数: 4
1776001082.516399  INFO: [kua.worker] 开始迁移 bucket #2 的 3 条数据到 1 个新所有者
1776001082.516507  INFO: [kua.worker] 迁移 bucket #2 到所有者: /one (3 条数据)
1776001082.516655 DEBUG: [kua.worker] 发送迁移请求 #1: /bucket0-test-11/seg=0 -> /one
1776001082.516691 DEBUG: [kua.worker] 发送迁移请求 #2: /bucket0-test-13/seg=0 -> /one
1776001082.516712 DEBUG: [kua.worker] 发送迁移请求 #3: /bucket0-test-18/seg=0 -> /one
1776001082.516719  INFO: [kua.worker] bucket #2 迁移完成，共发送 3 条数据
1776001082.516858 DEBUG: [kua.worker] 收到请求 : #2 : /one/%02/%07%14%08%0Fbucket0-test-112%01%00/%0B
1776001082.516889 DEBUG: [kua.worker] 收到请求 : #2 : /one/%02/%07%14%08%0Fbucket0-test-132%01%00/%0B
1776001082.516905 DEBUG: [kua.worker] 收到请求 : #2 : /one/%02/%07%14%08%0Fbucket0-test-182%01%00/%0B
1776001082.518447  INFO: [kua.worker] 开始迁移 bucket #0 的 3 条数据到 1 个新所有者
1776001082.518569  INFO: [kua.worker] 迁移 bucket #0 到所有者: /one (3 条数据)
1776001082.518685 DEBUG: [kua.worker] 发送迁移请求 #1: /bucket0-test-2/seg=0 -> /one
1776001082.518725 DEBUG: [kua.worker] 发送迁移请求 #2: /bucket0-test-7/seg=0 -> /one
1776001082.518752 DEBUG: [kua.worker] 发送迁移请求 #3: /bucket0-test-9/seg=0 -> /one
1776001082.518761  INFO: [kua.worker] bucket #0 迁移完成，共发送 3 条数据
1776001082.518841 DEBUG: [kua.worker] 收到请求 : #0 : /one/%00/%07%13%08%0Ebucket0-test-22%01%00/%0B
1776001082.518872 DEBUG: [kua.worker] 收到请求 : #0 : /one/%00/%07%13%08%0Ebucket0-test-72%01%00/%0B
1776001082.519387 DEBUG: [kua.worker] 收到请求 : #0 : /one/%00/%07%13%08%0Ebucket0-test-92%01%00/%0B
1776001082.521358  INFO: [kua.worker] 迁移成功 #1: /bucket0-test-11/seg=0 已发送到 /one
1776001082.521450  INFO: [kua.worker] 迁移成功 #2: /bucket0-test-13/seg=0 已发送到 /one
1776001082.521484  INFO: [kua.worker] 迁移成功 #3: /bucket0-test-18/seg=0 已发送到 /one
1776001082.526531  INFO: [kua.worker] 迁移成功 #1: /bucket0-test-2/seg=0 已发送到 /one
1776001082.526583  INFO: [kua.worker] 迁移成功 #2: /bucket0-test-7/seg=0 已发送到 /one
1776001082.526603  INFO: [kua.worker] 迁移成功 #3: /bucket0-test-9/seg=0 已发送到 /one
1776001083.583503 DEBUG: [kua.bidder] 重新计算 bucket 分配，当前节点数: 4
1776001086.583879 DEBUG: [kua.bidder] 重新计算 bucket 分配，当前节点数: 4
1776001089.584503 DEBUG: [kua.bidder] 重新计算 bucket 分配，当前节点数: 4
1776001092.584841 DEBUG: [kua.bidder] 重新计算 bucket 分配，当前节点数: 4
1776001095.585465 DEBUG: [kua.bidder] 重新计算 bucket 分配，当前节点数: 4
1776001098.585861 DEBUG: [kua.bidder] 重新计算 bucket 分配，当前节点数: 4
1776001101.589391 DEBUG: [kua.bidder] 重新计算 bucket 分配，当前节点数: 4
1776001104.589885 DEBUG: [kua.bidder] 重新计算 bucket 分配，当前节点数: 4
1776001107.590437 DEBUG: [kua.bidder] 重新计算 bucket 分配，当前节点数: 4
1776001110.591029 DEBUG: [kua.bidder] 重新计算 bucket 分配，当前节点数: 4
1776001113.591449 DEBUG: [kua.bidder] 重新计算 bucket 分配，当前节点数: 4
1776001116.593098 DEBUG: [kua.bidder] 重新计算 bucket 分配，当前节点数: 4
1776001119.593629 DEBUG: [kua.bidder] 重新计算 bucket 分配，当前节点数: 4
1776001122.594007 DEBUG: [kua.bidder] 重新计算 bucket 分配，当前节点数: 4
1776001125.594540 DEBUG: [kua.bidder] 重新计算 bucket 分配，当前节点数: 4
1776001128.595085 DEBUG: [kua.bidder] 重新计算 bucket 分配，当前节点数: 4
1776001131.595574 DEBUG: [kua.bidder] 重新计算 bucket 分配，当前节点数: 4
1776001134.596189 DEBUG: [kua.bidder] 重新计算 bucket 分配，当前节点数: 4
1776001137.596587 DEBUG: [kua.bidder] 重新计算 bucket 分配，当前节点数: 4
1776001140.597285 DEBUG: [kua.bidder] 重新计算 bucket 分配，当前节点数: 4
1776001143.597695 DEBUG: [kua.bidder] 重新计算 bucket 分配，当前节点数: 4
1776001146.608286 DEBUG: [kua.bidder] 重新计算 bucket 分配，当前节点数: 4
1776001149.609052 DEBUG: [kua.bidder] 重新计算 bucket 分配，当前节点数: 4
1776001152.609422 DEBUG: [kua.bidder] 重新计算 bucket 分配，当前节点数: 4
1776001155.610206 DEBUG: [kua.bidder] 重新计算 bucket 分配，当前节点数: 4
1776001158.610666 DEBUG: [kua.bidder] 重新计算 bucket 分配，当前节点数: 4
1776001161.611098 DEBUG: [kua.bidder] 重新计算 bucket 分配，当前节点数: 4
1776001164.611660 DEBUG: [kua.bidder] 重新计算 bucket 分配，当前节点数: 4
1776001167.612366 DEBUG: [kua.bidder] 重新计算 bucket 分配，当前节点数: 4
1776001170.615514 DEBUG: [kua.bidder] 重新计算 bucket 分配，当前节点数: 4
1776001173.621658 DEBUG: [kua.bidder] 重新计算 bucket 分配，当前节点数: 4
1776001176.624396 DEBUG: [kua.bidder] 重新计算 bucket 分配，当前节点数: 4
1776001179.624879 DEBUG: [kua.bidder] 重新计算 bucket 分配，当前节点数: 4
1776001182.625426 DEBUG: [kua.bidder] 重新计算 bucket 分配，当前节点数: 4
1776001185.626904 DEBUG: [kua.bidder] 重新计算 bucket 分配，当前节点数: 4
1776001188.627420 DEBUG: [kua.bidder] 重新计算 bucket 分配，当前节点数: 4
1776001191.627844 DEBUG: [kua.bidder] 重新计算 bucket 分配，当前节点数: 4
1776001194.628283 DEBUG: [kua.bidder] 重新计算 bucket 分配，当前节点数: 4
1776001197.628703 DEBUG: [kua.bidder] 重新计算 bucket 分配，当前节点数: 4
1776001200.629620 DEBUG: [kua.bidder] 重新计算 bucket 分配，当前节点数: 4
1776001203.630818 DEBUG: [kua.bidder] 重新计算 bucket 分配，当前节点数: 4
1776001206.631353 DEBUG: [kua.bidder] 重新计算 bucket 分配，当前节点数: 4
1776001209.631770 DEBUG: [kua.bidder] 重新计算 bucket 分配，当前节点数: 4
1776001212.632733 DEBUG: [kua.bidder] 重新计算 bucket 分配，当前节点数: 4
1776001215.633261 DEBUG: [kua.bidder] 重新计算 bucket 分配，当前节点数: 4
1776001218.633834 DEBUG: [kua.bidder] 重新计算 bucket 分配，当前节点数: 4
1776001221.634439 DEBUG: [kua.bidder] 重新计算 bucket 分配，当前节点数: 4
1776001224.634893 DEBUG: [kua.bidder] 重新计算 bucket 分配，当前节点数: 4
1776001227.635655 DEBUG: [kua.bidder] 重新计算 bucket 分配，当前节点数: 4
1776001230.636460 DEBUG: [kua.bidder] 重新计算 bucket 分配，当前节点数: 4
1776001233.636892 DEBUG: [kua.bidder] 重新计算 bucket 分配，当前节点数: 4
1776001236.637404 DEBUG: [kua.bidder] 重新计算 bucket 分配，当前节点数: 4
1776001239.637797 DEBUG: [kua.bidder] 重新计算 bucket 分配，当前节点数: 4
1776001242.638570 DEBUG: [kua.bidder] 重新计算 bucket 分配，当前节点数: 4
1776001245.639812 DEBUG: [kua.bidder] 重新计算 bucket 分配，当前节点数: 4
1776001248.640468 DEBUG: [kua.bidder] 重新计算 bucket 分配，当前节点数: 4
1776001251.641439 DEBUG: [kua.bidder] 重新计算 bucket 分配，当前节点数: 4
1776001254.642288 DEBUG: [kua.bidder] 重新计算 bucket 分配，当前节点数: 4
1776001257.644093 DEBUG: [kua.bidder] 重新计算 bucket 分配，当前节点数: 4
1776001260.644525 DEBUG: [kua.bidder] 重新计算 bucket 分配，当前节点数: 4
1776001263.646191 DEBUG: [kua.bidder] 重新计算 bucket 分配，当前节点数: 4
1776001266.646639 DEBUG: [kua.bidder] 重新计算 bucket 分配，当前节点数: 4
1776001269.647200 DEBUG: [kua.bidder] 重新计算 bucket 分配，当前节点数: 4
1776001272.647566 DEBUG: [kua.bidder] 重新计算 bucket 分配，当前节点数: 4
1776001275.648083 DEBUG: [kua.bidder] 重新计算 bucket 分配，当前节点数: 4
1776001278.648557 DEBUG: [kua.bidder] 重新计算 bucket 分配，当前节点数: 4
1776001281.649092 DEBUG: [kua.bidder] 重新计算 bucket 分配，当前节点数: 4
1776001284.649542 DEBUG: [kua.bidder] 重新计算 bucket 分配，当前节点数: 4
1776001287.657238 DEBUG: [kua.bidder] 重新计算 bucket 分配，当前节点数: 4
1776001290.657677 DEBUG: [kua.bidder] 重新计算 bucket 分配，当前节点数: 4
1776001293.660795 DEBUG: [kua.bidder] 重新计算 bucket 分配，当前节点数: 4
1776001296.661314 DEBUG: [kua.bidder] 重新计算 bucket 分配，当前节点数: 4
1776001299.661728 DEBUG: [kua.bidder] 重新计算 bucket 分配，当前节点数: 4
1776001302.662029 DEBUG: [kua.bidder] 重新计算 bucket 分配，当前节点数: 4
1776001305.662406 DEBUG: [kua.bidder] 重新计算 bucket 分配，当前节点数: 4
1776001308.677682 DEBUG: [kua.bidder] 重新计算 bucket 分配，当前节点数: 4
1776001311.678641 DEBUG: [kua.bidder] 重新计算 bucket 分配，当前节点数: 4
1776001314.692479 DEBUG: [kua.bidder] 重新计算 bucket 分配，当前节点数: 4
1776001317.693341 DEBUG: [kua.bidder] 重新计算 bucket 分配，当前节点数: 4
1776001320.696517 DEBUG: [kua.bidder] 重新计算 bucket 分配，当前节点数: 4
1776001323.697135 DEBUG: [kua.bidder] 重新计算 bucket 分配，当前节点数: 4
1776001326.697504 DEBUG: [kua.bidder] 重新计算 bucket 分配，当前节点数: 4
1776001329.697755 DEBUG: [kua.bidder] 重新计算 bucket 分配，当前节点数: 4
1776001332.742344 DEBUG: [kua.bidder] 重新计算 bucket 分配，当前节点数: 4
1776001335.786075 DEBUG: [kua.bidder] 重新计算 bucket 分配，当前节点数: 4
1776001338.786526 DEBUG: [kua.bidder] 重新计算 bucket 分配，当前节点数: 4
1776001341.787381 DEBUG: [kua.bidder] 重新计算 bucket 分配，当前节点数: 4
1776001344.789571 DEBUG: [kua.bidder] 重新计算 bucket 分配，当前节点数: 4
1776001347.790134 DEBUG: [kua.bidder] 重新计算 bucket 分配，当前节点数: 4
1776001350.790576 DEBUG: [kua.bidder] 重新计算 bucket 分配，当前节点数: 4
1776001353.791000 DEBUG: [kua.bidder] 重新计算 bucket 分配，当前节点数: 4
1776001356.791537 DEBUG: [kua.bidder] 重新计算 bucket 分配，当前节点数: 4
1776001359.857920 DEBUG: [kua.bidder] 重新计算 bucket 分配，当前节点数: 4
1776001362.858378 DEBUG: [kua.bidder] 重新计算 bucket 分配，当前节点数: 4
1776001365.858749 DEBUG: [kua.bidder] 重新计算 bucket 分配，当前节点数: 4
1776001368.859395 DEBUG: [kua.bidder] 重新计算 bucket 分配，当前节点数: 4
1776001371.860365 DEBUG: [kua.bidder] 重新计算 bucket 分配，当前节点数: 4
1776001374.860678 DEBUG: [kua.bidder] 重新计算 bucket 分配，当前节点数: 4
1776001377.861888 DEBUG: [kua.bidder] 重新计算 bucket 分配，当前节点数: 4
1776001380.872097 DEBUG: [kua.bidder] 重新计算 bucket 分配，当前节点数: 4
1776001383.872417 DEBUG: [kua.bidder] 重新计算 bucket 分配，当前节点数: 4
1776001386.872868 DEBUG: [kua.bidder] 重新计算 bucket 分配，当前节点数: 4
1776001389.878647 DEBUG: [kua.bidder] 重新计算 bucket 分配，当前节点数: 4
1776001392.879251 DEBUG: [kua.bidder] 重新计算 bucket 分配，当前节点数: 4
1776001395.879621 DEBUG: [kua.bidder] 重新计算 bucket 分配，当前节点数: 4
1776001398.879950 DEBUG: [kua.bidder] 重新计算 bucket 分配，当前节点数: 4
1776001401.880694 DEBUG: [kua.bidder] 重新计算 bucket 分配，当前节点数: 4
1776001404.881007 DEBUG: [kua.bidder] 重新计算 bucket 分配，当前节点数: 4
1776001407.881267 DEBUG: [kua.bidder] 重新计算 bucket 分配，当前节点数: 4
1776001410.881553 DEBUG: [kua.bidder] 重新计算 bucket 分配，当前节点数: 4
1776001413.881861 DEBUG: [kua.bidder] 重新计算 bucket 分配，当前节点数: 4
1776001416.882198 DEBUG: [kua.bidder] 重新计算 bucket 分配，当前节点数: 4
1776001419.882472 DEBUG: [kua.bidder] 重新计算 bucket 分配，当前节点数: 4
1776001422.882909 DEBUG: [kua.bidder] 重新计算 bucket 分配，当前节点数: 4
1776001425.883384 DEBUG: [kua.bidder] 重新计算 bucket 分配，当前节点数: 4
1776001428.886346 DEBUG: [kua.bidder] 重新计算 bucket 分配，当前节点数: 4
1776001431.889437 DEBUG: [kua.bidder] 重新计算 bucket 分配，当前节点数: 4
1776001434.889796 DEBUG: [kua.bidder] 重新计算 bucket 分配，当前节点数: 4
1776001437.890131 DEBUG: [kua.bidder] 重新计算 bucket 分配，当前节点数: 4
1776001440.890373 DEBUG: [kua.bidder] 重新计算 bucket 分配，当前节点数: 4
1776001443.890694 DEBUG: [kua.bidder] 重新计算 bucket 分配，当前节点数: 4
1776001446.891776 DEBUG: [kua.bidder] 重新计算 bucket 分配，当前节点数: 4
1776001449.892676 DEBUG: [kua.bidder] 重新计算 bucket 分配，当前节点数: 4
1776001452.893250 DEBUG: [kua.bidder] 重新计算 bucket 分配，当前节点数: 4
1776001455.894371 DEBUG: [kua.bidder] 重新计算 bucket 分配，当前节点数: 4
1776001458.894763 DEBUG: [kua.bidder] 重新计算 bucket 分配，当前节点数: 4
1776001461.896745 DEBUG: [kua.bidder] 重新计算 bucket 分配，当前节点数: 4
1776001464.899812 DEBUG: [kua.bidder] 重新计算 bucket 分配，当前节点数: 4
1776001467.900837 DEBUG: [kua.bidder] 重新计算 bucket 分配，当前节点数: 4
1776001470.903355 DEBUG: [kua.bidder] 重新计算 bucket 分配，当前节点数: 4
1776001473.903753 DEBUG: [kua.bidder] 重新计算 bucket 分配，当前节点数: 4
1776001476.904229 DEBUG: [kua.bidder] 重新计算 bucket 分配，当前节点数: 4
1776001479.904565 DEBUG: [kua.bidder] 重新计算 bucket 分配，当前节点数: 4
1776001482.904907 DEBUG: [kua.bidder] 重新计算 bucket 分配，当前节点数: 4
1776001485.905348 DEBUG: [kua.bidder] 重新计算 bucket 分配，当前节点数: 4
1776001488.905828 DEBUG: [kua.bidder] 重新计算 bucket 分配，当前节点数: 4
1776001491.906677 DEBUG: [kua.bidder] 重新计算 bucket 分配，当前节点数: 4
1776001494.907091 DEBUG: [kua.bidder] 重新计算 bucket 分配，当前节点数: 4
1776001497.907462 DEBUG: [kua.bidder] 重新计算 bucket 分配，当前节点数: 4
1776001500.909074 DEBUG: [kua.bidder] 重新计算 bucket 分配，当前节点数: 4
1776001503.909563 DEBUG: [kua.bidder] 重新计算 bucket 分配，当前节点数: 4
1776001506.909903 DEBUG: [kua.bidder] 重新计算 bucket 分配，当前节点数: 4
1776001509.910611 DEBUG: [kua.bidder] 重新计算 bucket 分配，当前节点数: 4
1776001512.910941 DEBUG: [kua.bidder] 重新计算 bucket 分配，当前节点数: 4
1776001515.911300 DEBUG: [kua.bidder] 重新计算 bucket 分配，当前节点数: 4
1776001518.911579 DEBUG: [kua.bidder] 重新计算 bucket 分配，当前节点数: 4
1776001521.913052 DEBUG: [kua.bidder] 重新计算 bucket 分配，当前节点数: 4
1776001524.913404 DEBUG: [kua.bidder] 重新计算 bucket 分配，当前节点数: 4
1776001527.913754 DEBUG: [kua.bidder] 重新计算 bucket 分配，当前节点数: 4
1776001530.914579 DEBUG: [kua.bidder] 重新计算 bucket 分配，当前节点数: 4
1776001533.915019 DEBUG: [kua.bidder] 重新计算 bucket 分配，当前节点数: 4
1776001536.915391 DEBUG: [kua.bidder] 重新计算 bucket 分配，当前节点数: 4
1776001539.916832 DEBUG: [kua.bidder] 重新计算 bucket 分配，当前节点数: 4
1776001542.917342 DEBUG: [kua.bidder] 重新计算 bucket 分配，当前节点数: 4
1776001545.918601 DEBUG: [kua.bidder] 重新计算 bucket 分配，当前节点数: 4
1776001548.919135 DEBUG: [kua.bidder] 重新计算 bucket 分配，当前节点数: 4
1776001551.920171 DEBUG: [kua.bidder] 重新计算 bucket 分配，当前节点数: 4
1776001554.920748 DEBUG: [kua.bidder] 重新计算 bucket 分配，当前节点数: 4
1776001557.921384 DEBUG: [kua.bidder] 重新计算 bucket 分配，当前节点数: 4
1776001560.921634 DEBUG: [kua.bidder] 重新计算 bucket 分配，当前节点数: 4
1776001563.923587 DEBUG: [kua.bidder] 重新计算 bucket 分配，当前节点数: 4
1776001566.924175 DEBUG: [kua.bidder] 重新计算 bucket 分配，当前节点数: 4
1776001569.925176 DEBUG: [kua.bidder] 重新计算 bucket 分配，当前节点数: 4
1776001572.971620 DEBUG: [kua.bidder] 重新计算 bucket 分配，当前节点数: 4
1776001575.973678 DEBUG: [kua.bidder] 重新计算 bucket 分配，当前节点数: 4
1776001578.974463 DEBUG: [kua.bidder] 重新计算 bucket 分配，当前节点数: 4
1776001581.975144 DEBUG: [kua.bidder] 重新计算 bucket 分配，当前节点数: 4
1776001584.975692 DEBUG: [kua.bidder] 重新计算 bucket 分配，当前节点数: 4
1776001587.976030 DEBUG: [kua.bidder] 重新计算 bucket 分配，当前节点数: 4
1776001590.976388 DEBUG: [kua.bidder] 重新计算 bucket 分配，当前节点数: 4
1776001594.146347 DEBUG: [kua.bidder] 重新计算 bucket 分配，当前节点数: 4
1776001597.146918 DEBUG: [kua.bidder] 重新计算 bucket 分配，当前节点数: 4
1776001600.148373 DEBUG: [kua.bidder] 重新计算 bucket 分配，当前节点数: 4
1776001603.275180 DEBUG: [kua.bidder] 重新计算 bucket 分配，当前节点数: 4
1776001606.275594 DEBUG: [kua.bidder] 重新计算 bucket 分配，当前节点数: 4
1776001609.276059 DEBUG: [kua.bidder] 重新计算 bucket 分配，当前节点数: 4
1776001612.276796 DEBUG: [kua.bidder] 重新计算 bucket 分配，当前节点数: 4
1776001615.277419 DEBUG: [kua.bidder] 重新计算 bucket 分配，当前节点数: 4
1776001618.278089 DEBUG: [kua.bidder] 重新计算 bucket 分配，当前节点数: 4
1776001621.278688 DEBUG: [kua.bidder] 重新计算 bucket 分配，当前节点数: 4
1776001624.279524 DEBUG: [kua.bidder] 重新计算 bucket 分配，当前节点数: 4
1776001627.280096 DEBUG: [kua.bidder] 重新计算 bucket 分配，当前节点数: 4
1776001630.280718 DEBUG: [kua.bidder] 重新计算 bucket 分配，当前节点数: 4
1776001633.281160 DEBUG: [kua.bidder] 重新计算 bucket 分配，当前节点数: 4
1776001636.281568 DEBUG: [kua.bidder] 重新计算 bucket 分配，当前节点数: 4
1776001639.282057 DEBUG: [kua.bidder] 重新计算 bucket 分配，当前节点数: 4
1776001642.282487 DEBUG: [kua.bidder] 重新计算 bucket 分配，当前节点数: 4
1776001645.300316 DEBUG: [kua.bidder] 重新计算 bucket 分配，当前节点数: 4
1776001648.301122 DEBUG: [kua.bidder] 重新计算 bucket 分配，当前节点数: 4
1776001651.301577 DEBUG: [kua.bidder] 重新计算 bucket 分配，当前节点数: 4
1776001654.303199 DEBUG: [kua.bidder] 重新计算 bucket 分配，当前节点数: 4
1776001657.304705 DEBUG: [kua.bidder] 重新计算 bucket 分配，当前节点数: 4
1776001660.305389 DEBUG: [kua.bidder] 重新计算 bucket 分配，当前节点数: 4
1776001663.306113 DEBUG: [kua.bidder] 重新计算 bucket 分配，当前节点数: 4
1776001666.306851 DEBUG: [kua.bidder] 重新计算 bucket 分配，当前节点数: 4
1776001669.307309 DEBUG: [kua.bidder] 重新计算 bucket 分配，当前节点数: 4
1776001672.308064 DEBUG: [kua.bidder] 重新计算 bucket 分配，当前节点数: 4
1776001675.313098 DEBUG: [kua.bidder] 重新计算 bucket 分配，当前节点数: 4
1776001678.313488 DEBUG: [kua.bidder] 重新计算 bucket 分配，当前节点数: 4
1776001681.314141 DEBUG: [kua.bidder] 重新计算 bucket 分配，当前节点数: 4
1776001684.314579 DEBUG: [kua.bidder] 重新计算 bucket 分配，当前节点数: 4
1776001687.315113 DEBUG: [kua.bidder] 重新计算 bucket 分配，当前节点数: 4
1776001690.315555 DEBUG: [kua.bidder] 重新计算 bucket 分配，当前节点数: 4
1776001693.316153 DEBUG: [kua.bidder] 重新计算 bucket 分配，当前节点数: 4
1776001696.316702 DEBUG: [kua.bidder] 重新计算 bucket 分配，当前节点数: 4
1776001699.317014 DEBUG: [kua.bidder] 重新计算 bucket 分配，当前节点数: 4
1776001702.317407 DEBUG: [kua.bidder] 重新计算 bucket 分配，当前节点数: 4
1776001705.317764 DEBUG: [kua.bidder] 重新计算 bucket 分配，当前节点数: 4
1776001708.318221 DEBUG: [kua.bidder] 重新计算 bucket 分配，当前节点数: 4
1776001711.318645 DEBUG: [kua.bidder] 重新计算 bucket 分配，当前节点数: 4
1776001714.319166 DEBUG: [kua.bidder] 重新计算 bucket 分配，当前节点数: 4
1776001717.320088 DEBUG: [kua.bidder] 重新计算 bucket 分配，当前节点数: 4
1776001720.326525 DEBUG: [kua.bidder] 重新计算 bucket 分配，当前节点数: 4
1776001723.327923 DEBUG: [kua.bidder] 重新计算 bucket 分配，当前节点数: 4
1776001726.328398 DEBUG: [kua.bidder] 重新计算 bucket 分配，当前节点数: 4
1776001729.331229 DEBUG: [kua.bidder] 重新计算 bucket 分配，当前节点数: 4
1776001732.332603 DEBUG: [kua.bidder] 重新计算 bucket 分配，当前节点数: 4
1776001735.334542 DEBUG: [kua.bidder] 重新计算 bucket 分配，当前节点数: 4
1776001738.335150 DEBUG: [kua.bidder] 重新计算 bucket 分配，当前节点数: 4
1776001741.335555 DEBUG: [kua.bidder] 重新计算 bucket 分配，当前节点数: 4
1776001744.337273 DEBUG: [kua.bidder] 重新计算 bucket 分配，当前节点数: 4
1776001747.341164 DEBUG: [kua.bidder] 重新计算 bucket 分配，当前节点数: 4
1776001750.342460 DEBUG: [kua.bidder] 重新计算 bucket 分配，当前节点数: 4
1776001753.343101 DEBUG: [kua.bidder] 重新计算 bucket 分配，当前节点数: 4
1776001756.343593 DEBUG: [kua.bidder] 重新计算 bucket 分配，当前节点数: 4
1776001759.344137 DEBUG: [kua.bidder] 重新计算 bucket 分配，当前节点数: 4
1776001762.344556 DEBUG: [kua.bidder] 重新计算 bucket 分配，当前节点数: 4
1776001765.352553 DEBUG: [kua.bidder] 重新计算 bucket 分配，当前节点数: 4
1776001768.352934 DEBUG: [kua.bidder] 重新计算 bucket 分配，当前节点数: 4
1776001771.354122 DEBUG: [kua.bidder] 重新计算 bucket 分配，当前节点数: 4
1776001774.360303 DEBUG: [kua.bidder] 重新计算 bucket 分配，当前节点数: 4
1776001777.360717 DEBUG: [kua.bidder] 重新计算 bucket 分配，当前节点数: 4
1776001780.361235 DEBUG: [kua.bidder] 重新计算 bucket 分配，当前节点数: 4
1776001783.364350 DEBUG: [kua.bidder] 重新计算 bucket 分配，当前节点数: 4
1776001786.365075 DEBUG: [kua.bidder] 重新计算 bucket 分配，当前节点数: 4
1776001789.365423 DEBUG: [kua.bidder] 重新计算 bucket 分配，当前节点数: 4
1776001792.365803 DEBUG: [kua.bidder] 重新计算 bucket 分配，当前节点数: 4
1776001795.366234 DEBUG: [kua.bidder] 重新计算 bucket 分配，当前节点数: 4
1776001798.366609 DEBUG: [kua.bidder] 重新计算 bucket 分配，当前节点数: 4
1776001801.367073 DEBUG: [kua.bidder] 重新计算 bucket 分配，当前节点数: 4
1776001804.367525 DEBUG: [kua.bidder] 重新计算 bucket 分配，当前节点数: 4
1776001807.368042 DEBUG: [kua.bidder] 重新计算 bucket 分配，当前节点数: 4
1776001810.368518 DEBUG: [kua.bidder] 重新计算 bucket 分配，当前节点数: 4
1776001813.369015 DEBUG: [kua.bidder] 重新计算 bucket 分配，当前节点数: 4
1776001816.382447 DEBUG: [kua.bidder] 重新计算 bucket 分配，当前节点数: 4
1776001819.384423 DEBUG: [kua.bidder] 重新计算 bucket 分配，当前节点数: 4
1776001822.384805 DEBUG: [kua.bidder] 重新计算 bucket 分配，当前节点数: 4
1776001825.385373 DEBUG: [kua.bidder] 重新计算 bucket 分配，当前节点数: 4
1776001828.385871 DEBUG: [kua.bidder] 重新计算 bucket 分配，当前节点数: 4
1776001831.386356 DEBUG: [kua.bidder] 重新计算 bucket 分配，当前节点数: 4
1776001834.386723 DEBUG: [kua.bidder] 重新计算 bucket 分配，当前节点数: 4
1776001837.387341 DEBUG: [kua.bidder] 重新计算 bucket 分配，当前节点数: 4
1776001840.395580 DEBUG: [kua.bidder] 重新计算 bucket 分配，当前节点数: 4
1776001843.396122 DEBUG: [kua.bidder] 重新计算 bucket 分配，当前节点数: 4
1776001846.397196 DEBUG: [kua.bidder] 重新计算 bucket 分配，当前节点数: 4
1776001849.397730 DEBUG: [kua.bidder] 重新计算 bucket 分配，当前节点数: 4
1776001852.400525 DEBUG: [kua.bidder] 重新计算 bucket 分配，当前节点数: 4
1776001855.406725 DEBUG: [kua.bidder] 重新计算 bucket 分配，当前节点数: 4
1776001858.409614 DEBUG: [kua.bidder] 重新计算 bucket 分配，当前节点数: 4
1776001861.417177 DEBUG: [kua.bidder] 重新计算 bucket 分配，当前节点数: 4
1776001864.421183 DEBUG: [kua.bidder] 重新计算 bucket 分配，当前节点数: 4
1776001867.423236 DEBUG: [kua.bidder] 重新计算 bucket 分配，当前节点数: 4
1776001870.423904 DEBUG: [kua.bidder] 重新计算 bucket 分配，当前节点数: 4
1776001873.432631 DEBUG: [kua.bidder] 重新计算 bucket 分配，当前节点数: 4
1776001876.433805 DEBUG: [kua.bidder] 重新计算 bucket 分配，当前节点数: 4
1776001879.434370 DEBUG: [kua.bidder] 重新计算 bucket 分配，当前节点数: 4
1776001882.434785 DEBUG: [kua.bidder] 重新计算 bucket 分配，当前节点数: 4
1776001885.435392 DEBUG: [kua.bidder] 重新计算 bucket 分配，当前节点数: 4
1776001888.436225 DEBUG: [kua.bidder] 重新计算 bucket 分配，当前节点数: 4
1776001891.436882 DEBUG: [kua.bidder] 重新计算 bucket 分配，当前节点数: 4
1776001894.437631 DEBUG: [kua.bidder] 重新计算 bucket 分配，当前节点数: 4
1776001897.439773 DEBUG: [kua.bidder] 重新计算 bucket 分配，当前节点数: 4
1776001900.442284 DEBUG: [kua.bidder] 重新计算 bucket 分配，当前节点数: 4
1776001903.442826 DEBUG: [kua.bidder] 重新计算 bucket 分配，当前节点数: 4
1776001906.444087 DEBUG: [kua.bidder] 重新计算 bucket 分配，当前节点数: 4
1776001909.444628 DEBUG: [kua.bidder] 重新计算 bucket 分配，当前节点数: 4
1776001912.445044 DEBUG: [kua.bidder] 重新计算 bucket 分配，当前节点数: 4
1776001915.445526 DEBUG: [kua.bidder] 重新计算 bucket 分配，当前节点数: 4
1776001918.446049 DEBUG: [kua.bidder] 重新计算 bucket 分配，当前节点数: 4
1776001921.446600 DEBUG: [kua.bidder] 重新计算 bucket 分配，当前节点数: 4
1776001924.449531 DEBUG: [kua.bidder] 重新计算 bucket 分配，当前节点数: 4
1776001927.451301 DEBUG: [kua.bidder] 重新计算 bucket 分配，当前节点数: 4
1776001930.453836 DEBUG: [kua.bidder] 重新计算 bucket 分配，当前节点数: 4
1776001933.454395 DEBUG: [kua.bidder] 重新计算 bucket 分配，当前节点数: 4
1776001936.456070 DEBUG: [kua.bidder] 重新计算 bucket 分配，当前节点数: 4
1776001939.456536 DEBUG: [kua.bidder] 重新计算 bucket 分配，当前节点数: 4
1776001942.457080 DEBUG: [kua.bidder] 重新计算 bucket 分配，当前节点数: 4
1776001945.457459 DEBUG: [kua.bidder] 重新计算 bucket 分配，当前节点数: 4
1776001948.457899 DEBUG: [kua.bidder] 重新计算 bucket 分配，当前节点数: 4
1776001951.458494 DEBUG: [kua.bidder] 重新计算 bucket 分配，当前节点数: 4
1776001954.459027 DEBUG: [kua.bidder] 重新计算 bucket 分配，当前节点数: 4
1776001957.459507 DEBUG: [kua.bidder] 重新计算 bucket 分配，当前节点数: 4
1776001960.460221 DEBUG: [kua.bidder] 重新计算 bucket 分配，当前节点数: 4
1776001963.461234 DEBUG: [kua.bidder] 重新计算 bucket 分配，当前节点数: 4
1776001966.462126 DEBUG: [kua.bidder] 重新计算 bucket 分配，当前节点数: 4
1776001969.462538 DEBUG: [kua.bidder] 重新计算 bucket 分配，当前节点数: 4
1776001972.463093 DEBUG: [kua.bidder] 重新计算 bucket 分配，当前节点数: 4
1776001975.463578 DEBUG: [kua.bidder] 重新计算 bucket 分配，当前节点数: 4
1776001978.464092 DEBUG: [kua.bidder] 重新计算 bucket 分配，当前节点数: 4
1776001981.464556 DEBUG: [kua.bidder] 重新计算 bucket 分配，当前节点数: 4
1776001984.465038 DEBUG: [kua.bidder] 重新计算 bucket 分配，当前节点数: 4
1776001987.465487 DEBUG: [kua.bidder] 重新计算 bucket 分配，当前节点数: 4
1776001990.465869 DEBUG: [kua.bidder] 重新计算 bucket 分配，当前节点数: 4
1776001993.466375 DEBUG: [kua.bidder] 重新计算 bucket 分配，当前节点数: 4
1776001996.466824 DEBUG: [kua.bidder] 重新计算 bucket 分配，当前节点数: 4
1776001999.467369 DEBUG: [kua.bidder] 重新计算 bucket 分配，当前节点数: 4
1776002002.467740 DEBUG: [kua.bidder] 重新计算 bucket 分配，当前节点数: 4
1776002005.468154 DEBUG: [kua.bidder] 重新计算 bucket 分配，当前节点数: 4
1776002008.468665 DEBUG: [kua.bidder] 重新计算 bucket 分配，当前节点数: 4
1776002011.469145 DEBUG: [kua.bidder] 重新计算 bucket 分配，当前节点数: 4
1776002014.469678 DEBUG: [kua.bidder] 重新计算 bucket 分配，当前节点数: 4
1776002017.471439 DEBUG: [kua.bidder] 重新计算 bucket 分配，当前节点数: 4
1776002020.476570 DEBUG: [kua.bidder] 重新计算 bucket 分配，当前节点数: 4
1776002023.478664 DEBUG: [kua.bidder] 重新计算 bucket 分配，当前节点数: 4
1776002026.479124 DEBUG: [kua.bidder] 重新计算 bucket 分配，当前节点数: 4
1776002029.479657 DEBUG: [kua.bidder] 重新计算 bucket 分配，当前节点数: 4
1776002032.480359 DEBUG: [kua.bidder] 重新计算 bucket 分配，当前节点数: 4
1776002035.481452 DEBUG: [kua.bidder] 重新计算 bucket 分配，当前节点数: 4
1776002038.482128 DEBUG: [kua.bidder] 重新计算 bucket 分配，当前节点数: 4
1776002041.482554 DEBUG: [kua.bidder] 重新计算 bucket 分配，当前节点数: 4
1776002044.483089 DEBUG: [kua.bidder] 重新计算 bucket 分配，当前节点数: 4
1776002047.483576 DEBUG: [kua.bidder] 重新计算 bucket 分配，当前节点数: 4
1776002050.484089 DEBUG: [kua.bidder] 重新计算 bucket 分配，当前节点数: 4
1776002053.485037 DEBUG: [kua.bidder] 重新计算 bucket 分配，当前节点数: 4
1776002056.485599 DEBUG: [kua.bidder] 重新计算 bucket 分配，当前节点数: 4
1776002059.486645 DEBUG: [kua.bidder] 重新计算 bucket 分配，当前节点数: 4
1776002062.487059 DEBUG: [kua.bidder] 重新计算 bucket 分配，当前节点数: 4
1776002065.487494 DEBUG: [kua.bidder] 重新计算 bucket 分配，当前节点数: 4
1776002068.491242 DEBUG: [kua.bidder] 重新计算 bucket 分配，当前节点数: 4
1776002071.491815 DEBUG: [kua.bidder] 重新计算 bucket 分配，当前节点数: 4
1776002074.494016 DEBUG: [kua.bidder] 重新计算 bucket 分配，当前节点数: 4
1776002077.495154 DEBUG: [kua.bidder] 重新计算 bucket 分配，当前节点数: 4
1776002080.495579 DEBUG: [kua.bidder] 重新计算 bucket 分配，当前节点数: 4
1776002083.496052 DEBUG: [kua.bidder] 重新计算 bucket 分配，当前节点数: 4
1776002086.497084 DEBUG: [kua.bidder] 重新计算 bucket 分配，当前节点数: 4
1776002089.497551 DEBUG: [kua.bidder] 重新计算 bucket 分配，当前节点数: 4
1776002092.497918 DEBUG: [kua.bidder] 重新计算 bucket 分配，当前节点数: 4
1776002095.498446 DEBUG: [kua.bidder] 重新计算 bucket 分配，当前节点数: 4
1776002098.499032 DEBUG: [kua.bidder] 重新计算 bucket 分配，当前节点数: 4
1776002101.499459 DEBUG: [kua.bidder] 重新计算 bucket 分配，当前节点数: 4
1776002104.500150 DEBUG: [kua.bidder] 重新计算 bucket 分配，当前节点数: 4
1776002107.500668 DEBUG: [kua.bidder] 重新计算 bucket 分配，当前节点数: 4
1776002110.501133 DEBUG: [kua.bidder] 重新计算 bucket 分配，当前节点数: 4
1776002113.501533 DEBUG: [kua.bidder] 重新计算 bucket 分配，当前节点数: 4
1776002116.501738 DEBUG: [kua.bidder] 重新计算 bucket 分配，当前节点数: 4
1776002119.503541 DEBUG: [kua.bidder] 重新计算 bucket 分配，当前节点数: 4
1776002122.504477 DEBUG: [kua.bidder] 重新计算 bucket 分配，当前节点数: 4
1776002125.505089 DEBUG: [kua.bidder] 重新计算 bucket 分配，当前节点数: 4
1776002128.508232 DEBUG: [kua.bidder] 重新计算 bucket 分配，当前节点数: 4
1776002131.508683 DEBUG: [kua.bidder] 重新计算 bucket 分配，当前节点数: 4
1776002134.509685 DEBUG: [kua.bidder] 重新计算 bucket 分配，当前节点数: 4
1776002137.510750 DEBUG: [kua.bidder] 重新计算 bucket 分配，当前节点数: 4
1776002140.517600 DEBUG: [kua.bidder] 重新计算 bucket 分配，当前节点数: 4
1776002143.518495 DEBUG: [kua.bidder] 重新计算 bucket 分配，当前节点数: 4
1776002146.518895 DEBUG: [kua.bidder] 重新计算 bucket 分配，当前节点数: 4
1776002149.519488 DEBUG: [kua.bidder] 重新计算 bucket 分配，当前节点数: 4
1776002152.519982 DEBUG: [kua.bidder] 重新计算 bucket 分配，当前节点数: 4
1776002155.520365 DEBUG: [kua.bidder] 重新计算 bucket 分配，当前节点数: 4
1776002158.520889 DEBUG: [kua.bidder] 重新计算 bucket 分配，当前节点数: 4
1776002161.523085 DEBUG: [kua.bidder] 重新计算 bucket 分配，当前节点数: 4
1776002164.524149 DEBUG: [kua.bidder] 重新计算 bucket 分配，当前节点数: 4
1776002167.524653 DEBUG: [kua.bidder] 重新计算 bucket 分配，当前节点数: 4
1776002170.525255 DEBUG: [kua.bidder] 重新计算 bucket 分配，当前节点数: 4
1776002173.525734 DEBUG: [kua.bidder] 重新计算 bucket 分配，当前节点数: 4
1776002176.526359 DEBUG: [kua.bidder] 重新计算 bucket 分配，当前节点数: 4
1776002179.526884 DEBUG: [kua.bidder] 重新计算 bucket 分配，当前节点数: 4
1776002182.527452 DEBUG: [kua.bidder] 重新计算 bucket 分配，当前节点数: 4
1776002185.528035 DEBUG: [kua.bidder] 重新计算 bucket 分配，当前节点数: 4
1776002188.528465 DEBUG: [kua.bidder] 重新计算 bucket 分配，当前节点数: 4
1776002191.530192 DEBUG: [kua.bidder] 重新计算 bucket 分配，当前节点数: 4
1776002194.530877 DEBUG: [kua.bidder] 重新计算 bucket 分配，当前节点数: 4
1776002197.531491 DEBUG: [kua.bidder] 重新计算 bucket 分配，当前节点数: 4
1776002200.531907 DEBUG: [kua.bidder] 重新计算 bucket 分配，当前节点数: 4
1776002203.532428 DEBUG: [kua.bidder] 重新计算 bucket 分配，当前节点数: 4
1776002206.533151 DEBUG: [kua.bidder] 重新计算 bucket 分配，当前节点数: 4
1776002209.533482 DEBUG: [kua.bidder] 重新计算 bucket 分配，当前节点数: 4
1776002212.536548 DEBUG: [kua.bidder] 重新计算 bucket 分配，当前节点数: 4
1776002215.537088 DEBUG: [kua.bidder] 重新计算 bucket 分配，当前节点数: 4
1776002218.537384 DEBUG: [kua.bidder] 重新计算 bucket 分配，当前节点数: 4
1776002221.538178 DEBUG: [kua.bidder] 重新计算 bucket 分配，当前节点数: 4
1776002224.539840 DEBUG: [kua.bidder] 重新计算 bucket 分配，当前节点数: 4
1776002227.542317 DEBUG: [kua.bidder] 重新计算 bucket 分配，当前节点数: 4
1776002230.544209 DEBUG: [kua.bidder] 重新计算 bucket 分配，当前节点数: 4
1776002233.545055 DEBUG: [kua.bidder] 重新计算 bucket 分配，当前节点数: 4
1776002236.546309 DEBUG: [kua.bidder] 重新计算 bucket 分配，当前节点数: 4
1776002239.547001 DEBUG: [kua.bidder] 重新计算 bucket 分配，当前节点数: 4
1776002242.547458 DEBUG: [kua.bidder] 重新计算 bucket 分配，当前节点数: 4
1776002245.547795 DEBUG: [kua.bidder] 重新计算 bucket 分配，当前节点数: 4
1776002248.548708 DEBUG: [kua.bidder] 重新计算 bucket 分配，当前节点数: 4
1776002251.549077 DEBUG: [kua.bidder] 重新计算 bucket 分配，当前节点数: 4
1776002254.549479 DEBUG: [kua.bidder] 重新计算 bucket 分配，当前节点数: 4
1776002257.549885 DEBUG: [kua.bidder] 重新计算 bucket 分配，当前节点数: 4
1776002260.550346 DEBUG: [kua.bidder] 重新计算 bucket 分配，当前节点数: 4
1776002263.556167 DEBUG: [kua.bidder] 重新计算 bucket 分配，当前节点数: 4
1776002266.556529 DEBUG: [kua.bidder] 重新计算 bucket 分配，当前节点数: 4
1776002269.557011 DEBUG: [kua.bidder] 重新计算 bucket 分配，当前节点数: 4
1776002272.557823 DEBUG: [kua.bidder] 重新计算 bucket 分配，当前节点数: 4
1776002275.560622 DEBUG: [kua.bidder] 重新计算 bucket 分配，当前节点数: 4
1776002278.561707 DEBUG: [kua.bidder] 重新计算 bucket 分配，当前节点数: 4
1776002281.562334 DEBUG: [kua.bidder] 重新计算 bucket 分配，当前节点数: 4
1776002284.562737 DEBUG: [kua.bidder] 重新计算 bucket 分配，当前节点数: 4
1776002287.567487 DEBUG: [kua.bidder] 重新计算 bucket 分配，当前节点数: 4
1776002290.567913 DEBUG: [kua.bidder] 重新计算 bucket 分配，当前节点数: 4
1776002293.569496 DEBUG: [kua.bidder] 重新计算 bucket 分配，当前节点数: 4
1776002296.570067 DEBUG: [kua.bidder] 重新计算 bucket 分配，当前节点数: 4
1776002299.570685 DEBUG: [kua.bidder] 重新计算 bucket 分配，当前节点数: 4
1776002302.571317 DEBUG: [kua.bidder] 重新计算 bucket 分配，当前节点数: 4
1776002305.571856 DEBUG: [kua.bidder] 重新计算 bucket 分配，当前节点数: 4
1776002308.572344 DEBUG: [kua.bidder] 重新计算 bucket 分配，当前节点数: 4
1776002311.575156 DEBUG: [kua.bidder] 重新计算 bucket 分配，当前节点数: 4
1776002314.575492 DEBUG: [kua.bidder] 重新计算 bucket 分配，当前节点数: 4
1776002317.575910 DEBUG: [kua.bidder] 重新计算 bucket 分配，当前节点数: 4
1776002320.579220 DEBUG: [kua.bidder] 重新计算 bucket 分配，当前节点数: 4
1776002323.579861 DEBUG: [kua.bidder] 重新计算 bucket 分配，当前节点数: 4
1776002326.583507 DEBUG: [kua.bidder] 重新计算 bucket 分配，当前节点数: 4
1776002329.584072 DEBUG: [kua.bidder] 重新计算 bucket 分配，当前节点数: 4
1776002332.584521 DEBUG: [kua.bidder] 重新计算 bucket 分配，当前节点数: 4
1776002335.585104 DEBUG: [kua.bidder] 重新计算 bucket 分配，当前节点数: 4
1776002338.585502 DEBUG: [kua.bidder] 重新计算 bucket 分配，当前节点数: 4
1776002341.585910 DEBUG: [kua.bidder] 重新计算 bucket 分配，当前节点数: 4
1776002344.586510 DEBUG: [kua.bidder] 重新计算 bucket 分配，当前节点数: 4
1776002347.586942 DEBUG: [kua.bidder] 重新计算 bucket 分配，当前节点数: 4
1776002350.587371 DEBUG: [kua.bidder] 重新计算 bucket 分配，当前节点数: 4
1776002353.587886 DEBUG: [kua.bidder] 重新计算 bucket 分配，当前节点数: 4
1776002356.588411 DEBUG: [kua.bidder] 重新计算 bucket 分配，当前节点数: 4
1776002359.588806 DEBUG: [kua.bidder] 重新计算 bucket 分配，当前节点数: 4
1776002362.590092 DEBUG: [kua.bidder] 重新计算 bucket 分配，当前节点数: 4
1776002365.590742 DEBUG: [kua.bidder] 重新计算 bucket 分配，当前节点数: 4
1776002368.592407 DEBUG: [kua.bidder] 重新计算 bucket 分配，当前节点数: 4
1776002371.592863 DEBUG: [kua.bidder] 重新计算 bucket 分配，当前节点数: 4
1776002374.594856 DEBUG: [kua.bidder] 重新计算 bucket 分配，当前节点数: 4
1776002377.595484 DEBUG: [kua.bidder] 重新计算 bucket 分配，当前节点数: 4
1776002380.596273 DEBUG: [kua.bidder] 重新计算 bucket 分配，当前节点数: 4
1776002383.596797 DEBUG: [kua.bidder] 重新计算 bucket 分配，当前节点数: 4
1776002386.597379 DEBUG: [kua.bidder] 重新计算 bucket 分配，当前节点数: 4
1776002389.597827 DEBUG: [kua.bidder] 重新计算 bucket 分配，当前节点数: 4
1776002392.598409 DEBUG: [kua.bidder] 重新计算 bucket 分配，当前节点数: 4
1776002395.599434 DEBUG: [kua.bidder] 重新计算 bucket 分配，当前节点数: 4
1776002398.600158 DEBUG: [kua.bidder] 重新计算 bucket 分配，当前节点数: 4
1776002401.601910 DEBUG: [kua.bidder] 重新计算 bucket 分配，当前节点数: 4
1776002404.602483 DEBUG: [kua.bidder] 重新计算 bucket 分配，当前节点数: 4
1776002407.602911 DEBUG: [kua.bidder] 重新计算 bucket 分配，当前节点数: 4
1776002410.603862 DEBUG: [kua.bidder] 重新计算 bucket 分配，当前节点数: 4
1776002413.604684 DEBUG: [kua.bidder] 重新计算 bucket 分配，当前节点数: 4
1776002416.605141 DEBUG: [kua.bidder] 重新计算 bucket 分配，当前节点数: 4
1776002419.605583 DEBUG: [kua.bidder] 重新计算 bucket 分配，当前节点数: 4
1776002422.606417 DEBUG: [kua.bidder] 重新计算 bucket 分配，当前节点数: 4
1776002425.609555 DEBUG: [kua.bidder] 重新计算 bucket 分配，当前节点数: 4
1776002428.610138 DEBUG: [kua.bidder] 重新计算 bucket 分配，当前节点数: 4
1776002431.610519 DEBUG: [kua.bidder] 重新计算 bucket 分配，当前节点数: 4
1776002434.611200 DEBUG: [kua.bidder] 重新计算 bucket 分配，当前节点数: 4
1776002437.611777 DEBUG: [kua.bidder] 重新计算 bucket 分配，当前节点数: 4
1776002440.612342 DEBUG: [kua.bidder] 重新计算 bucket 分配，当前节点数: 4
1776002443.612770 DEBUG: [kua.bidder] 重新计算 bucket 分配，当前节点数: 4
1776002446.616781 DEBUG: [kua.bidder] 重新计算 bucket 分配，当前节点数: 4
1776002449.617206 DEBUG: [kua.bidder] 重新计算 bucket 分配，当前节点数: 4
1776002452.617701 DEBUG: [kua.bidder] 重新计算 bucket 分配，当前节点数: 4
1776002455.618283 DEBUG: [kua.bidder] 重新计算 bucket 分配，当前节点数: 4
1776002458.618837 DEBUG: [kua.bidder] 重新计算 bucket 分配，当前节点数: 4
1776002461.619314 DEBUG: [kua.bidder] 重新计算 bucket 分配，当前节点数: 4
1776002464.620459 DEBUG: [kua.bidder] 重新计算 bucket 分配，当前节点数: 4
1776002467.620897 DEBUG: [kua.bidder] 重新计算 bucket 分配，当前节点数: 4
1776002470.621470 DEBUG: [kua.bidder] 重新计算 bucket 分配，当前节点数: 4
1776002473.621993 DEBUG: [kua.bidder] 重新计算 bucket 分配，当前节点数: 4
1776002476.622597 DEBUG: [kua.bidder] 重新计算 bucket 分配，当前节点数: 4
1776002479.624535 DEBUG: [kua.bidder] 重新计算 bucket 分配，当前节点数: 4
1776002482.625193 DEBUG: [kua.bidder] 重新计算 bucket 分配，当前节点数: 4
1776002485.627218 DEBUG: [kua.bidder] 重新计算 bucket 分配，当前节点数: 4
1776002488.627774 DEBUG: [kua.bidder] 重新计算 bucket 分配，当前节点数: 4
1776002491.628282 DEBUG: [kua.bidder] 重新计算 bucket 分配，当前节点数: 4
1776002494.628651 DEBUG: [kua.bidder] 重新计算 bucket 分配，当前节点数: 4
1776002497.629083 DEBUG: [kua.bidder] 重新计算 bucket 分配，当前节点数: 4
1776002500.629535 DEBUG: [kua.bidder] 重新计算 bucket 分配，当前节点数: 4
1776002503.630114 DEBUG: [kua.bidder] 重新计算 bucket 分配，当前节点数: 4
1776002506.630614 DEBUG: [kua.bidder] 重新计算 bucket 分配，当前节点数: 4
1776002509.631041 DEBUG: [kua.bidder] 重新计算 bucket 分配，当前节点数: 4
1776002512.631644 DEBUG: [kua.bidder] 重新计算 bucket 分配，当前节点数: 4
1776002515.632145 DEBUG: [kua.bidder] 重新计算 bucket 分配，当前节点数: 4
1776002518.632561 DEBUG: [kua.bidder] 重新计算 bucket 分配，当前节点数: 4
1776002521.633143 DEBUG: [kua.bidder] 重新计算 bucket 分配，当前节点数: 4
1776002524.633654 DEBUG: [kua.bidder] 重新计算 bucket 分配，当前节点数: 4
1776002527.635279 DEBUG: [kua.bidder] 重新计算 bucket 分配，当前节点数: 4
1776002530.635664 DEBUG: [kua.bidder] 重新计算 bucket 分配，当前节点数: 4
1776002533.636071 DEBUG: [kua.bidder] 重新计算 bucket 分配，当前节点数: 4
1776002536.636461 DEBUG: [kua.bidder] 重新计算 bucket 分配，当前节点数: 4
1776002539.637030 DEBUG: [kua.bidder] 重新计算 bucket 分配，当前节点数: 4
1776002542.637500 DEBUG: [kua.bidder] 重新计算 bucket 分配，当前节点数: 4
1776002545.637983 DEBUG: [kua.bidder] 重新计算 bucket 分配，当前节点数: 4
1776002548.638376 DEBUG: [kua.bidder] 重新计算 bucket 分配，当前节点数: 4
1776002551.645556 DEBUG: [kua.bidder] 重新计算 bucket 分配，当前节点数: 4
1776002554.646546 DEBUG: [kua.bidder] 重新计算 bucket 分配，当前节点数: 4
1776002557.647104 DEBUG: [kua.bidder] 重新计算 bucket 分配，当前节点数: 4
1776002560.647565 DEBUG: [kua.bidder] 重新计算 bucket 分配，当前节点数: 4
1776002563.648471 DEBUG: [kua.bidder] 重新计算 bucket 分配，当前节点数: 4
1776002566.649080 DEBUG: [kua.bidder] 重新计算 bucket 分配，当前节点数: 4
1776002569.649513 DEBUG: [kua.bidder] 重新计算 bucket 分配，当前节点数: 4
1776002572.650030 DEBUG: [kua.bidder] 重新计算 bucket 分配，当前节点数: 4
1776002575.650500 DEBUG: [kua.bidder] 重新计算 bucket 分配，当前节点数: 4
1776002578.650890 DEBUG: [kua.bidder] 重新计算 bucket 分配，当前节点数: 4
1776002581.651438 DEBUG: [kua.bidder] 重新计算 bucket 分配，当前节点数: 4
1776002584.652028 DEBUG: [kua.bidder] 重新计算 bucket 分配，当前节点数: 4
1776002587.652589 DEBUG: [kua.bidder] 重新计算 bucket 分配，当前节点数: 4
1776002590.653372 DEBUG: [kua.bidder] 重新计算 bucket 分配，当前节点数: 4
1776002593.655206 DEBUG: [kua.bidder] 重新计算 bucket 分配，当前节点数: 4
1776002596.657436 DEBUG: [kua.bidder] 重新计算 bucket 分配，当前节点数: 4
1776002599.660104 DEBUG: [kua.bidder] 重新计算 bucket 分配，当前节点数: 4
1776002602.660553 DEBUG: [kua.bidder] 重新计算 bucket 分配，当前节点数: 4
1776002605.662273 DEBUG: [kua.bidder] 重新计算 bucket 分配，当前节点数: 4
1776002608.663048 DEBUG: [kua.bidder] 重新计算 bucket 分配，当前节点数: 4
1776002611.663537 DEBUG: [kua.bidder] 重新计算 bucket 分配，当前节点数: 4
1776002614.664129 DEBUG: [kua.bidder] 重新计算 bucket 分配，当前节点数: 4
1776002617.664740 DEBUG: [kua.bidder] 重新计算 bucket 分配，当前节点数: 4
1776002620.665506 DEBUG: [kua.bidder] 重新计算 bucket 分配，当前节点数: 4
1776002623.666125 DEBUG: [kua.bidder] 重新计算 bucket 分配，当前节点数: 4
1776002626.666738 DEBUG: [kua.bidder] 重新计算 bucket 分配，当前节点数: 4
1776002629.667338 DEBUG: [kua.bidder] 重新计算 bucket 分配，当前节点数: 4
1776002632.667900 DEBUG: [kua.bidder] 重新计算 bucket 分配，当前节点数: 4
1776002635.668359 DEBUG: [kua.bidder] 重新计算 bucket 分配，当前节点数: 4
1776002638.668751 DEBUG: [kua.bidder] 重新计算 bucket 分配，当前节点数: 4
1776002641.669187 DEBUG: [kua.bidder] 重新计算 bucket 分配，当前节点数: 4
1776002644.669586 DEBUG: [kua.bidder] 重新计算 bucket 分配，当前节点数: 4
1776002647.670086 DEBUG: [kua.bidder] 重新计算 bucket 分配，当前节点数: 4
1776002650.670517 DEBUG: [kua.bidder] 重新计算 bucket 分配，当前节点数: 4
1776002653.671090 DEBUG: [kua.bidder] 重新计算 bucket 分配，当前节点数: 4
1776002656.682582 DEBUG: [kua.bidder] 重新计算 bucket 分配，当前节点数: 4
1776002659.684849 DEBUG: [kua.bidder] 重新计算 bucket 分配，当前节点数: 4
1776002662.685545 DEBUG: [kua.bidder] 重新计算 bucket 分配，当前节点数: 4
1776002665.686489 DEBUG: [kua.bidder] 重新计算 bucket 分配，当前节点数: 4
1776002668.687127 DEBUG: [kua.bidder] 重新计算 bucket 分配，当前节点数: 4
1776002671.687592 DEBUG: [kua.bidder] 重新计算 bucket 分配，当前节点数: 4
1776002674.688433 DEBUG: [kua.bidder] 重新计算 bucket 分配，当前节点数: 4
1776002677.688897 DEBUG: [kua.bidder] 重新计算 bucket 分配，当前节点数: 4
1776002680.689449 DEBUG: [kua.bidder] 重新计算 bucket 分配，当前节点数: 4
1776002683.690014 DEBUG: [kua.bidder] 重新计算 bucket 分配，当前节点数: 4
1776002686.698199 DEBUG: [kua.bidder] 重新计算 bucket 分配，当前节点数: 4
1776002689.699543 DEBUG: [kua.bidder] 重新计算 bucket 分配，当前节点数: 4
1776002692.700218 DEBUG: [kua.bidder] 重新计算 bucket 分配，当前节点数: 4
1776002695.701009 DEBUG: [kua.bidder] 重新计算 bucket 分配，当前节点数: 4
1776002698.701440 DEBUG: [kua.bidder] 重新计算 bucket 分配，当前节点数: 4
1776002701.702209 DEBUG: [kua.bidder] 重新计算 bucket 分配，当前节点数: 4
1776002704.702845 DEBUG: [kua.bidder] 重新计算 bucket 分配，当前节点数: 4
1776002707.703741 DEBUG: [kua.bidder] 重新计算 bucket 分配，当前节点数: 4
1776002710.704291 DEBUG: [kua.bidder] 重新计算 bucket 分配，当前节点数: 4
1776002713.704739 DEBUG: [kua.bidder] 重新计算 bucket 分配，当前节点数: 4
1776002716.706092 DEBUG: [kua.bidder] 重新计算 bucket 分配，当前节点数: 4
1776002719.706666 DEBUG: [kua.bidder] 重新计算 bucket 分配，当前节点数: 4
1776002722.708540 DEBUG: [kua.bidder] 重新计算 bucket 分配，当前节点数: 4
1776002725.709285 DEBUG: [kua.bidder] 重新计算 bucket 分配，当前节点数: 4
1776002728.741482 DEBUG: [kua.bidder] 重新计算 bucket 分配，当前节点数: 4
1776002731.742074 DEBUG: [kua.bidder] 重新计算 bucket 分配，当前节点数: 4
1776002734.743627 DEBUG: [kua.bidder] 重新计算 bucket 分配，当前节点数: 4
1776002737.744684 DEBUG: [kua.bidder] 重新计算 bucket 分配，当前节点数: 4
1776002740.745425 DEBUG: [kua.bidder] 重新计算 bucket 分配，当前节点数: 4
1776002743.746221 DEBUG: [kua.bidder] 重新计算 bucket 分配，当前节点数: 4
1776002746.746672 DEBUG: [kua.bidder] 重新计算 bucket 分配，当前节点数: 4
1776002749.747300 DEBUG: [kua.bidder] 重新计算 bucket 分配，当前节点数: 4
1776002752.747785 DEBUG: [kua.bidder] 重新计算 bucket 分配，当前节点数: 4
1776002755.748289 DEBUG: [kua.bidder] 重新计算 bucket 分配，当前节点数: 4
1776002758.748707 DEBUG: [kua.bidder] 重新计算 bucket 分配，当前节点数: 4
1776002761.749190 DEBUG: [kua.bidder] 重新计算 bucket 分配，当前节点数: 4
1776002764.749738 DEBUG: [kua.bidder] 重新计算 bucket 分配，当前节点数: 4
1776002767.751322 DEBUG: [kua.bidder] 重新计算 bucket 分配，当前节点数: 4
1776002770.752168 DEBUG: [kua.bidder] 重新计算 bucket 分配，当前节点数: 4
1776002773.752813 DEBUG: [kua.bidder] 重新计算 bucket 分配，当前节点数: 4
1776002776.753391 DEBUG: [kua.bidder] 重新计算 bucket 分配，当前节点数: 4
1776002779.756149 DEBUG: [kua.bidder] 重新计算 bucket 分配，当前节点数: 4
1776002782.759328 DEBUG: [kua.bidder] 重新计算 bucket 分配，当前节点数: 4
1776002785.759881 DEBUG: [kua.bidder] 重新计算 bucket 分配，当前节点数: 4
1776002788.760852 DEBUG: [kua.bidder] 重新计算 bucket 分配，当前节点数: 4
1776002791.761365 DEBUG: [kua.bidder] 重新计算 bucket 分配，当前节点数: 4
1776002794.761833 DEBUG: [kua.bidder] 重新计算 bucket 分配，当前节点数: 4
1776002797.833638 DEBUG: [kua.bidder] 重新计算 bucket 分配，当前节点数: 4
1776002800.901045 DEBUG: [kua.bidder] 重新计算 bucket 分配，当前节点数: 4
1776002803.901530 DEBUG: [kua.bidder] 重新计算 bucket 分配，当前节点数: 4
1776002806.902166 DEBUG: [kua.bidder] 重新计算 bucket 分配，当前节点数: 4
1776002809.902709 DEBUG: [kua.bidder] 重新计算 bucket 分配，当前节点数: 4
1776002812.903354 DEBUG: [kua.bidder] 重新计算 bucket 分配，当前节点数: 4
1776002815.903893 DEBUG: [kua.bidder] 重新计算 bucket 分配，当前节点数: 4
1776002818.904412 DEBUG: [kua.bidder] 重新计算 bucket 分配，当前节点数: 4
1776002821.904756 DEBUG: [kua.bidder] 重新计算 bucket 分配，当前节点数: 4
1776002824.905364 DEBUG: [kua.bidder] 重新计算 bucket 分配，当前节点数: 4
1776002827.905834 DEBUG: [kua.bidder] 重新计算 bucket 分配，当前节点数: 4
1776002830.906469 DEBUG: [kua.bidder] 重新计算 bucket 分配，当前节点数: 4
1776002833.907385 DEBUG: [kua.bidder] 重新计算 bucket 分配，当前节点数: 4
1776002836.907862 DEBUG: [kua.bidder] 重新计算 bucket 分配，当前节点数: 4
1776002839.908605 DEBUG: [kua.bidder] 重新计算 bucket 分配，当前节点数: 4
1776002842.909896 DEBUG: [kua.bidder] 重新计算 bucket 分配，当前节点数: 4
1776002845.910444 DEBUG: [kua.bidder] 重新计算 bucket 分配，当前节点数: 4
1776002848.911101 DEBUG: [kua.bidder] 重新计算 bucket 分配，当前节点数: 4
1776002851.911552 DEBUG: [kua.bidder] 重新计算 bucket 分配，当前节点数: 4
1776002854.912130 DEBUG: [kua.bidder] 重新计算 bucket 分配，当前节点数: 4
1776002857.912724 DEBUG: [kua.bidder] 重新计算 bucket 分配，当前节点数: 4
1776002860.913425 DEBUG: [kua.bidder] 重新计算 bucket 分配，当前节点数: 4
1776002863.914043 DEBUG: [kua.bidder] 重新计算 bucket 分配，当前节点数: 4
1776002866.915821 DEBUG: [kua.bidder] 重新计算 bucket 分配，当前节点数: 4
1776002869.916325 DEBUG: [kua.bidder] 重新计算 bucket 分配，当前节点数: 4
1776002872.916825 DEBUG: [kua.bidder] 重新计算 bucket 分配，当前节点数: 4
1776002875.917296 DEBUG: [kua.bidder] 重新计算 bucket 分配，当前节点数: 4
1776002878.917711 DEBUG: [kua.bidder] 重新计算 bucket 分配，当前节点数: 4
1776002881.918337 DEBUG: [kua.bidder] 重新计算 bucket 分配，当前节点数: 4
1776002884.918764 DEBUG: [kua.bidder] 重新计算 bucket 分配，当前节点数: 4
1776002887.919256 DEBUG: [kua.bidder] 重新计算 bucket 分配，当前节点数: 4
1776002890.919683 DEBUG: [kua.bidder] 重新计算 bucket 分配，当前节点数: 4
1776002893.920092 DEBUG: [kua.bidder] 重新计算 bucket 分配，当前节点数: 4
1776002896.920511 DEBUG: [kua.bidder] 重新计算 bucket 分配，当前节点数: 4
1776002899.920904 DEBUG: [kua.bidder] 重新计算 bucket 分配，当前节点数: 4
1776002902.921453 DEBUG: [kua.bidder] 重新计算 bucket 分配，当前节点数: 4
1776002905.923052 DEBUG: [kua.bidder] 重新计算 bucket 分配，当前节点数: 4
1776002908.923441 DEBUG: [kua.bidder] 重新计算 bucket 分配，当前节点数: 4
1776002911.924623 DEBUG: [kua.bidder] 重新计算 bucket 分配，当前节点数: 4
1776002914.925072 DEBUG: [kua.bidder] 重新计算 bucket 分配，当前节点数: 4
1776002917.926268 DEBUG: [kua.bidder] 重新计算 bucket 分配，当前节点数: 4
1776002920.926797 DEBUG: [kua.bidder] 重新计算 bucket 分配，当前节点数: 4
1776002923.927389 DEBUG: [kua.bidder] 重新计算 bucket 分配，当前节点数: 4
1776002926.928253 DEBUG: [kua.bidder] 重新计算 bucket 分配，当前节点数: 4
1776002929.928639 DEBUG: [kua.bidder] 重新计算 bucket 分配，当前节点数: 4
1776002932.929251 DEBUG: [kua.bidder] 重新计算 bucket 分配，当前节点数: 4
1776002935.929811 DEBUG: [kua.bidder] 重新计算 bucket 分配，当前节点数: 4
1776002938.931154 DEBUG: [kua.bidder] 重新计算 bucket 分配，当前节点数: 4
1776002941.931705 DEBUG: [kua.bidder] 重新计算 bucket 分配，当前节点数: 4
1776002944.932752 DEBUG: [kua.bidder] 重新计算 bucket 分配，当前节点数: 4
1776002947.933676 DEBUG: [kua.bidder] 重新计算 bucket 分配，当前节点数: 4
1776002950.941726 DEBUG: [kua.bidder] 重新计算 bucket 分配，当前节点数: 4
1776002953.942575 DEBUG: [kua.bidder] 重新计算 bucket 分配，当前节点数: 4
1776002956.943887 DEBUG: [kua.bidder] 重新计算 bucket 分配，当前节点数: 4
1776002959.944490 DEBUG: [kua.bidder] 重新计算 bucket 分配，当前节点数: 4
1776002962.945371 DEBUG: [kua.bidder] 重新计算 bucket 分配，当前节点数: 4
1776002965.948192 DEBUG: [kua.bidder] 重新计算 bucket 分配，当前节点数: 4
1776002968.948642 DEBUG: [kua.bidder] 重新计算 bucket 分配，当前节点数: 4
1776002971.949309 DEBUG: [kua.bidder] 重新计算 bucket 分配，当前节点数: 4
1776002974.950019 DEBUG: [kua.bidder] 重新计算 bucket 分配，当前节点数: 4
1776002977.950442 DEBUG: [kua.bidder] 重新计算 bucket 分配，当前节点数: 4
1776002980.950979 DEBUG: [kua.bidder] 重新计算 bucket 分配，当前节点数: 4
1776002983.951390 DEBUG: [kua.bidder] 重新计算 bucket 分配，当前节点数: 4
1776002986.952179 DEBUG: [kua.bidder] 重新计算 bucket 分配，当前节点数: 4
1776002989.952673 DEBUG: [kua.bidder] 重新计算 bucket 分配，当前节点数: 4
1776002992.953298 DEBUG: [kua.bidder] 重新计算 bucket 分配，当前节点数: 4
1776002995.953746 DEBUG: [kua.bidder] 重新计算 bucket 分配，当前节点数: 4
1776002998.956091 DEBUG: [kua.bidder] 重新计算 bucket 分配，当前节点数: 4
1776003001.956490 DEBUG: [kua.bidder] 重新计算 bucket 分配，当前节点数: 4
1776003004.957039 DEBUG: [kua.bidder] 重新计算 bucket 分配，当前节点数: 4
1776003007.957636 DEBUG: [kua.bidder] 重新计算 bucket 分配，当前节点数: 4
1776003010.958368 DEBUG: [kua.bidder] 重新计算 bucket 分配，当前节点数: 4
1776003013.958856 DEBUG: [kua.bidder] 重新计算 bucket 分配，当前节点数: 4
1776003016.959314 DEBUG: [kua.bidder] 重新计算 bucket 分配，当前节点数: 4
1776003019.959757 DEBUG: [kua.bidder] 重新计算 bucket 分配，当前节点数: 4
1776003022.960361 DEBUG: [kua.bidder] 重新计算 bucket 分配，当前节点数: 4
1776003025.960825 DEBUG: [kua.bidder] 重新计算 bucket 分配，当前节点数: 4
1776003028.963551 DEBUG: [kua.bidder] 重新计算 bucket 分配，当前节点数: 4
1776003031.964075 DEBUG: [kua.bidder] 重新计算 bucket 分配，当前节点数: 4
1776003034.964431 DEBUG: [kua.bidder] 重新计算 bucket 分配，当前节点数: 4
1776003037.964759 DEBUG: [kua.bidder] 重新计算 bucket 分配，当前节点数: 4
1776003040.965373 DEBUG: [kua.bidder] 重新计算 bucket 分配，当前节点数: 4
1776003043.965806 DEBUG: [kua.bidder] 重新计算 bucket 分配，当前节点数: 4
1776003046.966329 DEBUG: [kua.bidder] 重新计算 bucket 分配，当前节点数: 4
1776003049.966729 DEBUG: [kua.bidder] 重新计算 bucket 分配，当前节点数: 4
1776003052.967048 DEBUG: [kua.bidder] 重新计算 bucket 分配，当前节点数: 4
1776003055.967479 DEBUG: [kua.bidder] 重新计算 bucket 分配，当前节点数: 4
1776003058.968076 DEBUG: [kua.bidder] 重新计算 bucket 分配，当前节点数: 4
1776003061.968645 DEBUG: [kua.bidder] 重新计算 bucket 分配，当前节点数: 4
1776003064.969412 DEBUG: [kua.bidder] 重新计算 bucket 分配，当前节点数: 4
1776003067.969815 DEBUG: [kua.bidder] 重新计算 bucket 分配，当前节点数: 4
1776003070.970299 DEBUG: [kua.bidder] 重新计算 bucket 分配，当前节点数: 4
1776003073.970867 DEBUG: [kua.bidder] 重新计算 bucket 分配，当前节点数: 4
1776003076.971500 DEBUG: [kua.bidder] 重新计算 bucket 分配，当前节点数: 4
1776003079.972010 DEBUG: [kua.bidder] 重新计算 bucket 分配，当前节点数: 4
1776003082.978379 DEBUG: [kua.bidder] 重新计算 bucket 分配，当前节点数: 4
1776003085.980165 DEBUG: [kua.bidder] 重新计算 bucket 分配，当前节点数: 4
1776003088.980675 DEBUG: [kua.bidder] 重新计算 bucket 分配，当前节点数: 4
1776003091.981266 DEBUG: [kua.bidder] 重新计算 bucket 分配，当前节点数: 4
1776003094.981750 DEBUG: [kua.bidder] 重新计算 bucket 分配，当前节点数: 4
1776003097.986185 DEBUG: [kua.bidder] 重新计算 bucket 分配，当前节点数: 4
1776003100.986768 DEBUG: [kua.bidder] 重新计算 bucket 分配，当前节点数: 4
1776003103.987355 DEBUG: [kua.bidder] 重新计算 bucket 分配，当前节点数: 4
1776003106.988116 DEBUG: [kua.bidder] 重新计算 bucket 分配，当前节点数: 4
1776003109.988543 DEBUG: [kua.bidder] 重新计算 bucket 分配，当前节点数: 4
1776003112.989036 DEBUG: [kua.bidder] 重新计算 bucket 分配，当前节点数: 4
1776003115.989540 DEBUG: [kua.bidder] 重新计算 bucket 分配，当前节点数: 4
1776003118.990016 DEBUG: [kua.bidder] 重新计算 bucket 分配，当前节点数: 4
1776003121.990451 DEBUG: [kua.bidder] 重新计算 bucket 分配，当前节点数: 4
1776003124.998035 DEBUG: [kua.bidder] 重新计算 bucket 分配，当前节点数: 4
1776003127.998616 DEBUG: [kua.bidder] 重新计算 bucket 分配，当前节点数: 4
1776003130.999100 DEBUG: [kua.bidder] 重新计算 bucket 分配，当前节点数: 4
1776003133.999485 DEBUG: [kua.bidder] 重新计算 bucket 分配，当前节点数: 4
1776003137.000004 DEBUG: [kua.bidder] 重新计算 bucket 分配，当前节点数: 4
1776003140.000422 DEBUG: [kua.bidder] 重新计算 bucket 分配，当前节点数: 4
1776003143.002825 DEBUG: [kua.bidder] 重新计算 bucket 分配，当前节点数: 4
1776003146.004072 DEBUG: [kua.bidder] 重新计算 bucket 分配，当前节点数: 4
1776003149.004510 DEBUG: [kua.bidder] 重新计算 bucket 分配，当前节点数: 4
1776003152.005218 DEBUG: [kua.bidder] 重新计算 bucket 分配，当前节点数: 4
1776003155.005696 DEBUG: [kua.bidder] 重新计算 bucket 分配，当前节点数: 4
1776003158.006105 DEBUG: [kua.bidder] 重新计算 bucket 分配，当前节点数: 4
1776003161.006547 DEBUG: [kua.bidder] 重新计算 bucket 分配，当前节点数: 4
1776003164.007327 DEBUG: [kua.bidder] 重新计算 bucket 分配，当前节点数: 4
1776003167.008425 DEBUG: [kua.bidder] 重新计算 bucket 分配，当前节点数: 4
1776003170.009075 DEBUG: [kua.bidder] 重新计算 bucket 分配，当前节点数: 4
1776003173.009493 DEBUG: [kua.bidder] 重新计算 bucket 分配，当前节点数: 4
1776003176.010018 DEBUG: [kua.bidder] 重新计算 bucket 分配，当前节点数: 4
1776003179.010529 DEBUG: [kua.bidder] 重新计算 bucket 分配，当前节点数: 4
1776003182.011045 DEBUG: [kua.bidder] 重新计算 bucket 分配，当前节点数: 4
1776003185.011574 DEBUG: [kua.bidder] 重新计算 bucket 分配，当前节点数: 4
1776003188.012155 DEBUG: [kua.bidder] 重新计算 bucket 分配，当前节点数: 4
1776003191.014057 DEBUG: [kua.bidder] 重新计算 bucket 分配，当前节点数: 4
1776003194.018256 DEBUG: [kua.bidder] 重新计算 bucket 分配，当前节点数: 4
1776003197.018783 DEBUG: [kua.bidder] 重新计算 bucket 分配，当前节点数: 4
1776003200.019339 DEBUG: [kua.bidder] 重新计算 bucket 分配，当前节点数: 4
1776003203.019783 DEBUG: [kua.bidder] 重新计算 bucket 分配，当前节点数: 4
1776003206.020325 DEBUG: [kua.bidder] 重新计算 bucket 分配，当前节点数: 4
1776003209.020739 DEBUG: [kua.bidder] 重新计算 bucket 分配，当前节点数: 4
1776003212.021173 DEBUG: [kua.bidder] 重新计算 bucket 分配，当前节点数: 4
1776003215.021665 DEBUG: [kua.bidder] 重新计算 bucket 分配，当前节点数: 4
1776003218.032777 DEBUG: [kua.bidder] 重新计算 bucket 分配，当前节点数: 4
1776003221.033329 DEBUG: [kua.bidder] 重新计算 bucket 分配，当前节点数: 4
1776003224.033764 DEBUG: [kua.bidder] 重新计算 bucket 分配，当前节点数: 4
1776003227.036668 DEBUG: [kua.bidder] 重新计算 bucket 分配，当前节点数: 4
1776003230.037176 DEBUG: [kua.bidder] 重新计算 bucket 分配，当前节点数: 4
1776003233.037622 DEBUG: [kua.bidder] 重新计算 bucket 分配，当前节点数: 4
1776003236.038068 DEBUG: [kua.bidder] 重新计算 bucket 分配，当前节点数: 4
1776003239.038696 DEBUG: [kua.bidder] 重新计算 bucket 分配，当前节点数: 4
1776003242.039119 DEBUG: [kua.bidder] 重新计算 bucket 分配，当前节点数: 4
1776003245.039587 DEBUG: [kua.bidder] 重新计算 bucket 分配，当前节点数: 4
1776003248.040060 DEBUG: [kua.bidder] 重新计算 bucket 分配，当前节点数: 4
1776003251.040584 DEBUG: [kua.bidder] 重新计算 bucket 分配，当前节点数: 4
1776003254.041163 DEBUG: [kua.bidder] 重新计算 bucket 分配，当前节点数: 4
1776003257.041564 DEBUG: [kua.bidder] 重新计算 bucket 分配，当前节点数: 4
1776003260.042460 DEBUG: [kua.bidder] 重新计算 bucket 分配，当前节点数: 4
1776003263.043221 DEBUG: [kua.bidder] 重新计算 bucket 分配，当前节点数: 4
1776003266.043629 DEBUG: [kua.bidder] 重新计算 bucket 分配，当前节点数: 4
1776003269.044511 DEBUG: [kua.bidder] 重新计算 bucket 分配，当前节点数: 4
1776003272.046508 DEBUG: [kua.bidder] 重新计算 bucket 分配，当前节点数: 4
1776003275.047027 DEBUG: [kua.bidder] 重新计算 bucket 分配，当前节点数: 4
1776003278.047539 DEBUG: [kua.bidder] 重新计算 bucket 分配，当前节点数: 4
1776003281.048053 DEBUG: [kua.bidder] 重新计算 bucket 分配，当前节点数: 4
1776003284.048504 DEBUG: [kua.bidder] 重新计算 bucket 分配，当前节点数: 4
1776003287.048928 DEBUG: [kua.bidder] 重新计算 bucket 分配，当前节点数: 4
1776003290.049492 DEBUG: [kua.bidder] 重新计算 bucket 分配，当前节点数: 4
1776003293.049926 DEBUG: [kua.bidder] 重新计算 bucket 分配，当前节点数: 4
1776003296.050353 DEBUG: [kua.bidder] 重新计算 bucket 分配，当前节点数: 4
1776003299.051406 DEBUG: [kua.bidder] 重新计算 bucket 分配，当前节点数: 4
1776003302.051885 DEBUG: [kua.bidder] 重新计算 bucket 分配，当前节点数: 4
1776003305.052518 DEBUG: [kua.bidder] 重新计算 bucket 分配，当前节点数: 4
1776003308.053487 DEBUG: [kua.bidder] 重新计算 bucket 分配，当前节点数: 4
1776003311.053854 DEBUG: [kua.bidder] 重新计算 bucket 分配，当前节点数: 4
1776003314.059055 DEBUG: [kua.bidder] 重新计算 bucket 分配，当前节点数: 4
1776003317.060239 DEBUG: [kua.bidder] 重新计算 bucket 分配，当前节点数: 4
1776003320.060727 DEBUG: [kua.bidder] 重新计算 bucket 分配，当前节点数: 4
1776003323.061314 DEBUG: [kua.bidder] 重新计算 bucket 分配，当前节点数: 4
1776003326.062101 DEBUG: [kua.bidder] 重新计算 bucket 分配，当前节点数: 4
1776003329.062590 DEBUG: [kua.bidder] 重新计算 bucket 分配，当前节点数: 4
1776003332.063537 DEBUG: [kua.bidder] 重新计算 bucket 分配，当前节点数: 4
1776003335.064349 DEBUG: [kua.bidder] 重新计算 bucket 分配，当前节点数: 4
1776003338.065835 DEBUG: [kua.bidder] 重新计算 bucket 分配，当前节点数: 4
1776003341.066491 DEBUG: [kua.bidder] 重新计算 bucket 分配，当前节点数: 4
1776003344.067117 DEBUG: [kua.bidder] 重新计算 bucket 分配，当前节点数: 4
1776003347.068467 DEBUG: [kua.bidder] 重新计算 bucket 分配，当前节点数: 4
1776003350.069018 DEBUG: [kua.bidder] 重新计算 bucket 分配，当前节点数: 4
1776003353.069378 DEBUG: [kua.bidder] 重新计算 bucket 分配，当前节点数: 4
1776003356.069799 DEBUG: [kua.bidder] 重新计算 bucket 分配，当前节点数: 4
1776003359.070248 DEBUG: [kua.bidder] 重新计算 bucket 分配，当前节点数: 4
1776003362.070825 DEBUG: [kua.bidder] 重新计算 bucket 分配，当前节点数: 4
1776003365.071261 DEBUG: [kua.bidder] 重新计算 bucket 分配，当前节点数: 4
1776003368.071704 DEBUG: [kua.bidder] 重新计算 bucket 分配，当前节点数: 4
1776003371.072206 DEBUG: [kua.bidder] 重新计算 bucket 分配，当前节点数: 4
1776003374.072600 DEBUG: [kua.bidder] 重新计算 bucket 分配，当前节点数: 4
1776003377.072986 DEBUG: [kua.bidder] 重新计算 bucket 分配，当前节点数: 4
1776003380.074528 DEBUG: [kua.bidder] 重新计算 bucket 分配，当前节点数: 4
1776003383.076090 DEBUG: [kua.bidder] 重新计算 bucket 分配，当前节点数: 4
1776003386.082149 DEBUG: [kua.bidder] 重新计算 bucket 分配，当前节点数: 4
1776003389.083060 DEBUG: [kua.bidder] 重新计算 bucket 分配，当前节点数: 4
1776003392.083903 DEBUG: [kua.bidder] 重新计算 bucket 分配，当前节点数: 4
1776003395.086769 DEBUG: [kua.bidder] 重新计算 bucket 分配，当前节点数: 4
1776003398.087403 DEBUG: [kua.bidder] 重新计算 bucket 分配，当前节点数: 4
1776003401.088023 DEBUG: [kua.bidder] 重新计算 bucket 分配，当前节点数: 4
1776003404.088807 DEBUG: [kua.bidder] 重新计算 bucket 分配，当前节点数: 4
1776003407.089554 DEBUG: [kua.bidder] 重新计算 bucket 分配，当前节点数: 4
1776003410.090030 DEBUG: [kua.bidder] 重新计算 bucket 分配，当前节点数: 4
1776003413.091189 DEBUG: [kua.bidder] 重新计算 bucket 分配，当前节点数: 4
1776003416.092489 DEBUG: [kua.bidder] 重新计算 bucket 分配，当前节点数: 4
1776003419.092897 DEBUG: [kua.bidder] 重新计算 bucket 分配，当前节点数: 4
1776003422.093644 DEBUG: [kua.bidder] 重新计算 bucket 分配，当前节点数: 4
1776003425.094341 DEBUG: [kua.bidder] 重新计算 bucket 分配，当前节点数: 4
1776003428.100961 DEBUG: [kua.bidder] 重新计算 bucket 分配，当前节点数: 4
1776003431.103265 DEBUG: [kua.bidder] 重新计算 bucket 分配，当前节点数: 4
1776003434.104145 DEBUG: [kua.bidder] 重新计算 bucket 分配，当前节点数: 4
1776003437.104660 DEBUG: [kua.bidder] 重新计算 bucket 分配，当前节点数: 4
1776003440.105159 DEBUG: [kua.bidder] 重新计算 bucket 分配，当前节点数: 4
1776003443.105607 DEBUG: [kua.bidder] 重新计算 bucket 分配，当前节点数: 4
1776003446.106433 DEBUG: [kua.bidder] 重新计算 bucket 分配，当前节点数: 4
1776003449.107713 DEBUG: [kua.bidder] 重新计算 bucket 分配，当前节点数: 4
1776003452.108612 DEBUG: [kua.bidder] 重新计算 bucket 分配，当前节点数: 4
1776003455.109394 DEBUG: [kua.bidder] 重新计算 bucket 分配，当前节点数: 4
1776003458.110087 DEBUG: [kua.bidder] 重新计算 bucket 分配，当前节点数: 4
1776003461.110498 DEBUG: [kua.bidder] 重新计算 bucket 分配，当前节点数: 4
1776003464.111072 DEBUG: [kua.bidder] 重新计算 bucket 分配，当前节点数: 4
1776003467.111709 DEBUG: [kua.bidder] 重新计算 bucket 分配，当前节点数: 4
1776003470.112805 DEBUG: [kua.bidder] 重新计算 bucket 分配，当前节点数: 4
1776003473.113468 DEBUG: [kua.bidder] 重新计算 bucket 分配，当前节点数: 4
1776003476.117307 DEBUG: [kua.bidder] 重新计算 bucket 分配，当前节点数: 4
1776003479.123382 DEBUG: [kua.bidder] 重新计算 bucket 分配，当前节点数: 4
1776003482.124049 DEBUG: [kua.bidder] 重新计算 bucket 分配，当前节点数: 4
1776003485.124503 DEBUG: [kua.bidder] 重新计算 bucket 分配，当前节点数: 4
1776003488.125112 DEBUG: [kua.bidder] 重新计算 bucket 分配，当前节点数: 4
1776003491.125575 DEBUG: [kua.bidder] 重新计算 bucket 分配，当前节点数: 4
1776003494.125864 DEBUG: [kua.bidder] 重新计算 bucket 分配，当前节点数: 4
1776003497.126186 DEBUG: [kua.bidder] 重新计算 bucket 分配，当前节点数: 4
1776003500.126865 DEBUG: [kua.bidder] 重新计算 bucket 分配，当前节点数: 4
1776003503.128108 DEBUG: [kua.bidder] 重新计算 bucket 分配，当前节点数: 4
1776003506.129115 DEBUG: [kua.bidder] 重新计算 bucket 分配，当前节点数: 4
1776003509.130402 DEBUG: [kua.bidder] 重新计算 bucket 分配，当前节点数: 4
1776003512.134252 DEBUG: [kua.bidder] 重新计算 bucket 分配，当前节点数: 4
1776003515.135383 DEBUG: [kua.bidder] 重新计算 bucket 分配，当前节点数: 4
1776003518.136101 DEBUG: [kua.bidder] 重新计算 bucket 分配，当前节点数: 4
1776003521.138994 DEBUG: [kua.bidder] 重新计算 bucket 分配，当前节点数: 4
1776003524.139662 DEBUG: [kua.bidder] 重新计算 bucket 分配，当前节点数: 4
1776003527.184427 DEBUG: [kua.bidder] 重新计算 bucket 分配，当前节点数: 4
1776003530.185268 DEBUG: [kua.bidder] 重新计算 bucket 分配，当前节点数: 4
1776003533.186439 DEBUG: [kua.bidder] 重新计算 bucket 分配，当前节点数: 4
1776003536.186892 DEBUG: [kua.bidder] 重新计算 bucket 分配，当前节点数: 4
1776003539.187556 DEBUG: [kua.bidder] 重新计算 bucket 分配，当前节点数: 4
1776003542.188365 DEBUG: [kua.bidder] 重新计算 bucket 分配，当前节点数: 4
1776003545.189717 DEBUG: [kua.bidder] 重新计算 bucket 分配，当前节点数: 4
1776003548.190368 DEBUG: [kua.bidder] 重新计算 bucket 分配，当前节点数: 4
1776003551.190914 DEBUG: [kua.bidder] 重新计算 bucket 分配，当前节点数: 4
1776003554.191482 DEBUG: [kua.bidder] 重新计算 bucket 分配，当前节点数: 4
1776003557.192135 DEBUG: [kua.bidder] 重新计算 bucket 分配，当前节点数: 4
1776003560.192644 DEBUG: [kua.bidder] 重新计算 bucket 分配，当前节点数: 4
1776003563.193124 DEBUG: [kua.bidder] 重新计算 bucket 分配，当前节点数: 4
1776003566.193550 DEBUG: [kua.bidder] 重新计算 bucket 分配，当前节点数: 4
1776003569.194041 DEBUG: [kua.bidder] 重新计算 bucket 分配，当前节点数: 4
1776003572.194442 DEBUG: [kua.bidder] 重新计算 bucket 分配，当前节点数: 4
1776003575.194842 DEBUG: [kua.bidder] 重新计算 bucket 分配，当前节点数: 4
1776003578.195329 DEBUG: [kua.bidder] 重新计算 bucket 分配，当前节点数: 4
1776003581.195896 DEBUG: [kua.bidder] 重新计算 bucket 分配，当前节点数: 4
1776003584.196434 DEBUG: [kua.bidder] 重新计算 bucket 分配，当前节点数: 4
1776003587.196847 DEBUG: [kua.bidder] 重新计算 bucket 分配，当前节点数: 4
1776003590.197446 DEBUG: [kua.bidder] 重新计算 bucket 分配，当前节点数: 4
1776003593.197893 DEBUG: [kua.bidder] 重新计算 bucket 分配，当前节点数: 4
1776003596.198758 DEBUG: [kua.bidder] 重新计算 bucket 分配，当前节点数: 4
1776003599.201084 DEBUG: [kua.bidder] 重新计算 bucket 分配，当前节点数: 4
1776003602.201637 DEBUG: [kua.bidder] 重新计算 bucket 分配，当前节点数: 4
1776003605.204329 DEBUG: [kua.bidder] 重新计算 bucket 分配，当前节点数: 4
1776003608.204789 DEBUG: [kua.bidder] 重新计算 bucket 分配，当前节点数: 4
1776003611.205214 DEBUG: [kua.bidder] 重新计算 bucket 分配，当前节点数: 4
1776003614.205694 DEBUG: [kua.bidder] 重新计算 bucket 分配，当前节点数: 4
1776003617.206235 DEBUG: [kua.bidder] 重新计算 bucket 分配，当前节点数: 4
1776003620.206701 DEBUG: [kua.bidder] 重新计算 bucket 分配，当前节点数: 4
1776003623.207472 DEBUG: [kua.bidder] 重新计算 bucket 分配，当前节点数: 4
1776003626.208075 DEBUG: [kua.bidder] 重新计算 bucket 分配，当前节点数: 4
1776003629.208580 DEBUG: [kua.bidder] 重新计算 bucket 分配，当前节点数: 4
1776003632.209054 DEBUG: [kua.bidder] 重新计算 bucket 分配，当前节点数: 4
1776003635.209566 DEBUG: [kua.bidder] 重新计算 bucket 分配，当前节点数: 4
1776003638.210039 DEBUG: [kua.bidder] 重新计算 bucket 分配，当前节点数: 4
1776003641.210842 DEBUG: [kua.bidder] 重新计算 bucket 分配，当前节点数: 4
1776003644.211461 DEBUG: [kua.bidder] 重新计算 bucket 分配，当前节点数: 4
1776003647.212096 DEBUG: [kua.bidder] 重新计算 bucket 分配，当前节点数: 4
1776003650.212524 DEBUG: [kua.bidder] 重新计算 bucket 分配，当前节点数: 4
1776003653.213057 DEBUG: [kua.bidder] 重新计算 bucket 分配，当前节点数: 4
1776003656.213475 DEBUG: [kua.bidder] 重新计算 bucket 分配，当前节点数: 4
1776003659.213982 DEBUG: [kua.bidder] 重新计算 bucket 分配，当前节点数: 4
1776003662.214453 DEBUG: [kua.bidder] 重新计算 bucket 分配，当前节点数: 4
1776003665.215111 DEBUG: [kua.bidder] 重新计算 bucket 分配，当前节点数: 4
1776003668.215595 DEBUG: [kua.bidder] 重新计算 bucket 分配，当前节点数: 4
1776003671.216067 DEBUG: [kua.bidder] 重新计算 bucket 分配，当前节点数: 4
1776003674.216812 DEBUG: [kua.bidder] 重新计算 bucket 分配，当前节点数: 4
1776003677.217392 DEBUG: [kua.bidder] 重新计算 bucket 分配，当前节点数: 4
1776003680.218021 DEBUG: [kua.bidder] 重新计算 bucket 分配，当前节点数: 4
1776003683.218409 DEBUG: [kua.bidder] 重新计算 bucket 分配，当前节点数: 4
1776003686.218839 DEBUG: [kua.bidder] 重新计算 bucket 分配，当前节点数: 4
1776003689.219375 DEBUG: [kua.bidder] 重新计算 bucket 分配，当前节点数: 4
1776003692.220091 DEBUG: [kua.bidder] 重新计算 bucket 分配，当前节点数: 4
1776003695.221187 DEBUG: [kua.bidder] 重新计算 bucket 分配，当前节点数: 4
1776003698.222152 DEBUG: [kua.bidder] 重新计算 bucket 分配，当前节点数: 4
1776003701.222711 DEBUG: [kua.bidder] 重新计算 bucket 分配，当前节点数: 4
1776003704.223594 DEBUG: [kua.bidder] 重新计算 bucket 分配，当前节点数: 4
1776003707.224105 DEBUG: [kua.bidder] 重新计算 bucket 分配，当前节点数: 4
1776003710.224702 DEBUG: [kua.bidder] 重新计算 bucket 分配，当前节点数: 4
1776003713.226661 DEBUG: [kua.bidder] 重新计算 bucket 分配，当前节点数: 4
1776003716.227587 DEBUG: [kua.bidder] 重新计算 bucket 分配，当前节点数: 4
1776003719.228042 DEBUG: [kua.bidder] 重新计算 bucket 分配，当前节点数: 4
1776003722.228493 DEBUG: [kua.bidder] 重新计算 bucket 分配，当前节点数: 4
1776003725.228962 DEBUG: [kua.bidder] 重新计算 bucket 分配，当前节点数: 4
1776003728.229345 DEBUG: [kua.bidder] 重新计算 bucket 分配，当前节点数: 4
1776003731.229811 DEBUG: [kua.bidder] 重新计算 bucket 分配，当前节点数: 4
1776003734.230286 DEBUG: [kua.bidder] 重新计算 bucket 分配，当前节点数: 4
1776003737.230743 DEBUG: [kua.bidder] 重新计算 bucket 分配，当前节点数: 4
1776003740.231408 DEBUG: [kua.bidder] 重新计算 bucket 分配，当前节点数: 4
1776003743.231881 DEBUG: [kua.bidder] 重新计算 bucket 分配，当前节点数: 4
1776003746.232450 DEBUG: [kua.bidder] 重新计算 bucket 分配，当前节点数: 4
1776003749.232857 DEBUG: [kua.bidder] 重新计算 bucket 分配，当前节点数: 4
1776003752.233878 DEBUG: [kua.bidder] 重新计算 bucket 分配，当前节点数: 4
1776003755.234847 DEBUG: [kua.bidder] 重新计算 bucket 分配，当前节点数: 4
1776003758.235505 DEBUG: [kua.bidder] 重新计算 bucket 分配，当前节点数: 4
1776003761.236087 DEBUG: [kua.bidder] 重新计算 bucket 分配，当前节点数: 4
1776003764.236545 DEBUG: [kua.bidder] 重新计算 bucket 分配，当前节点数: 4
1776003767.237060 DEBUG: [kua.bidder] 重新计算 bucket 分配，当前节点数: 4
1776003770.237647 DEBUG: [kua.bidder] 重新计算 bucket 分配，当前节点数: 4
1776003773.238099 DEBUG: [kua.bidder] 重新计算 bucket 分配，当前节点数: 4
1776003776.238564 DEBUG: [kua.bidder] 重新计算 bucket 分配，当前节点数: 4
1776003779.240371 DEBUG: [kua.bidder] 重新计算 bucket 分配，当前节点数: 4
1776003782.241038 DEBUG: [kua.bidder] 重新计算 bucket 分配，当前节点数: 4
1776003785.241625 DEBUG: [kua.bidder] 重新计算 bucket 分配，当前节点数: 4
1776003788.242193 DEBUG: [kua.bidder] 重新计算 bucket 分配，当前节点数: 4
1776003791.242776 DEBUG: [kua.bidder] 重新计算 bucket 分配，当前节点数: 4
1776003794.244258 DEBUG: [kua.bidder] 重新计算 bucket 分配，当前节点数: 4
1776003797.245220 DEBUG: [kua.bidder] 重新计算 bucket 分配，当前节点数: 4
1776003800.245867 DEBUG: [kua.bidder] 重新计算 bucket 分配，当前节点数: 4
1776003803.246445 DEBUG: [kua.bidder] 重新计算 bucket 分配，当前节点数: 4
1776003806.246984 DEBUG: [kua.bidder] 重新计算 bucket 分配，当前节点数: 4
1776003809.247644 DEBUG: [kua.bidder] 重新计算 bucket 分配，当前节点数: 4
1776003812.248021 DEBUG: [kua.bidder] 重新计算 bucket 分配，当前节点数: 4
1776003815.248548 DEBUG: [kua.bidder] 重新计算 bucket 分配，当前节点数: 4
1776003818.249116 DEBUG: [kua.bidder] 重新计算 bucket 分配，当前节点数: 4
1776003821.249534 DEBUG: [kua.bidder] 重新计算 bucket 分配，当前节点数: 4
1776003824.250085 DEBUG: [kua.bidder] 重新计算 bucket 分配，当前节点数: 4
1776003827.250493 DEBUG: [kua.bidder] 重新计算 bucket 分配，当前节点数: 4
1776003830.251085 DEBUG: [kua.bidder] 重新计算 bucket 分配，当前节点数: 4
1776003833.251512 DEBUG: [kua.bidder] 重新计算 bucket 分配，当前节点数: 4
1776003836.252110 DEBUG: [kua.bidder] 重新计算 bucket 分配，当前节点数: 4
1776003839.253187 DEBUG: [kua.bidder] 重新计算 bucket 分配，当前节点数: 4
1776003842.253726 DEBUG: [kua.bidder] 重新计算 bucket 分配，当前节点数: 4
1776003845.254604 DEBUG: [kua.bidder] 重新计算 bucket 分配，当前节点数: 4
1776003848.258827 DEBUG: [kua.bidder] 重新计算 bucket 分配，当前节点数: 4
1776003851.259778 DEBUG: [kua.bidder] 重新计算 bucket 分配，当前节点数: 4
1776003854.260410 DEBUG: [kua.bidder] 重新计算 bucket 分配，当前节点数: 4
1776003857.261090 DEBUG: [kua.bidder] 重新计算 bucket 分配，当前节点数: 4
1776003860.261523 DEBUG: [kua.bidder] 重新计算 bucket 分配，当前节点数: 4
1776003863.262101 DEBUG: [kua.bidder] 重新计算 bucket 分配，当前节点数: 4
1776003866.262684 DEBUG: [kua.bidder] 重新计算 bucket 分配，当前节点数: 4
1776003869.265721 DEBUG: [kua.bidder] 重新计算 bucket 分配，当前节点数: 4
1776003872.266488 DEBUG: [kua.bidder] 重新计算 bucket 分配，当前节点数: 4
1776003875.271047 DEBUG: [kua.bidder] 重新计算 bucket 分配，当前节点数: 4
1776003878.271664 DEBUG: [kua.bidder] 重新计算 bucket 分配，当前节点数: 4
1776003881.274298 DEBUG: [kua.bidder] 重新计算 bucket 分配，当前节点数: 4
1776003884.275109 DEBUG: [kua.bidder] 重新计算 bucket 分配，当前节点数: 4
1776003887.275919 DEBUG: [kua.bidder] 重新计算 bucket 分配，当前节点数: 4
1776003890.277149 DEBUG: [kua.bidder] 重新计算 bucket 分配，当前节点数: 4
1776003893.277662 DEBUG: [kua.bidder] 重新计算 bucket 分配，当前节点数: 4
1776003896.278210 DEBUG: [kua.bidder] 重新计算 bucket 分配，当前节点数: 4
1776003899.279698 DEBUG: [kua.bidder] 重新计算 bucket 分配，当前节点数: 4
1776003902.281243 DEBUG: [kua.bidder] 重新计算 bucket 分配，当前节点数: 4
1776003905.281717 DEBUG: [kua.bidder] 重新计算 bucket 分配，当前节点数: 4
1776003908.282110 DEBUG: [kua.bidder] 重新计算 bucket 分配，当前节点数: 4
1776003911.282547 DEBUG: [kua.bidder] 重新计算 bucket 分配，当前节点数: 4
1776003914.283001 DEBUG: [kua.bidder] 重新计算 bucket 分配，当前节点数: 4
1776003917.355718 DEBUG: [kua.bidder] 重新计算 bucket 分配，当前节点数: 4
1776003920.357598 DEBUG: [kua.bidder] 重新计算 bucket 分配，当前节点数: 4
1776003923.358297 DEBUG: [kua.bidder] 重新计算 bucket 分配，当前节点数: 4
1776003926.358793 DEBUG: [kua.bidder] 重新计算 bucket 分配，当前节点数: 4
1776003929.359323 DEBUG: [kua.bidder] 重新计算 bucket 分配，当前节点数: 4
1776003941.614751 DEBUG: [kua.bidder] 重新计算 bucket 分配，当前节点数: 4
1776003944.615142 DEBUG: [kua.bidder] 重新计算 bucket 分配，当前节点数: 4
1776003947.615619 DEBUG: [kua.bidder] 重新计算 bucket 分配，当前节点数: 4
1776003948.112185 DEBUG: [kua.worker] 收到请求 : #2 : /four/%02/%07%14%08%0Fbucket0-test-112%01%00/%0B
1776003948.112220  INFO: [kua.worker] 接收数据: /bucket0-test-11/seg=0 到 bucket #2
1776003948.112475 DEBUG: [kua.worker] 收到请求 : #2 : /four/%02/%07%14%08%0Fbucket0-test-132%01%00/%0B
1776003948.112497  INFO: [kua.worker] 接收数据: /bucket0-test-13/seg=0 到 bucket #2
1776003948.112751 DEBUG: [kua.worker] 收到请求 : #2 : /bucket0-test-11/seg=0
1776003948.112790 DEBUG: [kua.worker] 收到请求 : #2 : /bucket0-test-13/seg=0
1776003948.112862 DEBUG: [kua.worker] 收到请求 : #2 : /four/%02/%07%14%08%0Fbucket0-test-182%01%00/%0B
1776003948.112872  INFO: [kua.worker] 接收数据: /bucket0-test-18/seg=0 到 bucket #2
1776003948.112957 DEBUG: [kua.worker] 收到请求 : #2 : /bucket0-test-18/seg=0
1776003948.113012  INFO: [kua.worker] 接收数据并存储成功: /bucket0-test-11/seg=0 到 bucket #2
1776003948.116439  INFO: [kua.worker] 接收数据并存储成功: /bucket0-test-13/seg=0 到 bucket #2
1776003948.126649 DEBUG: [kua.worker] 收到请求 : #0 : /four/%00/%07%13%08%0Ebucket0-test-22%01%00/%0B
1776003948.126676  INFO: [kua.worker] 接收数据: /bucket0-test-2/seg=0 到 bucket #0
1776003948.126707 DEBUG: [kua.worker] 收到请求 : #0 : /four/%00/%07%13%08%0Ebucket0-test-72%01%00/%0B
1776003948.126712  INFO: [kua.worker] 接收数据: /bucket0-test-7/seg=0 到 bucket #0
1776003948.126727 DEBUG: [kua.worker] 收到请求 : #0 : /four/%00/%07%13%08%0Ebucket0-test-92%01%00/%0B
1776003948.126730  INFO: [kua.worker] 接收数据: /bucket0-test-9/seg=0 到 bucket #0
1776003948.126770 DEBUG: [kua.worker] 收到请求 : #0 : /bucket0-test-2/seg=0
1776003948.126784 DEBUG: [kua.worker] 收到请求 : #0 : /bucket0-test-7/seg=0
1776003948.126798  INFO: [kua.worker] 接收数据并存储成功: /bucket0-test-18/seg=0 到 bucket #2
1776003948.126814 DEBUG: [kua.worker] 收到请求 : #0 : /bucket0-test-9/seg=0
1776003948.127229  INFO: [kua.worker] 接收数据并存储成功: /bucket0-test-2/seg=0 到 bucket #0
1776003948.127301  INFO: [kua.worker] 接收数据并存储成功: /bucket0-test-7/seg=0 到 bucket #0
1776003948.127346  INFO: [kua.worker] 接收数据并存储成功: /bucket0-test-9/seg=0 到 bucket #0
1776003950.618089 DEBUG: [kua.bidder] 重新计算 bucket 分配，当前节点数: 4
1776003953.618514 DEBUG: [kua.bidder] 重新计算 bucket 分配，当前节点数: 4
1776003956.618983 DEBUG: [kua.bidder] 重新计算 bucket 分配，当前节点数: 4
1776003959.657716 DEBUG: [kua.bidder] 重新计算 bucket 分配，当前节点数: 4
1776003962.658520 DEBUG: [kua.bidder] 重新计算 bucket 分配，当前节点数: 4
1776003965.659302 DEBUG: [kua.bidder] 重新计算 bucket 分配，当前节点数: 4
1776003968.659958 DEBUG: [kua.bidder] 重新计算 bucket 分配，当前节点数: 4
1776003971.662285 DEBUG: [kua.bidder] 重新计算 bucket 分配，当前节点数: 4
1776003974.663765 DEBUG: [kua.bidder] 重新计算 bucket 分配，当前节点数: 4
1776003977.664534 DEBUG: [kua.bidder] 重新计算 bucket 分配，当前节点数: 4
1776003980.665137 DEBUG: [kua.bidder] 重新计算 bucket 分配，当前节点数: 4
1776003983.665597 DEBUG: [kua.bidder] 重新计算 bucket 分配，当前节点数: 4
1776003986.666906 DEBUG: [kua.bidder] 重新计算 bucket 分配，当前节点数: 4
1776003989.667776 DEBUG: [kua.bidder] 重新计算 bucket 分配，当前节点数: 4
1776003992.670230 DEBUG: [kua.bidder] 重新计算 bucket 分配，当前节点数: 4
1776003995.670726 DEBUG: [kua.bidder] 重新计算 bucket 分配，当前节点数: 4
1776003998.671306 DEBUG: [kua.bidder] 重新计算 bucket 分配，当前节点数: 4
1776004001.671870 DEBUG: [kua.bidder] 重新计算 bucket 分配，当前节点数: 4
1776004004.672398 DEBUG: [kua.bidder] 重新计算 bucket 分配，当前节点数: 4
1776004007.673873 DEBUG: [kua.bidder] 重新计算 bucket 分配，当前节点数: 4
1776004010.674523 DEBUG: [kua.bidder] 重新计算 bucket 分配，当前节点数: 4
1776004013.674951 DEBUG: [kua.bidder] 重新计算 bucket 分配，当前节点数: 4
1776004016.675548 DEBUG: [kua.bidder] 重新计算 bucket 分配，当前节点数: 4
1776004019.679444 DEBUG: [kua.bidder] 重新计算 bucket 分配，当前节点数: 4
1776004022.679895 DEBUG: [kua.bidder] 重新计算 bucket 分配，当前节点数: 4
1776004025.680995 DEBUG: [kua.bidder] 重新计算 bucket 分配，当前节点数: 4
1776004028.681583 DEBUG: [kua.bidder] 重新计算 bucket 分配，当前节点数: 4
1776004031.682552 DEBUG: [kua.bidder] 重新计算 bucket 分配，当前节点数: 4
1776004034.683136 DEBUG: [kua.bidder] 重新计算 bucket 分配，当前节点数: 4
1776004037.683582 DEBUG: [kua.bidder] 重新计算 bucket 分配，当前节点数: 4
1776004040.684031 DEBUG: [kua.bidder] 重新计算 bucket 分配，当前节点数: 4
1776004043.684482 DEBUG: [kua.bidder] 重新计算 bucket 分配，当前节点数: 4
1776004046.684839 DEBUG: [kua.bidder] 重新计算 bucket 分配，当前节点数: 4
1776004049.685300 DEBUG: [kua.bidder] 重新计算 bucket 分配，当前节点数: 4
1776004052.685787 DEBUG: [kua.bidder] 重新计算 bucket 分配，当前节点数: 4
1776004055.686405 DEBUG: [kua.bidder] 重新计算 bucket 分配，当前节点数: 4
1776004058.687261 DEBUG: [kua.bidder] 重新计算 bucket 分配，当前节点数: 4
1776004061.688164 DEBUG: [kua.bidder] 重新计算 bucket 分配，当前节点数: 4
1776004064.688596 DEBUG: [kua.bidder] 重新计算 bucket 分配，当前节点数: 4
1776004067.693613 DEBUG: [kua.bidder] 重新计算 bucket 分配，当前节点数: 4
1776004070.694275 DEBUG: [kua.bidder] 重新计算 bucket 分配，当前节点数: 4
1776004073.694805 DEBUG: [kua.bidder] 重新计算 bucket 分配，当前节点数: 4
1776004076.696477 DEBUG: [kua.bidder] 重新计算 bucket 分配，当前节点数: 4
1776004079.697107 DEBUG: [kua.bidder] 重新计算 bucket 分配，当前节点数: 4
1776004082.697543 DEBUG: [kua.bidder] 重新计算 bucket 分配，当前节点数: 4
1776004085.698405 DEBUG: [kua.bidder] 重新计算 bucket 分配，当前节点数: 4
1776004088.699127 DEBUG: [kua.bidder] 重新计算 bucket 分配，当前节点数: 4
1776004091.700141 DEBUG: [kua.bidder] 重新计算 bucket 分配，当前节点数: 4
1776004094.700879 DEBUG: [kua.bidder] 重新计算 bucket 分配，当前节点数: 4
1776004097.701390 DEBUG: [kua.bidder] 重新计算 bucket 分配，当前节点数: 4
1776004100.701851 DEBUG: [kua.bidder] 重新计算 bucket 分配，当前节点数: 4
1776004103.702258 DEBUG: [kua.bidder] 重新计算 bucket 分配，当前节点数: 4
1776004106.702683 DEBUG: [kua.bidder] 重新计算 bucket 分配，当前节点数: 4
1776004109.703162 DEBUG: [kua.bidder] 重新计算 bucket 分配，当前节点数: 4
1776004112.703709 DEBUG: [kua.bidder] 重新计算 bucket 分配，当前节点数: 4
1776004115.704252 DEBUG: [kua.bidder] 重新计算 bucket 分配，当前节点数: 4
1776004118.704723 DEBUG: [kua.bidder] 重新计算 bucket 分配，当前节点数: 4
1776004121.705290 DEBUG: [kua.bidder] 重新计算 bucket 分配，当前节点数: 4
1776004124.705895 DEBUG: [kua.bidder] 重新计算 bucket 分配，当前节点数: 4
1776004127.706818 DEBUG: [kua.bidder] 重新计算 bucket 分配，当前节点数: 4
1776004130.708414 DEBUG: [kua.bidder] 重新计算 bucket 分配，当前节点数: 4
1776004133.711547 DEBUG: [kua.bidder] 重新计算 bucket 分配，当前节点数: 4
1776004136.712189 DEBUG: [kua.bidder] 重新计算 bucket 分配，当前节点数: 4
1776004139.713566 DEBUG: [kua.bidder] 重新计算 bucket 分配，当前节点数: 4
1776004142.715381 DEBUG: [kua.bidder] 重新计算 bucket 分配，当前节点数: 4
1776004145.716050 DEBUG: [kua.bidder] 重新计算 bucket 分配，当前节点数: 4
1776004148.716694 DEBUG: [kua.bidder] 重新计算 bucket 分配，当前节点数: 4
1776004151.718321 DEBUG: [kua.bidder] 重新计算 bucket 分配，当前节点数: 4
1776004154.719536 DEBUG: [kua.bidder] 重新计算 bucket 分配，当前节点数: 4
1776004157.720229 DEBUG: [kua.bidder] 重新计算 bucket 分配，当前节点数: 4
1776004160.720712 DEBUG: [kua.bidder] 重新计算 bucket 分配，当前节点数: 4
1776004163.721510 DEBUG: [kua.bidder] 重新计算 bucket 分配，当前节点数: 4
1776004166.722049 DEBUG: [kua.bidder] 重新计算 bucket 分配，当前节点数: 4
1776004169.722827 DEBUG: [kua.bidder] 重新计算 bucket 分配，当前节点数: 4
1776004172.724173 DEBUG: [kua.bidder] 重新计算 bucket 分配，当前节点数: 4
1776004175.724726 DEBUG: [kua.bidder] 重新计算 bucket 分配，当前节点数: 4
1776004178.725673 DEBUG: [kua.bidder] 重新计算 bucket 分配，当前节点数: 4
1776004181.726846 DEBUG: [kua.bidder] 重新计算 bucket 分配，当前节点数: 4
1776004184.729452 DEBUG: [kua.bidder] 重新计算 bucket 分配，当前节点数: 4
1776004187.748978 DEBUG: [kua.bidder] 重新计算 bucket 分配，当前节点数: 4
1776004190.753816 DEBUG: [kua.bidder] 重新计算 bucket 分配，当前节点数: 4
1776004193.754365 DEBUG: [kua.bidder] 重新计算 bucket 分配，当前节点数: 4
1776004196.754874 DEBUG: [kua.bidder] 重新计算 bucket 分配，当前节点数: 4
1776004199.755364 DEBUG: [kua.bidder] 重新计算 bucket 分配，当前节点数: 4
1776004202.755772 DEBUG: [kua.bidder] 重新计算 bucket 分配，当前节点数: 4
1776004205.756308 DEBUG: [kua.bidder] 重新计算 bucket 分配，当前节点数: 4
1776004208.760629 DEBUG: [kua.bidder] 重新计算 bucket 分配，当前节点数: 4
1776004211.763101 DEBUG: [kua.bidder] 重新计算 bucket 分配，当前节点数: 4
1776004214.763594 DEBUG: [kua.bidder] 重新计算 bucket 分配，当前节点数: 4
1776004217.764075 DEBUG: [kua.bidder] 重新计算 bucket 分配，当前节点数: 4
1776004220.764497 DEBUG: [kua.bidder] 重新计算 bucket 分配，当前节点数: 4
1776004223.765100 DEBUG: [kua.bidder] 重新计算 bucket 分配，当前节点数: 4
1776004226.765626 DEBUG: [kua.bidder] 重新计算 bucket 分配，当前节点数: 4
1776004229.802132 DEBUG: [kua.bidder] 重新计算 bucket 分配，当前节点数: 4
1776004232.802653 DEBUG: [kua.bidder] 重新计算 bucket 分配，当前节点数: 4
1776004235.804080 DEBUG: [kua.bidder] 重新计算 bucket 分配，当前节点数: 4
1776004238.804860 DEBUG: [kua.bidder] 重新计算 bucket 分配，当前节点数: 4
1776004241.805378 DEBUG: [kua.bidder] 重新计算 bucket 分配，当前节点数: 4
1776004244.805811 DEBUG: [kua.bidder] 重新计算 bucket 分配，当前节点数: 4
1776004247.806310 DEBUG: [kua.bidder] 重新计算 bucket 分配，当前节点数: 4
1776004250.806730 DEBUG: [kua.bidder] 重新计算 bucket 分配，当前节点数: 4
1776004253.807238 DEBUG: [kua.bidder] 重新计算 bucket 分配，当前节点数: 4
1776004256.807719 DEBUG: [kua.bidder] 重新计算 bucket 分配，当前节点数: 4
1776004259.813544 DEBUG: [kua.bidder] 重新计算 bucket 分配，当前节点数: 4
1776004262.814082 DEBUG: [kua.bidder] 重新计算 bucket 分配，当前节点数: 4
1776004265.814637 DEBUG: [kua.bidder] 重新计算 bucket 分配，当前节点数: 4
1776004268.815131 DEBUG: [kua.bidder] 重新计算 bucket 分配，当前节点数: 4
1776004271.815588 DEBUG: [kua.bidder] 重新计算 bucket 分配，当前节点数: 4
1776004274.816114 DEBUG: [kua.bidder] 重新计算 bucket 分配，当前节点数: 4
1776004277.816597 DEBUG: [kua.bidder] 重新计算 bucket 分配，当前节点数: 4
1776004280.817039 DEBUG: [kua.bidder] 重新计算 bucket 分配，当前节点数: 4
1776004283.817466 DEBUG: [kua.bidder] 重新计算 bucket 分配，当前节点数: 4
1776004286.818464 DEBUG: [kua.bidder] 重新计算 bucket 分配，当前节点数: 4
1776004289.819092 DEBUG: [kua.bidder] 重新计算 bucket 分配，当前节点数: 4
1776004292.819756 DEBUG: [kua.bidder] 重新计算 bucket 分配，当前节点数: 4
1776004295.820510 DEBUG: [kua.bidder] 重新计算 bucket 分配，当前节点数: 4
1776004298.821095 DEBUG: [kua.bidder] 重新计算 bucket 分配，当前节点数: 4
1776004301.821567 DEBUG: [kua.bidder] 重新计算 bucket 分配，当前节点数: 4
1776004304.822073 DEBUG: [kua.bidder] 重新计算 bucket 分配，当前节点数: 4
1776004307.822658 DEBUG: [kua.bidder] 重新计算 bucket 分配，当前节点数: 4
1776004310.823249 DEBUG: [kua.bidder] 重新计算 bucket 分配，当前节点数: 4
1776004313.823745 DEBUG: [kua.bidder] 重新计算 bucket 分配，当前节点数: 4
1776004316.824263 DEBUG: [kua.bidder] 重新计算 bucket 分配，当前节点数: 4
1776004319.827156 DEBUG: [kua.bidder] 重新计算 bucket 分配，当前节点数: 4
1776004322.827584 DEBUG: [kua.bidder] 重新计算 bucket 分配，当前节点数: 4
1776004325.828052 DEBUG: [kua.bidder] 重新计算 bucket 分配，当前节点数: 4
1776004328.829874 DEBUG: [kua.bidder] 重新计算 bucket 分配，当前节点数: 4
1776004331.830372 DEBUG: [kua.bidder] 重新计算 bucket 分配，当前节点数: 4
1776004334.831027 DEBUG: [kua.bidder] 重新计算 bucket 分配，当前节点数: 4
1776004337.831457 DEBUG: [kua.bidder] 重新计算 bucket 分配，当前节点数: 4
1776004340.832017 DEBUG: [kua.bidder] 重新计算 bucket 分配，当前节点数: 4
1776004343.832470 DEBUG: [kua.bidder] 重新计算 bucket 分配，当前节点数: 4
1776004346.833395 DEBUG: [kua.bidder] 重新计算 bucket 分配，当前节点数: 4
1776004349.833841 DEBUG: [kua.bidder] 重新计算 bucket 分配，当前节点数: 4
1776004352.835843 DEBUG: [kua.bidder] 重新计算 bucket 分配，当前节点数: 4
1776004355.836350 DEBUG: [kua.bidder] 重新计算 bucket 分配，当前节点数: 4
1776004358.836686 DEBUG: [kua.bidder] 重新计算 bucket 分配，当前节点数: 4
1776004361.855760 DEBUG: [kua.bidder] 重新计算 bucket 分配，当前节点数: 4
1776004364.856038 DEBUG: [kua.bidder] 重新计算 bucket 分配，当前节点数: 4
1776004367.856422 DEBUG: [kua.bidder] 重新计算 bucket 分配，当前节点数: 4
1776004370.856859 DEBUG: [kua.bidder] 重新计算 bucket 分配，当前节点数: 4
1776004373.857578 DEBUG: [kua.bidder] 重新计算 bucket 分配，当前节点数: 4
1776004376.861210 DEBUG: [kua.bidder] 重新计算 bucket 分配，当前节点数: 4
1776004379.862559 DEBUG: [kua.bidder] 重新计算 bucket 分配，当前节点数: 4
1776004382.863094 DEBUG: [kua.bidder] 重新计算 bucket 分配，当前节点数: 4
1776004385.863510 DEBUG: [kua.bidder] 重新计算 bucket 分配，当前节点数: 4
1776004388.864238 DEBUG: [kua.bidder] 重新计算 bucket 分配，当前节点数: 4
1776004391.864889 DEBUG: [kua.bidder] 重新计算 bucket 分配，当前节点数: 4
1776004394.865406 DEBUG: [kua.bidder] 重新计算 bucket 分配，当前节点数: 4
1776004397.865843 DEBUG: [kua.bidder] 重新计算 bucket 分配，当前节点数: 4
1776004400.866317 DEBUG: [kua.bidder] 重新计算 bucket 分配，当前节点数: 4
1776004403.866583 DEBUG: [kua.bidder] 重新计算 bucket 分配，当前节点数: 4
1776004406.867076 DEBUG: [kua.bidder] 重新计算 bucket 分配，当前节点数: 4
1776004409.867455 DEBUG: [kua.bidder] 重新计算 bucket 分配，当前节点数: 4
1776004412.868019 DEBUG: [kua.bidder] 重新计算 bucket 分配，当前节点数: 4
1776004415.868401 DEBUG: [kua.bidder] 重新计算 bucket 分配，当前节点数: 4
1776004418.868907 DEBUG: [kua.bidder] 重新计算 bucket 分配，当前节点数: 4
1776004421.869478 DEBUG: [kua.bidder] 重新计算 bucket 分配，当前节点数: 4
1776004424.877497 DEBUG: [kua.bidder] 重新计算 bucket 分配，当前节点数: 4
1776004427.878113 DEBUG: [kua.bidder] 重新计算 bucket 分配，当前节点数: 4
1776004430.879202 DEBUG: [kua.bidder] 重新计算 bucket 分配，当前节点数: 4
1776004433.879911 DEBUG: [kua.bidder] 重新计算 bucket 分配，当前节点数: 4
1776004436.880593 DEBUG: [kua.bidder] 重新计算 bucket 分配，当前节点数: 4
1776004439.882841 DEBUG: [kua.bidder] 重新计算 bucket 分配，当前节点数: 4
1776004442.883473 DEBUG: [kua.bidder] 重新计算 bucket 分配，当前节点数: 4
1776004445.884210 DEBUG: [kua.bidder] 重新计算 bucket 分配，当前节点数: 4
1776004448.884699 DEBUG: [kua.bidder] 重新计算 bucket 分配，当前节点数: 4
1776004451.885261 DEBUG: [kua.bidder] 重新计算 bucket 分配，当前节点数: 4
1776004454.885683 DEBUG: [kua.bidder] 重新计算 bucket 分配，当前节点数: 4
1776004457.886071 DEBUG: [kua.bidder] 重新计算 bucket 分配，当前节点数: 4
1776004460.886537 DEBUG: [kua.bidder] 重新计算 bucket 分配，当前节点数: 4
1776004463.887046 DEBUG: [kua.bidder] 重新计算 bucket 分配，当前节点数: 4
1776004466.887470 DEBUG: [kua.bidder] 重新计算 bucket 分配，当前节点数: 4
1776004469.887844 DEBUG: [kua.bidder] 重新计算 bucket 分配，当前节点数: 4
1776004472.898063 DEBUG: [kua.bidder] 重新计算 bucket 分配，当前节点数: 4
1776004475.898656 DEBUG: [kua.bidder] 重新计算 bucket 分配，当前节点数: 4
1776004478.899117 DEBUG: [kua.bidder] 重新计算 bucket 分配，当前节点数: 4
1776004482.046688 DEBUG: [kua.bidder] 重新计算 bucket 分配，当前节点数: 4
1776004485.047212 DEBUG: [kua.bidder] 重新计算 bucket 分配，当前节点数: 4
1776004488.048147 DEBUG: [kua.bidder] 重新计算 bucket 分配，当前节点数: 4
1776004491.048667 DEBUG: [kua.bidder] 重新计算 bucket 分配，当前节点数: 4
1776004494.049177 DEBUG: [kua.bidder] 重新计算 bucket 分配，当前节点数: 4
1776004497.049620 DEBUG: [kua.bidder] 重新计算 bucket 分配，当前节点数: 4
1776004500.050127 DEBUG: [kua.bidder] 重新计算 bucket 分配，当前节点数: 4
1776004503.050770 DEBUG: [kua.bidder] 重新计算 bucket 分配，当前节点数: 4
1776004506.051294 DEBUG: [kua.bidder] 重新计算 bucket 分配，当前节点数: 4
1776004509.051748 DEBUG: [kua.bidder] 重新计算 bucket 分配，当前节点数: 4
1776004512.052553 DEBUG: [kua.bidder] 重新计算 bucket 分配，当前节点数: 4
1776004515.052912 DEBUG: [kua.bidder] 重新计算 bucket 分配，当前节点数: 4
1776004518.053467 DEBUG: [kua.bidder] 重新计算 bucket 分配，当前节点数: 4
1776004521.054180 DEBUG: [kua.bidder] 重新计算 bucket 分配，当前节点数: 4
1776004524.055602 DEBUG: [kua.bidder] 重新计算 bucket 分配，当前节点数: 4
1776004527.056078 DEBUG: [kua.bidder] 重新计算 bucket 分配，当前节点数: 4
1776004530.056588 DEBUG: [kua.bidder] 重新计算 bucket 分配，当前节点数: 4
1776004533.057110 DEBUG: [kua.bidder] 重新计算 bucket 分配，当前节点数: 4
1776004536.057696 DEBUG: [kua.bidder] 重新计算 bucket 分配，当前节点数: 4
1776004539.058287 DEBUG: [kua.bidder] 重新计算 bucket 分配，当前节点数: 4
1776004542.058804 DEBUG: [kua.bidder] 重新计算 bucket 分配，当前节点数: 4
1776004545.065184 DEBUG: [kua.bidder] 重新计算 bucket 分配，当前节点数: 4
1776004548.066056 DEBUG: [kua.bidder] 重新计算 bucket 分配，当前节点数: 4
1776004551.066574 DEBUG: [kua.bidder] 重新计算 bucket 分配，当前节点数: 4
1776004554.070245 DEBUG: [kua.bidder] 重新计算 bucket 分配，当前节点数: 4
1776004557.070827 DEBUG: [kua.bidder] 重新计算 bucket 分配，当前节点数: 4
1776004560.071562 DEBUG: [kua.bidder] 重新计算 bucket 分配，当前节点数: 4
1776004563.072084 DEBUG: [kua.bidder] 重新计算 bucket 分配，当前节点数: 4
1776004566.072569 DEBUG: [kua.bidder] 重新计算 bucket 分配，当前节点数: 4
1776004569.073104 DEBUG: [kua.bidder] 重新计算 bucket 分配，当前节点数: 4
1776004572.075551 DEBUG: [kua.bidder] 重新计算 bucket 分配，当前节点数: 4
1776004575.076164 DEBUG: [kua.bidder] 重新计算 bucket 分配，当前节点数: 4
1776004578.077175 DEBUG: [kua.bidder] 重新计算 bucket 分配，当前节点数: 4
1776004581.077697 DEBUG: [kua.bidder] 重新计算 bucket 分配，当前节点数: 4
1776004584.086793 DEBUG: [kua.bidder] 重新计算 bucket 分配，当前节点数: 4
1776004587.088057 DEBUG: [kua.bidder] 重新计算 bucket 分配，当前节点数: 4
1776004590.100624 DEBUG: [kua.bidder] 重新计算 bucket 分配，当前节点数: 4
1776004593.107666 DEBUG: [kua.bidder] 重新计算 bucket 分配，当前节点数: 4
1776004596.109763 DEBUG: [kua.bidder] 重新计算 bucket 分配，当前节点数: 4
1776004599.116461 DEBUG: [kua.bidder] 重新计算 bucket 分配，当前节点数: 4
1776004602.117089 DEBUG: [kua.bidder] 重新计算 bucket 分配，当前节点数: 4
1776004605.117566 DEBUG: [kua.bidder] 重新计算 bucket 分配，当前节点数: 4
1776004608.118098 DEBUG: [kua.bidder] 重新计算 bucket 分配，当前节点数: 4
1776004611.118564 DEBUG: [kua.bidder] 重新计算 bucket 分配，当前节点数: 4
1776004614.120603 DEBUG: [kua.bidder] 重新计算 bucket 分配，当前节点数: 4
1776004617.121328 DEBUG: [kua.bidder] 重新计算 bucket 分配，当前节点数: 4
1776004620.123114 DEBUG: [kua.bidder] 重新计算 bucket 分配，当前节点数: 4
1776004623.123531 DEBUG: [kua.bidder] 重新计算 bucket 分配，当前节点数: 4
1776004626.124181 DEBUG: [kua.bidder] 重新计算 bucket 分配，当前节点数: 4
1776004629.124625 DEBUG: [kua.bidder] 重新计算 bucket 分配，当前节点数: 4
1776004632.125077 DEBUG: [kua.bidder] 重新计算 bucket 分配，当前节点数: 4
1776004635.125494 DEBUG: [kua.bidder] 重新计算 bucket 分配，当前节点数: 4
1776004638.126065 DEBUG: [kua.bidder] 重新计算 bucket 分配，当前节点数: 4
1776004641.126426 DEBUG: [kua.bidder] 重新计算 bucket 分配，当前节点数: 4
1776004644.126773 DEBUG: [kua.bidder] 重新计算 bucket 分配，当前节点数: 4
1776004647.128278 DEBUG: [kua.bidder] 重新计算 bucket 分配，当前节点数: 4
1776004650.129316 DEBUG: [kua.bidder] 重新计算 bucket 分配，当前节点数: 4
1776004653.130192 DEBUG: [kua.bidder] 重新计算 bucket 分配，当前节点数: 4
1776004656.130866 DEBUG: [kua.bidder] 重新计算 bucket 分配，当前节点数: 4
1776004659.131637 DEBUG: [kua.bidder] 重新计算 bucket 分配，当前节点数: 4
1776004662.137007 DEBUG: [kua.bidder] 重新计算 bucket 分配，当前节点数: 4
1776004665.137497 DEBUG: [kua.bidder] 重新计算 bucket 分配，当前节点数: 4
1776004668.137918 DEBUG: [kua.bidder] 重新计算 bucket 分配，当前节点数: 4
1776004671.138535 DEBUG: [kua.bidder] 重新计算 bucket 分配，当前节点数: 4
1776004674.167228 DEBUG: [kua.bidder] 重新计算 bucket 分配，当前节点数: 4
1776004677.168122 DEBUG: [kua.bidder] 重新计算 bucket 分配，当前节点数: 4
1776004680.168587 DEBUG: [kua.bidder] 重新计算 bucket 分配，当前节点数: 4
1776004683.169145 DEBUG: [kua.bidder] 重新计算 bucket 分配，当前节点数: 4
1776004686.169515 DEBUG: [kua.bidder] 重新计算 bucket 分配，当前节点数: 4
1776004689.170016 DEBUG: [kua.bidder] 重新计算 bucket 分配，当前节点数: 4
1776004692.170487 DEBUG: [kua.bidder] 重新计算 bucket 分配，当前节点数: 4
1776004695.171216 DEBUG: [kua.bidder] 重新计算 bucket 分配，当前节点数: 4
1776004698.171823 DEBUG: [kua.bidder] 重新计算 bucket 分配，当前节点数: 4
1776004701.172689 DEBUG: [kua.bidder] 重新计算 bucket 分配，当前节点数: 4
1776004704.173146 DEBUG: [kua.bidder] 重新计算 bucket 分配，当前节点数: 4
1776004707.173627 DEBUG: [kua.bidder] 重新计算 bucket 分配，当前节点数: 4
1776004710.174182 DEBUG: [kua.bidder] 重新计算 bucket 分配，当前节点数: 4
1776004713.174610 DEBUG: [kua.bidder] 重新计算 bucket 分配，当前节点数: 4
1776004716.175131 DEBUG: [kua.bidder] 重新计算 bucket 分配，当前节点数: 4
1776004719.175621 DEBUG: [kua.bidder] 重新计算 bucket 分配，当前节点数: 4
1776004722.176079 DEBUG: [kua.bidder] 重新计算 bucket 分配，当前节点数: 4
1776004725.176628 DEBUG: [kua.bidder] 重新计算 bucket 分配，当前节点数: 4
1776004728.177100 DEBUG: [kua.bidder] 重新计算 bucket 分配，当前节点数: 4
1776004731.177373 DEBUG: [kua.bidder] 重新计算 bucket 分配，当前节点数: 4
1776004734.178464 DEBUG: [kua.bidder] 重新计算 bucket 分配，当前节点数: 4
1776004737.178889 DEBUG: [kua.bidder] 重新计算 bucket 分配，当前节点数: 4
1776004740.179651 DEBUG: [kua.bidder] 重新计算 bucket 分配，当前节点数: 4
1776004743.180402 DEBUG: [kua.bidder] 重新计算 bucket 分配，当前节点数: 4
1776004746.183642 DEBUG: [kua.bidder] 重新计算 bucket 分配，当前节点数: 4
1776004749.184113 DEBUG: [kua.bidder] 重新计算 bucket 分配，当前节点数: 4
1776004752.185001 DEBUG: [kua.bidder] 重新计算 bucket 分配，当前节点数: 4
1776004755.185479 DEBUG: [kua.bidder] 重新计算 bucket 分配，当前节点数: 4
1776004758.186161 DEBUG: [kua.bidder] 重新计算 bucket 分配，当前节点数: 4
1776004761.187797 DEBUG: [kua.bidder] 重新计算 bucket 分配，当前节点数: 4
1776004764.188493 DEBUG: [kua.bidder] 重新计算 bucket 分配，当前节点数: 4
1776004767.189087 DEBUG: [kua.bidder] 重新计算 bucket 分配，当前节点数: 4
1776004770.189634 DEBUG: [kua.bidder] 重新计算 bucket 分配，当前节点数: 4
1776004773.190089 DEBUG: [kua.bidder] 重新计算 bucket 分配，当前节点数: 4
1776004776.190873 DEBUG: [kua.bidder] 重新计算 bucket 分配，当前节点数: 4
1776004779.191569 DEBUG: [kua.bidder] 重新计算 bucket 分配，当前节点数: 4
1776004782.192119 DEBUG: [kua.bidder] 重新计算 bucket 分配，当前节点数: 4
1776004785.192659 DEBUG: [kua.bidder] 重新计算 bucket 分配，当前节点数: 4
1776004788.193348 DEBUG: [kua.bidder] 重新计算 bucket 分配，当前节点数: 4
1776004791.194019 DEBUG: [kua.bidder] 重新计算 bucket 分配，当前节点数: 4
1776004794.208848 DEBUG: [kua.bidder] 重新计算 bucket 分配，当前节点数: 4
1776004797.209359 DEBUG: [kua.bidder] 重新计算 bucket 分配，当前节点数: 4
1776004800.209770 DEBUG: [kua.bidder] 重新计算 bucket 分配，当前节点数: 4
1776004803.210216 DEBUG: [kua.bidder] 重新计算 bucket 分配，当前节点数: 4
1776004806.210636 DEBUG: [kua.bidder] 重新计算 bucket 分配，当前节点数: 4
1776004809.210943 DEBUG: [kua.bidder] 重新计算 bucket 分配，当前节点数: 4
1776004812.212156 DEBUG: [kua.bidder] 重新计算 bucket 分配，当前节点数: 4
1776004815.212642 DEBUG: [kua.bidder] 重新计算 bucket 分配，当前节点数: 4
1776004818.213261 DEBUG: [kua.bidder] 重新计算 bucket 分配，当前节点数: 4
1776004821.213919 DEBUG: [kua.bidder] 重新计算 bucket 分配，当前节点数: 4
1776004824.214309 DEBUG: [kua.bidder] 重新计算 bucket 分配，当前节点数: 4
1776004827.215263 DEBUG: [kua.bidder] 重新计算 bucket 分配，当前节点数: 4
1776004830.216550 DEBUG: [kua.bidder] 重新计算 bucket 分配，当前节点数: 4
1776004833.217026 DEBUG: [kua.bidder] 重新计算 bucket 分配，当前节点数: 4
1776004836.217407 DEBUG: [kua.bidder] 重新计算 bucket 分配，当前节点数: 4
1776004839.217705 DEBUG: [kua.bidder] 重新计算 bucket 分配，当前节点数: 4
1776004842.218176 DEBUG: [kua.bidder] 重新计算 bucket 分配，当前节点数: 4
1776004845.218438 DEBUG: [kua.bidder] 重新计算 bucket 分配，当前节点数: 4
1776004848.218770 DEBUG: [kua.bidder] 重新计算 bucket 分配，当前节点数: 4
1776004851.220188 DEBUG: [kua.bidder] 重新计算 bucket 分配，当前节点数: 4
1776004854.220613 DEBUG: [kua.bidder] 重新计算 bucket 分配，当前节点数: 4
1776004857.220936 DEBUG: [kua.bidder] 重新计算 bucket 分配，当前节点数: 4
1776004860.221269 DEBUG: [kua.bidder] 重新计算 bucket 分配，当前节点数: 4
1776004863.253087 DEBUG: [kua.bidder] 重新计算 bucket 分配，当前节点数: 4
1776004866.254545 DEBUG: [kua.bidder] 重新计算 bucket 分配，当前节点数: 4
1776004869.254959 DEBUG: [kua.bidder] 重新计算 bucket 分配，当前节点数: 4
1776004872.255463 DEBUG: [kua.bidder] 重新计算 bucket 分配，当前节点数: 4
1776004875.255746 DEBUG: [kua.bidder] 重新计算 bucket 分配，当前节点数: 4
1776004878.256070 DEBUG: [kua.bidder] 重新计算 bucket 分配，当前节点数: 4
1776004881.256693 DEBUG: [kua.bidder] 重新计算 bucket 分配，当前节点数: 4
1776004884.256969 DEBUG: [kua.bidder] 重新计算 bucket 分配，当前节点数: 4
1776004887.257310 DEBUG: [kua.bidder] 重新计算 bucket 分配，当前节点数: 4
1776004890.257922 DEBUG: [kua.bidder] 重新计算 bucket 分配，当前节点数: 4
1776004893.258380 DEBUG: [kua.bidder] 重新计算 bucket 分配，当前节点数: 4
1776004896.258653 DEBUG: [kua.bidder] 重新计算 bucket 分配，当前节点数: 4
1776004899.258878 DEBUG: [kua.bidder] 重新计算 bucket 分配，当前节点数: 4
1776004902.259244 DEBUG: [kua.bidder] 重新计算 bucket 分配，当前节点数: 4
1776004905.259531 DEBUG: [kua.bidder] 重新计算 bucket 分配，当前节点数: 4
1776004908.259851 DEBUG: [kua.bidder] 重新计算 bucket 分配，当前节点数: 4
1776004911.260711 DEBUG: [kua.bidder] 重新计算 bucket 分配，当前节点数: 4
1776004914.260971 DEBUG: [kua.bidder] 重新计算 bucket 分配，当前节点数: 4
1776004917.261201 DEBUG: [kua.bidder] 重新计算 bucket 分配，当前节点数: 4
1776004920.261478 DEBUG: [kua.bidder] 重新计算 bucket 分配，当前节点数: 4
1776004923.261767 DEBUG: [kua.bidder] 重新计算 bucket 分配，当前节点数: 4
1776004926.266186 DEBUG: [kua.bidder] 重新计算 bucket 分配，当前节点数: 4
