1776001036.434607  INFO: [kua.nodewatcher] 构造 NodeWatcher
1776001036.441308  INFO: [kua.bidder] 构造 Bidder
1776001041.441498 DEBUG: [kua.bidder] 重新计算 bucket 分配，当前节点数: 5
1776001041.441671  INFO: [kua.bidder] 本地节点成为 bucket 1 的所有者
1776001041.442893  INFO: [kua.worker] 构造 worker #1 /one
1776001041.446409  INFO: [kua.bidder] 本地节点成为 bucket 3 的所有者
1776001041.447002  INFO: [kua.worker] 构造 worker #3 /one
1776001044.451637 DEBUG: [kua.bidder] 重新计算 bucket 分配，当前节点数: 5
1776001047.452313 DEBUG: [kua.bidder] 重新计算 bucket 分配，当前节点数: 5
1776001050.452810 DEBUG: [kua.bidder] 重新计算 bucket 分配，当前节点数: 5
1776001053.454044 DEBUG: [kua.bidder] 重新计算 bucket 分配，当前节点数: 5
1776001056.455030 DEBUG: [kua.bidder] 重新计算 bucket 分配，当前节点数: 5
1776001059.455510 DEBUG: [kua.bidder] 重新计算 bucket 分配，当前节点数: 5
1776001062.459821 DEBUG: [kua.bidder] 重新计算 bucket 分配，当前节点数: 5
1776001065.460464 DEBUG: [kua.bidder] 重新计算 bucket 分配，当前节点数: 5
1776001068.461056 DEBUG: [kua.bidder] 重新计算 bucket 分配，当前节点数: 5
1776001071.461552 DEBUG: [kua.bidder] 重新计算 bucket 分配，当前节点数: 5
1776001074.462095 DEBUG: [kua.bidder] 重新计算 bucket 分配，当前节点数: 5
1776001077.462675 DEBUG: [kua.bidder] 重新计算 bucket 分配，当前节点数: 4
1776001077.462860  INFO: [kua.bidder] 本地节点成为 bucket 0 的所有者
1776001077.465255  INFO: [kua.worker] 构造 worker #0 /one
1776001077.470318  INFO: [kua.bidder] 本地节点成为 bucket 2 的所有者
1776001077.471411  INFO: [kua.worker] 构造 worker #2 /one
1776001080.478493 DEBUG: [kua.bidder] 重新计算 bucket 分配，当前节点数: 4
1776001080.496727 DEBUG: [kua.worker] 收到请求 : #0 : /one/%00/%07%13%08%0Ebucket0-test-22%01%00/%0B
1776001080.496818  INFO: [kua.worker] 接收数据: /bucket0-test-2/seg=0 到 bucket #0
1776001080.496903 DEBUG: [kua.worker] 收到请求 : #0 : /one/%00/%07%13%08%0Ebucket0-test-72%01%00/%0B
1776001080.496912  INFO: [kua.worker] 接收数据: /bucket0-test-7/seg=0 到 bucket #0
1776001080.497134 DEBUG: [kua.worker] 收到请求 : #0 : /one/%00/%07%13%08%0Ebucket0-test-92%01%00/%0B
1776001080.497150  INFO: [kua.worker] 接收数据: /bucket0-test-9/seg=0 到 bucket #0
1776001080.497389 DEBUG: [kua.worker] 收到请求 : #0 : /bucket0-test-2/seg=0
1776001080.497496 DEBUG: [kua.worker] 收到请求 : #0 : /bucket0-test-7/seg=0
1776001080.497511 DEBUG: [kua.worker] 收到请求 : #0 : /bucket0-test-9/seg=0
1776001080.498299  INFO: [kua.worker] 接收数据并存储成功: /bucket0-test-2/seg=0 到 bucket #0
1776001080.498417  INFO: [kua.worker] 接收数据并存储成功: /bucket0-test-7/seg=0 到 bucket #0
1776001080.498466  INFO: [kua.worker] 接收数据并存储成功: /bucket0-test-9/seg=0 到 bucket #0
1776001081.498765 DEBUG: [kua.worker] 收到请求 : #2 : /one/%02/%07%14%08%0Fbucket0-test-112%01%00/%0B
1776001081.498847  INFO: [kua.worker] 接收数据: /bucket0-test-11/seg=0 到 bucket #2
1776001081.498889 DEBUG: [kua.worker] 收到请求 : #2 : /one/%02/%07%14%08%0Fbucket0-test-132%01%00/%0B
1776001081.498895  INFO: [kua.worker] 接收数据: /bucket0-test-13/seg=0 到 bucket #2
1776001081.498912 DEBUG: [kua.worker] 收到请求 : #2 : /one/%02/%07%14%08%0Fbucket0-test-182%01%00/%0B
1776001081.498916  INFO: [kua.worker] 接收数据: /bucket0-test-18/seg=0 到 bucket #2
1776001081.499077 DEBUG: [kua.worker] 收到请求 : #2 : /bucket0-test-11/seg=0
1776001081.499096 DEBUG: [kua.worker] 收到请求 : #2 : /bucket0-test-13/seg=0
1776001081.499122 DEBUG: [kua.worker] 收到请求 : #2 : /bucket0-test-18/seg=0
1776001081.502054  INFO: [kua.worker] 接收数据并存储成功: /bucket0-test-11/seg=0 到 bucket #2
1776001081.502398  INFO: [kua.worker] 接收数据并存储成功: /bucket0-test-13/seg=0 到 bucket #2
1776001081.503730  INFO: [kua.worker] 接收数据并存储成功: /bucket0-test-18/seg=0 到 bucket #2
1776001083.479020 DEBUG: [kua.bidder] 重新计算 bucket 分配，当前节点数: 4
1776001086.479354 DEBUG: [kua.bidder] 重新计算 bucket 分配，当前节点数: 4
1776001089.479799 DEBUG: [kua.bidder] 重新计算 bucket 分配，当前节点数: 4
1776001092.480199 DEBUG: [kua.bidder] 重新计算 bucket 分配，当前节点数: 4
1776001095.481415 DEBUG: [kua.bidder] 重新计算 bucket 分配，当前节点数: 4
1776001098.484069 DEBUG: [kua.bidder] 重新计算 bucket 分配，当前节点数: 4
1776001101.484783 DEBUG: [kua.bidder] 重新计算 bucket 分配，当前节点数: 4
1776001104.487169 DEBUG: [kua.bidder] 重新计算 bucket 分配，当前节点数: 4
1776001107.487862 DEBUG: [kua.bidder] 重新计算 bucket 分配，当前节点数: 4
1776001110.488353 DEBUG: [kua.bidder] 重新计算 bucket 分配，当前节点数: 4
1776001113.488785 DEBUG: [kua.bidder] 重新计算 bucket 分配，当前节点数: 4
1776001116.491664 DEBUG: [kua.bidder] 重新计算 bucket 分配，当前节点数: 4
1776001119.492104 DEBUG: [kua.bidder] 重新计算 bucket 分配，当前节点数: 4
1776001122.492643 DEBUG: [kua.bidder] 重新计算 bucket 分配，当前节点数: 4
1776001125.493208 DEBUG: [kua.bidder] 重新计算 bucket 分配，当前节点数: 4
1776001128.493764 DEBUG: [kua.bidder] 重新计算 bucket 分配，当前节点数: 4
1776001131.494309 DEBUG: [kua.bidder] 重新计算 bucket 分配，当前节点数: 4
1776001134.494750 DEBUG: [kua.bidder] 重新计算 bucket 分配，当前节点数: 4
1776001137.495389 DEBUG: [kua.bidder] 重新计算 bucket 分配，当前节点数: 4
1776001140.496627 DEBUG: [kua.bidder] 重新计算 bucket 分配，当前节点数: 4
1776001143.497324 DEBUG: [kua.bidder] 重新计算 bucket 分配，当前节点数: 4
1776001146.500127 DEBUG: [kua.bidder] 重新计算 bucket 分配，当前节点数: 4
1776001149.500726 DEBUG: [kua.bidder] 重新计算 bucket 分配，当前节点数: 4
1776001152.501373 DEBUG: [kua.bidder] 重新计算 bucket 分配，当前节点数: 4
1776001155.514774 DEBUG: [kua.bidder] 重新计算 bucket 分配，当前节点数: 4
1776001158.516038 DEBUG: [kua.bidder] 重新计算 bucket 分配，当前节点数: 4
1776001161.516662 DEBUG: [kua.bidder] 重新计算 bucket 分配，当前节点数: 4
1776001164.517462 DEBUG: [kua.bidder] 重新计算 bucket 分配，当前节点数: 4
1776001167.518151 DEBUG: [kua.bidder] 重新计算 bucket 分配，当前节点数: 4
1776001170.518592 DEBUG: [kua.bidder] 重新计算 bucket 分配，当前节点数: 4
1776001173.561592 DEBUG: [kua.bidder] 重新计算 bucket 分配，当前节点数: 4
1776001176.562267 DEBUG: [kua.bidder] 重新计算 bucket 分配，当前节点数: 4
1776001179.562704 DEBUG: [kua.bidder] 重新计算 bucket 分配，当前节点数: 4
1776001182.563431 DEBUG: [kua.bidder] 重新计算 bucket 分配，当前节点数: 4
1776001185.568644 DEBUG: [kua.bidder] 重新计算 bucket 分配，当前节点数: 4
1776001188.569505 DEBUG: [kua.bidder] 重新计算 bucket 分配，当前节点数: 4
1776001191.570117 DEBUG: [kua.bidder] 重新计算 bucket 分配，当前节点数: 4
1776001194.570646 DEBUG: [kua.bidder] 重新计算 bucket 分配，当前节点数: 4
1776001197.571156 DEBUG: [kua.bidder] 重新计算 bucket 分配，当前节点数: 4
1776001200.571598 DEBUG: [kua.bidder] 重新计算 bucket 分配，当前节点数: 4
1776001203.572155 DEBUG: [kua.bidder] 重新计算 bucket 分配，当前节点数: 4
1776001206.572722 DEBUG: [kua.bidder] 重新计算 bucket 分配，当前节点数: 4
1776001209.574721 DEBUG: [kua.bidder] 重新计算 bucket 分配，当前节点数: 4
1776001212.575731 DEBUG: [kua.bidder] 重新计算 bucket 分配，当前节点数: 4
1776001215.576263 DEBUG: [kua.bidder] 重新计算 bucket 分配，当前节点数: 4
1776001218.576732 DEBUG: [kua.bidder] 重新计算 bucket 分配，当前节点数: 4
1776001221.577323 DEBUG: [kua.bidder] 重新计算 bucket 分配，当前节点数: 4
1776001224.577811 DEBUG: [kua.bidder] 重新计算 bucket 分配，当前节点数: 4
1776001227.578311 DEBUG: [kua.bidder] 重新计算 bucket 分配，当前节点数: 4
1776001230.578686 DEBUG: [kua.bidder] 重新计算 bucket 分配，当前节点数: 4
1776001233.579078 DEBUG: [kua.bidder] 重新计算 bucket 分配，当前节点数: 4
1776001236.579483 DEBUG: [kua.bidder] 重新计算 bucket 分配，当前节点数: 4
1776001239.579901 DEBUG: [kua.bidder] 重新计算 bucket 分配，当前节点数: 4
1776001242.580758 DEBUG: [kua.bidder] 重新计算 bucket 分配，当前节点数: 4
1776001245.582142 DEBUG: [kua.bidder] 重新计算 bucket 分配，当前节点数: 4
1776001248.582794 DEBUG: [kua.bidder] 重新计算 bucket 分配，当前节点数: 4
1776001251.583612 DEBUG: [kua.bidder] 重新计算 bucket 分配，当前节点数: 4
1776001254.584153 DEBUG: [kua.bidder] 重新计算 bucket 分配，当前节点数: 4
1776001257.584793 DEBUG: [kua.bidder] 重新计算 bucket 分配，当前节点数: 4
1776001260.585499 DEBUG: [kua.bidder] 重新计算 bucket 分配，当前节点数: 4
1776001263.591451 DEBUG: [kua.bidder] 重新计算 bucket 分配，当前节点数: 4
1776001266.595081 DEBUG: [kua.bidder] 重新计算 bucket 分配，当前节点数: 4
1776001269.597256 DEBUG: [kua.bidder] 重新计算 bucket 分配，当前节点数: 4
1776001272.597776 DEBUG: [kua.bidder] 重新计算 bucket 分配，当前节点数: 4
1776001275.598278 DEBUG: [kua.bidder] 重新计算 bucket 分配，当前节点数: 4
1776001278.599089 DEBUG: [kua.bidder] 重新计算 bucket 分配，当前节点数: 4
1776001281.600177 DEBUG: [kua.bidder] 重新计算 bucket 分配，当前节点数: 4
1776001284.600698 DEBUG: [kua.bidder] 重新计算 bucket 分配，当前节点数: 4
1776001287.613269 DEBUG: [kua.bidder] 重新计算 bucket 分配，当前节点数: 4
1776001290.613817 DEBUG: [kua.bidder] 重新计算 bucket 分配，当前节点数: 4
1776001293.618434 DEBUG: [kua.bidder] 重新计算 bucket 分配，当前节点数: 4
1776001296.649404 DEBUG: [kua.bidder] 重新计算 bucket 分配，当前节点数: 4
1776001299.650406 DEBUG: [kua.bidder] 重新计算 bucket 分配，当前节点数: 4
1776001302.650841 DEBUG: [kua.bidder] 重新计算 bucket 分配，当前节点数: 4
1776001305.651275 DEBUG: [kua.bidder] 重新计算 bucket 分配，当前节点数: 4
1776001308.651741 DEBUG: [kua.bidder] 重新计算 bucket 分配，当前节点数: 4
1776001311.674685 DEBUG: [kua.bidder] 重新计算 bucket 分配，当前节点数: 4
1776001314.675362 DEBUG: [kua.bidder] 重新计算 bucket 分配，当前节点数: 4
1776001317.676273 DEBUG: [kua.bidder] 重新计算 bucket 分配，当前节点数: 4
1776001320.688767 DEBUG: [kua.bidder] 重新计算 bucket 分配，当前节点数: 4
1776001323.689313 DEBUG: [kua.bidder] 重新计算 bucket 分配，当前节点数: 4
1776001326.690822 DEBUG: [kua.bidder] 重新计算 bucket 分配，当前节点数: 4
1776001329.693863 DEBUG: [kua.bidder] 重新计算 bucket 分配，当前节点数: 4
1776001332.744462 DEBUG: [kua.bidder] 重新计算 bucket 分配，当前节点数: 4
1776001335.787367 DEBUG: [kua.bidder] 重新计算 bucket 分配，当前节点数: 4
1776001338.787703 DEBUG: [kua.bidder] 重新计算 bucket 分配，当前节点数: 4
1776001341.788036 DEBUG: [kua.bidder] 重新计算 bucket 分配，当前节点数: 4
1776001344.789571 DEBUG: [kua.bidder] 重新计算 bucket 分配，当前节点数: 4
1776001347.790134 DEBUG: [kua.bidder] 重新计算 bucket 分配，当前节点数: 4
1776001350.790515 DEBUG: [kua.bidder] 重新计算 bucket 分配，当前节点数: 4
1776001353.791000 DEBUG: [kua.bidder] 重新计算 bucket 分配，当前节点数: 4
1776001356.791537 DEBUG: [kua.bidder] 重新计算 bucket 分配，当前节点数: 4
1776001359.857030 DEBUG: [kua.bidder] 重新计算 bucket 分配，当前节点数: 4
1776001362.857643 DEBUG: [kua.bidder] 重新计算 bucket 分配，当前节点数: 4
1776001365.858266 DEBUG: [kua.bidder] 重新计算 bucket 分配，当前节点数: 4
1776001368.858816 DEBUG: [kua.bidder] 重新计算 bucket 分配，当前节点数: 4
1776001371.859433 DEBUG: [kua.bidder] 重新计算 bucket 分配，当前节点数: 4
1776001374.859919 DEBUG: [kua.bidder] 重新计算 bucket 分配，当前节点数: 4
1776001377.860533 DEBUG: [kua.bidder] 重新计算 bucket 分配，当前节点数: 4
1776001380.861674 DEBUG: [kua.bidder] 重新计算 bucket 分配，当前节点数: 4
1776001383.863618 DEBUG: [kua.bidder] 重新计算 bucket 分配，当前节点数: 4
1776001386.864050 DEBUG: [kua.bidder] 重新计算 bucket 分配，当前节点数: 4
1776001389.873058 DEBUG: [kua.bidder] 重新计算 bucket 分配，当前节点数: 4
1776001392.873620 DEBUG: [kua.bidder] 重新计算 bucket 分配，当前节点数: 4
1776001395.874338 DEBUG: [kua.bidder] 重新计算 bucket 分配，当前节点数: 4
1776001398.874787 DEBUG: [kua.bidder] 重新计算 bucket 分配，当前节点数: 4
1776001401.875264 DEBUG: [kua.bidder] 重新计算 bucket 分配，当前节点数: 4
1776001404.877028 DEBUG: [kua.bidder] 重新计算 bucket 分配，当前节点数: 4
1776001407.877535 DEBUG: [kua.bidder] 重新计算 bucket 分配，当前节点数: 4
1776001410.878194 DEBUG: [kua.bidder] 重新计算 bucket 分配，当前节点数: 4
1776001413.878701 DEBUG: [kua.bidder] 重新计算 bucket 分配，当前节点数: 4
1776001416.879288 DEBUG: [kua.bidder] 重新计算 bucket 分配，当前节点数: 4
1776001419.879675 DEBUG: [kua.bidder] 重新计算 bucket 分配，当前节点数: 4
1776001422.880270 DEBUG: [kua.bidder] 重新计算 bucket 分配，当前节点数: 4
1776001425.880721 DEBUG: [kua.bidder] 重新计算 bucket 分配，当前节点数: 4
1776001428.882773 DEBUG: [kua.bidder] 重新计算 bucket 分配，当前节点数: 4
1776001431.883712 DEBUG: [kua.bidder] 重新计算 bucket 分配，当前节点数: 4
1776001434.886154 DEBUG: [kua.bidder] 重新计算 bucket 分配，当前节点数: 4
1776001437.889318 DEBUG: [kua.bidder] 重新计算 bucket 分配，当前节点数: 4
1776001440.889816 DEBUG: [kua.bidder] 重新计算 bucket 分配，当前节点数: 4
1776001443.890316 DEBUG: [kua.bidder] 重新计算 bucket 分配，当前节点数: 4
1776001446.891691 DEBUG: [kua.bidder] 重新计算 bucket 分配，当前节点数: 4
1776001449.892465 DEBUG: [kua.bidder] 重新计算 bucket 分配，当前节点数: 4
1776001452.893048 DEBUG: [kua.bidder] 重新计算 bucket 分配，当前节点数: 4
1776001455.893656 DEBUG: [kua.bidder] 重新计算 bucket 分配，当前节点数: 4
1776001458.894383 DEBUG: [kua.bidder] 重新计算 bucket 分配，当前节点数: 4
1776001461.896162 DEBUG: [kua.bidder] 重新计算 bucket 分配，当前节点数: 4
1776001464.899097 DEBUG: [kua.bidder] 重新计算 bucket 分配，当前节点数: 4
1776001467.899560 DEBUG: [kua.bidder] 重新计算 bucket 分配，当前节点数: 4
1776001470.900094 DEBUG: [kua.bidder] 重新计算 bucket 分配，当前节点数: 4
1776001473.901601 DEBUG: [kua.bidder] 重新计算 bucket 分配，当前节点数: 4
1776001476.902163 DEBUG: [kua.bidder] 重新计算 bucket 分配，当前节点数: 4
1776001479.902744 DEBUG: [kua.bidder] 重新计算 bucket 分配，当前节点数: 4
1776001482.903214 DEBUG: [kua.bidder] 重新计算 bucket 分配，当前节点数: 4
1776001485.903602 DEBUG: [kua.bidder] 重新计算 bucket 分配，当前节点数: 4
1776001488.904076 DEBUG: [kua.bidder] 重新计算 bucket 分配，当前节点数: 4
1776001491.904892 DEBUG: [kua.bidder] 重新计算 bucket 分配，当前节点数: 4
1776001494.906015 DEBUG: [kua.bidder] 重新计算 bucket 分配，当前节点数: 4
1776001497.906677 DEBUG: [kua.bidder] 重新计算 bucket 分配，当前节点数: 4
1776001500.907380 DEBUG: [kua.bidder] 重新计算 bucket 分配，当前节点数: 4
1776001503.907813 DEBUG: [kua.bidder] 重新计算 bucket 分配，当前节点数: 4
1776001506.908332 DEBUG: [kua.bidder] 重新计算 bucket 分配，当前节点数: 4
1776001509.909532 DEBUG: [kua.bidder] 重新计算 bucket 分配，当前节点数: 4
1776001512.910066 DEBUG: [kua.bidder] 重新计算 bucket 分配，当前节点数: 4
1776001515.910514 DEBUG: [kua.bidder] 重新计算 bucket 分配，当前节点数: 4
1776001518.910936 DEBUG: [kua.bidder] 重新计算 bucket 分配，当前节点数: 4
1776001521.911361 DEBUG: [kua.bidder] 重新计算 bucket 分配，当前节点数: 4
1776001524.911825 DEBUG: [kua.bidder] 重新计算 bucket 分配，当前节点数: 4
1776001527.912299 DEBUG: [kua.bidder] 重新计算 bucket 分配，当前节点数: 4
1776001530.912879 DEBUG: [kua.bidder] 重新计算 bucket 分配，当前节点数: 4
1776001533.913415 DEBUG: [kua.bidder] 重新计算 bucket 分配，当前节点数: 4
1776001536.913860 DEBUG: [kua.bidder] 重新计算 bucket 分配，当前节点数: 4
1776001539.915526 DEBUG: [kua.bidder] 重新计算 bucket 分配，当前节点数: 4
1776001542.916240 DEBUG: [kua.bidder] 重新计算 bucket 分配，当前节点数: 4
1776001545.916754 DEBUG: [kua.bidder] 重新计算 bucket 分配，当前节点数: 4
1776001548.917437 DEBUG: [kua.bidder] 重新计算 bucket 分配，当前节点数: 4
1776001551.919380 DEBUG: [kua.bidder] 重新计算 bucket 分配，当前节点数: 4
1776001554.920263 DEBUG: [kua.bidder] 重新计算 bucket 分配，当前节点数: 4
1776001557.920664 DEBUG: [kua.bidder] 重新计算 bucket 分配，当前节点数: 4
1776001560.921115 DEBUG: [kua.bidder] 重新计算 bucket 分配，当前节点数: 4
1776001563.921625 DEBUG: [kua.bidder] 重新计算 bucket 分配，当前节点数: 4
1776001566.922248 DEBUG: [kua.bidder] 重新计算 bucket 分配，当前节点数: 4
1776001569.923091 DEBUG: [kua.bidder] 重新计算 bucket 分配，当前节点数: 4
1776001572.962805 DEBUG: [kua.bidder] 重新计算 bucket 分配，当前节点数: 4
1776001575.965750 DEBUG: [kua.bidder] 重新计算 bucket 分配，当前节点数: 4
1776001578.966330 DEBUG: [kua.bidder] 重新计算 bucket 分配，当前节点数: 4
1776001581.968171 DEBUG: [kua.bidder] 重新计算 bucket 分配，当前节点数: 4
1776001584.968759 DEBUG: [kua.bidder] 重新计算 bucket 分配，当前节点数: 4
1776001587.969651 DEBUG: [kua.bidder] 重新计算 bucket 分配，当前节点数: 4
1776001590.970251 DEBUG: [kua.bidder] 重新计算 bucket 分配，当前节点数: 4
1776001593.970670 DEBUG: [kua.bidder] 重新计算 bucket 分配，当前节点数: 4
1776001596.971146 DEBUG: [kua.bidder] 重新计算 bucket 分配，当前节点数: 4
1776001599.972660 DEBUG: [kua.bidder] 重新计算 bucket 分配，当前节点数: 4
1776001602.973046 DEBUG: [kua.bidder] 重新计算 bucket 分配，当前节点数: 4
1776001605.973450 DEBUG: [kua.bidder] 重新计算 bucket 分配，当前节点数: 4
1776001608.973778 DEBUG: [kua.bidder] 重新计算 bucket 分配，当前节点数: 4
1776001611.981573 DEBUG: [kua.bidder] 重新计算 bucket 分配，当前节点数: 4
1776001614.982203 DEBUG: [kua.bidder] 重新计算 bucket 分配，当前节点数: 4
1776001617.982496 DEBUG: [kua.bidder] 重新计算 bucket 分配，当前节点数: 4
1776001620.983095 DEBUG: [kua.bidder] 重新计算 bucket 分配，当前节点数: 4
1776001623.983562 DEBUG: [kua.bidder] 重新计算 bucket 分配，当前节点数: 4
1776001627.061559 DEBUG: [kua.bidder] 重新计算 bucket 分配，当前节点数: 4
1776001630.078868 DEBUG: [kua.bidder] 重新计算 bucket 分配，当前节点数: 4
1776001633.082178 DEBUG: [kua.bidder] 重新计算 bucket 分配，当前节点数: 4
1776001636.082639 DEBUG: [kua.bidder] 重新计算 bucket 分配，当前节点数: 4
1776001639.083128 DEBUG: [kua.bidder] 重新计算 bucket 分配，当前节点数: 4
1776001642.116663 DEBUG: [kua.bidder] 重新计算 bucket 分配，当前节点数: 4
1776001645.117266 DEBUG: [kua.bidder] 重新计算 bucket 分配，当前节点数: 4
1776001648.133659 DEBUG: [kua.bidder] 重新计算 bucket 分配，当前节点数: 4
1776001651.225522 DEBUG: [kua.bidder] 重新计算 bucket 分配，当前节点数: 4
1776001654.225884 DEBUG: [kua.bidder] 重新计算 bucket 分配，当前节点数: 4
1776001657.226341 DEBUG: [kua.bidder] 重新计算 bucket 分配，当前节点数: 4
1776001660.233865 DEBUG: [kua.bidder] 重新计算 bucket 分配，当前节点数: 4
1776001663.234391 DEBUG: [kua.bidder] 重新计算 bucket 分配，当前节点数: 4
1776001666.234820 DEBUG: [kua.bidder] 重新计算 bucket 分配，当前节点数: 4
1776001669.235320 DEBUG: [kua.bidder] 重新计算 bucket 分配，当前节点数: 4
1776001672.236820 DEBUG: [kua.bidder] 重新计算 bucket 分配，当前节点数: 4
1776001675.237250 DEBUG: [kua.bidder] 重新计算 bucket 分配，当前节点数: 4
1776001678.238188 DEBUG: [kua.bidder] 重新计算 bucket 分配，当前节点数: 4
1776001681.239028 DEBUG: [kua.bidder] 重新计算 bucket 分配，当前节点数: 4
1776001684.239429 DEBUG: [kua.bidder] 重新计算 bucket 分配，当前节点数: 4
1776001687.241256 DEBUG: [kua.bidder] 重新计算 bucket 分配，当前节点数: 4
1776001690.241683 DEBUG: [kua.bidder] 重新计算 bucket 分配，当前节点数: 4
1776001693.242306 DEBUG: [kua.bidder] 重新计算 bucket 分配，当前节点数: 4
1776001696.243464 DEBUG: [kua.bidder] 重新计算 bucket 分配，当前节点数: 4
1776001699.244065 DEBUG: [kua.bidder] 重新计算 bucket 分配，当前节点数: 4
1776001702.244457 DEBUG: [kua.bidder] 重新计算 bucket 分配，当前节点数: 4
1776001705.245658 DEBUG: [kua.bidder] 重新计算 bucket 分配，当前节点数: 4
1776001708.246176 DEBUG: [kua.bidder] 重新计算 bucket 分配，当前节点数: 4
1776001711.246619 DEBUG: [kua.bidder] 重新计算 bucket 分配，当前节点数: 4
1776001714.247209 DEBUG: [kua.bidder] 重新计算 bucket 分配，当前节点数: 4
1776001717.247755 DEBUG: [kua.bidder] 重新计算 bucket 分配，当前节点数: 4
1776001720.248377 DEBUG: [kua.bidder] 重新计算 bucket 分配，当前节点数: 4
1776001723.249602 DEBUG: [kua.bidder] 重新计算 bucket 分配，当前节点数: 4
1776001726.250046 DEBUG: [kua.bidder] 重新计算 bucket 分配，当前节点数: 4
1776001729.250481 DEBUG: [kua.bidder] 重新计算 bucket 分配，当前节点数: 4
1776001732.252570 DEBUG: [kua.bidder] 重新计算 bucket 分配，当前节点数: 4
1776001735.254124 DEBUG: [kua.bidder] 重新计算 bucket 分配，当前节点数: 4
1776001738.254542 DEBUG: [kua.bidder] 重新计算 bucket 分配，当前节点数: 4
1776001741.255000 DEBUG: [kua.bidder] 重新计算 bucket 分配，当前节点数: 4
1776001744.255556 DEBUG: [kua.bidder] 重新计算 bucket 分配，当前节点数: 4
1776001747.257485 DEBUG: [kua.bidder] 重新计算 bucket 分配，当前节点数: 4
1776001750.259742 DEBUG: [kua.bidder] 重新计算 bucket 分配，当前节点数: 4
1776001753.260287 DEBUG: [kua.bidder] 重新计算 bucket 分配，当前节点数: 4
1776001756.260835 DEBUG: [kua.bidder] 重新计算 bucket 分配，当前节点数: 4
1776001759.261408 DEBUG: [kua.bidder] 重新计算 bucket 分配，当前节点数: 4
1776001762.262689 DEBUG: [kua.bidder] 重新计算 bucket 分配，当前节点数: 4
1776001765.263064 DEBUG: [kua.bidder] 重新计算 bucket 分配，当前节点数: 4
1776001768.263401 DEBUG: [kua.bidder] 重新计算 bucket 分配，当前节点数: 4
1776001771.263703 DEBUG: [kua.bidder] 重新计算 bucket 分配，当前节点数: 4
1776001774.264145 DEBUG: [kua.bidder] 重新计算 bucket 分配，当前节点数: 4
1776001777.267144 DEBUG: [kua.bidder] 重新计算 bucket 分配，当前节点数: 4
1776001780.267618 DEBUG: [kua.bidder] 重新计算 bucket 分配，当前节点数: 4
1776001783.268082 DEBUG: [kua.bidder] 重新计算 bucket 分配，当前节点数: 4
1776001786.268528 DEBUG: [kua.bidder] 重新计算 bucket 分配，当前节点数: 4
1776001789.269030 DEBUG: [kua.bidder] 重新计算 bucket 分配，当前节点数: 4
1776001792.269601 DEBUG: [kua.bidder] 重新计算 bucket 分配，当前节点数: 4
1776001795.273916 DEBUG: [kua.bidder] 重新计算 bucket 分配，当前节点数: 4
1776001798.274515 DEBUG: [kua.bidder] 重新计算 bucket 分配，当前节点数: 4
1776001801.274883 DEBUG: [kua.bidder] 重新计算 bucket 分配，当前节点数: 4
1776001804.275316 DEBUG: [kua.bidder] 重新计算 bucket 分配，当前节点数: 4
1776001807.276375 DEBUG: [kua.bidder] 重新计算 bucket 分配，当前节点数: 4
1776001810.277050 DEBUG: [kua.bidder] 重新计算 bucket 分配，当前节点数: 4
1776001813.277673 DEBUG: [kua.bidder] 重新计算 bucket 分配，当前节点数: 4
1776001816.279139 DEBUG: [kua.bidder] 重新计算 bucket 分配，当前节点数: 4
1776001819.280363 DEBUG: [kua.bidder] 重新计算 bucket 分配，当前节点数: 4
1776001822.281114 DEBUG: [kua.bidder] 重新计算 bucket 分配，当前节点数: 4
1776001825.281828 DEBUG: [kua.bidder] 重新计算 bucket 分配，当前节点数: 4
1776001828.283069 DEBUG: [kua.bidder] 重新计算 bucket 分配，当前节点数: 4
1776001831.283578 DEBUG: [kua.bidder] 重新计算 bucket 分配，当前节点数: 4
1776001834.303131 DEBUG: [kua.bidder] 重新计算 bucket 分配，当前节点数: 4
1776001837.303832 DEBUG: [kua.bidder] 重新计算 bucket 分配，当前节点数: 4
1776001840.305872 DEBUG: [kua.bidder] 重新计算 bucket 分配，当前节点数: 4
1776001843.306537 DEBUG: [kua.bidder] 重新计算 bucket 分配，当前节点数: 4
1776001846.307115 DEBUG: [kua.bidder] 重新计算 bucket 分配，当前节点数: 4
1776001849.307493 DEBUG: [kua.bidder] 重新计算 bucket 分配，当前节点数: 4
1776001852.307998 DEBUG: [kua.bidder] 重新计算 bucket 分配，当前节点数: 4
1776001855.308429 DEBUG: [kua.bidder] 重新计算 bucket 分配，当前节点数: 4
1776001858.309026 DEBUG: [kua.bidder] 重新计算 bucket 分配，当前节点数: 4
1776001861.313892 DEBUG: [kua.bidder] 重新计算 bucket 分配，当前节点数: 4
1776001864.314404 DEBUG: [kua.bidder] 重新计算 bucket 分配，当前节点数: 4
1776001867.314851 DEBUG: [kua.bidder] 重新计算 bucket 分配，当前节点数: 4
1776001870.316352 DEBUG: [kua.bidder] 重新计算 bucket 分配，当前节点数: 4
1776001873.316839 DEBUG: [kua.bidder] 重新计算 bucket 分配，当前节点数: 4
1776001876.317671 DEBUG: [kua.bidder] 重新计算 bucket 分配，当前节点数: 4
1776001879.318459 DEBUG: [kua.bidder] 重新计算 bucket 分配，当前节点数: 4
1776001882.318903 DEBUG: [kua.bidder] 重新计算 bucket 分配，当前节点数: 4
1776001885.319583 DEBUG: [kua.bidder] 重新计算 bucket 分配，当前节点数: 4
1776001888.320103 DEBUG: [kua.bidder] 重新计算 bucket 分配，当前节点数: 4
1776001891.320477 DEBUG: [kua.bidder] 重新计算 bucket 分配，当前节点数: 4
1776001894.321495 DEBUG: [kua.bidder] 重新计算 bucket 分配，当前节点数: 4
1776001897.322134 DEBUG: [kua.bidder] 重新计算 bucket 分配，当前节点数: 4
1776001900.322592 DEBUG: [kua.bidder] 重新计算 bucket 分配，当前节点数: 4
1776001903.323186 DEBUG: [kua.bidder] 重新计算 bucket 分配，当前节点数: 4
1776001906.324318 DEBUG: [kua.bidder] 重新计算 bucket 分配，当前节点数: 4
1776001909.325025 DEBUG: [kua.bidder] 重新计算 bucket 分配，当前节点数: 4
1776001912.325764 DEBUG: [kua.bidder] 重新计算 bucket 分配，当前节点数: 4
1776001915.326350 DEBUG: [kua.bidder] 重新计算 bucket 分配，当前节点数: 4
1776001918.326866 DEBUG: [kua.bidder] 重新计算 bucket 分配，当前节点数: 4
1776001921.327563 DEBUG: [kua.bidder] 重新计算 bucket 分配，当前节点数: 4
1776001924.328029 DEBUG: [kua.bidder] 重新计算 bucket 分配，当前节点数: 4
1776001927.328474 DEBUG: [kua.bidder] 重新计算 bucket 分配，当前节点数: 4
1776001930.329517 DEBUG: [kua.bidder] 重新计算 bucket 分配，当前节点数: 4
1776001933.330478 DEBUG: [kua.bidder] 重新计算 bucket 分配，当前节点数: 4
1776001936.330883 DEBUG: [kua.bidder] 重新计算 bucket 分配，当前节点数: 4
1776001939.337136 DEBUG: [kua.bidder] 重新计算 bucket 分配，当前节点数: 4
1776001942.337733 DEBUG: [kua.bidder] 重新计算 bucket 分配，当前节点数: 4
1776001945.338243 DEBUG: [kua.bidder] 重新计算 bucket 分配，当前节点数: 4
1776001948.338794 DEBUG: [kua.bidder] 重新计算 bucket 分配，当前节点数: 4
1776001951.341143 DEBUG: [kua.bidder] 重新计算 bucket 分配，当前节点数: 4
1776001954.342591 DEBUG: [kua.bidder] 重新计算 bucket 分配，当前节点数: 4
1776001957.343162 DEBUG: [kua.bidder] 重新计算 bucket 分配，当前节点数: 4
1776001960.343706 DEBUG: [kua.bidder] 重新计算 bucket 分配，当前节点数: 4
1776001963.344279 DEBUG: [kua.bidder] 重新计算 bucket 分配，当前节点数: 4
1776001966.344743 DEBUG: [kua.bidder] 重新计算 bucket 分配，当前节点数: 4
1776001969.345239 DEBUG: [kua.bidder] 重新计算 bucket 分配，当前节点数: 4
1776001972.345749 DEBUG: [kua.bidder] 重新计算 bucket 分配，当前节点数: 4
1776001975.346246 DEBUG: [kua.bidder] 重新计算 bucket 分配，当前节点数: 4
1776001978.346779 DEBUG: [kua.bidder] 重新计算 bucket 分配，当前节点数: 4
1776001981.347283 DEBUG: [kua.bidder] 重新计算 bucket 分配，当前节点数: 4
1776001984.347801 DEBUG: [kua.bidder] 重新计算 bucket 分配，当前节点数: 4
1776001987.348408 DEBUG: [kua.bidder] 重新计算 bucket 分配，当前节点数: 4
1776001990.349074 DEBUG: [kua.bidder] 重新计算 bucket 分配，当前节点数: 4
1776001993.349509 DEBUG: [kua.bidder] 重新计算 bucket 分配，当前节点数: 4
1776001996.350647 DEBUG: [kua.bidder] 重新计算 bucket 分配，当前节点数: 4
1776001999.351734 DEBUG: [kua.bidder] 重新计算 bucket 分配，当前节点数: 4
1776002002.353350 DEBUG: [kua.bidder] 重新计算 bucket 分配，当前节点数: 4
1776002005.353858 DEBUG: [kua.bidder] 重新计算 bucket 分配，当前节点数: 4
1776002008.354476 DEBUG: [kua.bidder] 重新计算 bucket 分配，当前节点数: 4
1776002011.357157 DEBUG: [kua.bidder] 重新计算 bucket 分配，当前节点数: 4
1776002014.357677 DEBUG: [kua.bidder] 重新计算 bucket 分配，当前节点数: 4
1776002017.358152 DEBUG: [kua.bidder] 重新计算 bucket 分配，当前节点数: 4
1776002020.369230 DEBUG: [kua.bidder] 重新计算 bucket 分配，当前节点数: 4
1776002023.370553 DEBUG: [kua.bidder] 重新计算 bucket 分配，当前节点数: 4
1776002026.371098 DEBUG: [kua.bidder] 重新计算 bucket 分配，当前节点数: 4
1776002029.376537 DEBUG: [kua.bidder] 重新计算 bucket 分配，当前节点数: 4
1776002032.377046 DEBUG: [kua.bidder] 重新计算 bucket 分配，当前节点数: 4
1776002035.377452 DEBUG: [kua.bidder] 重新计算 bucket 分配，当前节点数: 4
1776002038.378143 DEBUG: [kua.bidder] 重新计算 bucket 分配，当前节点数: 4
1776002041.378631 DEBUG: [kua.bidder] 重新计算 bucket 分配，当前节点数: 4
1776002044.379170 DEBUG: [kua.bidder] 重新计算 bucket 分配，当前节点数: 4
1776002047.379678 DEBUG: [kua.bidder] 重新计算 bucket 分配，当前节点数: 4
1776002050.381726 DEBUG: [kua.bidder] 重新计算 bucket 分配，当前节点数: 4
1776002053.382376 DEBUG: [kua.bidder] 重新计算 bucket 分配，当前节点数: 4
1776002056.382754 DEBUG: [kua.bidder] 重新计算 bucket 分配，当前节点数: 4
1776002059.383332 DEBUG: [kua.bidder] 重新计算 bucket 分配，当前节点数: 4
1776002062.383836 DEBUG: [kua.bidder] 重新计算 bucket 分配，当前节点数: 4
1776002065.384419 DEBUG: [kua.bidder] 重新计算 bucket 分配，当前节点数: 4
1776002068.384911 DEBUG: [kua.bidder] 重新计算 bucket 分配，当前节点数: 4
1776002071.385425 DEBUG: [kua.bidder] 重新计算 bucket 分配，当前节点数: 4
1776002074.428313 DEBUG: [kua.bidder] 重新计算 bucket 分配，当前节点数: 4
1776002077.428840 DEBUG: [kua.bidder] 重新计算 bucket 分配，当前节点数: 4
1776002080.429526 DEBUG: [kua.bidder] 重新计算 bucket 分配，当前节点数: 4
1776002083.430197 DEBUG: [kua.bidder] 重新计算 bucket 分配，当前节点数: 4
1776002086.430854 DEBUG: [kua.bidder] 重新计算 bucket 分配，当前节点数: 4
1776002089.431799 DEBUG: [kua.bidder] 重新计算 bucket 分配，当前节点数: 4
1776002092.433753 DEBUG: [kua.bidder] 重新计算 bucket 分配，当前节点数: 4
1776002095.434796 DEBUG: [kua.bidder] 重新计算 bucket 分配，当前节点数: 4
1776002098.435382 DEBUG: [kua.bidder] 重新计算 bucket 分配，当前节点数: 4
1776002101.436063 DEBUG: [kua.bidder] 重新计算 bucket 分配，当前节点数: 4
1776002104.436515 DEBUG: [kua.bidder] 重新计算 bucket 分配，当前节点数: 4
1776002107.439121 DEBUG: [kua.bidder] 重新计算 bucket 分配，当前节点数: 4
1776002110.460036 DEBUG: [kua.bidder] 重新计算 bucket 分配，当前节点数: 4
1776002113.460495 DEBUG: [kua.bidder] 重新计算 bucket 分配，当前节点数: 4
1776002116.460880 DEBUG: [kua.bidder] 重新计算 bucket 分配，当前节点数: 4
1776002119.461396 DEBUG: [kua.bidder] 重新计算 bucket 分配，当前节点数: 4
1776002122.461819 DEBUG: [kua.bidder] 重新计算 bucket 分配，当前节点数: 4
1776002125.462378 DEBUG: [kua.bidder] 重新计算 bucket 分配，当前节点数: 4
1776002128.463061 DEBUG: [kua.bidder] 重新计算 bucket 分配，当前节点数: 4
1776002131.464172 DEBUG: [kua.bidder] 重新计算 bucket 分配，当前节点数: 4
1776002134.464632 DEBUG: [kua.bidder] 重新计算 bucket 分配，当前节点数: 4
1776002137.465062 DEBUG: [kua.bidder] 重新计算 bucket 分配，当前节点数: 4
1776002140.497196 DEBUG: [kua.bidder] 重新计算 bucket 分配，当前节点数: 4
1776002143.497737 DEBUG: [kua.bidder] 重新计算 bucket 分配，当前节点数: 4
1776002146.498226 DEBUG: [kua.bidder] 重新计算 bucket 分配，当前节点数: 4
1776002149.498576 DEBUG: [kua.bidder] 重新计算 bucket 分配，当前节点数: 4
1776002152.499444 DEBUG: [kua.bidder] 重新计算 bucket 分配，当前节点数: 4
1776002155.499878 DEBUG: [kua.bidder] 重新计算 bucket 分配，当前节点数: 4
1776002158.500520 DEBUG: [kua.bidder] 重新计算 bucket 分配，当前节点数: 4
1776002161.501060 DEBUG: [kua.bidder] 重新计算 bucket 分配，当前节点数: 4
1776002164.502109 DEBUG: [kua.bidder] 重新计算 bucket 分配，当前节点数: 4
1776002167.502706 DEBUG: [kua.bidder] 重新计算 bucket 分配，当前节点数: 4
1776002170.503527 DEBUG: [kua.bidder] 重新计算 bucket 分配，当前节点数: 4
1776002173.504066 DEBUG: [kua.bidder] 重新计算 bucket 分配，当前节点数: 4
1776002176.506312 DEBUG: [kua.bidder] 重新计算 bucket 分配，当前节点数: 4
1776002179.507403 DEBUG: [kua.bidder] 重新计算 bucket 分配，当前节点数: 4
1776002182.508069 DEBUG: [kua.bidder] 重新计算 bucket 分配，当前节点数: 4
1776002185.508528 DEBUG: [kua.bidder] 重新计算 bucket 分配，当前节点数: 4
1776002188.508948 DEBUG: [kua.bidder] 重新计算 bucket 分配，当前节点数: 4
1776002191.509875 DEBUG: [kua.bidder] 重新计算 bucket 分配，当前节点数: 4
1776002194.510575 DEBUG: [kua.bidder] 重新计算 bucket 分配，当前节点数: 4
1776002197.511634 DEBUG: [kua.bidder] 重新计算 bucket 分配，当前节点数: 4
1776002200.512312 DEBUG: [kua.bidder] 重新计算 bucket 分配，当前节点数: 4
1776002203.514660 DEBUG: [kua.bidder] 重新计算 bucket 分配，当前节点数: 4
1776002206.515534 DEBUG: [kua.bidder] 重新计算 bucket 分配，当前节点数: 4
1776002209.516008 DEBUG: [kua.bidder] 重新计算 bucket 分配，当前节点数: 4
1776002212.516494 DEBUG: [kua.bidder] 重新计算 bucket 分配，当前节点数: 4
1776002215.517072 DEBUG: [kua.bidder] 重新计算 bucket 分配，当前节点数: 4
1776002218.517552 DEBUG: [kua.bidder] 重新计算 bucket 分配，当前节点数: 4
1776002221.518035 DEBUG: [kua.bidder] 重新计算 bucket 分配，当前节点数: 4
1776002224.521487 DEBUG: [kua.bidder] 重新计算 bucket 分配，当前节点数: 4
1776002227.522121 DEBUG: [kua.bidder] 重新计算 bucket 分配，当前节点数: 4
1776002230.522812 DEBUG: [kua.bidder] 重新计算 bucket 分配，当前节点数: 4
1776002233.523453 DEBUG: [kua.bidder] 重新计算 bucket 分配，当前节点数: 4
1776002236.524291 DEBUG: [kua.bidder] 重新计算 bucket 分配，当前节点数: 4
1776002239.525551 DEBUG: [kua.bidder] 重新计算 bucket 分配，当前节点数: 4
1776002242.526314 DEBUG: [kua.bidder] 重新计算 bucket 分配，当前节点数: 4
1776002245.527136 DEBUG: [kua.bidder] 重新计算 bucket 分配，当前节点数: 4
1776002248.528147 DEBUG: [kua.bidder] 重新计算 bucket 分配，当前节点数: 4
1776002251.528622 DEBUG: [kua.bidder] 重新计算 bucket 分配，当前节点数: 4
1776002254.529100 DEBUG: [kua.bidder] 重新计算 bucket 分配，当前节点数: 4
1776002257.529545 DEBUG: [kua.bidder] 重新计算 bucket 分配，当前节点数: 4
1776002260.530144 DEBUG: [kua.bidder] 重新计算 bucket 分配，当前节点数: 4
1776002263.530852 DEBUG: [kua.bidder] 重新计算 bucket 分配，当前节点数: 4
1776002266.531647 DEBUG: [kua.bidder] 重新计算 bucket 分配，当前节点数: 4
1776002269.532425 DEBUG: [kua.bidder] 重新计算 bucket 分配，当前节点数: 4
1776002272.533190 DEBUG: [kua.bidder] 重新计算 bucket 分配，当前节点数: 4
1776002275.533687 DEBUG: [kua.bidder] 重新计算 bucket 分配，当前节点数: 4
1776002278.535137 DEBUG: [kua.bidder] 重新计算 bucket 分配，当前节点数: 4
1776002281.537187 DEBUG: [kua.bidder] 重新计算 bucket 分配，当前节点数: 4
1776002284.537606 DEBUG: [kua.bidder] 重新计算 bucket 分配，当前节点数: 4
1776002287.537945 DEBUG: [kua.bidder] 重新计算 bucket 分配，当前节点数: 4
1776002290.538389 DEBUG: [kua.bidder] 重新计算 bucket 分配，当前节点数: 4
1776002293.539011 DEBUG: [kua.bidder] 重新计算 bucket 分配，当前节点数: 4
1776002296.543098 DEBUG: [kua.bidder] 重新计算 bucket 分配，当前节点数: 4
1776002299.543913 DEBUG: [kua.bidder] 重新计算 bucket 分配，当前节点数: 4
1776002302.544448 DEBUG: [kua.bidder] 重新计算 bucket 分配，当前节点数: 4
1776002305.544972 DEBUG: [kua.bidder] 重新计算 bucket 分配，当前节点数: 4
1776002308.545417 DEBUG: [kua.bidder] 重新计算 bucket 分配，当前节点数: 4
1776002311.546048 DEBUG: [kua.bidder] 重新计算 bucket 分配，当前节点数: 4
1776002314.546523 DEBUG: [kua.bidder] 重新计算 bucket 分配，当前节点数: 4
1776002317.546889 DEBUG: [kua.bidder] 重新计算 bucket 分配，当前节点数: 4
1776002320.547449 DEBUG: [kua.bidder] 重新计算 bucket 分配，当前节点数: 4
1776002323.547876 DEBUG: [kua.bidder] 重新计算 bucket 分配，当前节点数: 4
1776002326.548510 DEBUG: [kua.bidder] 重新计算 bucket 分配，当前节点数: 4
1776002329.549067 DEBUG: [kua.bidder] 重新计算 bucket 分配，当前节点数: 4
1776002332.549591 DEBUG: [kua.bidder] 重新计算 bucket 分配，当前节点数: 4
1776002335.552052 DEBUG: [kua.bidder] 重新计算 bucket 分配，当前节点数: 4
1776002338.552743 DEBUG: [kua.bidder] 重新计算 bucket 分配，当前节点数: 4
1776002341.553244 DEBUG: [kua.bidder] 重新计算 bucket 分配，当前节点数: 4
1776002344.553665 DEBUG: [kua.bidder] 重新计算 bucket 分配，当前节点数: 4
1776002347.554155 DEBUG: [kua.bidder] 重新计算 bucket 分配，当前节点数: 4
1776002350.555524 DEBUG: [kua.bidder] 重新计算 bucket 分配，当前节点数: 4
1776002353.556329 DEBUG: [kua.bidder] 重新计算 bucket 分配，当前节点数: 4
1776002356.556820 DEBUG: [kua.bidder] 重新计算 bucket 分配，当前节点数: 4
1776002359.557710 DEBUG: [kua.bidder] 重新计算 bucket 分配，当前节点数: 4
1776002362.558537 DEBUG: [kua.bidder] 重新计算 bucket 分配，当前节点数: 4
1776002365.559074 DEBUG: [kua.bidder] 重新计算 bucket 分配，当前节点数: 4
1776002368.559613 DEBUG: [kua.bidder] 重新计算 bucket 分配，当前节点数: 4
1776002371.560666 DEBUG: [kua.bidder] 重新计算 bucket 分配，当前节点数: 4
1776002374.561214 DEBUG: [kua.bidder] 重新计算 bucket 分配，当前节点数: 4
1776002377.561713 DEBUG: [kua.bidder] 重新计算 bucket 分配，当前节点数: 4
1776002380.562312 DEBUG: [kua.bidder] 重新计算 bucket 分配，当前节点数: 4
1776002383.562845 DEBUG: [kua.bidder] 重新计算 bucket 分配，当前节点数: 4
1776002386.563620 DEBUG: [kua.bidder] 重新计算 bucket 分配，当前节点数: 4
1776002389.564144 DEBUG: [kua.bidder] 重新计算 bucket 分配，当前节点数: 4
1776002392.564658 DEBUG: [kua.bidder] 重新计算 bucket 分配，当前节点数: 4
1776002395.565164 DEBUG: [kua.bidder] 重新计算 bucket 分配，当前节点数: 4
1776002398.565736 DEBUG: [kua.bidder] 重新计算 bucket 分配，当前节点数: 4
1776002401.566321 DEBUG: [kua.bidder] 重新计算 bucket 分配，当前节点数: 4
1776002404.566769 DEBUG: [kua.bidder] 重新计算 bucket 分配，当前节点数: 4
1776002407.567237 DEBUG: [kua.bidder] 重新计算 bucket 分配，当前节点数: 4
1776002410.567720 DEBUG: [kua.bidder] 重新计算 bucket 分配，当前节点数: 4
1776002413.568315 DEBUG: [kua.bidder] 重新计算 bucket 分配，当前节点数: 4
1776002416.568772 DEBUG: [kua.bidder] 重新计算 bucket 分配，当前节点数: 4
1776002419.569358 DEBUG: [kua.bidder] 重新计算 bucket 分配，当前节点数: 4
1776002422.570085 DEBUG: [kua.bidder] 重新计算 bucket 分配，当前节点数: 4
1776002425.570662 DEBUG: [kua.bidder] 重新计算 bucket 分配，当前节点数: 4
1776002428.573175 DEBUG: [kua.bidder] 重新计算 bucket 分配，当前节点数: 4
1776002431.578185 DEBUG: [kua.bidder] 重新计算 bucket 分配，当前节点数: 4
1776002434.578696 DEBUG: [kua.bidder] 重新计算 bucket 分配，当前节点数: 4
1776002437.579568 DEBUG: [kua.bidder] 重新计算 bucket 分配，当前节点数: 4
1776002440.580084 DEBUG: [kua.bidder] 重新计算 bucket 分配，当前节点数: 4
1776002443.580683 DEBUG: [kua.bidder] 重新计算 bucket 分配，当前节点数: 4
1776002446.581273 DEBUG: [kua.bidder] 重新计算 bucket 分配，当前节点数: 4
1776002449.581830 DEBUG: [kua.bidder] 重新计算 bucket 分配，当前节点数: 4
1776002452.582679 DEBUG: [kua.bidder] 重新计算 bucket 分配，当前节点数: 4
1776002455.583264 DEBUG: [kua.bidder] 重新计算 bucket 分配，当前节点数: 4
1776002458.583700 DEBUG: [kua.bidder] 重新计算 bucket 分配，当前节点数: 4
1776002461.584213 DEBUG: [kua.bidder] 重新计算 bucket 分配，当前节点数: 4
1776002464.584685 DEBUG: [kua.bidder] 重新计算 bucket 分配，当前节点数: 4
1776002467.585261 DEBUG: [kua.bidder] 重新计算 bucket 分配，当前节点数: 4
1776002470.585675 DEBUG: [kua.bidder] 重新计算 bucket 分配，当前节点数: 4
1776002473.586130 DEBUG: [kua.bidder] 重新计算 bucket 分配，当前节点数: 4
1776002476.586563 DEBUG: [kua.bidder] 重新计算 bucket 分配，当前节点数: 4
1776002479.587049 DEBUG: [kua.bidder] 重新计算 bucket 分配，当前节点数: 4
1776002482.587701 DEBUG: [kua.bidder] 重新计算 bucket 分配，当前节点数: 4
1776002485.588339 DEBUG: [kua.bidder] 重新计算 bucket 分配，当前节点数: 4
1776002488.588915 DEBUG: [kua.bidder] 重新计算 bucket 分配，当前节点数: 4
1776002491.589462 DEBUG: [kua.bidder] 重新计算 bucket 分配，当前节点数: 4
1776002494.592721 DEBUG: [kua.bidder] 重新计算 bucket 分配，当前节点数: 4
1776002497.593447 DEBUG: [kua.bidder] 重新计算 bucket 分配，当前节点数: 4
1776002500.597082 DEBUG: [kua.bidder] 重新计算 bucket 分配，当前节点数: 4
1776002503.597963 DEBUG: [kua.bidder] 重新计算 bucket 分配，当前节点数: 4
1776002506.600354 DEBUG: [kua.bidder] 重新计算 bucket 分配，当前节点数: 4
1776002509.601056 DEBUG: [kua.bidder] 重新计算 bucket 分配，当前节点数: 4
1776002512.601540 DEBUG: [kua.bidder] 重新计算 bucket 分配，当前节点数: 4
1776002515.602112 DEBUG: [kua.bidder] 重新计算 bucket 分配，当前节点数: 4
1776002518.602588 DEBUG: [kua.bidder] 重新计算 bucket 分配，当前节点数: 4
1776002521.603167 DEBUG: [kua.bidder] 重新计算 bucket 分配，当前节点数: 4
1776002524.606397 DEBUG: [kua.bidder] 重新计算 bucket 分配，当前节点数: 4
1776002527.607461 DEBUG: [kua.bidder] 重新计算 bucket 分配，当前节点数: 4
1776002530.612805 DEBUG: [kua.bidder] 重新计算 bucket 分配，当前节点数: 4
1776002533.613331 DEBUG: [kua.bidder] 重新计算 bucket 分配，当前节点数: 4
1776002536.616783 DEBUG: [kua.bidder] 重新计算 bucket 分配，当前节点数: 4
1776002539.617481 DEBUG: [kua.bidder] 重新计算 bucket 分配，当前节点数: 4
1776002542.618038 DEBUG: [kua.bidder] 重新计算 bucket 分配，当前节点数: 4
1776002545.618476 DEBUG: [kua.bidder] 重新计算 bucket 分配，当前节点数: 4
1776002548.618984 DEBUG: [kua.bidder] 重新计算 bucket 分配，当前节点数: 4
1776002551.646282 DEBUG: [kua.bidder] 重新计算 bucket 分配，当前节点数: 4
1776002554.646838 DEBUG: [kua.bidder] 重新计算 bucket 分配，当前节点数: 4
1776002557.647281 DEBUG: [kua.bidder] 重新计算 bucket 分配，当前节点数: 4
1776002560.647682 DEBUG: [kua.bidder] 重新计算 bucket 分配，当前节点数: 4
1776002563.648471 DEBUG: [kua.bidder] 重新计算 bucket 分配，当前节点数: 4
1776002566.649058 DEBUG: [kua.bidder] 重新计算 bucket 分配，当前节点数: 4
1776002569.649513 DEBUG: [kua.bidder] 重新计算 bucket 分配，当前节点数: 4
1776002572.650023 DEBUG: [kua.bidder] 重新计算 bucket 分配，当前节点数: 4
1776002575.650492 DEBUG: [kua.bidder] 重新计算 bucket 分配，当前节点数: 4
1776002578.650890 DEBUG: [kua.bidder] 重新计算 bucket 分配，当前节点数: 4
1776002581.651784 DEBUG: [kua.bidder] 重新计算 bucket 分配，当前节点数: 4
1776002584.652966 DEBUG: [kua.bidder] 重新计算 bucket 分配，当前节点数: 4
1776002587.653355 DEBUG: [kua.bidder] 重新计算 bucket 分配，当前节点数: 4
1776002590.661477 DEBUG: [kua.bidder] 重新计算 bucket 分配，当前节点数: 4
1776002593.662763 DEBUG: [kua.bidder] 重新计算 bucket 分配，当前节点数: 4
1776002596.663288 DEBUG: [kua.bidder] 重新计算 bucket 分配，当前节点数: 4
1776002599.663696 DEBUG: [kua.bidder] 重新计算 bucket 分配，当前节点数: 4
1776002602.664096 DEBUG: [kua.bidder] 重新计算 bucket 分配，当前节点数: 4
1776002605.664593 DEBUG: [kua.bidder] 重新计算 bucket 分配，当前节点数: 4
1776002608.664917 DEBUG: [kua.bidder] 重新计算 bucket 分配，当前节点数: 4
1776002611.665348 DEBUG: [kua.bidder] 重新计算 bucket 分配，当前节点数: 4
1776002614.665783 DEBUG: [kua.bidder] 重新计算 bucket 分配，当前节点数: 4
1776002617.666285 DEBUG: [kua.bidder] 重新计算 bucket 分配，当前节点数: 4
1776002620.666656 DEBUG: [kua.bidder] 重新计算 bucket 分配，当前节点数: 4
1776002623.667004 DEBUG: [kua.bidder] 重新计算 bucket 分配，当前节点数: 4
1776002626.667603 DEBUG: [kua.bidder] 重新计算 bucket 分配，当前节点数: 4
1776002629.668063 DEBUG: [kua.bidder] 重新计算 bucket 分配，当前节点数: 4
1776002632.668397 DEBUG: [kua.bidder] 重新计算 bucket 分配，当前节点数: 4
1776002635.668894 DEBUG: [kua.bidder] 重新计算 bucket 分配，当前节点数: 4
1776002638.669286 DEBUG: [kua.bidder] 重新计算 bucket 分配，当前节点数: 4
1776002641.669580 DEBUG: [kua.bidder] 重新计算 bucket 分配，当前节点数: 4
1776002644.669907 DEBUG: [kua.bidder] 重新计算 bucket 分配，当前节点数: 4
1776002647.670293 DEBUG: [kua.bidder] 重新计算 bucket 分配，当前节点数: 4
1776002650.670903 DEBUG: [kua.bidder] 重新计算 bucket 分配，当前节点数: 4
1776002653.671500 DEBUG: [kua.bidder] 重新计算 bucket 分配，当前节点数: 4
1776002656.683388 DEBUG: [kua.bidder] 重新计算 bucket 分配，当前节点数: 4
1776002659.685440 DEBUG: [kua.bidder] 重新计算 bucket 分配，当前节点数: 4
1776002662.686129 DEBUG: [kua.bidder] 重新计算 bucket 分配，当前节点数: 4
1776002665.686950 DEBUG: [kua.bidder] 重新计算 bucket 分配，当前节点数: 4
1776002668.687496 DEBUG: [kua.bidder] 重新计算 bucket 分配，当前节点数: 4
1776002671.688112 DEBUG: [kua.bidder] 重新计算 bucket 分配，当前节点数: 4
1776002674.688838 DEBUG: [kua.bidder] 重新计算 bucket 分配，当前节点数: 4
1776002677.689447 DEBUG: [kua.bidder] 重新计算 bucket 分配，当前节点数: 4
1776002680.696861 DEBUG: [kua.bidder] 重新计算 bucket 分配，当前节点数: 4
1776002683.700275 DEBUG: [kua.bidder] 重新计算 bucket 分配，当前节点数: 4
1776002686.700624 DEBUG: [kua.bidder] 重新计算 bucket 分配，当前节点数: 4
1776002689.702451 DEBUG: [kua.bidder] 重新计算 bucket 分配，当前节点数: 4
1776002692.703615 DEBUG: [kua.bidder] 重新计算 bucket 分配，当前节点数: 4
1776002695.704284 DEBUG: [kua.bidder] 重新计算 bucket 分配，当前节点数: 4
1776002698.704661 DEBUG: [kua.bidder] 重新计算 bucket 分配，当前节点数: 4
1776002701.705159 DEBUG: [kua.bidder] 重新计算 bucket 分配，当前节点数: 4
1776002704.705636 DEBUG: [kua.bidder] 重新计算 bucket 分配，当前节点数: 4
1776002707.706108 DEBUG: [kua.bidder] 重新计算 bucket 分配，当前节点数: 4
1776002710.706511 DEBUG: [kua.bidder] 重新计算 bucket 分配，当前节点数: 4
1776002713.707809 DEBUG: [kua.bidder] 重新计算 bucket 分配，当前节点数: 4
1776002716.709107 DEBUG: [kua.bidder] 重新计算 bucket 分配，当前节点数: 4
1776002719.709762 DEBUG: [kua.bidder] 重新计算 bucket 分配，当前节点数: 4
1776002722.710264 DEBUG: [kua.bidder] 重新计算 bucket 分配，当前节点数: 4
1776002725.710704 DEBUG: [kua.bidder] 重新计算 bucket 分配，当前节点数: 4
1776002728.742677 DEBUG: [kua.bidder] 重新计算 bucket 分配，当前节点数: 4
1776002731.743132 DEBUG: [kua.bidder] 重新计算 bucket 分配，当前节点数: 4
1776002734.744908 DEBUG: [kua.bidder] 重新计算 bucket 分配，当前节点数: 4
1776002737.745540 DEBUG: [kua.bidder] 重新计算 bucket 分配，当前节点数: 4
1776002740.746087 DEBUG: [kua.bidder] 重新计算 bucket 分配，当前节点数: 4
1776002743.746642 DEBUG: [kua.bidder] 重新计算 bucket 分配，当前节点数: 4
1776002746.747399 DEBUG: [kua.bidder] 重新计算 bucket 分配，当前节点数: 4
1776002749.747735 DEBUG: [kua.bidder] 重新计算 bucket 分配，当前节点数: 4
1776002752.748437 DEBUG: [kua.bidder] 重新计算 bucket 分配，当前节点数: 4
1776002755.748831 DEBUG: [kua.bidder] 重新计算 bucket 分配，当前节点数: 4
1776002758.749359 DEBUG: [kua.bidder] 重新计算 bucket 分配，当前节点数: 4
1776002761.749655 DEBUG: [kua.bidder] 重新计算 bucket 分配，当前节点数: 4
1776002764.750916 DEBUG: [kua.bidder] 重新计算 bucket 分配，当前节点数: 4
1776002767.758771 DEBUG: [kua.bidder] 重新计算 bucket 分配，当前节点数: 4
1776002770.759287 DEBUG: [kua.bidder] 重新计算 bucket 分配，当前节点数: 4
1776002773.759733 DEBUG: [kua.bidder] 重新计算 bucket 分配，当前节点数: 4
1776002776.763592 DEBUG: [kua.bidder] 重新计算 bucket 分配，当前节点数: 4
1776002779.764591 DEBUG: [kua.bidder] 重新计算 bucket 分配，当前节点数: 4
1776002782.765049 DEBUG: [kua.bidder] 重新计算 bucket 分配，当前节点数: 4
1776002785.765456 DEBUG: [kua.bidder] 重新计算 bucket 分配，当前节点数: 4
1776002788.765889 DEBUG: [kua.bidder] 重新计算 bucket 分配，当前节点数: 4
1776002791.766371 DEBUG: [kua.bidder] 重新计算 bucket 分配，当前节点数: 4
1776002794.766730 DEBUG: [kua.bidder] 重新计算 bucket 分配，当前节点数: 4
1776002797.767155 DEBUG: [kua.bidder] 重新计算 bucket 分配，当前节点数: 4
1776002800.767587 DEBUG: [kua.bidder] 重新计算 bucket 分配，当前节点数: 4
1776002803.768220 DEBUG: [kua.bidder] 重新计算 bucket 分配，当前节点数: 4
1776002806.769118 DEBUG: [kua.bidder] 重新计算 bucket 分配，当前节点数: 4
1776002809.769514 DEBUG: [kua.bidder] 重新计算 bucket 分配，当前节点数: 4
1776002812.769885 DEBUG: [kua.bidder] 重新计算 bucket 分配，当前节点数: 4
1776002815.770419 DEBUG: [kua.bidder] 重新计算 bucket 分配，当前节点数: 4
1776002818.770829 DEBUG: [kua.bidder] 重新计算 bucket 分配，当前节点数: 4
1776002821.771448 DEBUG: [kua.bidder] 重新计算 bucket 分配，当前节点数: 4
1776002824.772142 DEBUG: [kua.bidder] 重新计算 bucket 分配，当前节点数: 4
1776002827.772690 DEBUG: [kua.bidder] 重新计算 bucket 分配，当前节点数: 4
1776002830.773205 DEBUG: [kua.bidder] 重新计算 bucket 分配，当前节点数: 4
1776002833.776898 DEBUG: [kua.bidder] 重新计算 bucket 分配，当前节点数: 4
1776002836.777386 DEBUG: [kua.bidder] 重新计算 bucket 分配，当前节点数: 4
1776002839.777878 DEBUG: [kua.bidder] 重新计算 bucket 分配，当前节点数: 4
1776002842.779095 DEBUG: [kua.bidder] 重新计算 bucket 分配，当前节点数: 4
1776002845.779622 DEBUG: [kua.bidder] 重新计算 bucket 分配，当前节点数: 4
1776002848.780223 DEBUG: [kua.bidder] 重新计算 bucket 分配，当前节点数: 4
1776002851.780705 DEBUG: [kua.bidder] 重新计算 bucket 分配，当前节点数: 4
1776002854.781208 DEBUG: [kua.bidder] 重新计算 bucket 分配，当前节点数: 4
1776002857.781675 DEBUG: [kua.bidder] 重新计算 bucket 分配，当前节点数: 4
1776002860.783532 DEBUG: [kua.bidder] 重新计算 bucket 分配，当前节点数: 4
1776002863.784637 DEBUG: [kua.bidder] 重新计算 bucket 分配，当前节点数: 4
1776002866.785321 DEBUG: [kua.bidder] 重新计算 bucket 分配，当前节点数: 4
1776002869.785790 DEBUG: [kua.bidder] 重新计算 bucket 分配，当前节点数: 4
1776002872.786478 DEBUG: [kua.bidder] 重新计算 bucket 分配，当前节点数: 4
1776002875.787058 DEBUG: [kua.bidder] 重新计算 bucket 分配，当前节点数: 4
1776002878.787430 DEBUG: [kua.bidder] 重新计算 bucket 分配，当前节点数: 4
1776002881.788133 DEBUG: [kua.bidder] 重新计算 bucket 分配，当前节点数: 4
1776002884.791322 DEBUG: [kua.bidder] 重新计算 bucket 分配，当前节点数: 4
1776002887.792585 DEBUG: [kua.bidder] 重新计算 bucket 分配，当前节点数: 4
1776002890.793837 DEBUG: [kua.bidder] 重新计算 bucket 分配，当前节点数: 4
1776002893.794456 DEBUG: [kua.bidder] 重新计算 bucket 分配，当前节点数: 4
1776002896.794912 DEBUG: [kua.bidder] 重新计算 bucket 分配，当前节点数: 4
1776002899.796733 DEBUG: [kua.bidder] 重新计算 bucket 分配，当前节点数: 4
1776002902.797757 DEBUG: [kua.bidder] 重新计算 bucket 分配，当前节点数: 4
1776002905.798674 DEBUG: [kua.bidder] 重新计算 bucket 分配，当前节点数: 4
1776002908.799050 DEBUG: [kua.bidder] 重新计算 bucket 分配，当前节点数: 4
1776002911.800153 DEBUG: [kua.bidder] 重新计算 bucket 分配，当前节点数: 4
1776002914.800656 DEBUG: [kua.bidder] 重新计算 bucket 分配，当前节点数: 4
1776002917.801103 DEBUG: [kua.bidder] 重新计算 bucket 分配，当前节点数: 4
1776002920.801567 DEBUG: [kua.bidder] 重新计算 bucket 分配，当前节点数: 4
1776002923.802142 DEBUG: [kua.bidder] 重新计算 bucket 分配，当前节点数: 4
1776002926.802726 DEBUG: [kua.bidder] 重新计算 bucket 分配，当前节点数: 4
1776002929.803402 DEBUG: [kua.bidder] 重新计算 bucket 分配，当前节点数: 4
1776002932.804118 DEBUG: [kua.bidder] 重新计算 bucket 分配，当前节点数: 4
1776002935.804597 DEBUG: [kua.bidder] 重新计算 bucket 分配，当前节点数: 4
1776002938.805104 DEBUG: [kua.bidder] 重新计算 bucket 分配，当前节点数: 4
1776002941.805595 DEBUG: [kua.bidder] 重新计算 bucket 分配，当前节点数: 4
1776002944.806060 DEBUG: [kua.bidder] 重新计算 bucket 分配，当前节点数: 4
1776002947.806581 DEBUG: [kua.bidder] 重新计算 bucket 分配，当前节点数: 4
1776002950.807053 DEBUG: [kua.bidder] 重新计算 bucket 分配，当前节点数: 4
1776002953.808589 DEBUG: [kua.bidder] 重新计算 bucket 分配，当前节点数: 4
1776002956.809120 DEBUG: [kua.bidder] 重新计算 bucket 分配，当前节点数: 4
1776002959.809623 DEBUG: [kua.bidder] 重新计算 bucket 分配，当前节点数: 4
1776002962.810378 DEBUG: [kua.bidder] 重新计算 bucket 分配，当前节点数: 4
1776002965.811448 DEBUG: [kua.bidder] 重新计算 bucket 分配，当前节点数: 4
1776002968.819069 DEBUG: [kua.bidder] 重新计算 bucket 分配，当前节点数: 4
1776002971.819593 DEBUG: [kua.bidder] 重新计算 bucket 分配，当前节点数: 4
1776002974.820013 DEBUG: [kua.bidder] 重新计算 bucket 分配，当前节点数: 4
1776002977.820497 DEBUG: [kua.bidder] 重新计算 bucket 分配，当前节点数: 4
1776002980.821013 DEBUG: [kua.bidder] 重新计算 bucket 分配，当前节点数: 4
1776002983.821572 DEBUG: [kua.bidder] 重新计算 bucket 分配，当前节点数: 4
1776002986.822282 DEBUG: [kua.bidder] 重新计算 bucket 分配，当前节点数: 4
1776002989.823116 DEBUG: [kua.bidder] 重新计算 bucket 分配，当前节点数: 4
1776002992.823646 DEBUG: [kua.bidder] 重新计算 bucket 分配，当前节点数: 4
1776002995.824521 DEBUG: [kua.bidder] 重新计算 bucket 分配，当前节点数: 4
1776002998.826468 DEBUG: [kua.bidder] 重新计算 bucket 分配，当前节点数: 4
1776003001.827588 DEBUG: [kua.bidder] 重新计算 bucket 分配，当前节点数: 4
1776003004.828191 DEBUG: [kua.bidder] 重新计算 bucket 分配，当前节点数: 4
1776003007.828696 DEBUG: [kua.bidder] 重新计算 bucket 分配，当前节点数: 4
1776003010.829353 DEBUG: [kua.bidder] 重新计算 bucket 分配，当前节点数: 4
1776003013.830475 DEBUG: [kua.bidder] 重新计算 bucket 分配，当前节点数: 4
1776003016.832056 DEBUG: [kua.bidder] 重新计算 bucket 分配，当前节点数: 4
1776003019.832584 DEBUG: [kua.bidder] 重新计算 bucket 分配，当前节点数: 4
1776003022.833224 DEBUG: [kua.bidder] 重新计算 bucket 分配，当前节点数: 4
1776003025.888475 DEBUG: [kua.bidder] 重新计算 bucket 分配，当前节点数: 4
1776003028.889072 DEBUG: [kua.bidder] 重新计算 bucket 分配，当前节点数: 4
1776003031.889563 DEBUG: [kua.bidder] 重新计算 bucket 分配，当前节点数: 4
1776003034.890438 DEBUG: [kua.bidder] 重新计算 bucket 分配，当前节点数: 4
1776003037.917437 DEBUG: [kua.bidder] 重新计算 bucket 分配，当前节点数: 4
1776003040.917899 DEBUG: [kua.bidder] 重新计算 bucket 分配，当前节点数: 4
1776003043.918441 DEBUG: [kua.bidder] 重新计算 bucket 分配，当前节点数: 4
1776003046.918849 DEBUG: [kua.bidder] 重新计算 bucket 分配，当前节点数: 4
1776003049.919274 DEBUG: [kua.bidder] 重新计算 bucket 分配，当前节点数: 4
1776003052.919808 DEBUG: [kua.bidder] 重新计算 bucket 分配，当前节点数: 4
1776003055.920442 DEBUG: [kua.bidder] 重新计算 bucket 分配，当前节点数: 4
1776003058.921074 DEBUG: [kua.bidder] 重新计算 bucket 分配，当前节点数: 4
1776003061.921794 DEBUG: [kua.bidder] 重新计算 bucket 分配，当前节点数: 4
1776003064.923376 DEBUG: [kua.bidder] 重新计算 bucket 分配，当前节点数: 4
1776003067.923810 DEBUG: [kua.bidder] 重新计算 bucket 分配，当前节点数: 4
1776003070.925851 DEBUG: [kua.bidder] 重新计算 bucket 分配，当前节点数: 4
1776003073.926873 DEBUG: [kua.bidder] 重新计算 bucket 分配，当前节点数: 4
1776003076.927472 DEBUG: [kua.bidder] 重新计算 bucket 分配，当前节点数: 4
1776003079.928617 DEBUG: [kua.bidder] 重新计算 bucket 分配，当前节点数: 4
1776003082.929256 DEBUG: [kua.bidder] 重新计算 bucket 分配，当前节点数: 4
1776003085.929740 DEBUG: [kua.bidder] 重新计算 bucket 分配，当前节点数: 4
1776003088.930398 DEBUG: [kua.bidder] 重新计算 bucket 分配，当前节点数: 4
1776003091.930890 DEBUG: [kua.bidder] 重新计算 bucket 分配，当前节点数: 4
1776003094.931676 DEBUG: [kua.bidder] 重新计算 bucket 分配，当前节点数: 4
1776003097.932260 DEBUG: [kua.bidder] 重新计算 bucket 分配，当前节点数: 4
1776003100.933057 DEBUG: [kua.bidder] 重新计算 bucket 分配，当前节点数: 4
1776003103.933603 DEBUG: [kua.bidder] 重新计算 bucket 分配，当前节点数: 4
1776003106.934150 DEBUG: [kua.bidder] 重新计算 bucket 分配，当前节点数: 4
1776003109.934564 DEBUG: [kua.bidder] 重新计算 bucket 分配，当前节点数: 4
1776003112.935082 DEBUG: [kua.bidder] 重新计算 bucket 分配，当前节点数: 4
1776003115.936115 DEBUG: [kua.bidder] 重新计算 bucket 分配，当前节点数: 4
1776003118.936660 DEBUG: [kua.bidder] 重新计算 bucket 分配，当前节点数: 4
1776003121.937111 DEBUG: [kua.bidder] 重新计算 bucket 分配，当前节点数: 4
1776003124.937582 DEBUG: [kua.bidder] 重新计算 bucket 分配，当前节点数: 4
1776003127.938051 DEBUG: [kua.bidder] 重新计算 bucket 分配，当前节点数: 4
1776003130.938840 DEBUG: [kua.bidder] 重新计算 bucket 分配，当前节点数: 4
1776003133.939586 DEBUG: [kua.bidder] 重新计算 bucket 分配，当前节点数: 4
1776003136.940059 DEBUG: [kua.bidder] 重新计算 bucket 分配，当前节点数: 4
1776003139.940473 DEBUG: [kua.bidder] 重新计算 bucket 分配，当前节点数: 4
1776003142.941128 DEBUG: [kua.bidder] 重新计算 bucket 分配，当前节点数: 4
1776003145.945299 DEBUG: [kua.bidder] 重新计算 bucket 分配，当前节点数: 4
1776003148.945805 DEBUG: [kua.bidder] 重新计算 bucket 分配，当前节点数: 4
1776003151.946477 DEBUG: [kua.bidder] 重新计算 bucket 分配，当前节点数: 4
1776003154.947033 DEBUG: [kua.bidder] 重新计算 bucket 分配，当前节点数: 4
1776003157.947468 DEBUG: [kua.bidder] 重新计算 bucket 分配，当前节点数: 4
1776003160.948153 DEBUG: [kua.bidder] 重新计算 bucket 分配，当前节点数: 4
1776003163.948589 DEBUG: [kua.bidder] 重新计算 bucket 分配，当前节点数: 4
1776003166.950316 DEBUG: [kua.bidder] 重新计算 bucket 分配，当前节点数: 4
1776003169.950686 DEBUG: [kua.bidder] 重新计算 bucket 分配，当前节点数: 4
1776003172.951087 DEBUG: [kua.bidder] 重新计算 bucket 分配，当前节点数: 4
1776003175.951506 DEBUG: [kua.bidder] 重新计算 bucket 分配，当前节点数: 4
1776003178.952031 DEBUG: [kua.bidder] 重新计算 bucket 分配，当前节点数: 4
1776003181.952623 DEBUG: [kua.bidder] 重新计算 bucket 分配，当前节点数: 4
1776003184.953342 DEBUG: [kua.bidder] 重新计算 bucket 分配，当前节点数: 4
1776003187.953789 DEBUG: [kua.bidder] 重新计算 bucket 分配，当前节点数: 4
1776003190.954310 DEBUG: [kua.bidder] 重新计算 bucket 分配，当前节点数: 4
1776003193.954848 DEBUG: [kua.bidder] 重新计算 bucket 分配，当前节点数: 4
1776003196.956137 DEBUG: [kua.bidder] 重新计算 bucket 分配，当前节点数: 4
1776003199.958035 DEBUG: [kua.bidder] 重新计算 bucket 分配，当前节点数: 4
1776003202.958775 DEBUG: [kua.bidder] 重新计算 bucket 分配，当前节点数: 4
1776003205.959697 DEBUG: [kua.bidder] 重新计算 bucket 分配，当前节点数: 4
1776003208.960531 DEBUG: [kua.bidder] 重新计算 bucket 分配，当前节点数: 4
1776003211.961324 DEBUG: [kua.bidder] 重新计算 bucket 分配，当前节点数: 4
1776003214.961761 DEBUG: [kua.bidder] 重新计算 bucket 分配，当前节点数: 4
1776003217.981089 DEBUG: [kua.bidder] 重新计算 bucket 分配，当前节点数: 4
1776003220.981643 DEBUG: [kua.bidder] 重新计算 bucket 分配，当前节点数: 4
1776003223.982356 DEBUG: [kua.bidder] 重新计算 bucket 分配，当前节点数: 4
1776003226.983286 DEBUG: [kua.bidder] 重新计算 bucket 分配，当前节点数: 4
1776003229.983905 DEBUG: [kua.bidder] 重新计算 bucket 分配，当前节点数: 4
1776003232.984441 DEBUG: [kua.bidder] 重新计算 bucket 分配，当前节点数: 4
1776003235.985003 DEBUG: [kua.bidder] 重新计算 bucket 分配，当前节点数: 4
1776003238.986094 DEBUG: [kua.bidder] 重新计算 bucket 分配，当前节点数: 4
1776003241.986539 DEBUG: [kua.bidder] 重新计算 bucket 分配，当前节点数: 4
1776003244.987054 DEBUG: [kua.bidder] 重新计算 bucket 分配，当前节点数: 4
1776003247.987477 DEBUG: [kua.bidder] 重新计算 bucket 分配，当前节点数: 4
1776003250.987909 DEBUG: [kua.bidder] 重新计算 bucket 分配，当前节点数: 4
1776003254.007135 DEBUG: [kua.bidder] 重新计算 bucket 分配，当前节点数: 4
1776003257.007610 DEBUG: [kua.bidder] 重新计算 bucket 分配，当前节点数: 4
1776003260.008213 DEBUG: [kua.bidder] 重新计算 bucket 分配，当前节点数: 4
1776003263.008639 DEBUG: [kua.bidder] 重新计算 bucket 分配，当前节点数: 4
1776003266.009068 DEBUG: [kua.bidder] 重新计算 bucket 分配，当前节点数: 4
1776003269.009912 DEBUG: [kua.bidder] 重新计算 bucket 分配，当前节点数: 4
1776003272.010897 DEBUG: [kua.bidder] 重新计算 bucket 分配，当前节点数: 4
1776003275.011655 DEBUG: [kua.bidder] 重新计算 bucket 分配，当前节点数: 4
1776003278.012082 DEBUG: [kua.bidder] 重新计算 bucket 分配，当前节点数: 4
1776003281.013179 DEBUG: [kua.bidder] 重新计算 bucket 分配，当前节点数: 4
1776003284.018198 DEBUG: [kua.bidder] 重新计算 bucket 分配，当前节点数: 4
1776003287.018610 DEBUG: [kua.bidder] 重新计算 bucket 分配，当前节点数: 4
1776003290.019074 DEBUG: [kua.bidder] 重新计算 bucket 分配，当前节点数: 4
1776003293.019645 DEBUG: [kua.bidder] 重新计算 bucket 分配，当前节点数: 4
1776003296.020298 DEBUG: [kua.bidder] 重新计算 bucket 分配，当前节点数: 4
1776003299.020868 DEBUG: [kua.bidder] 重新计算 bucket 分配，当前节点数: 4
1776003302.021546 DEBUG: [kua.bidder] 重新计算 bucket 分配，当前节点数: 4
1776003305.022238 DEBUG: [kua.bidder] 重新计算 bucket 分配，当前节点数: 4
1776003308.022685 DEBUG: [kua.bidder] 重新计算 bucket 分配，当前节点数: 4
1776003311.030596 DEBUG: [kua.bidder] 重新计算 bucket 分配，当前节点数: 4
1776003314.031631 DEBUG: [kua.bidder] 重新计算 bucket 分配，当前节点数: 4
1776003317.032432 DEBUG: [kua.bidder] 重新计算 bucket 分配，当前节点数: 4
1776003320.034169 DEBUG: [kua.bidder] 重新计算 bucket 分配，当前节点数: 4
1776003323.036133 DEBUG: [kua.bidder] 重新计算 bucket 分配，当前节点数: 4
1776003326.036773 DEBUG: [kua.bidder] 重新计算 bucket 分配，当前节点数: 4
1776003329.037587 DEBUG: [kua.bidder] 重新计算 bucket 分配，当前节点数: 4
1776003332.038123 DEBUG: [kua.bidder] 重新计算 bucket 分配，当前节点数: 4
1776003335.038610 DEBUG: [kua.bidder] 重新计算 bucket 分配，当前节点数: 4
1776003338.039110 DEBUG: [kua.bidder] 重新计算 bucket 分配，当前节点数: 4
1776003341.039648 DEBUG: [kua.bidder] 重新计算 bucket 分配，当前节点数: 4
1776003344.040110 DEBUG: [kua.bidder] 重新计算 bucket 分配，当前节点数: 4
1776003347.040552 DEBUG: [kua.bidder] 重新计算 bucket 分配，当前节点数: 4
1776003350.041178 DEBUG: [kua.bidder] 重新计算 bucket 分配，当前节点数: 4
1776003353.041800 DEBUG: [kua.bidder] 重新计算 bucket 分配，当前节点数: 4
1776003356.042567 DEBUG: [kua.bidder] 重新计算 bucket 分配，当前节点数: 4
1776003359.043715 DEBUG: [kua.bidder] 重新计算 bucket 分配，当前节点数: 4
1776003362.044480 DEBUG: [kua.bidder] 重新计算 bucket 分配，当前节点数: 4
1776003365.046585 DEBUG: [kua.bidder] 重新计算 bucket 分配，当前节点数: 4
1776003368.047365 DEBUG: [kua.bidder] 重新计算 bucket 分配，当前节点数: 4
1776003371.047852 DEBUG: [kua.bidder] 重新计算 bucket 分配，当前节点数: 4
1776003374.048465 DEBUG: [kua.bidder] 重新计算 bucket 分配，当前节点数: 4
1776003377.049600 DEBUG: [kua.bidder] 重新计算 bucket 分配，当前节点数: 4
1776003380.050053 DEBUG: [kua.bidder] 重新计算 bucket 分配，当前节点数: 4
1776003383.050489 DEBUG: [kua.bidder] 重新计算 bucket 分配，当前节点数: 4
1776003386.051077 DEBUG: [kua.bidder] 重新计算 bucket 分配，当前节点数: 4
1776003389.051516 DEBUG: [kua.bidder] 重新计算 bucket 分配，当前节点数: 4
1776003392.052052 DEBUG: [kua.bidder] 重新计算 bucket 分配，当前节点数: 4
1776003395.052539 DEBUG: [kua.bidder] 重新计算 bucket 分配，当前节点数: 4
1776003398.052896 DEBUG: [kua.bidder] 重新计算 bucket 分配，当前节点数: 4
1776003401.053368 DEBUG: [kua.bidder] 重新计算 bucket 分配，当前节点数: 4
1776003404.053770 DEBUG: [kua.bidder] 重新计算 bucket 分配，当前节点数: 4
1776003407.054283 DEBUG: [kua.bidder] 重新计算 bucket 分配，当前节点数: 4
1776003410.054724 DEBUG: [kua.bidder] 重新计算 bucket 分配，当前节点数: 4
1776003413.055228 DEBUG: [kua.bidder] 重新计算 bucket 分配，当前节点数: 4
1776003416.055817 DEBUG: [kua.bidder] 重新计算 bucket 分配，当前节点数: 4
1776003419.056804 DEBUG: [kua.bidder] 重新计算 bucket 分配，当前节点数: 4
1776003422.061266 DEBUG: [kua.bidder] 重新计算 bucket 分配，当前节点数: 4
1776003425.061727 DEBUG: [kua.bidder] 重新计算 bucket 分配，当前节点数: 4
1776003428.062288 DEBUG: [kua.bidder] 重新计算 bucket 分配，当前节点数: 4
1776003431.062780 DEBUG: [kua.bidder] 重新计算 bucket 分配，当前节点数: 4
1776003434.064052 DEBUG: [kua.bidder] 重新计算 bucket 分配，当前节点数: 4
1776003437.064555 DEBUG: [kua.bidder] 重新计算 bucket 分配，当前节点数: 4
1776003440.065181 DEBUG: [kua.bidder] 重新计算 bucket 分配，当前节点数: 4
1776003443.066962 DEBUG: [kua.bidder] 重新计算 bucket 分配，当前节点数: 4
1776003446.067459 DEBUG: [kua.bidder] 重新计算 bucket 分配，当前节点数: 4
1776003449.068274 DEBUG: [kua.bidder] 重新计算 bucket 分配，当前节点数: 4
1776003452.068770 DEBUG: [kua.bidder] 重新计算 bucket 分配，当前节点数: 4
1776003455.069363 DEBUG: [kua.bidder] 重新计算 bucket 分配，当前节点数: 4
1776003458.070147 DEBUG: [kua.bidder] 重新计算 bucket 分配，当前节点数: 4
1776003461.070641 DEBUG: [kua.bidder] 重新计算 bucket 分配，当前节点数: 4
1776003464.071045 DEBUG: [kua.bidder] 重新计算 bucket 分配，当前节点数: 4
1776003467.071509 DEBUG: [kua.bidder] 重新计算 bucket 分配，当前节点数: 4
1776003470.072044 DEBUG: [kua.bidder] 重新计算 bucket 分配，当前节点数: 4
1776003473.072463 DEBUG: [kua.bidder] 重新计算 bucket 分配，当前节点数: 4
1776003476.072994 DEBUG: [kua.bidder] 重新计算 bucket 分配，当前节点数: 4
1776003479.073556 DEBUG: [kua.bidder] 重新计算 bucket 分配，当前节点数: 4
1776003482.074090 DEBUG: [kua.bidder] 重新计算 bucket 分配，当前节点数: 4
1776003485.074575 DEBUG: [kua.bidder] 重新计算 bucket 分配，当前节点数: 4
1776003488.075110 DEBUG: [kua.bidder] 重新计算 bucket 分配，当前节点数: 4
1776003491.084438 DEBUG: [kua.bidder] 重新计算 bucket 分配，当前节点数: 4
1776003494.085050 DEBUG: [kua.bidder] 重新计算 bucket 分配，当前节点数: 4
1776003497.085506 DEBUG: [kua.bidder] 重新计算 bucket 分配，当前节点数: 4
1776003500.086091 DEBUG: [kua.bidder] 重新计算 bucket 分配，当前节点数: 4
1776003503.086637 DEBUG: [kua.bidder] 重新计算 bucket 分配，当前节点数: 4
1776003506.087222 DEBUG: [kua.bidder] 重新计算 bucket 分配，当前节点数: 4
1776003509.088589 DEBUG: [kua.bidder] 重新计算 bucket 分配，当前节点数: 4
1776003512.089548 DEBUG: [kua.bidder] 重新计算 bucket 分配，当前节点数: 4
1776003515.090749 DEBUG: [kua.bidder] 重新计算 bucket 分配，当前节点数: 4
1776003518.091480 DEBUG: [kua.bidder] 重新计算 bucket 分配，当前节点数: 4
1776003521.092248 DEBUG: [kua.bidder] 重新计算 bucket 分配，当前节点数: 4
1776003524.093579 DEBUG: [kua.bidder] 重新计算 bucket 分配，当前节点数: 4
1776003527.185778 DEBUG: [kua.bidder] 重新计算 bucket 分配，当前节点数: 4
1776003530.186775 DEBUG: [kua.bidder] 重新计算 bucket 分配，当前节点数: 4
1776003533.187761 DEBUG: [kua.bidder] 重新计算 bucket 分配，当前节点数: 4
1776003536.189132 DEBUG: [kua.bidder] 重新计算 bucket 分配，当前节点数: 4
1776003539.189726 DEBUG: [kua.bidder] 重新计算 bucket 分配，当前节点数: 4
1776003542.190128 DEBUG: [kua.bidder] 重新计算 bucket 分配，当前节点数: 4
1776003545.190695 DEBUG: [kua.bidder] 重新计算 bucket 分配，当前节点数: 4
1776003548.191202 DEBUG: [kua.bidder] 重新计算 bucket 分配，当前节点数: 4
1776003551.191594 DEBUG: [kua.bidder] 重新计算 bucket 分配，当前节点数: 4
1776003554.191963 DEBUG: [kua.bidder] 重新计算 bucket 分配，当前节点数: 4
1776003557.192368 DEBUG: [kua.bidder] 重新计算 bucket 分配，当前节点数: 4
1776003560.192762 DEBUG: [kua.bidder] 重新计算 bucket 分配，当前节点数: 4
1776003563.193180 DEBUG: [kua.bidder] 重新计算 bucket 分配，当前节点数: 4
1776003566.193549 DEBUG: [kua.bidder] 重新计算 bucket 分配，当前节点数: 4
1776003569.194057 DEBUG: [kua.bidder] 重新计算 bucket 分配，当前节点数: 4
1776003572.194442 DEBUG: [kua.bidder] 重新计算 bucket 分配，当前节点数: 4
1776003575.194834 DEBUG: [kua.bidder] 重新计算 bucket 分配，当前节点数: 4
1776003578.195329 DEBUG: [kua.bidder] 重新计算 bucket 分配，当前节点数: 4
1776003581.195911 DEBUG: [kua.bidder] 重新计算 bucket 分配，当前节点数: 4
1776003584.196448 DEBUG: [kua.bidder] 重新计算 bucket 分配，当前节点数: 4
1776003587.196847 DEBUG: [kua.bidder] 重新计算 bucket 分配，当前节点数: 4
1776003590.197451 DEBUG: [kua.bidder] 重新计算 bucket 分配，当前节点数: 4
1776003593.197893 DEBUG: [kua.bidder] 重新计算 bucket 分配，当前节点数: 4
1776003596.203787 DEBUG: [kua.bidder] 重新计算 bucket 分配，当前节点数: 4
1776003599.205851 DEBUG: [kua.bidder] 重新计算 bucket 分配，当前节点数: 4
1776003602.206316 DEBUG: [kua.bidder] 重新计算 bucket 分配，当前节点数: 4
1776003605.206788 DEBUG: [kua.bidder] 重新计算 bucket 分配，当前节点数: 4
1776003608.207274 DEBUG: [kua.bidder] 重新计算 bucket 分配，当前节点数: 4
1776003611.207649 DEBUG: [kua.bidder] 重新计算 bucket 分配，当前节点数: 4
1776003614.208082 DEBUG: [kua.bidder] 重新计算 bucket 分配，当前节点数: 4
1776003617.208459 DEBUG: [kua.bidder] 重新计算 bucket 分配，当前节点数: 4
1776003620.209109 DEBUG: [kua.bidder] 重新计算 bucket 分配，当前节点数: 4
1776003623.209617 DEBUG: [kua.bidder] 重新计算 bucket 分配，当前节点数: 4
1776003626.210233 DEBUG: [kua.bidder] 重新计算 bucket 分配，当前节点数: 4
1776003629.210772 DEBUG: [kua.bidder] 重新计算 bucket 分配，当前节点数: 4
1776003632.211744 DEBUG: [kua.bidder] 重新计算 bucket 分配，当前节点数: 4
1776003635.212220 DEBUG: [kua.bidder] 重新计算 bucket 分配，当前节点数: 4
1776003638.212575 DEBUG: [kua.bidder] 重新计算 bucket 分配，当前节点数: 4
1776003641.213013 DEBUG: [kua.bidder] 重新计算 bucket 分配，当前节点数: 4
1776003644.213476 DEBUG: [kua.bidder] 重新计算 bucket 分配，当前节点数: 4
1776003647.214127 DEBUG: [kua.bidder] 重新计算 bucket 分配，当前节点数: 4
1776003650.214618 DEBUG: [kua.bidder] 重新计算 bucket 分配，当前节点数: 4
1776003653.214989 DEBUG: [kua.bidder] 重新计算 bucket 分配，当前节点数: 4
1776003656.215646 DEBUG: [kua.bidder] 重新计算 bucket 分配，当前节点数: 4
1776003659.215973 DEBUG: [kua.bidder] 重新计算 bucket 分配，当前节点数: 4
1776003662.219074 DEBUG: [kua.bidder] 重新计算 bucket 分配，当前节点数: 4
1776003665.219520 DEBUG: [kua.bidder] 重新计算 bucket 分配，当前节点数: 4
1776003668.219944 DEBUG: [kua.bidder] 重新计算 bucket 分配，当前节点数: 4
1776003671.221064 DEBUG: [kua.bidder] 重新计算 bucket 分配，当前节点数: 4
1776003674.221419 DEBUG: [kua.bidder] 重新计算 bucket 分配，当前节点数: 4
1776003677.222098 DEBUG: [kua.bidder] 重新计算 bucket 分配，当前节点数: 4
1776003680.222524 DEBUG: [kua.bidder] 重新计算 bucket 分配，当前节点数: 4
1776003683.222891 DEBUG: [kua.bidder] 重新计算 bucket 分配，当前节点数: 4
1776003686.223458 DEBUG: [kua.bidder] 重新计算 bucket 分配，当前节点数: 4
1776003689.223947 DEBUG: [kua.bidder] 重新计算 bucket 分配，当前节点数: 4
1776003692.224501 DEBUG: [kua.bidder] 重新计算 bucket 分配，当前节点数: 4
1776003695.224957 DEBUG: [kua.bidder] 重新计算 bucket 分配，当前节点数: 4
1776003698.225465 DEBUG: [kua.bidder] 重新计算 bucket 分配，当前节点数: 4
1776003701.226294 DEBUG: [kua.bidder] 重新计算 bucket 分配，当前节点数: 4
1776003704.227190 DEBUG: [kua.bidder] 重新计算 bucket 分配，当前节点数: 4
1776003707.227583 DEBUG: [kua.bidder] 重新计算 bucket 分配，当前节点数: 4
1776003710.228092 DEBUG: [kua.bidder] 重新计算 bucket 分配，当前节点数: 4
1776003713.231456 DEBUG: [kua.bidder] 重新计算 bucket 分配，当前节点数: 4
1776003716.231827 DEBUG: [kua.bidder] 重新计算 bucket 分配，当前节点数: 4
1776003719.232260 DEBUG: [kua.bidder] 重新计算 bucket 分配，当前节点数: 4
1776003722.232658 DEBUG: [kua.bidder] 重新计算 bucket 分配，当前节点数: 4
1776003725.233289 DEBUG: [kua.bidder] 重新计算 bucket 分配，当前节点数: 4
1776003728.235862 DEBUG: [kua.bidder] 重新计算 bucket 分配，当前节点数: 4
1776003731.236329 DEBUG: [kua.bidder] 重新计算 bucket 分配，当前节点数: 4
1776003734.236656 DEBUG: [kua.bidder] 重新计算 bucket 分配，当前节点数: 4
1776003737.238802 DEBUG: [kua.bidder] 重新计算 bucket 分配，当前节点数: 4
1776003740.239603 DEBUG: [kua.bidder] 重新计算 bucket 分配，当前节点数: 4
1776003743.240024 DEBUG: [kua.bidder] 重新计算 bucket 分配，当前节点数: 4
1776003746.240401 DEBUG: [kua.bidder] 重新计算 bucket 分配，当前节点数: 4
1776003749.240979 DEBUG: [kua.bidder] 重新计算 bucket 分配，当前节点数: 4
1776003752.241414 DEBUG: [kua.bidder] 重新计算 bucket 分配，当前节点数: 4
1776003755.241766 DEBUG: [kua.bidder] 重新计算 bucket 分配，当前节点数: 4
1776003758.242239 DEBUG: [kua.bidder] 重新计算 bucket 分配，当前节点数: 4
1776003761.243628 DEBUG: [kua.bidder] 重新计算 bucket 分配，当前节点数: 4
1776003764.243973 DEBUG: [kua.bidder] 重新计算 bucket 分配，当前节点数: 4
1776003767.244529 DEBUG: [kua.bidder] 重新计算 bucket 分配，当前节点数: 4
1776003770.246444 DEBUG: [kua.bidder] 重新计算 bucket 分配，当前节点数: 4
1776003773.247007 DEBUG: [kua.bidder] 重新计算 bucket 分配，当前节点数: 4
1776003776.247433 DEBUG: [kua.bidder] 重新计算 bucket 分配，当前节点数: 4
1776003779.247820 DEBUG: [kua.bidder] 重新计算 bucket 分配，当前节点数: 4
1776003782.248493 DEBUG: [kua.bidder] 重新计算 bucket 分配，当前节点数: 4
1776003785.248868 DEBUG: [kua.bidder] 重新计算 bucket 分配，当前节点数: 4
1776003788.249271 DEBUG: [kua.bidder] 重新计算 bucket 分配，当前节点数: 4
1776003791.249649 DEBUG: [kua.bidder] 重新计算 bucket 分配，当前节点数: 4
1776003794.250068 DEBUG: [kua.bidder] 重新计算 bucket 分配，当前节点数: 4
1776003797.250548 DEBUG: [kua.bidder] 重新计算 bucket 分配，当前节点数: 4
1776003800.251811 DEBUG: [kua.bidder] 重新计算 bucket 分配，当前节点数: 4
1776003803.256694 DEBUG: [kua.bidder] 重新计算 bucket 分配，当前节点数: 4
1776003806.257276 DEBUG: [kua.bidder] 重新计算 bucket 分配，当前节点数: 4
1776003809.257659 DEBUG: [kua.bidder] 重新计算 bucket 分配，当前节点数: 4
1776003812.257994 DEBUG: [kua.bidder] 重新计算 bucket 分配，当前节点数: 4
1776003815.258342 DEBUG: [kua.bidder] 重新计算 bucket 分配，当前节点数: 4
1776003818.258695 DEBUG: [kua.bidder] 重新计算 bucket 分配，当前节点数: 4
1776003821.259152 DEBUG: [kua.bidder] 重新计算 bucket 分配，当前节点数: 4
1776003824.259570 DEBUG: [kua.bidder] 重新计算 bucket 分配，当前节点数: 4
1776003827.260082 DEBUG: [kua.bidder] 重新计算 bucket 分配，当前节点数: 4
1776003830.260472 DEBUG: [kua.bidder] 重新计算 bucket 分配，当前节点数: 4
1776003833.260836 DEBUG: [kua.bidder] 重新计算 bucket 分配，当前节点数: 4
1776003836.261362 DEBUG: [kua.bidder] 重新计算 bucket 分配，当前节点数: 4
1776003839.261770 DEBUG: [kua.bidder] 重新计算 bucket 分配，当前节点数: 4
1776003842.262198 DEBUG: [kua.bidder] 重新计算 bucket 分配，当前节点数: 4
1776003845.262538 DEBUG: [kua.bidder] 重新计算 bucket 分配，当前节点数: 4
1776003848.262894 DEBUG: [kua.bidder] 重新计算 bucket 分配，当前节点数: 4
1776003851.263344 DEBUG: [kua.bidder] 重新计算 bucket 分配，当前节点数: 4
1776003854.263878 DEBUG: [kua.bidder] 重新计算 bucket 分配，当前节点数: 4
1776003857.264369 DEBUG: [kua.bidder] 重新计算 bucket 分配，当前节点数: 4
1776003860.267092 DEBUG: [kua.bidder] 重新计算 bucket 分配，当前节点数: 4
1776003863.267784 DEBUG: [kua.bidder] 重新计算 bucket 分配，当前节点数: 4
1776003866.268299 DEBUG: [kua.bidder] 重新计算 bucket 分配，当前节点数: 4
1776003869.268775 DEBUG: [kua.bidder] 重新计算 bucket 分配，当前节点数: 4
1776003872.269303 DEBUG: [kua.bidder] 重新计算 bucket 分配，当前节点数: 4
1776003875.272564 DEBUG: [kua.bidder] 重新计算 bucket 分配，当前节点数: 4
1776003878.273380 DEBUG: [kua.bidder] 重新计算 bucket 分配，当前节点数: 4
1776003881.274913 DEBUG: [kua.bidder] 重新计算 bucket 分配，当前节点数: 4
1776003884.277487 DEBUG: [kua.bidder] 重新计算 bucket 分配，当前节点数: 4
1776003887.278315 DEBUG: [kua.bidder] 重新计算 bucket 分配，当前节点数: 4
1776003890.279258 DEBUG: [kua.bidder] 重新计算 bucket 分配，当前节点数: 4
1776003893.279677 DEBUG: [kua.bidder] 重新计算 bucket 分配，当前节点数: 4
1776003896.280425 DEBUG: [kua.bidder] 重新计算 bucket 分配，当前节点数: 4
1776003899.281258 DEBUG: [kua.bidder] 重新计算 bucket 分配，当前节点数: 4
1776003902.281727 DEBUG: [kua.bidder] 重新计算 bucket 分配，当前节点数: 4
1776003905.282109 DEBUG: [kua.bidder] 重新计算 bucket 分配，当前节点数: 4
1776003908.282407 DEBUG: [kua.bidder] 重新计算 bucket 分配，当前节点数: 4
1776003911.282848 DEBUG: [kua.bidder] 重新计算 bucket 分配，当前节点数: 4
1776003914.283290 DEBUG: [kua.bidder] 重新计算 bucket 分配，当前节点数: 4
1776003917.355498 DEBUG: [kua.bidder] 重新计算 bucket 分配，当前节点数: 4
1776003920.356153 DEBUG: [kua.bidder] 重新计算 bucket 分配，当前节点数: 4
1776003923.357097 DEBUG: [kua.bidder] 重新计算 bucket 分配，当前节点数: 4
1776003926.357639 DEBUG: [kua.bidder] 重新计算 bucket 分配，当前节点数: 4
1776003929.358185 DEBUG: [kua.bidder] 重新计算 bucket 分配，当前节点数: 4
1776003932.358705 DEBUG: [kua.bidder] 重新计算 bucket 分配，当前节点数: 4
1776003935.359209 DEBUG: [kua.bidder] 重新计算 bucket 分配，当前节点数: 4
1776003938.359629 DEBUG: [kua.bidder] 重新计算 bucket 分配，当前节点数: 4
1776003941.360067 DEBUG: [kua.bidder] 重新计算 bucket 分配，当前节点数: 3
1776003941.360165  INFO: [kua.worker] 等待 5 秒后开始迁移 bucket #0 的 3 条数据到 1 个新所有者
1776003941.360222  INFO: [kua.worker] bucket #1 无需迁移数据（names: 0, owners: 1）
1776003941.360248  INFO: [kua.worker] 等待 5 秒后开始迁移 bucket #2 的 3 条数据到 1 个新所有者
1776003941.360273  INFO: [kua.worker] bucket #3 无需迁移数据（names: 0, owners: 1）
1776003944.360519 DEBUG: [kua.bidder] 重新计算 bucket 分配，当前节点数: 4
1776003944.360707  INFO: [kua.worker] 等待 5 秒后开始迁移 bucket #0 的 3 条数据到 1 个新所有者
1776003944.360762  INFO: [kua.worker] bucket #1 无需迁移数据（names: 0, owners: 1）
1776003944.360791  INFO: [kua.worker] 等待 5 秒后开始迁移 bucket #2 的 3 条数据到 1 个新所有者
1776003944.360827  INFO: [kua.worker] bucket #3 无需迁移数据（names: 0, owners: 1）
1776003946.367514  INFO: [kua.worker] 开始迁移 bucket #0 的 3 条数据到 1 个新所有者
1776003946.367634  INFO: [kua.worker] 迁移 bucket #0 到所有者: /three (3 条数据)
1776003946.371554 DEBUG: [kua.worker] 发送迁移请求 #1: /bucket0-test-2/seg=0 -> /three
1776003946.371607 DEBUG: [kua.worker] 发送迁移请求 #2: /bucket0-test-7/seg=0 -> /three
1776003946.371630 DEBUG: [kua.worker] 发送迁移请求 #3: /bucket0-test-9/seg=0 -> /three
1776003946.371638  INFO: [kua.worker] bucket #0 迁移完成，共发送 3 条数据
1776003946.371767 DEBUG: [kua.worker] 收到请求 : #0 : /three/%00/%07%13%08%0Ebucket0-test-22%01%00/%0B
1776003946.371791 DEBUG: [kua.worker] 收到请求 : #0 : /three/%00/%07%13%08%0Ebucket0-test-72%01%00/%0B
1776003946.371806 DEBUG: [kua.worker] 收到请求 : #0 : /three/%00/%07%13%08%0Ebucket0-test-92%01%00/%0B
1776003946.373880  INFO: [kua.worker] 开始迁移 bucket #2 的 3 条数据到 1 个新所有者
1776003946.374052  INFO: [kua.worker] 迁移 bucket #2 到所有者: /five (3 条数据)
1776003946.374186 DEBUG: [kua.worker] 发送迁移请求 #1: /bucket0-test-11/seg=0 -> /five
1776003946.374302 DEBUG: [kua.worker] 发送迁移请求 #2: /bucket0-test-13/seg=0 -> /five
1776003946.374358 DEBUG: [kua.worker] 发送迁移请求 #3: /bucket0-test-18/seg=0 -> /five
1776003946.374368  INFO: [kua.worker] bucket #2 迁移完成，共发送 3 条数据
1776003946.374462 DEBUG: [kua.worker] 收到请求 : #2 : /five/%02/%07%14%08%0Fbucket0-test-112%01%00/%0B
1776003946.374493 DEBUG: [kua.worker] 收到请求 : #2 : /five/%02/%07%14%08%0Fbucket0-test-132%01%00/%0B
1776003946.374514 DEBUG: [kua.worker] 收到请求 : #2 : /five/%02/%07%14%08%0Fbucket0-test-182%01%00/%0B
1776003946.377068  INFO: [kua.worker] 迁移成功 #1: /bucket0-test-2/seg=0 已发送到 /three
1776003946.377180  INFO: [kua.worker] 迁移成功 #2: /bucket0-test-7/seg=0 已发送到 /three
1776003946.377592  INFO: [kua.worker] 迁移成功 #3: /bucket0-test-9/seg=0 已发送到 /three
1776003946.378771  INFO: [kua.worker] 迁移成功 #1: /bucket0-test-11/seg=0 已发送到 /five
1776003946.378859  INFO: [kua.worker] 迁移成功 #2: /bucket0-test-13/seg=0 已发送到 /five
1776003946.378879  INFO: [kua.worker] 迁移成功 #3: /bucket0-test-18/seg=0 已发送到 /five
1776003948.119909 DEBUG: [kua.bidder] 重新计算 bucket 分配，当前节点数: 4
1776003949.361115  INFO: [kua.worker] 开始迁移 bucket #0 的 3 条数据到 1 个新所有者
1776003949.361224  INFO: [kua.worker] 迁移 bucket #0 到所有者: /four (3 条数据)
1776003949.361364 DEBUG: [kua.worker] 发送迁移请求 #1: /bucket0-test-2/seg=0 -> /four
1776003949.361404 DEBUG: [kua.worker] 发送迁移请求 #2: /bucket0-test-7/seg=0 -> /four
1776003949.361425 DEBUG: [kua.worker] 发送迁移请求 #3: /bucket0-test-9/seg=0 -> /four
1776003949.361431  INFO: [kua.worker] bucket #0 迁移完成，共发送 3 条数据
1776003949.361455  INFO: [kua.worker] 开始迁移 bucket #2 的 3 条数据到 1 个新所有者
1776003949.361481  INFO: [kua.worker] 迁移 bucket #2 到所有者: /four (3 条数据)
1776003949.361541 DEBUG: [kua.worker] 收到请求 : #0 : /four/%00/%07%13%08%0Ebucket0-test-22%01%00/%0B
1776003949.361551 DEBUG: [kua.worker] 发送迁移请求 #1: /bucket0-test-11/seg=0 -> /four
1776003949.361566 DEBUG: [kua.worker] 收到请求 : #0 : /four/%00/%07%13%08%0Ebucket0-test-72%01%00/%0B
1776003949.361580 DEBUG: [kua.worker] 收到请求 : #0 : /four/%00/%07%13%08%0Ebucket0-test-92%01%00/%0B
1776003949.361584 DEBUG: [kua.worker] 发送迁移请求 #2: /bucket0-test-13/seg=0 -> /four
1776003949.361626 DEBUG: [kua.worker] 发送迁移请求 #3: /bucket0-test-18/seg=0 -> /four
1776003949.361636  INFO: [kua.worker] bucket #2 迁移完成，共发送 3 条数据
1776003949.361699 DEBUG: [kua.worker] 收到请求 : #2 : /four/%02/%07%14%08%0Fbucket0-test-112%01%00/%0B
1776003949.361801 DEBUG: [kua.worker] 收到请求 : #2 : /four/%02/%07%14%08%0Fbucket0-test-132%01%00/%0B
1776003949.362067 DEBUG: [kua.worker] 收到请求 : #2 : /four/%02/%07%14%08%0Fbucket0-test-182%01%00/%0B
1776003949.362460  INFO: [kua.worker] 迁移成功 #1: /bucket0-test-2/seg=0 已发送到 /four
1776003949.362881  INFO: [kua.worker] 迁移成功 #2: /bucket0-test-7/seg=0 已发送到 /four
1776003949.362909  INFO: [kua.worker] 迁移成功 #1: /bucket0-test-11/seg=0 已发送到 /four
1776003949.362948  INFO: [kua.worker] 迁移成功 #2: /bucket0-test-13/seg=0 已发送到 /four
1776003949.362965  INFO: [kua.worker] 迁移成功 #3: /bucket0-test-9/seg=0 已发送到 /four
1776003949.363021  INFO: [kua.worker] 迁移成功 #3: /bucket0-test-18/seg=0 已发送到 /four
1776003951.120375 DEBUG: [kua.bidder] 重新计算 bucket 分配，当前节点数: 4
1776003954.120732 DEBUG: [kua.bidder] 重新计算 bucket 分配，当前节点数: 4
1776003957.122450 DEBUG: [kua.bidder] 重新计算 bucket 分配，当前节点数: 4
1776003960.123148 DEBUG: [kua.bidder] 重新计算 bucket 分配，当前节点数: 4
1776003963.124672 DEBUG: [kua.bidder] 重新计算 bucket 分配，当前节点数: 4
1776003966.125192 DEBUG: [kua.bidder] 重新计算 bucket 分配，当前节点数: 4
1776003969.126010 DEBUG: [kua.bidder] 重新计算 bucket 分配，当前节点数: 4
1776003972.126711 DEBUG: [kua.bidder] 重新计算 bucket 分配，当前节点数: 4
1776003975.127342 DEBUG: [kua.bidder] 重新计算 bucket 分配，当前节点数: 4
1776003978.127825 DEBUG: [kua.bidder] 重新计算 bucket 分配，当前节点数: 4
1776003981.128375 DEBUG: [kua.bidder] 重新计算 bucket 分配，当前节点数: 4
1776003984.131133 DEBUG: [kua.bidder] 重新计算 bucket 分配，当前节点数: 4
1776003987.133406 DEBUG: [kua.bidder] 重新计算 bucket 分配，当前节点数: 4
1776003990.134682 DEBUG: [kua.bidder] 重新计算 bucket 分配，当前节点数: 4
1776003993.135368 DEBUG: [kua.bidder] 重新计算 bucket 分配，当前节点数: 4
1776003996.135918 DEBUG: [kua.bidder] 重新计算 bucket 分配，当前节点数: 4
1776003999.136603 DEBUG: [kua.bidder] 重新计算 bucket 分配，当前节点数: 4
1776004002.150675 DEBUG: [kua.bidder] 重新计算 bucket 分配，当前节点数: 4
1776004005.151210 DEBUG: [kua.bidder] 重新计算 bucket 分配，当前节点数: 4
1776004008.152811 DEBUG: [kua.bidder] 重新计算 bucket 分配，当前节点数: 4
1776004011.153374 DEBUG: [kua.bidder] 重新计算 bucket 分配，当前节点数: 4
1776004014.153753 DEBUG: [kua.bidder] 重新计算 bucket 分配，当前节点数: 4
1776004017.154303 DEBUG: [kua.bidder] 重新计算 bucket 分配，当前节点数: 4
1776004020.156092 DEBUG: [kua.bidder] 重新计算 bucket 分配，当前节点数: 4
1776004023.158761 DEBUG: [kua.bidder] 重新计算 bucket 分配，当前节点数: 4
1776004026.159397 DEBUG: [kua.bidder] 重新计算 bucket 分配，当前节点数: 4
1776004029.160768 DEBUG: [kua.bidder] 重新计算 bucket 分配，当前节点数: 4
1776004032.164191 DEBUG: [kua.bidder] 重新计算 bucket 分配，当前节点数: 4
1776004035.164701 DEBUG: [kua.bidder] 重新计算 bucket 分配，当前节点数: 4
1776004038.165233 DEBUG: [kua.bidder] 重新计算 bucket 分配，当前节点数: 4
1776004041.165714 DEBUG: [kua.bidder] 重新计算 bucket 分配，当前节点数: 4
1776004044.166472 DEBUG: [kua.bidder] 重新计算 bucket 分配，当前节点数: 4
1776004047.168371 DEBUG: [kua.bidder] 重新计算 bucket 分配，当前节点数: 4
1776004050.171164 DEBUG: [kua.bidder] 重新计算 bucket 分配，当前节点数: 4
1776004053.171696 DEBUG: [kua.bidder] 重新计算 bucket 分配，当前节点数: 4
1776004056.172572 DEBUG: [kua.bidder] 重新计算 bucket 分配，当前节点数: 4
1776004059.173034 DEBUG: [kua.bidder] 重新计算 bucket 分配，当前节点数: 4
1776004062.181640 DEBUG: [kua.bidder] 重新计算 bucket 分配，当前节点数: 4
1776004065.182303 DEBUG: [kua.bidder] 重新计算 bucket 分配，当前节点数: 4
1776004068.182798 DEBUG: [kua.bidder] 重新计算 bucket 分配，当前节点数: 4
1776004071.183344 DEBUG: [kua.bidder] 重新计算 bucket 分配，当前节点数: 4
1776004074.183727 DEBUG: [kua.bidder] 重新计算 bucket 分配，当前节点数: 4
1776004077.184220 DEBUG: [kua.bidder] 重新计算 bucket 分配，当前节点数: 4
1776004080.184640 DEBUG: [kua.bidder] 重新计算 bucket 分配，当前节点数: 4
1776004083.186440 DEBUG: [kua.bidder] 重新计算 bucket 分配，当前节点数: 4
1776004086.187192 DEBUG: [kua.bidder] 重新计算 bucket 分配，当前节点数: 4
1776004089.194812 DEBUG: [kua.bidder] 重新计算 bucket 分配，当前节点数: 4
1776004092.195382 DEBUG: [kua.bidder] 重新计算 bucket 分配，当前节点数: 4
1776004095.196101 DEBUG: [kua.bidder] 重新计算 bucket 分配，当前节点数: 4
1776004098.196527 DEBUG: [kua.bidder] 重新计算 bucket 分配，当前节点数: 4
1776004101.197176 DEBUG: [kua.bidder] 重新计算 bucket 分配，当前节点数: 4
1776004104.197570 DEBUG: [kua.bidder] 重新计算 bucket 分配，当前节点数: 4
1776004107.198173 DEBUG: [kua.bidder] 重新计算 bucket 分配，当前节点数: 4
1776004110.198686 DEBUG: [kua.bidder] 重新计算 bucket 分配，当前节点数: 4
1776004113.199707 DEBUG: [kua.bidder] 重新计算 bucket 分配，当前节点数: 4
1776004116.200227 DEBUG: [kua.bidder] 重新计算 bucket 分配，当前节点数: 4
1776004119.200702 DEBUG: [kua.bidder] 重新计算 bucket 分配，当前节点数: 4
1776004122.201262 DEBUG: [kua.bidder] 重新计算 bucket 分配，当前节点数: 4
1776004125.201786 DEBUG: [kua.bidder] 重新计算 bucket 分配，当前节点数: 4
1776004128.202416 DEBUG: [kua.bidder] 重新计算 bucket 分配，当前节点数: 4
1776004131.202909 DEBUG: [kua.bidder] 重新计算 bucket 分配，当前节点数: 4
1776004134.203436 DEBUG: [kua.bidder] 重新计算 bucket 分配，当前节点数: 4
1776004137.204487 DEBUG: [kua.bidder] 重新计算 bucket 分配，当前节点数: 4
1776004140.205050 DEBUG: [kua.bidder] 重新计算 bucket 分配，当前节点数: 4
1776004143.205450 DEBUG: [kua.bidder] 重新计算 bucket 分配，当前节点数: 4
1776004146.206035 DEBUG: [kua.bidder] 重新计算 bucket 分配，当前节点数: 4
1776004149.206554 DEBUG: [kua.bidder] 重新计算 bucket 分配，当前节点数: 4
1776004152.207066 DEBUG: [kua.bidder] 重新计算 bucket 分配，当前节点数: 4
1776004155.215064 DEBUG: [kua.bidder] 重新计算 bucket 分配，当前节点数: 4
1776004158.216507 DEBUG: [kua.bidder] 重新计算 bucket 分配，当前节点数: 4
1776004161.217348 DEBUG: [kua.bidder] 重新计算 bucket 分配，当前节点数: 4
1776004164.217821 DEBUG: [kua.bidder] 重新计算 bucket 分配，当前节点数: 4
1776004167.218648 DEBUG: [kua.bidder] 重新计算 bucket 分配，当前节点数: 4
1776004170.219470 DEBUG: [kua.bidder] 重新计算 bucket 分配，当前节点数: 4
1776004173.220241 DEBUG: [kua.bidder] 重新计算 bucket 分配，当前节点数: 4
1776004176.220826 DEBUG: [kua.bidder] 重新计算 bucket 分配，当前节点数: 4
1776004179.221414 DEBUG: [kua.bidder] 重新计算 bucket 分配，当前节点数: 4
1776004182.221915 DEBUG: [kua.bidder] 重新计算 bucket 分配，当前节点数: 4
1776004185.222469 DEBUG: [kua.bidder] 重新计算 bucket 分配，当前节点数: 4
1776004188.222885 DEBUG: [kua.bidder] 重新计算 bucket 分配，当前节点数: 4
1776004191.223328 DEBUG: [kua.bidder] 重新计算 bucket 分配，当前节点数: 4
1776004194.224431 DEBUG: [kua.bidder] 重新计算 bucket 分配，当前节点数: 4
1776004197.237691 DEBUG: [kua.bidder] 重新计算 bucket 分配，当前节点数: 4
1776004200.238499 DEBUG: [kua.bidder] 重新计算 bucket 分配，当前节点数: 4
1776004203.239135 DEBUG: [kua.bidder] 重新计算 bucket 分配，当前节点数: 4
1776004206.239578 DEBUG: [kua.bidder] 重新计算 bucket 分配，当前节点数: 4
1776004209.244581 DEBUG: [kua.bidder] 重新计算 bucket 分配，当前节点数: 4
1776004212.245164 DEBUG: [kua.bidder] 重新计算 bucket 分配，当前节点数: 4
1776004215.246301 DEBUG: [kua.bidder] 重新计算 bucket 分配，当前节点数: 4
1776004218.246804 DEBUG: [kua.bidder] 重新计算 bucket 分配，当前节点数: 4
1776004221.247333 DEBUG: [kua.bidder] 重新计算 bucket 分配，当前节点数: 4
1776004224.247779 DEBUG: [kua.bidder] 重新计算 bucket 分配，当前节点数: 4
1776004227.306664 DEBUG: [kua.bidder] 重新计算 bucket 分配，当前节点数: 4
1776004230.314053 DEBUG: [kua.bidder] 重新计算 bucket 分配，当前节点数: 4
1776004233.314567 DEBUG: [kua.bidder] 重新计算 bucket 分配，当前节点数: 4
1776004236.315081 DEBUG: [kua.bidder] 重新计算 bucket 分配，当前节点数: 4
1776004239.315596 DEBUG: [kua.bidder] 重新计算 bucket 分配，当前节点数: 4
1776004242.316060 DEBUG: [kua.bidder] 重新计算 bucket 分配，当前节点数: 4
1776004245.316538 DEBUG: [kua.bidder] 重新计算 bucket 分配，当前节点数: 4
1776004248.316998 DEBUG: [kua.bidder] 重新计算 bucket 分配，当前节点数: 4
1776004251.317470 DEBUG: [kua.bidder] 重新计算 bucket 分配，当前节点数: 4
1776004254.318138 DEBUG: [kua.bidder] 重新计算 bucket 分配，当前节点数: 4
1776004257.318714 DEBUG: [kua.bidder] 重新计算 bucket 分配，当前节点数: 4
1776004260.321790 DEBUG: [kua.bidder] 重新计算 bucket 分配，当前节点数: 4
1776004263.322410 DEBUG: [kua.bidder] 重新计算 bucket 分配，当前节点数: 4
1776004266.322892 DEBUG: [kua.bidder] 重新计算 bucket 分配，当前节点数: 4
1776004269.323889 DEBUG: [kua.bidder] 重新计算 bucket 分配，当前节点数: 4
1776004272.325351 DEBUG: [kua.bidder] 重新计算 bucket 分配，当前节点数: 4
1776004275.325907 DEBUG: [kua.bidder] 重新计算 bucket 分配，当前节点数: 4
1776004278.326790 DEBUG: [kua.bidder] 重新计算 bucket 分配，当前节点数: 4
1776004281.327476 DEBUG: [kua.bidder] 重新计算 bucket 分配，当前节点数: 4
1776004284.328087 DEBUG: [kua.bidder] 重新计算 bucket 分配，当前节点数: 4
1776004287.328695 DEBUG: [kua.bidder] 重新计算 bucket 分配，当前节点数: 4
1776004290.329260 DEBUG: [kua.bidder] 重新计算 bucket 分配，当前节点数: 4
1776004293.330290 DEBUG: [kua.bidder] 重新计算 bucket 分配，当前节点数: 4
1776004296.330804 DEBUG: [kua.bidder] 重新计算 bucket 分配，当前节点数: 4
1776004299.333093 DEBUG: [kua.bidder] 重新计算 bucket 分配，当前节点数: 4
1776004302.333538 DEBUG: [kua.bidder] 重新计算 bucket 分配，当前节点数: 4
1776004305.334065 DEBUG: [kua.bidder] 重新计算 bucket 分配，当前节点数: 4
1776004308.338138 DEBUG: [kua.bidder] 重新计算 bucket 分配，当前节点数: 4
1776004311.338713 DEBUG: [kua.bidder] 重新计算 bucket 分配，当前节点数: 4
1776004314.339517 DEBUG: [kua.bidder] 重新计算 bucket 分配，当前节点数: 4
1776004317.340144 DEBUG: [kua.bidder] 重新计算 bucket 分配，当前节点数: 4
1776004320.340686 DEBUG: [kua.bidder] 重新计算 bucket 分配，当前节点数: 4
1776004323.342425 DEBUG: [kua.bidder] 重新计算 bucket 分配，当前节点数: 4
1776004326.344582 DEBUG: [kua.bidder] 重新计算 bucket 分配，当前节点数: 4
1776004329.345303 DEBUG: [kua.bidder] 重新计算 bucket 分配，当前节点数: 4
1776004332.345821 DEBUG: [kua.bidder] 重新计算 bucket 分配，当前节点数: 4
1776004335.346505 DEBUG: [kua.bidder] 重新计算 bucket 分配，当前节点数: 4
1776004338.347046 DEBUG: [kua.bidder] 重新计算 bucket 分配，当前节点数: 4
1776004341.347523 DEBUG: [kua.bidder] 重新计算 bucket 分配，当前节点数: 4
1776004344.348045 DEBUG: [kua.bidder] 重新计算 bucket 分配，当前节点数: 4
1776004347.348661 DEBUG: [kua.bidder] 重新计算 bucket 分配，当前节点数: 4
1776004350.349107 DEBUG: [kua.bidder] 重新计算 bucket 分配，当前节点数: 4
1776004353.349539 DEBUG: [kua.bidder] 重新计算 bucket 分配，当前节点数: 4
1776004356.350183 DEBUG: [kua.bidder] 重新计算 bucket 分配，当前节点数: 4
1776004359.350619 DEBUG: [kua.bidder] 重新计算 bucket 分配，当前节点数: 4
1776004362.351190 DEBUG: [kua.bidder] 重新计算 bucket 分配，当前节点数: 4
1776004365.351661 DEBUG: [kua.bidder] 重新计算 bucket 分配，当前节点数: 4
1776004368.354611 DEBUG: [kua.bidder] 重新计算 bucket 分配，当前节点数: 4
1776004371.355054 DEBUG: [kua.bidder] 重新计算 bucket 分配，当前节点数: 4
1776004374.355432 DEBUG: [kua.bidder] 重新计算 bucket 分配，当前节点数: 4
1776004377.355858 DEBUG: [kua.bidder] 重新计算 bucket 分配，当前节点数: 4
1776004380.356325 DEBUG: [kua.bidder] 重新计算 bucket 分配，当前节点数: 4
1776004383.356716 DEBUG: [kua.bidder] 重新计算 bucket 分配，当前节点数: 4
1776004386.357210 DEBUG: [kua.bidder] 重新计算 bucket 分配，当前节点数: 4
1776004389.357523 DEBUG: [kua.bidder] 重新计算 bucket 分配，当前节点数: 4
1776004392.357827 DEBUG: [kua.bidder] 重新计算 bucket 分配，当前节点数: 4
1776004395.358299 DEBUG: [kua.bidder] 重新计算 bucket 分配，当前节点数: 4
1776004398.362603 DEBUG: [kua.bidder] 重新计算 bucket 分配，当前节点数: 4
1776004401.365044 DEBUG: [kua.bidder] 重新计算 bucket 分配，当前节点数: 4
1776004404.365664 DEBUG: [kua.bidder] 重新计算 bucket 分配，当前节点数: 4
1776004407.366142 DEBUG: [kua.bidder] 重新计算 bucket 分配，当前节点数: 4
1776004410.366646 DEBUG: [kua.bidder] 重新计算 bucket 分配，当前节点数: 4
1776004413.367070 DEBUG: [kua.bidder] 重新计算 bucket 分配，当前节点数: 4
1776004416.480844 DEBUG: [kua.bidder] 重新计算 bucket 分配，当前节点数: 4
1776004419.482493 DEBUG: [kua.bidder] 重新计算 bucket 分配，当前节点数: 4
1776004422.483166 DEBUG: [kua.bidder] 重新计算 bucket 分配，当前节点数: 4
1776004425.483615 DEBUG: [kua.bidder] 重新计算 bucket 分配，当前节点数: 4
1776004428.484146 DEBUG: [kua.bidder] 重新计算 bucket 分配，当前节点数: 4
1776004431.498601 DEBUG: [kua.bidder] 重新计算 bucket 分配，当前节点数: 4
1776004434.499256 DEBUG: [kua.bidder] 重新计算 bucket 分配，当前节点数: 4
1776004437.499863 DEBUG: [kua.bidder] 重新计算 bucket 分配，当前节点数: 4
1776004440.504491 DEBUG: [kua.bidder] 重新计算 bucket 分配，当前节点数: 4
1776004443.507057 DEBUG: [kua.bidder] 重新计算 bucket 分配，当前节点数: 4
1776004446.525317 DEBUG: [kua.bidder] 重新计算 bucket 分配，当前节点数: 4
1776004449.528581 DEBUG: [kua.bidder] 重新计算 bucket 分配，当前节点数: 4
1776004452.529078 DEBUG: [kua.bidder] 重新计算 bucket 分配，当前节点数: 4
1776004455.529584 DEBUG: [kua.bidder] 重新计算 bucket 分配，当前节点数: 4
1776004458.530392 DEBUG: [kua.bidder] 重新计算 bucket 分配，当前节点数: 4
1776004461.564199 DEBUG: [kua.bidder] 重新计算 bucket 分配，当前节点数: 4
1776004464.564704 DEBUG: [kua.bidder] 重新计算 bucket 分配，当前节点数: 4
1776004467.565698 DEBUG: [kua.bidder] 重新计算 bucket 分配，当前节点数: 4
1776004470.566273 DEBUG: [kua.bidder] 重新计算 bucket 分配，当前节点数: 4
1776004473.566721 DEBUG: [kua.bidder] 重新计算 bucket 分配，当前节点数: 4
1776004476.567297 DEBUG: [kua.bidder] 重新计算 bucket 分配，当前节点数: 4
1776004479.567870 DEBUG: [kua.bidder] 重新计算 bucket 分配，当前节点数: 4
1776004482.568712 DEBUG: [kua.bidder] 重新计算 bucket 分配，当前节点数: 4
1776004485.569858 DEBUG: [kua.bidder] 重新计算 bucket 分配，当前节点数: 4
1776004488.570326 DEBUG: [kua.bidder] 重新计算 bucket 分配，当前节点数: 4
1776004491.570810 DEBUG: [kua.bidder] 重新计算 bucket 分配，当前节点数: 4
1776004494.571377 DEBUG: [kua.bidder] 重新计算 bucket 分配，当前节点数: 4
1776004497.571830 DEBUG: [kua.bidder] 重新计算 bucket 分配，当前节点数: 4
1776004500.572489 DEBUG: [kua.bidder] 重新计算 bucket 分配，当前节点数: 4
1776004503.573710 DEBUG: [kua.bidder] 重新计算 bucket 分配，当前节点数: 4
1776004506.574063 DEBUG: [kua.bidder] 重新计算 bucket 分配，当前节点数: 4
1776004509.574604 DEBUG: [kua.bidder] 重新计算 bucket 分配，当前节点数: 4
1776004512.575111 DEBUG: [kua.bidder] 重新计算 bucket 分配，当前节点数: 4
1776004515.575618 DEBUG: [kua.bidder] 重新计算 bucket 分配，当前节点数: 4
1776004518.576084 DEBUG: [kua.bidder] 重新计算 bucket 分配，当前节点数: 4
1776004521.577001 DEBUG: [kua.bidder] 重新计算 bucket 分配，当前节点数: 4
1776004524.588818 DEBUG: [kua.bidder] 重新计算 bucket 分配，当前节点数: 4
1776004527.590345 DEBUG: [kua.bidder] 重新计算 bucket 分配，当前节点数: 4
1776004530.590816 DEBUG: [kua.bidder] 重新计算 bucket 分配，当前节点数: 4
1776004533.591350 DEBUG: [kua.bidder] 重新计算 bucket 分配，当前节点数: 4
1776004536.591883 DEBUG: [kua.bidder] 重新计算 bucket 分配，当前节点数: 4
1776004539.592393 DEBUG: [kua.bidder] 重新计算 bucket 分配，当前节点数: 4
1776004542.594231 DEBUG: [kua.bidder] 重新计算 bucket 分配，当前节点数: 4
1776004545.595113 DEBUG: [kua.bidder] 重新计算 bucket 分配，当前节点数: 4
1776004548.595534 DEBUG: [kua.bidder] 重新计算 bucket 分配，当前节点数: 4
1776004551.596221 DEBUG: [kua.bidder] 重新计算 bucket 分配，当前节点数: 4
1776004554.596890 DEBUG: [kua.bidder] 重新计算 bucket 分配，当前节点数: 4
1776004557.597323 DEBUG: [kua.bidder] 重新计算 bucket 分配，当前节点数: 4
1776004560.597730 DEBUG: [kua.bidder] 重新计算 bucket 分配，当前节点数: 4
1776004563.598602 DEBUG: [kua.bidder] 重新计算 bucket 分配，当前节点数: 4
1776004566.605767 DEBUG: [kua.bidder] 重新计算 bucket 分配，当前节点数: 4
1776004569.606601 DEBUG: [kua.bidder] 重新计算 bucket 分配，当前节点数: 4
1776004572.608541 DEBUG: [kua.bidder] 重新计算 bucket 分配，当前节点数: 4
1776004575.609012 DEBUG: [kua.bidder] 重新计算 bucket 分配，当前节点数: 4
1776004578.609902 DEBUG: [kua.bidder] 重新计算 bucket 分配，当前节点数: 4
1776004581.616086 DEBUG: [kua.bidder] 重新计算 bucket 分配，当前节点数: 4
1776004584.620158 DEBUG: [kua.bidder] 重新计算 bucket 分配，当前节点数: 4
1776004587.620892 DEBUG: [kua.bidder] 重新计算 bucket 分配，当前节点数: 4
1776004590.623570 DEBUG: [kua.bidder] 重新计算 bucket 分配，当前节点数: 4
1776004593.628309 DEBUG: [kua.bidder] 重新计算 bucket 分配，当前节点数: 4
1776004596.637346 DEBUG: [kua.bidder] 重新计算 bucket 分配，当前节点数: 4
1776004599.637838 DEBUG: [kua.bidder] 重新计算 bucket 分配，当前节点数: 4
1776004602.638403 DEBUG: [kua.bidder] 重新计算 bucket 分配，当前节点数: 4
1776004605.638841 DEBUG: [kua.bidder] 重新计算 bucket 分配，当前节点数: 4
1776004608.639354 DEBUG: [kua.bidder] 重新计算 bucket 分配，当前节点数: 4
1776004611.639813 DEBUG: [kua.bidder] 重新计算 bucket 分配，当前节点数: 4
1776004614.640317 DEBUG: [kua.bidder] 重新计算 bucket 分配，当前节点数: 4
1776004617.662816 DEBUG: [kua.bidder] 重新计算 bucket 分配，当前节点数: 4
1776004620.663397 DEBUG: [kua.bidder] 重新计算 bucket 分配，当前节点数: 4
1776004623.663828 DEBUG: [kua.bidder] 重新计算 bucket 分配，当前节点数: 4
1776004626.664433 DEBUG: [kua.bidder] 重新计算 bucket 分配，当前节点数: 4
1776004629.665147 DEBUG: [kua.bidder] 重新计算 bucket 分配，当前节点数: 4
1776004632.665695 DEBUG: [kua.bidder] 重新计算 bucket 分配，当前节点数: 4
1776004635.666399 DEBUG: [kua.bidder] 重新计算 bucket 分配，当前节点数: 4
1776004638.674236 DEBUG: [kua.bidder] 重新计算 bucket 分配，当前节点数: 4
1776004641.674849 DEBUG: [kua.bidder] 重新计算 bucket 分配，当前节点数: 4
1776004644.676374 DEBUG: [kua.bidder] 重新计算 bucket 分配，当前节点数: 4
1776004647.678491 DEBUG: [kua.bidder] 重新计算 bucket 分配，当前节点数: 4
1776004650.680616 DEBUG: [kua.bidder] 重新计算 bucket 分配，当前节点数: 4
1776004653.681118 DEBUG: [kua.bidder] 重新计算 bucket 分配，当前节点数: 4
1776004656.681768 DEBUG: [kua.bidder] 重新计算 bucket 分配，当前节点数: 4
1776004659.682459 DEBUG: [kua.bidder] 重新计算 bucket 分配，当前节点数: 4
1776004662.683194 DEBUG: [kua.bidder] 重新计算 bucket 分配，当前节点数: 4
1776004665.683555 DEBUG: [kua.bidder] 重新计算 bucket 分配，当前节点数: 4
1776004668.684110 DEBUG: [kua.bidder] 重新计算 bucket 分配，当前节点数: 4
1776004671.684584 DEBUG: [kua.bidder] 重新计算 bucket 分配，当前节点数: 4
1776004674.685120 DEBUG: [kua.bidder] 重新计算 bucket 分配，当前节点数: 4
1776004677.685604 DEBUG: [kua.bidder] 重新计算 bucket 分配，当前节点数: 4
1776004680.686338 DEBUG: [kua.bidder] 重新计算 bucket 分配，当前节点数: 4
1776004683.686833 DEBUG: [kua.bidder] 重新计算 bucket 分配，当前节点数: 4
1776004686.687432 DEBUG: [kua.bidder] 重新计算 bucket 分配，当前节点数: 4
1776004689.688059 DEBUG: [kua.bidder] 重新计算 bucket 分配，当前节点数: 4
1776004692.688566 DEBUG: [kua.bidder] 重新计算 bucket 分配，当前节点数: 4
1776004695.689123 DEBUG: [kua.bidder] 重新计算 bucket 分配，当前节点数: 4
1776004698.690116 DEBUG: [kua.bidder] 重新计算 bucket 分配，当前节点数: 4
1776004701.690583 DEBUG: [kua.bidder] 重新计算 bucket 分配，当前节点数: 4
1776004704.691159 DEBUG: [kua.bidder] 重新计算 bucket 分配，当前节点数: 4
1776004707.692504 DEBUG: [kua.bidder] 重新计算 bucket 分配，当前节点数: 4
1776004710.693567 DEBUG: [kua.bidder] 重新计算 bucket 分配，当前节点数: 4
1776004713.694717 DEBUG: [kua.bidder] 重新计算 bucket 分配，当前节点数: 4
1776004716.705143 DEBUG: [kua.bidder] 重新计算 bucket 分配，当前节点数: 4
1776004719.705672 DEBUG: [kua.bidder] 重新计算 bucket 分配，当前节点数: 4
1776004722.706186 DEBUG: [kua.bidder] 重新计算 bucket 分配，当前节点数: 4
1776004725.706707 DEBUG: [kua.bidder] 重新计算 bucket 分配，当前节点数: 4
1776004728.707323 DEBUG: [kua.bidder] 重新计算 bucket 分配，当前节点数: 4
1776004731.707794 DEBUG: [kua.bidder] 重新计算 bucket 分配，当前节点数: 4
1776004734.708293 DEBUG: [kua.bidder] 重新计算 bucket 分配，当前节点数: 4
1776004737.708811 DEBUG: [kua.bidder] 重新计算 bucket 分配，当前节点数: 4
1776004740.725172 DEBUG: [kua.bidder] 重新计算 bucket 分配，当前节点数: 4
1776004743.727159 DEBUG: [kua.bidder] 重新计算 bucket 分配，当前节点数: 4
1776004746.730311 DEBUG: [kua.bidder] 重新计算 bucket 分配，当前节点数: 4
1776004749.737571 DEBUG: [kua.bidder] 重新计算 bucket 分配，当前节点数: 4
1776004752.738876 DEBUG: [kua.bidder] 重新计算 bucket 分配，当前节点数: 4
1776004755.739557 DEBUG: [kua.bidder] 重新计算 bucket 分配，当前节点数: 4
1776004758.739967 DEBUG: [kua.bidder] 重新计算 bucket 分配，当前节点数: 4
1776004761.740413 DEBUG: [kua.bidder] 重新计算 bucket 分配，当前节点数: 4
1776004764.741012 DEBUG: [kua.bidder] 重新计算 bucket 分配，当前节点数: 4
1776004767.741546 DEBUG: [kua.bidder] 重新计算 bucket 分配，当前节点数: 4
1776004770.742808 DEBUG: [kua.bidder] 重新计算 bucket 分配，当前节点数: 4
1776004773.745306 DEBUG: [kua.bidder] 重新计算 bucket 分配，当前节点数: 4
1776004776.758319 DEBUG: [kua.bidder] 重新计算 bucket 分配，当前节点数: 4
1776004779.758787 DEBUG: [kua.bidder] 重新计算 bucket 分配，当前节点数: 4
1776004782.759555 DEBUG: [kua.bidder] 重新计算 bucket 分配，当前节点数: 4
1776004785.761112 DEBUG: [kua.bidder] 重新计算 bucket 分配，当前节点数: 4
1776004788.762315 DEBUG: [kua.bidder] 重新计算 bucket 分配，当前节点数: 4
1776004791.763458 DEBUG: [kua.bidder] 重新计算 bucket 分配，当前节点数: 4
1776004794.764238 DEBUG: [kua.bidder] 重新计算 bucket 分配，当前节点数: 4
1776004797.765051 DEBUG: [kua.bidder] 重新计算 bucket 分配，当前节点数: 4
1776004800.765586 DEBUG: [kua.bidder] 重新计算 bucket 分配，当前节点数: 4
1776004803.766439 DEBUG: [kua.bidder] 重新计算 bucket 分配，当前节点数: 4
1776004806.766775 DEBUG: [kua.bidder] 重新计算 bucket 分配，当前节点数: 4
1776004809.767708 DEBUG: [kua.bidder] 重新计算 bucket 分配，当前节点数: 4
1776004812.768138 DEBUG: [kua.bidder] 重新计算 bucket 分配，当前节点数: 4
1776004815.768388 DEBUG: [kua.bidder] 重新计算 bucket 分配，当前节点数: 4
1776004818.768663 DEBUG: [kua.bidder] 重新计算 bucket 分配，当前节点数: 4
1776004821.769012 DEBUG: [kua.bidder] 重新计算 bucket 分配，当前节点数: 4
1776004824.769437 DEBUG: [kua.bidder] 重新计算 bucket 分配，当前节点数: 4
1776004827.769871 DEBUG: [kua.bidder] 重新计算 bucket 分配，当前节点数: 4
1776004830.770206 DEBUG: [kua.bidder] 重新计算 bucket 分配，当前节点数: 4
1776004833.770418 DEBUG: [kua.bidder] 重新计算 bucket 分配，当前节点数: 4
1776004836.814379 DEBUG: [kua.bidder] 重新计算 bucket 分配，当前节点数: 4
1776004839.814558 DEBUG: [kua.bidder] 重新计算 bucket 分配，当前节点数: 4
1776004842.814796 DEBUG: [kua.bidder] 重新计算 bucket 分配，当前节点数: 4
1776004845.816418 DEBUG: [kua.bidder] 重新计算 bucket 分配，当前节点数: 4
1776004848.816777 DEBUG: [kua.bidder] 重新计算 bucket 分配，当前节点数: 4
1776004851.817212 DEBUG: [kua.bidder] 重新计算 bucket 分配，当前节点数: 4
1776004854.889967 DEBUG: [kua.bidder] 重新计算 bucket 分配，当前节点数: 4
1776004857.890211 DEBUG: [kua.bidder] 重新计算 bucket 分配，当前节点数: 4
1776004860.890592 DEBUG: [kua.bidder] 重新计算 bucket 分配，当前节点数: 4
1776004863.891063 DEBUG: [kua.bidder] 重新计算 bucket 分配，当前节点数: 4
1776004866.891415 DEBUG: [kua.bidder] 重新计算 bucket 分配，当前节点数: 4
1776004869.891681 DEBUG: [kua.bidder] 重新计算 bucket 分配，当前节点数: 4
1776004872.891982 DEBUG: [kua.bidder] 重新计算 bucket 分配，当前节点数: 4
1776004875.892231 DEBUG: [kua.bidder] 重新计算 bucket 分配，当前节点数: 4
1776004878.892577 DEBUG: [kua.bidder] 重新计算 bucket 分配，当前节点数: 4
1776004881.894931 DEBUG: [kua.bidder] 重新计算 bucket 分配，当前节点数: 4
1776004884.896257 DEBUG: [kua.bidder] 重新计算 bucket 分配，当前节点数: 4
1776004887.896540 DEBUG: [kua.bidder] 重新计算 bucket 分配，当前节点数: 4
1776004890.899065 DEBUG: [kua.bidder] 重新计算 bucket 分配，当前节点数: 4
1776004893.899413 DEBUG: [kua.bidder] 重新计算 bucket 分配，当前节点数: 4
1776004896.899841 DEBUG: [kua.bidder] 重新计算 bucket 分配，当前节点数: 4
1776004899.900212 DEBUG: [kua.bidder] 重新计算 bucket 分配，当前节点数: 4
1776004902.900616 DEBUG: [kua.bidder] 重新计算 bucket 分配，当前节点数: 4
1776004905.900947 DEBUG: [kua.bidder] 重新计算 bucket 分配，当前节点数: 4
1776004908.903657 DEBUG: [kua.bidder] 重新计算 bucket 分配，当前节点数: 4
1776004911.904086 DEBUG: [kua.bidder] 重新计算 bucket 分配，当前节点数: 4
1776004914.906251 DEBUG: [kua.bidder] 重新计算 bucket 分配，当前节点数: 4
1776004917.906686 DEBUG: [kua.bidder] 重新计算 bucket 分配，当前节点数: 4
1776004920.907000 DEBUG: [kua.bidder] 重新计算 bucket 分配，当前节点数: 4
1776004923.907241 DEBUG: [kua.bidder] 重新计算 bucket 分配，当前节点数: 4
