1776001038.460239  INFO: [kua.nodewatcher] 构造 NodeWatcher
1776001038.478174  INFO: [kua.bidder] 构造 Bidder
1776001043.478388 DEBUG: [kua.bidder] 重新计算 bucket 分配，当前节点数: 5
1776001043.478561  INFO: [kua.bidder] 本地节点成为 bucket 1 的所有者
1776001043.479862  INFO: [kua.worker] 构造 worker #1 /three
1776001043.485250  INFO: [kua.bidder] 本地节点成为 bucket 2 的所有者
1776001043.486516  INFO: [kua.worker] 构造 worker #2 /three
1776001046.490169 DEBUG: [kua.bidder] 重新计算 bucket 分配，当前节点数: 5
1776001049.491047 DEBUG: [kua.bidder] 重新计算 bucket 分配，当前节点数: 5
1776001052.491475 DEBUG: [kua.bidder] 重新计算 bucket 分配，当前节点数: 5
1776001055.492069 DEBUG: [kua.bidder] 重新计算 bucket 分配，当前节点数: 5
1776001058.492553 DEBUG: [kua.bidder] 重新计算 bucket 分配，当前节点数: 5
1776001058.497848 DEBUG: [kua.worker] 收到请求 : #2 : /three/%02/%07%17%08%0Fbucket0-test-112%01%002%01%00/%07
1776001058.498024 DEBUG: [kua.worker] 收到请求 : #2 : /bucket0-test-11/seg=0
1776001058.498355 DEBUG: [kua.worker] FETCH 0 / 1
1776001059.539423 DEBUG: [kua.worker] 收到请求 : #2 : /three/%02/%07%17%08%0Fbucket0-test-132%01%002%01%00/%07
1776001059.539536 DEBUG: [kua.worker] 收到请求 : #2 : /bucket0-test-13/seg=0
1776001059.540383 DEBUG: [kua.worker] FETCH 0 / 1
1776001060.603370 DEBUG: [kua.worker] 收到请求 : #2 : /three/%02/%07%17%08%0Fbucket0-test-182%01%002%01%00/%07
1776001060.603453 DEBUG: [kua.worker] 收到请求 : #2 : /bucket0-test-18/seg=0
1776001060.603665 DEBUG: [kua.worker] FETCH 0 / 1
1776001061.492912 DEBUG: [kua.bidder] 重新计算 bucket 分配，当前节点数: 5
1776001064.494108 DEBUG: [kua.bidder] 重新计算 bucket 分配，当前节点数: 5
1776001067.495153 DEBUG: [kua.bidder] 重新计算 bucket 分配，当前节点数: 5
1776001070.495695 DEBUG: [kua.bidder] 重新计算 bucket 分配，当前节点数: 5
1776001073.496189 DEBUG: [kua.bidder] 重新计算 bucket 分配，当前节点数: 5
1776001076.496669 DEBUG: [kua.bidder] 重新计算 bucket 分配，当前节点数: 4
1776001076.497078  INFO: [kua.worker] 等待 5 秒后开始迁移 bucket #2 的 3 条数据到 1 个新所有者
1776001079.498088 DEBUG: [kua.bidder] 重新计算 bucket 分配，当前节点数: 4
1776001081.497471  INFO: [kua.worker] 开始迁移 bucket #2 的 3 条数据到 1 个新所有者
1776001081.497549  INFO: [kua.worker] 迁移 bucket #2 到所有者: /one (3 条数据)
1776001081.497725 DEBUG: [kua.worker] 发送迁移请求 #1: /bucket0-test-11/seg=0 -> /one
1776001081.497786 DEBUG: [kua.worker] 发送迁移请求 #2: /bucket0-test-13/seg=0 -> /one
1776001081.497872 DEBUG: [kua.worker] 发送迁移请求 #3: /bucket0-test-18/seg=0 -> /one
1776001081.497886  INFO: [kua.worker] bucket #2 迁移完成，共发送 3 条数据
1776001081.498072 DEBUG: [kua.worker] 收到请求 : #2 : /one/%02/%07%14%08%0Fbucket0-test-112%01%00/%0B
1776001081.498152 DEBUG: [kua.worker] 收到请求 : #2 : /one/%02/%07%14%08%0Fbucket0-test-132%01%00/%0B
1776001081.498178 DEBUG: [kua.worker] 收到请求 : #2 : /one/%02/%07%14%08%0Fbucket0-test-182%01%00/%0B
1776001081.504730  INFO: [kua.worker] 迁移成功 #1: /bucket0-test-11/seg=0 已发送到 /one
1776001081.504822  INFO: [kua.worker] 迁移成功 #2: /bucket0-test-13/seg=0 已发送到 /one
1776001081.504844  INFO: [kua.worker] 迁移成功 #3: /bucket0-test-18/seg=0 已发送到 /one
1776001082.501104 DEBUG: [kua.bidder] 重新计算 bucket 分配，当前节点数: 4
1776001085.502199 DEBUG: [kua.bidder] 重新计算 bucket 分配，当前节点数: 4
1776001088.507079 DEBUG: [kua.bidder] 重新计算 bucket 分配，当前节点数: 4
1776001091.507458 DEBUG: [kua.bidder] 重新计算 bucket 分配，当前节点数: 4
1776001094.507835 DEBUG: [kua.bidder] 重新计算 bucket 分配，当前节点数: 4
1776001097.508189 DEBUG: [kua.bidder] 重新计算 bucket 分配，当前节点数: 4
1776001100.508517 DEBUG: [kua.bidder] 重新计算 bucket 分配，当前节点数: 4
1776001103.509035 DEBUG: [kua.bidder] 重新计算 bucket 分配，当前节点数: 4
1776001106.509298 DEBUG: [kua.bidder] 重新计算 bucket 分配，当前节点数: 4
1776001109.509680 DEBUG: [kua.bidder] 重新计算 bucket 分配，当前节点数: 4
1776001112.510060 DEBUG: [kua.bidder] 重新计算 bucket 分配，当前节点数: 4
1776001115.510468 DEBUG: [kua.bidder] 重新计算 bucket 分配，当前节点数: 4
1776001118.510906 DEBUG: [kua.bidder] 重新计算 bucket 分配，当前节点数: 4
1776001121.511411 DEBUG: [kua.bidder] 重新计算 bucket 分配，当前节点数: 4
1776001124.511917 DEBUG: [kua.bidder] 重新计算 bucket 分配，当前节点数: 4
1776001127.512769 DEBUG: [kua.bidder] 重新计算 bucket 分配，当前节点数: 4
1776001130.513519 DEBUG: [kua.bidder] 重新计算 bucket 分配，当前节点数: 4
1776001133.515732 DEBUG: [kua.bidder] 重新计算 bucket 分配，当前节点数: 4
1776001136.516323 DEBUG: [kua.bidder] 重新计算 bucket 分配，当前节点数: 4
1776001139.516792 DEBUG: [kua.bidder] 重新计算 bucket 分配，当前节点数: 4
1776001142.517624 DEBUG: [kua.bidder] 重新计算 bucket 分配，当前节点数: 4
1776001145.518900 DEBUG: [kua.bidder] 重新计算 bucket 分配，当前节点数: 4
1776001148.520040 DEBUG: [kua.bidder] 重新计算 bucket 分配，当前节点数: 4
1776001151.520596 DEBUG: [kua.bidder] 重新计算 bucket 分配，当前节点数: 4
1776001154.521548 DEBUG: [kua.bidder] 重新计算 bucket 分配，当前节点数: 4
1776001157.522072 DEBUG: [kua.bidder] 重新计算 bucket 分配，当前节点数: 4
1776001160.528361 DEBUG: [kua.bidder] 重新计算 bucket 分配，当前节点数: 4
1776001163.528758 DEBUG: [kua.bidder] 重新计算 bucket 分配，当前节点数: 4
1776001166.529230 DEBUG: [kua.bidder] 重新计算 bucket 分配，当前节点数: 4
1776001169.529790 DEBUG: [kua.bidder] 重新计算 bucket 分配，当前节点数: 4
1776001172.543573 DEBUG: [kua.bidder] 重新计算 bucket 分配，当前节点数: 4
1776001175.543891 DEBUG: [kua.bidder] 重新计算 bucket 分配，当前节点数: 4
1776001178.544454 DEBUG: [kua.bidder] 重新计算 bucket 分配，当前节点数: 4
1776001181.545391 DEBUG: [kua.bidder] 重新计算 bucket 分配，当前节点数: 4
1776001184.545878 DEBUG: [kua.bidder] 重新计算 bucket 分配，当前节点数: 4
1776001187.546621 DEBUG: [kua.bidder] 重新计算 bucket 分配，当前节点数: 4
1776001190.554277 DEBUG: [kua.bidder] 重新计算 bucket 分配，当前节点数: 4
1776001193.555492 DEBUG: [kua.bidder] 重新计算 bucket 分配，当前节点数: 4
1776001196.556072 DEBUG: [kua.bidder] 重新计算 bucket 分配，当前节点数: 4
1776001199.556697 DEBUG: [kua.bidder] 重新计算 bucket 分配，当前节点数: 4
1776001202.557186 DEBUG: [kua.bidder] 重新计算 bucket 分配，当前节点数: 4
1776001205.557645 DEBUG: [kua.bidder] 重新计算 bucket 分配，当前节点数: 4
1776001208.558252 DEBUG: [kua.bidder] 重新计算 bucket 分配，当前节点数: 4
1776001211.558655 DEBUG: [kua.bidder] 重新计算 bucket 分配，当前节点数: 4
1776001214.559139 DEBUG: [kua.bidder] 重新计算 bucket 分配，当前节点数: 4
1776001217.559701 DEBUG: [kua.bidder] 重新计算 bucket 分配，当前节点数: 4
1776001220.560141 DEBUG: [kua.bidder] 重新计算 bucket 分配，当前节点数: 4
1776001223.560578 DEBUG: [kua.bidder] 重新计算 bucket 分配，当前节点数: 4
1776001226.560958 DEBUG: [kua.bidder] 重新计算 bucket 分配，当前节点数: 4
1776001229.562132 DEBUG: [kua.bidder] 重新计算 bucket 分配，当前节点数: 4
1776001232.583731 DEBUG: [kua.bidder] 重新计算 bucket 分配，当前节点数: 4
1776001235.584150 DEBUG: [kua.bidder] 重新计算 bucket 分配，当前节点数: 4
1776001238.587137 DEBUG: [kua.bidder] 重新计算 bucket 分配，当前节点数: 4
1776001241.587616 DEBUG: [kua.bidder] 重新计算 bucket 分配，当前节点数: 4
1776001244.588054 DEBUG: [kua.bidder] 重新计算 bucket 分配，当前节点数: 4
1776001247.588491 DEBUG: [kua.bidder] 重新计算 bucket 分配，当前节点数: 4
1776001250.590069 DEBUG: [kua.bidder] 重新计算 bucket 分配，当前节点数: 4
1776001253.590575 DEBUG: [kua.bidder] 重新计算 bucket 分配，当前节点数: 4
1776001256.592033 DEBUG: [kua.bidder] 重新计算 bucket 分配，当前节点数: 4
1776001259.597074 DEBUG: [kua.bidder] 重新计算 bucket 分配，当前节点数: 4
1776001262.597711 DEBUG: [kua.bidder] 重新计算 bucket 分配，当前节点数: 4
1776001265.599101 DEBUG: [kua.bidder] 重新计算 bucket 分配，当前节点数: 4
1776001268.602838 DEBUG: [kua.bidder] 重新计算 bucket 分配，当前节点数: 4
1776001271.606091 DEBUG: [kua.bidder] 重新计算 bucket 分配，当前节点数: 4
1776001274.609379 DEBUG: [kua.bidder] 重新计算 bucket 分配，当前节点数: 4
1776001277.610119 DEBUG: [kua.bidder] 重新计算 bucket 分配，当前节点数: 4
1776001280.633183 DEBUG: [kua.bidder] 重新计算 bucket 分配，当前节点数: 4
1776001283.633736 DEBUG: [kua.bidder] 重新计算 bucket 分配，当前节点数: 4
1776001286.634477 DEBUG: [kua.bidder] 重新计算 bucket 分配，当前节点数: 4
1776001289.635127 DEBUG: [kua.bidder] 重新计算 bucket 分配，当前节点数: 4
1776001292.637513 DEBUG: [kua.bidder] 重新计算 bucket 分配，当前节点数: 4
1776001295.638105 DEBUG: [kua.bidder] 重新计算 bucket 分配，当前节点数: 4
1776001298.638678 DEBUG: [kua.bidder] 重新计算 bucket 分配，当前节点数: 4
1776001301.639159 DEBUG: [kua.bidder] 重新计算 bucket 分配，当前节点数: 4
1776001304.639543 DEBUG: [kua.bidder] 重新计算 bucket 分配，当前节点数: 4
1776001307.640012 DEBUG: [kua.bidder] 重新计算 bucket 分配，当前节点数: 4
1776001310.640486 DEBUG: [kua.bidder] 重新计算 bucket 分配，当前节点数: 4
1776001313.640858 DEBUG: [kua.bidder] 重新计算 bucket 分配，当前节点数: 4
1776001316.641245 DEBUG: [kua.bidder] 重新计算 bucket 分配，当前节点数: 4
1776001319.684232 DEBUG: [kua.bidder] 重新计算 bucket 分配，当前节点数: 4
1776001322.685208 DEBUG: [kua.bidder] 重新计算 bucket 分配，当前节点数: 4
1776001325.686173 DEBUG: [kua.bidder] 重新计算 bucket 分配，当前节点数: 4
1776001328.687554 DEBUG: [kua.bidder] 重新计算 bucket 分配，当前节点数: 4
1776001331.692440 DEBUG: [kua.bidder] 重新计算 bucket 分配，当前节点数: 4
1776001334.692914 DEBUG: [kua.bidder] 重新计算 bucket 分配，当前节点数: 4
1776001337.693990 DEBUG: [kua.bidder] 重新计算 bucket 分配，当前节点数: 4
1776001340.694459 DEBUG: [kua.bidder] 重新计算 bucket 分配，当前节点数: 4
1776001343.694918 DEBUG: [kua.bidder] 重新计算 bucket 分配，当前节点数: 4
1776001346.695578 DEBUG: [kua.bidder] 重新计算 bucket 分配，当前节点数: 4
1776001349.695997 DEBUG: [kua.bidder] 重新计算 bucket 分配，当前节点数: 4
1776001352.696526 DEBUG: [kua.bidder] 重新计算 bucket 分配，当前节点数: 4
1776001355.701701 DEBUG: [kua.bidder] 重新计算 bucket 分配，当前节点数: 4
1776001358.705907 DEBUG: [kua.bidder] 重新计算 bucket 分配，当前节点数: 4
1776001361.706672 DEBUG: [kua.bidder] 重新计算 bucket 分配，当前节点数: 4
1776001364.707301 DEBUG: [kua.bidder] 重新计算 bucket 分配，当前节点数: 4
1776001367.707802 DEBUG: [kua.bidder] 重新计算 bucket 分配，当前节点数: 4
1776001370.708428 DEBUG: [kua.bidder] 重新计算 bucket 分配，当前节点数: 4
1776001373.708898 DEBUG: [kua.bidder] 重新计算 bucket 分配，当前节点数: 4
1776001376.709436 DEBUG: [kua.bidder] 重新计算 bucket 分配，当前节点数: 4
1776001379.710790 DEBUG: [kua.bidder] 重新计算 bucket 分配，当前节点数: 4
1776001382.711385 DEBUG: [kua.bidder] 重新计算 bucket 分配，当前节点数: 4
1776001385.711727 DEBUG: [kua.bidder] 重新计算 bucket 分配，当前节点数: 4
1776001388.712024 DEBUG: [kua.bidder] 重新计算 bucket 分配，当前节点数: 4
1776001391.712420 DEBUG: [kua.bidder] 重新计算 bucket 分配，当前节点数: 4
1776001394.712772 DEBUG: [kua.bidder] 重新计算 bucket 分配，当前节点数: 4
1776001397.713768 DEBUG: [kua.bidder] 重新计算 bucket 分配，当前节点数: 4
1776001400.717708 DEBUG: [kua.bidder] 重新计算 bucket 分配，当前节点数: 4
1776001403.718656 DEBUG: [kua.bidder] 重新计算 bucket 分配，当前节点数: 4
1776001406.720002 DEBUG: [kua.bidder] 重新计算 bucket 分配，当前节点数: 4
1776001409.720528 DEBUG: [kua.bidder] 重新计算 bucket 分配，当前节点数: 4
1776001412.721113 DEBUG: [kua.bidder] 重新计算 bucket 分配，当前节点数: 4
1776001415.723194 DEBUG: [kua.bidder] 重新计算 bucket 分配，当前节点数: 4
1776001418.725289 DEBUG: [kua.bidder] 重新计算 bucket 分配，当前节点数: 4
1776001421.742031 DEBUG: [kua.bidder] 重新计算 bucket 分配，当前节点数: 4
1776001424.742613 DEBUG: [kua.bidder] 重新计算 bucket 分配，当前节点数: 4
1776001427.743130 DEBUG: [kua.bidder] 重新计算 bucket 分配，当前节点数: 4
1776001430.743506 DEBUG: [kua.bidder] 重新计算 bucket 分配，当前节点数: 4
1776001433.744139 DEBUG: [kua.bidder] 重新计算 bucket 分配，当前节点数: 4
1776001436.745125 DEBUG: [kua.bidder] 重新计算 bucket 分配，当前节点数: 4
1776001439.745646 DEBUG: [kua.bidder] 重新计算 bucket 分配，当前节点数: 4
1776001442.746219 DEBUG: [kua.bidder] 重新计算 bucket 分配，当前节点数: 4
1776001445.746673 DEBUG: [kua.bidder] 重新计算 bucket 分配，当前节点数: 4
1776001448.747256 DEBUG: [kua.bidder] 重新计算 bucket 分配，当前节点数: 4
1776001451.747805 DEBUG: [kua.bidder] 重新计算 bucket 分配，当前节点数: 4
1776001454.748352 DEBUG: [kua.bidder] 重新计算 bucket 分配，当前节点数: 4
1776001457.748862 DEBUG: [kua.bidder] 重新计算 bucket 分配，当前节点数: 4
1776001460.749424 DEBUG: [kua.bidder] 重新计算 bucket 分配，当前节点数: 4
1776001463.751655 DEBUG: [kua.bidder] 重新计算 bucket 分配，当前节点数: 4
1776001466.752274 DEBUG: [kua.bidder] 重新计算 bucket 分配，当前节点数: 4
1776001469.752746 DEBUG: [kua.bidder] 重新计算 bucket 分配，当前节点数: 4
1776001472.753401 DEBUG: [kua.bidder] 重新计算 bucket 分配，当前节点数: 4
1776001475.753899 DEBUG: [kua.bidder] 重新计算 bucket 分配，当前节点数: 4
1776001478.754664 DEBUG: [kua.bidder] 重新计算 bucket 分配，当前节点数: 4
1776001481.756033 DEBUG: [kua.bidder] 重新计算 bucket 分配，当前节点数: 4
1776001484.756492 DEBUG: [kua.bidder] 重新计算 bucket 分配，当前节点数: 4
1776001487.757061 DEBUG: [kua.bidder] 重新计算 bucket 分配，当前节点数: 4
1776001490.758000 DEBUG: [kua.bidder] 重新计算 bucket 分配，当前节点数: 4
1776001493.758434 DEBUG: [kua.bidder] 重新计算 bucket 分配，当前节点数: 4
1776001496.759034 DEBUG: [kua.bidder] 重新计算 bucket 分配，当前节点数: 4
1776001499.759485 DEBUG: [kua.bidder] 重新计算 bucket 分配，当前节点数: 4
1776001502.760104 DEBUG: [kua.bidder] 重新计算 bucket 分配，当前节点数: 4
1776001505.760726 DEBUG: [kua.bidder] 重新计算 bucket 分配，当前节点数: 4
1776001508.761283 DEBUG: [kua.bidder] 重新计算 bucket 分配，当前节点数: 4
1776001511.761798 DEBUG: [kua.bidder] 重新计算 bucket 分配，当前节点数: 4
1776001514.767344 DEBUG: [kua.bidder] 重新计算 bucket 分配，当前节点数: 4
1776001517.767868 DEBUG: [kua.bidder] 重新计算 bucket 分配，当前节点数: 4
1776001520.774395 DEBUG: [kua.bidder] 重新计算 bucket 分配，当前节点数: 4
1776001523.775084 DEBUG: [kua.bidder] 重新计算 bucket 分配，当前节点数: 4
1776001526.775657 DEBUG: [kua.bidder] 重新计算 bucket 分配，当前节点数: 4
1776001529.777050 DEBUG: [kua.bidder] 重新计算 bucket 分配，当前节点数: 4
1776001532.830242 DEBUG: [kua.bidder] 重新计算 bucket 分配，当前节点数: 4
1776001535.830783 DEBUG: [kua.bidder] 重新计算 bucket 分配，当前节点数: 4
1776001538.832559 DEBUG: [kua.bidder] 重新计算 bucket 分配，当前节点数: 4
1776001541.833352 DEBUG: [kua.bidder] 重新计算 bucket 分配，当前节点数: 4
1776001544.842864 DEBUG: [kua.bidder] 重新计算 bucket 分配，当前节点数: 4
1776001547.843534 DEBUG: [kua.bidder] 重新计算 bucket 分配，当前节点数: 4
1776001550.844085 DEBUG: [kua.bidder] 重新计算 bucket 分配，当前节点数: 4
1776001553.844532 DEBUG: [kua.bidder] 重新计算 bucket 分配，当前节点数: 4
1776001556.847841 DEBUG: [kua.bidder] 重新计算 bucket 分配，当前节点数: 4
1776001559.849659 DEBUG: [kua.bidder] 重新计算 bucket 分配，当前节点数: 4
1776001562.852151 DEBUG: [kua.bidder] 重新计算 bucket 分配，当前节点数: 4
1776001565.852488 DEBUG: [kua.bidder] 重新计算 bucket 分配，当前节点数: 4
1776001568.853082 DEBUG: [kua.bidder] 重新计算 bucket 分配，当前节点数: 4
1776001571.853523 DEBUG: [kua.bidder] 重新计算 bucket 分配，当前节点数: 4
1776001574.853932 DEBUG: [kua.bidder] 重新计算 bucket 分配，当前节点数: 4
1776001577.854520 DEBUG: [kua.bidder] 重新计算 bucket 分配，当前节点数: 4
1776001580.855135 DEBUG: [kua.bidder] 重新计算 bucket 分配，当前节点数: 4
1776001583.855492 DEBUG: [kua.bidder] 重新计算 bucket 分配，当前节点数: 4
1776001586.855899 DEBUG: [kua.bidder] 重新计算 bucket 分配，当前节点数: 4
1776001589.856394 DEBUG: [kua.bidder] 重新计算 bucket 分配，当前节点数: 4
1776001592.857151 DEBUG: [kua.bidder] 重新计算 bucket 分配，当前节点数: 4
1776001595.857712 DEBUG: [kua.bidder] 重新计算 bucket 分配，当前节点数: 4
1776001598.858290 DEBUG: [kua.bidder] 重新计算 bucket 分配，当前节点数: 4
1776001601.862529 DEBUG: [kua.bidder] 重新计算 bucket 分配，当前节点数: 4
1776001604.881885 DEBUG: [kua.bidder] 重新计算 bucket 分配，当前节点数: 4
1776001607.882585 DEBUG: [kua.bidder] 重新计算 bucket 分配，当前节点数: 4
1776001610.900009 DEBUG: [kua.bidder] 重新计算 bucket 分配，当前节点数: 4
1776001613.903815 DEBUG: [kua.bidder] 重新计算 bucket 分配，当前节点数: 4
1776001616.904324 DEBUG: [kua.bidder] 重新计算 bucket 分配，当前节点数: 4
1776001619.905361 DEBUG: [kua.bidder] 重新计算 bucket 分配，当前节点数: 4
1776001622.906098 DEBUG: [kua.bidder] 重新计算 bucket 分配，当前节点数: 4
1776001625.906558 DEBUG: [kua.bidder] 重新计算 bucket 分配，当前节点数: 4
1776001628.907077 DEBUG: [kua.bidder] 重新计算 bucket 分配，当前节点数: 4
1776001631.907449 DEBUG: [kua.bidder] 重新计算 bucket 分配，当前节点数: 4
1776001634.908604 DEBUG: [kua.bidder] 重新计算 bucket 分配，当前节点数: 4
1776001637.909124 DEBUG: [kua.bidder] 重新计算 bucket 分配，当前节点数: 4
1776001640.909568 DEBUG: [kua.bidder] 重新计算 bucket 分配，当前节点数: 4
1776001643.910368 DEBUG: [kua.bidder] 重新计算 bucket 分配，当前节点数: 4
1776001646.910845 DEBUG: [kua.bidder] 重新计算 bucket 分配，当前节点数: 4
1776001649.911443 DEBUG: [kua.bidder] 重新计算 bucket 分配，当前节点数: 4
1776001652.911871 DEBUG: [kua.bidder] 重新计算 bucket 分配，当前节点数: 4
1776001655.912354 DEBUG: [kua.bidder] 重新计算 bucket 分配，当前节点数: 4
1776001658.912732 DEBUG: [kua.bidder] 重新计算 bucket 分配，当前节点数: 4
1776001661.913185 DEBUG: [kua.bidder] 重新计算 bucket 分配，当前节点数: 4
1776001664.913594 DEBUG: [kua.bidder] 重新计算 bucket 分配，当前节点数: 4
1776001667.914061 DEBUG: [kua.bidder] 重新计算 bucket 分配，当前节点数: 4
1776001670.914565 DEBUG: [kua.bidder] 重新计算 bucket 分配，当前节点数: 4
1776001673.914968 DEBUG: [kua.bidder] 重新计算 bucket 分配，当前节点数: 4
1776001676.915534 DEBUG: [kua.bidder] 重新计算 bucket 分配，当前节点数: 4
1776001679.916094 DEBUG: [kua.bidder] 重新计算 bucket 分配，当前节点数: 4
1776001682.916553 DEBUG: [kua.bidder] 重新计算 bucket 分配，当前节点数: 4
1776001685.917049 DEBUG: [kua.bidder] 重新计算 bucket 分配，当前节点数: 4
1776001688.917457 DEBUG: [kua.bidder] 重新计算 bucket 分配，当前节点数: 4
1776001691.917854 DEBUG: [kua.bidder] 重新计算 bucket 分配，当前节点数: 4
1776001694.918520 DEBUG: [kua.bidder] 重新计算 bucket 分配，当前节点数: 4
1776001697.919050 DEBUG: [kua.bidder] 重新计算 bucket 分配，当前节点数: 4
1776001700.924797 DEBUG: [kua.bidder] 重新计算 bucket 分配，当前节点数: 4
1776001703.925384 DEBUG: [kua.bidder] 重新计算 bucket 分配，当前节点数: 4
1776001706.925804 DEBUG: [kua.bidder] 重新计算 bucket 分配，当前节点数: 4
1776001709.926397 DEBUG: [kua.bidder] 重新计算 bucket 分配，当前节点数: 4
1776001712.926837 DEBUG: [kua.bidder] 重新计算 bucket 分配，当前节点数: 4
1776001715.927333 DEBUG: [kua.bidder] 重新计算 bucket 分配，当前节点数: 4
1776001718.927909 DEBUG: [kua.bidder] 重新计算 bucket 分配，当前节点数: 4
1776001721.928510 DEBUG: [kua.bidder] 重新计算 bucket 分配，当前节点数: 4
1776001724.929138 DEBUG: [kua.bidder] 重新计算 bucket 分配，当前节点数: 4
1776001727.929576 DEBUG: [kua.bidder] 重新计算 bucket 分配，当前节点数: 4
1776001730.930081 DEBUG: [kua.bidder] 重新计算 bucket 分配，当前节点数: 4
1776001733.930521 DEBUG: [kua.bidder] 重新计算 bucket 分配，当前节点数: 4
1776001736.932409 DEBUG: [kua.bidder] 重新计算 bucket 分配，当前节点数: 4
1776001739.932851 DEBUG: [kua.bidder] 重新计算 bucket 分配，当前节点数: 4
1776001742.933410 DEBUG: [kua.bidder] 重新计算 bucket 分配，当前节点数: 4
1776001745.933832 DEBUG: [kua.bidder] 重新计算 bucket 分配，当前节点数: 4
1776001748.934646 DEBUG: [kua.bidder] 重新计算 bucket 分配，当前节点数: 4
1776001751.935130 DEBUG: [kua.bidder] 重新计算 bucket 分配，当前节点数: 4
1776001754.935529 DEBUG: [kua.bidder] 重新计算 bucket 分配，当前节点数: 4
1776001757.936097 DEBUG: [kua.bidder] 重新计算 bucket 分配，当前节点数: 4
1776001760.937330 DEBUG: [kua.bidder] 重新计算 bucket 分配，当前节点数: 4
1776001763.938102 DEBUG: [kua.bidder] 重新计算 bucket 分配，当前节点数: 4
1776001766.938696 DEBUG: [kua.bidder] 重新计算 bucket 分配，当前节点数: 4
1776001769.942141 DEBUG: [kua.bidder] 重新计算 bucket 分配，当前节点数: 4
1776001772.942706 DEBUG: [kua.bidder] 重新计算 bucket 分配，当前节点数: 4
1776001775.943465 DEBUG: [kua.bidder] 重新计算 bucket 分配，当前节点数: 4
1776001778.944106 DEBUG: [kua.bidder] 重新计算 bucket 分配，当前节点数: 4
1776001781.944685 DEBUG: [kua.bidder] 重新计算 bucket 分配，当前节点数: 4
1776001784.945418 DEBUG: [kua.bidder] 重新计算 bucket 分配，当前节点数: 4
1776001787.945990 DEBUG: [kua.bidder] 重新计算 bucket 分配，当前节点数: 4
1776001790.946636 DEBUG: [kua.bidder] 重新计算 bucket 分配，当前节点数: 4
1776001793.947057 DEBUG: [kua.bidder] 重新计算 bucket 分配，当前节点数: 4
1776001796.947490 DEBUG: [kua.bidder] 重新计算 bucket 分配，当前节点数: 4
1776001799.948098 DEBUG: [kua.bidder] 重新计算 bucket 分配，当前节点数: 4
1776001803.019088 DEBUG: [kua.bidder] 重新计算 bucket 分配，当前节点数: 4
1776001806.023062 DEBUG: [kua.bidder] 重新计算 bucket 分配，当前节点数: 4
1776001809.027805 DEBUG: [kua.bidder] 重新计算 bucket 分配，当前节点数: 4
1776001812.036601 DEBUG: [kua.bidder] 重新计算 bucket 分配，当前节点数: 4
1776001815.037693 DEBUG: [kua.bidder] 重新计算 bucket 分配，当前节点数: 4
1776001818.040144 DEBUG: [kua.bidder] 重新计算 bucket 分配，当前节点数: 4
1776001821.040830 DEBUG: [kua.bidder] 重新计算 bucket 分配，当前节点数: 4
1776001824.041623 DEBUG: [kua.bidder] 重新计算 bucket 分配，当前节点数: 4
1776001827.044168 DEBUG: [kua.bidder] 重新计算 bucket 分配，当前节点数: 4
1776001830.047728 DEBUG: [kua.bidder] 重新计算 bucket 分配，当前节点数: 4
1776001833.054635 DEBUG: [kua.bidder] 重新计算 bucket 分配，当前节点数: 4
1776001836.055110 DEBUG: [kua.bidder] 重新计算 bucket 分配，当前节点数: 4
1776001839.056142 DEBUG: [kua.bidder] 重新计算 bucket 分配，当前节点数: 4
1776001842.056558 DEBUG: [kua.bidder] 重新计算 bucket 分配，当前节点数: 4
1776001845.057054 DEBUG: [kua.bidder] 重新计算 bucket 分配，当前节点数: 4
1776001848.057501 DEBUG: [kua.bidder] 重新计算 bucket 分配，当前节点数: 4
1776001851.057908 DEBUG: [kua.bidder] 重新计算 bucket 分配，当前节点数: 4
1776001854.058404 DEBUG: [kua.bidder] 重新计算 bucket 分配，当前节点数: 4
1776001857.058919 DEBUG: [kua.bidder] 重新计算 bucket 分配，当前节点数: 4
1776001860.059608 DEBUG: [kua.bidder] 重新计算 bucket 分配，当前节点数: 4
1776001863.060874 DEBUG: [kua.bidder] 重新计算 bucket 分配，当前节点数: 4
1776001866.061611 DEBUG: [kua.bidder] 重新计算 bucket 分配，当前节点数: 4
1776001869.062538 DEBUG: [kua.bidder] 重新计算 bucket 分配，当前节点数: 4
1776001872.063106 DEBUG: [kua.bidder] 重新计算 bucket 分配，当前节点数: 4
1776001875.063702 DEBUG: [kua.bidder] 重新计算 bucket 分配，当前节点数: 4
1776001878.064266 DEBUG: [kua.bidder] 重新计算 bucket 分配，当前节点数: 4
1776001881.064689 DEBUG: [kua.bidder] 重新计算 bucket 分配，当前节点数: 4
1776001884.065139 DEBUG: [kua.bidder] 重新计算 bucket 分配，当前节点数: 4
1776001887.065566 DEBUG: [kua.bidder] 重新计算 bucket 分配，当前节点数: 4
1776001890.066181 DEBUG: [kua.bidder] 重新计算 bucket 分配，当前节点数: 4
1776001893.066670 DEBUG: [kua.bidder] 重新计算 bucket 分配，当前节点数: 4
1776001896.067361 DEBUG: [kua.bidder] 重新计算 bucket 分配，当前节点数: 4
1776001899.067839 DEBUG: [kua.bidder] 重新计算 bucket 分配，当前节点数: 4
1776001902.068359 DEBUG: [kua.bidder] 重新计算 bucket 分配，当前节点数: 4
1776001905.068735 DEBUG: [kua.bidder] 重新计算 bucket 分配，当前节点数: 4
1776001908.069358 DEBUG: [kua.bidder] 重新计算 bucket 分配，当前节点数: 4
1776001911.069875 DEBUG: [kua.bidder] 重新计算 bucket 分配，当前节点数: 4
1776001914.070672 DEBUG: [kua.bidder] 重新计算 bucket 分配，当前节点数: 4
1776001917.073859 DEBUG: [kua.bidder] 重新计算 bucket 分配，当前节点数: 4
1776001920.074831 DEBUG: [kua.bidder] 重新计算 bucket 分配，当前节点数: 4
1776001923.075434 DEBUG: [kua.bidder] 重新计算 bucket 分配，当前节点数: 4
1776001926.076544 DEBUG: [kua.bidder] 重新计算 bucket 分配，当前节点数: 4
1776001929.077103 DEBUG: [kua.bidder] 重新计算 bucket 分配，当前节点数: 4
1776001932.077774 DEBUG: [kua.bidder] 重新计算 bucket 分配，当前节点数: 4
1776001935.078317 DEBUG: [kua.bidder] 重新计算 bucket 分配，当前节点数: 4
1776001938.079050 DEBUG: [kua.bidder] 重新计算 bucket 分配，当前节点数: 4
1776001941.080470 DEBUG: [kua.bidder] 重新计算 bucket 分配，当前节点数: 4
1776001944.081018 DEBUG: [kua.bidder] 重新计算 bucket 分配，当前节点数: 4
1776001947.082318 DEBUG: [kua.bidder] 重新计算 bucket 分配，当前节点数: 4
1776001950.082871 DEBUG: [kua.bidder] 重新计算 bucket 分配，当前节点数: 4
1776001953.085391 DEBUG: [kua.bidder] 重新计算 bucket 分配，当前节点数: 4
1776001956.085897 DEBUG: [kua.bidder] 重新计算 bucket 分配，当前节点数: 4
1776001959.086395 DEBUG: [kua.bidder] 重新计算 bucket 分配，当前节点数: 4
1776001962.097316 DEBUG: [kua.bidder] 重新计算 bucket 分配，当前节点数: 4
1776001965.097890 DEBUG: [kua.bidder] 重新计算 bucket 分配，当前节点数: 4
1776001968.098614 DEBUG: [kua.bidder] 重新计算 bucket 分配，当前节点数: 4
1776001971.099152 DEBUG: [kua.bidder] 重新计算 bucket 分配，当前节点数: 4
1776001974.100037 DEBUG: [kua.bidder] 重新计算 bucket 分配，当前节点数: 4
1776001977.100651 DEBUG: [kua.bidder] 重新计算 bucket 分配，当前节点数: 4
1776001980.102677 DEBUG: [kua.bidder] 重新计算 bucket 分配，当前节点数: 4
1776001983.103279 DEBUG: [kua.bidder] 重新计算 bucket 分配，当前节点数: 4
1776001986.104050 DEBUG: [kua.bidder] 重新计算 bucket 分配，当前节点数: 4
1776001989.105628 DEBUG: [kua.bidder] 重新计算 bucket 分配，当前节点数: 4
1776001992.106099 DEBUG: [kua.bidder] 重新计算 bucket 分配，当前节点数: 4
1776001995.106774 DEBUG: [kua.bidder] 重新计算 bucket 分配，当前节点数: 4
1776001998.107344 DEBUG: [kua.bidder] 重新计算 bucket 分配，当前节点数: 4
1776002001.108320 DEBUG: [kua.bidder] 重新计算 bucket 分配，当前节点数: 4
1776002004.108848 DEBUG: [kua.bidder] 重新计算 bucket 分配，当前节点数: 4
1776002007.109625 DEBUG: [kua.bidder] 重新计算 bucket 分配，当前节点数: 4
1776002010.110161 DEBUG: [kua.bidder] 重新计算 bucket 分配，当前节点数: 4
1776002013.110735 DEBUG: [kua.bidder] 重新计算 bucket 分配，当前节点数: 4
1776002016.111838 DEBUG: [kua.bidder] 重新计算 bucket 分配，当前节点数: 4
1776002019.113762 DEBUG: [kua.bidder] 重新计算 bucket 分配，当前节点数: 4
1776002022.114501 DEBUG: [kua.bidder] 重新计算 bucket 分配，当前节点数: 4
1776002025.114983 DEBUG: [kua.bidder] 重新计算 bucket 分配，当前节点数: 4
1776002028.115395 DEBUG: [kua.bidder] 重新计算 bucket 分配，当前节点数: 4
1776002031.115858 DEBUG: [kua.bidder] 重新计算 bucket 分配，当前节点数: 4
1776002034.116438 DEBUG: [kua.bidder] 重新计算 bucket 分配，当前节点数: 4
1776002037.117034 DEBUG: [kua.bidder] 重新计算 bucket 分配，当前节点数: 4
1776002040.117508 DEBUG: [kua.bidder] 重新计算 bucket 分配，当前节点数: 4
1776002043.118123 DEBUG: [kua.bidder] 重新计算 bucket 分配，当前节点数: 4
1776002046.118540 DEBUG: [kua.bidder] 重新计算 bucket 分配，当前节点数: 4
1776002049.119026 DEBUG: [kua.bidder] 重新计算 bucket 分配，当前节点数: 4
1776002052.120877 DEBUG: [kua.bidder] 重新计算 bucket 分配，当前节点数: 4
1776002055.121733 DEBUG: [kua.bidder] 重新计算 bucket 分配，当前节点数: 4
1776002058.123295 DEBUG: [kua.bidder] 重新计算 bucket 分配，当前节点数: 4
1776002061.125212 DEBUG: [kua.bidder] 重新计算 bucket 分配，当前节点数: 4
1776002064.125866 DEBUG: [kua.bidder] 重新计算 bucket 分配，当前节点数: 4
1776002067.127135 DEBUG: [kua.bidder] 重新计算 bucket 分配，当前节点数: 4
1776002070.128046 DEBUG: [kua.bidder] 重新计算 bucket 分配，当前节点数: 4
1776002073.128428 DEBUG: [kua.bidder] 重新计算 bucket 分配，当前节点数: 4
1776002076.128835 DEBUG: [kua.bidder] 重新计算 bucket 分配，当前节点数: 4
1776002079.129337 DEBUG: [kua.bidder] 重新计算 bucket 分配，当前节点数: 4
1776002082.141094 DEBUG: [kua.bidder] 重新计算 bucket 分配，当前节点数: 4
1776002085.142077 DEBUG: [kua.bidder] 重新计算 bucket 分配，当前节点数: 4
1776002088.143248 DEBUG: [kua.bidder] 重新计算 bucket 分配，当前节点数: 4
1776002091.149360 DEBUG: [kua.bidder] 重新计算 bucket 分配，当前节点数: 4
1776002094.149753 DEBUG: [kua.bidder] 重新计算 bucket 分配，当前节点数: 4
1776002097.150757 DEBUG: [kua.bidder] 重新计算 bucket 分配，当前节点数: 4
1776002100.152461 DEBUG: [kua.bidder] 重新计算 bucket 分配，当前节点数: 4
1776002103.160657 DEBUG: [kua.bidder] 重新计算 bucket 分配，当前节点数: 4
1776002106.161390 DEBUG: [kua.bidder] 重新计算 bucket 分配，当前节点数: 4
1776002109.164773 DEBUG: [kua.bidder] 重新计算 bucket 分配，当前节点数: 4
1776002112.166587 DEBUG: [kua.bidder] 重新计算 bucket 分配，当前节点数: 4
1776002115.167304 DEBUG: [kua.bidder] 重新计算 bucket 分配，当前节点数: 4
1776002118.167893 DEBUG: [kua.bidder] 重新计算 bucket 分配，当前节点数: 4
1776002121.168454 DEBUG: [kua.bidder] 重新计算 bucket 分配，当前节点数: 4
1776002124.169288 DEBUG: [kua.bidder] 重新计算 bucket 分配，当前节点数: 4
1776002127.173374 DEBUG: [kua.bidder] 重新计算 bucket 分配，当前节点数: 4
1776002130.173840 DEBUG: [kua.bidder] 重新计算 bucket 分配，当前节点数: 4
1776002133.175550 DEBUG: [kua.bidder] 重新计算 bucket 分配，当前节点数: 4
1776002136.176392 DEBUG: [kua.bidder] 重新计算 bucket 分配，当前节点数: 4
1776002139.176910 DEBUG: [kua.bidder] 重新计算 bucket 分配，当前节点数: 4
1776002142.177400 DEBUG: [kua.bidder] 重新计算 bucket 分配，当前节点数: 4
1776002145.177788 DEBUG: [kua.bidder] 重新计算 bucket 分配，当前节点数: 4
1776002148.178460 DEBUG: [kua.bidder] 重新计算 bucket 分配，当前节点数: 4
1776002151.179037 DEBUG: [kua.bidder] 重新计算 bucket 分配，当前节点数: 4
1776002154.179495 DEBUG: [kua.bidder] 重新计算 bucket 分配，当前节点数: 4
1776002157.180245 DEBUG: [kua.bidder] 重新计算 bucket 分配，当前节点数: 4
1776002160.181085 DEBUG: [kua.bidder] 重新计算 bucket 分配，当前节点数: 4
1776002163.181998 DEBUG: [kua.bidder] 重新计算 bucket 分配，当前节点数: 4
1776002166.183748 DEBUG: [kua.bidder] 重新计算 bucket 分配，当前节点数: 4
1776002169.184282 DEBUG: [kua.bidder] 重新计算 bucket 分配，当前节点数: 4
1776002172.184779 DEBUG: [kua.bidder] 重新计算 bucket 分配，当前节点数: 4
1776002175.185312 DEBUG: [kua.bidder] 重新计算 bucket 分配，当前节点数: 4
1776002178.185693 DEBUG: [kua.bidder] 重新计算 bucket 分配，当前节点数: 4
1776002181.186098 DEBUG: [kua.bidder] 重新计算 bucket 分配，当前节点数: 4
1776002184.186852 DEBUG: [kua.bidder] 重新计算 bucket 分配，当前节点数: 4
1776002187.187395 DEBUG: [kua.bidder] 重新计算 bucket 分配，当前节点数: 4
1776002190.187808 DEBUG: [kua.bidder] 重新计算 bucket 分配，当前节点数: 4
1776002193.188183 DEBUG: [kua.bidder] 重新计算 bucket 分配，当前节点数: 4
1776002196.188545 DEBUG: [kua.bidder] 重新计算 bucket 分配，当前节点数: 4
1776002199.201441 DEBUG: [kua.bidder] 重新计算 bucket 分配，当前节点数: 4
1776002202.201805 DEBUG: [kua.bidder] 重新计算 bucket 分配，当前节点数: 4
1776002205.202278 DEBUG: [kua.bidder] 重新计算 bucket 分配，当前节点数: 4
1776002208.202786 DEBUG: [kua.bidder] 重新计算 bucket 分配，当前节点数: 4
1776002211.203345 DEBUG: [kua.bidder] 重新计算 bucket 分配，当前节点数: 4
1776002214.204037 DEBUG: [kua.bidder] 重新计算 bucket 分配，当前节点数: 4
1776002217.204505 DEBUG: [kua.bidder] 重新计算 bucket 分配，当前节点数: 4
1776002220.205120 DEBUG: [kua.bidder] 重新计算 bucket 分配，当前节点数: 4
1776002223.206391 DEBUG: [kua.bidder] 重新计算 bucket 分配，当前节点数: 4
1776002226.207204 DEBUG: [kua.bidder] 重新计算 bucket 分配，当前节点数: 4
1776002229.207713 DEBUG: [kua.bidder] 重新计算 bucket 分配，当前节点数: 4
1776002232.208324 DEBUG: [kua.bidder] 重新计算 bucket 分配，当前节点数: 4
1776002235.208789 DEBUG: [kua.bidder] 重新计算 bucket 分配，当前节点数: 4
1776002238.210348 DEBUG: [kua.bidder] 重新计算 bucket 分配，当前节点数: 4
1776002241.211180 DEBUG: [kua.bidder] 重新计算 bucket 分配，当前节点数: 4
1776002244.211734 DEBUG: [kua.bidder] 重新计算 bucket 分配，当前节点数: 4
1776002247.212557 DEBUG: [kua.bidder] 重新计算 bucket 分配，当前节点数: 4
1776002250.213185 DEBUG: [kua.bidder] 重新计算 bucket 分配，当前节点数: 4
1776002253.217593 DEBUG: [kua.bidder] 重新计算 bucket 分配，当前节点数: 4
1776002256.218080 DEBUG: [kua.bidder] 重新计算 bucket 分配，当前节点数: 4
1776002259.218452 DEBUG: [kua.bidder] 重新计算 bucket 分配，当前节点数: 4
1776002262.218860 DEBUG: [kua.bidder] 重新计算 bucket 分配，当前节点数: 4
1776002265.219430 DEBUG: [kua.bidder] 重新计算 bucket 分配，当前节点数: 4
1776002268.220124 DEBUG: [kua.bidder] 重新计算 bucket 分配，当前节点数: 4
1776002271.220657 DEBUG: [kua.bidder] 重新计算 bucket 分配，当前节点数: 4
1776002274.221261 DEBUG: [kua.bidder] 重新计算 bucket 分配，当前节点数: 4
1776002277.221791 DEBUG: [kua.bidder] 重新计算 bucket 分配，当前节点数: 4
1776002280.222306 DEBUG: [kua.bidder] 重新计算 bucket 分配，当前节点数: 4
1776002283.227771 DEBUG: [kua.bidder] 重新计算 bucket 分配，当前节点数: 4
1776002286.228027 DEBUG: [kua.bidder] 重新计算 bucket 分配，当前节点数: 4
1776002289.228365 DEBUG: [kua.bidder] 重新计算 bucket 分配，当前节点数: 4
1776002292.229088 DEBUG: [kua.bidder] 重新计算 bucket 分配，当前节点数: 4
1776002295.229541 DEBUG: [kua.bidder] 重新计算 bucket 分配，当前节点数: 4
1776002298.237771 DEBUG: [kua.bidder] 重新计算 bucket 分配，当前节点数: 4
1776002301.238411 DEBUG: [kua.bidder] 重新计算 bucket 分配，当前节点数: 4
1776002304.238869 DEBUG: [kua.bidder] 重新计算 bucket 分配，当前节点数: 4
1776002307.239830 DEBUG: [kua.bidder] 重新计算 bucket 分配，当前节点数: 4
1776002310.247028 DEBUG: [kua.bidder] 重新计算 bucket 分配，当前节点数: 4
1776002313.247526 DEBUG: [kua.bidder] 重新计算 bucket 分配，当前节点数: 4
1776002316.248099 DEBUG: [kua.bidder] 重新计算 bucket 分配，当前节点数: 4
1776002319.248501 DEBUG: [kua.bidder] 重新计算 bucket 分配，当前节点数: 4
1776002322.249023 DEBUG: [kua.bidder] 重新计算 bucket 分配，当前节点数: 4
1776002325.249503 DEBUG: [kua.bidder] 重新计算 bucket 分配，当前节点数: 4
1776002328.250074 DEBUG: [kua.bidder] 重新计算 bucket 分配，当前节点数: 4
1776002331.250659 DEBUG: [kua.bidder] 重新计算 bucket 分配，当前节点数: 4
1776002334.252545 DEBUG: [kua.bidder] 重新计算 bucket 分配，当前节点数: 4
1776002337.253143 DEBUG: [kua.bidder] 重新计算 bucket 分配，当前节点数: 4
1776002340.255129 DEBUG: [kua.bidder] 重新计算 bucket 分配，当前节点数: 4
1776002343.255625 DEBUG: [kua.bidder] 重新计算 bucket 分配，当前节点数: 4
1776002346.259639 DEBUG: [kua.bidder] 重新计算 bucket 分配，当前节点数: 4
1776002349.260901 DEBUG: [kua.bidder] 重新计算 bucket 分配，当前节点数: 4
1776002352.261517 DEBUG: [kua.bidder] 重新计算 bucket 分配，当前节点数: 4
1776002355.262254 DEBUG: [kua.bidder] 重新计算 bucket 分配，当前节点数: 4
1776002358.264201 DEBUG: [kua.bidder] 重新计算 bucket 分配，当前节点数: 4
1776002361.264712 DEBUG: [kua.bidder] 重新计算 bucket 分配，当前节点数: 4
1776002364.265212 DEBUG: [kua.bidder] 重新计算 bucket 分配，当前节点数: 4
1776002367.265598 DEBUG: [kua.bidder] 重新计算 bucket 分配，当前节点数: 4
1776002370.266064 DEBUG: [kua.bidder] 重新计算 bucket 分配，当前节点数: 4
1776002373.266590 DEBUG: [kua.bidder] 重新计算 bucket 分配，当前节点数: 4
1776002376.267067 DEBUG: [kua.bidder] 重新计算 bucket 分配，当前节点数: 4
1776002379.267498 DEBUG: [kua.bidder] 重新计算 bucket 分配，当前节点数: 4
1776002382.268042 DEBUG: [kua.bidder] 重新计算 bucket 分配，当前节点数: 4
1776002385.268592 DEBUG: [kua.bidder] 重新计算 bucket 分配，当前节点数: 4
1776002388.269096 DEBUG: [kua.bidder] 重新计算 bucket 分配，当前节点数: 4
1776002391.269520 DEBUG: [kua.bidder] 重新计算 bucket 分配，当前节点数: 4
1776002394.269993 DEBUG: [kua.bidder] 重新计算 bucket 分配，当前节点数: 4
1776002397.277376 DEBUG: [kua.bidder] 重新计算 bucket 分配，当前节点数: 4
1776002400.279797 DEBUG: [kua.bidder] 重新计算 bucket 分配，当前节点数: 4
1776002403.280507 DEBUG: [kua.bidder] 重新计算 bucket 分配，当前节点数: 4
1776002406.281120 DEBUG: [kua.bidder] 重新计算 bucket 分配，当前节点数: 4
1776002409.281693 DEBUG: [kua.bidder] 重新计算 bucket 分配，当前节点数: 4
1776002412.282644 DEBUG: [kua.bidder] 重新计算 bucket 分配，当前节点数: 4
1776002415.283191 DEBUG: [kua.bidder] 重新计算 bucket 分配，当前节点数: 4
1776002418.283683 DEBUG: [kua.bidder] 重新计算 bucket 分配，当前节点数: 4
1776002421.284195 DEBUG: [kua.bidder] 重新计算 bucket 分配，当前节点数: 4
1776002424.284650 DEBUG: [kua.bidder] 重新计算 bucket 分配，当前节点数: 4
1776002427.285095 DEBUG: [kua.bidder] 重新计算 bucket 分配，当前节点数: 4
1776002430.285579 DEBUG: [kua.bidder] 重新计算 bucket 分配，当前节点数: 4
1776002433.286114 DEBUG: [kua.bidder] 重新计算 bucket 分配，当前节点数: 4
1776002436.286587 DEBUG: [kua.bidder] 重新计算 bucket 分配，当前节点数: 4
1776002439.287107 DEBUG: [kua.bidder] 重新计算 bucket 分配，当前节点数: 4
1776002442.287539 DEBUG: [kua.bidder] 重新计算 bucket 分配，当前节点数: 4
1776002445.288132 DEBUG: [kua.bidder] 重新计算 bucket 分配，当前节点数: 4
1776002448.288638 DEBUG: [kua.bidder] 重新计算 bucket 分配，当前节点数: 4
1776002451.289584 DEBUG: [kua.bidder] 重新计算 bucket 分配，当前节点数: 4
1776002454.290499 DEBUG: [kua.bidder] 重新计算 bucket 分配，当前节点数: 4
1776002457.293106 DEBUG: [kua.bidder] 重新计算 bucket 分配，当前节点数: 4
1776002460.297561 DEBUG: [kua.bidder] 重新计算 bucket 分配，当前节点数: 4
1776002463.298096 DEBUG: [kua.bidder] 重新计算 bucket 分配，当前节点数: 4
1776002466.298429 DEBUG: [kua.bidder] 重新计算 bucket 分配，当前节点数: 4
1776002469.299188 DEBUG: [kua.bidder] 重新计算 bucket 分配，当前节点数: 4
1776002472.300083 DEBUG: [kua.bidder] 重新计算 bucket 分配，当前节点数: 4
1776002475.300481 DEBUG: [kua.bidder] 重新计算 bucket 分配，当前节点数: 4
1776002478.300865 DEBUG: [kua.bidder] 重新计算 bucket 分配，当前节点数: 4
1776002481.301497 DEBUG: [kua.bidder] 重新计算 bucket 分配，当前节点数: 4
1776002484.302089 DEBUG: [kua.bidder] 重新计算 bucket 分配，当前节点数: 4
1776002487.309139 DEBUG: [kua.bidder] 重新计算 bucket 分配，当前节点数: 4
1776002490.309670 DEBUG: [kua.bidder] 重新计算 bucket 分配，当前节点数: 4
1776002493.311348 DEBUG: [kua.bidder] 重新计算 bucket 分配，当前节点数: 4
1776002496.312096 DEBUG: [kua.bidder] 重新计算 bucket 分配，当前节点数: 4
1776002499.313368 DEBUG: [kua.bidder] 重新计算 bucket 分配，当前节点数: 4
1776002502.313816 DEBUG: [kua.bidder] 重新计算 bucket 分配，当前节点数: 4
1776002505.314593 DEBUG: [kua.bidder] 重新计算 bucket 分配，当前节点数: 4
1776002508.316134 DEBUG: [kua.bidder] 重新计算 bucket 分配，当前节点数: 4
1776002511.316681 DEBUG: [kua.bidder] 重新计算 bucket 分配，当前节点数: 4
1776002514.317364 DEBUG: [kua.bidder] 重新计算 bucket 分配，当前节点数: 4
1776002517.318097 DEBUG: [kua.bidder] 重新计算 bucket 分配，当前节点数: 4
1776002520.318504 DEBUG: [kua.bidder] 重新计算 bucket 分配，当前节点数: 4
1776002523.318910 DEBUG: [kua.bidder] 重新计算 bucket 分配，当前节点数: 4
1776002526.319375 DEBUG: [kua.bidder] 重新计算 bucket 分配，当前节点数: 4
1776002529.320026 DEBUG: [kua.bidder] 重新计算 bucket 分配，当前节点数: 4
1776002532.320600 DEBUG: [kua.bidder] 重新计算 bucket 分配，当前节点数: 4
1776002535.321073 DEBUG: [kua.bidder] 重新计算 bucket 分配，当前节点数: 4
1776002538.321597 DEBUG: [kua.bidder] 重新计算 bucket 分配，当前节点数: 4
1776002541.322125 DEBUG: [kua.bidder] 重新计算 bucket 分配，当前节点数: 4
1776002544.322606 DEBUG: [kua.bidder] 重新计算 bucket 分配，当前节点数: 4
1776002547.331078 DEBUG: [kua.bidder] 重新计算 bucket 分配，当前节点数: 4
1776002550.367075 DEBUG: [kua.bidder] 重新计算 bucket 分配，当前节点数: 4
1776002553.367541 DEBUG: [kua.bidder] 重新计算 bucket 分配，当前节点数: 4
1776002556.368107 DEBUG: [kua.bidder] 重新计算 bucket 分配，当前节点数: 4
1776002559.368535 DEBUG: [kua.bidder] 重新计算 bucket 分配，当前节点数: 4
1776002562.369187 DEBUG: [kua.bidder] 重新计算 bucket 分配，当前节点数: 4
1776002565.369645 DEBUG: [kua.bidder] 重新计算 bucket 分配，当前节点数: 4
1776002568.370117 DEBUG: [kua.bidder] 重新计算 bucket 分配，当前节点数: 4
1776002571.370535 DEBUG: [kua.bidder] 重新计算 bucket 分配，当前节点数: 4
1776002574.373187 DEBUG: [kua.bidder] 重新计算 bucket 分配，当前节点数: 4
1776002577.379978 DEBUG: [kua.bidder] 重新计算 bucket 分配，当前节点数: 4
1776002580.380846 DEBUG: [kua.bidder] 重新计算 bucket 分配，当前节点数: 4
1776002583.381615 DEBUG: [kua.bidder] 重新计算 bucket 分配，当前节点数: 4
1776002586.382154 DEBUG: [kua.bidder] 重新计算 bucket 分配，当前节点数: 4
1776002589.383168 DEBUG: [kua.bidder] 重新计算 bucket 分配，当前节点数: 4
1776002592.388305 DEBUG: [kua.bidder] 重新计算 bucket 分配，当前节点数: 4
1776002595.389614 DEBUG: [kua.bidder] 重新计算 bucket 分配，当前节点数: 4
1776002598.397356 DEBUG: [kua.bidder] 重新计算 bucket 分配，当前节点数: 4
1776002601.398836 DEBUG: [kua.bidder] 重新计算 bucket 分配，当前节点数: 4
1776002604.399323 DEBUG: [kua.bidder] 重新计算 bucket 分配，当前节点数: 4
1776002607.400004 DEBUG: [kua.bidder] 重新计算 bucket 分配，当前节点数: 4
1776002610.400650 DEBUG: [kua.bidder] 重新计算 bucket 分配，当前节点数: 4
1776002613.401144 DEBUG: [kua.bidder] 重新计算 bucket 分配，当前节点数: 4
1776002616.401642 DEBUG: [kua.bidder] 重新计算 bucket 分配，当前节点数: 4
1776002619.402641 DEBUG: [kua.bidder] 重新计算 bucket 分配，当前节点数: 4
1776002622.403120 DEBUG: [kua.bidder] 重新计算 bucket 分配，当前节点数: 4
1776002625.403555 DEBUG: [kua.bidder] 重新计算 bucket 分配，当前节点数: 4
1776002628.404100 DEBUG: [kua.bidder] 重新计算 bucket 分配，当前节点数: 4
1776002631.404663 DEBUG: [kua.bidder] 重新计算 bucket 分配，当前节点数: 4
1776002634.405315 DEBUG: [kua.bidder] 重新计算 bucket 分配，当前节点数: 4
1776002637.405823 DEBUG: [kua.bidder] 重新计算 bucket 分配，当前节点数: 4
1776002640.406342 DEBUG: [kua.bidder] 重新计算 bucket 分配，当前节点数: 4
1776002643.407208 DEBUG: [kua.bidder] 重新计算 bucket 分配，当前节点数: 4
1776002646.409433 DEBUG: [kua.bidder] 重新计算 bucket 分配，当前节点数: 4
1776002649.410084 DEBUG: [kua.bidder] 重新计算 bucket 分配，当前节点数: 4
1776002652.410697 DEBUG: [kua.bidder] 重新计算 bucket 分配，当前节点数: 4
1776002655.411158 DEBUG: [kua.bidder] 重新计算 bucket 分配，当前节点数: 4
1776002658.411810 DEBUG: [kua.bidder] 重新计算 bucket 分配，当前节点数: 4
1776002661.416679 DEBUG: [kua.bidder] 重新计算 bucket 分配，当前节点数: 4
1776002664.417214 DEBUG: [kua.bidder] 重新计算 bucket 分配，当前节点数: 4
1776002667.418252 DEBUG: [kua.bidder] 重新计算 bucket 分配，当前节点数: 4
1776002670.418797 DEBUG: [kua.bidder] 重新计算 bucket 分配，当前节点数: 4
1776002673.419426 DEBUG: [kua.bidder] 重新计算 bucket 分配，当前节点数: 4
1776002676.419918 DEBUG: [kua.bidder] 重新计算 bucket 分配，当前节点数: 4
1776002679.420444 DEBUG: [kua.bidder] 重新计算 bucket 分配，当前节点数: 4
1776002682.421060 DEBUG: [kua.bidder] 重新计算 bucket 分配，当前节点数: 4
1776002685.421670 DEBUG: [kua.bidder] 重新计算 bucket 分配，当前节点数: 4
1776002688.438408 DEBUG: [kua.bidder] 重新计算 bucket 分配，当前节点数: 4
1776002691.438908 DEBUG: [kua.bidder] 重新计算 bucket 分配，当前节点数: 4
1776002694.439497 DEBUG: [kua.bidder] 重新计算 bucket 分配，当前节点数: 4
1776002697.441134 DEBUG: [kua.bidder] 重新计算 bucket 分配，当前节点数: 4
1776002700.441536 DEBUG: [kua.bidder] 重新计算 bucket 分配，当前节点数: 4
1776002703.444199 DEBUG: [kua.bidder] 重新计算 bucket 分配，当前节点数: 4
1776002706.445111 DEBUG: [kua.bidder] 重新计算 bucket 分配，当前节点数: 4
1776002709.446132 DEBUG: [kua.bidder] 重新计算 bucket 分配，当前节点数: 4
1776002712.446703 DEBUG: [kua.bidder] 重新计算 bucket 分配，当前节点数: 4
1776002715.447358 DEBUG: [kua.bidder] 重新计算 bucket 分配，当前节点数: 4
1776002718.448151 DEBUG: [kua.bidder] 重新计算 bucket 分配，当前节点数: 4
1776002721.448646 DEBUG: [kua.bidder] 重新计算 bucket 分配，当前节点数: 4
1776002724.449111 DEBUG: [kua.bidder] 重新计算 bucket 分配，当前节点数: 4
1776002727.449771 DEBUG: [kua.bidder] 重新计算 bucket 分配，当前节点数: 4
1776002730.450416 DEBUG: [kua.bidder] 重新计算 bucket 分配，当前节点数: 4
1776002733.451070 DEBUG: [kua.bidder] 重新计算 bucket 分配，当前节点数: 4
1776002736.451640 DEBUG: [kua.bidder] 重新计算 bucket 分配，当前节点数: 4
1776002739.453466 DEBUG: [kua.bidder] 重新计算 bucket 分配，当前节点数: 4
1776002742.455714 DEBUG: [kua.bidder] 重新计算 bucket 分配，当前节点数: 4
1776002745.457196 DEBUG: [kua.bidder] 重新计算 bucket 分配，当前节点数: 4
1776002748.457762 DEBUG: [kua.bidder] 重新计算 bucket 分配，当前节点数: 4
1776002751.458289 DEBUG: [kua.bidder] 重新计算 bucket 分配，当前节点数: 4
1776002754.464509 DEBUG: [kua.bidder] 重新计算 bucket 分配，当前节点数: 4
1776002757.465143 DEBUG: [kua.bidder] 重新计算 bucket 分配，当前节点数: 4
1776002760.465816 DEBUG: [kua.bidder] 重新计算 bucket 分配，当前节点数: 4
1776002763.466335 DEBUG: [kua.bidder] 重新计算 bucket 分配，当前节点数: 4
1776002766.466850 DEBUG: [kua.bidder] 重新计算 bucket 分配，当前节点数: 4
1776002769.467400 DEBUG: [kua.bidder] 重新计算 bucket 分配，当前节点数: 4
1776002772.467836 DEBUG: [kua.bidder] 重新计算 bucket 分配，当前节点数: 4
1776002775.468260 DEBUG: [kua.bidder] 重新计算 bucket 分配，当前节点数: 4
1776002778.468674 DEBUG: [kua.bidder] 重新计算 bucket 分配，当前节点数: 4
1776002781.469129 DEBUG: [kua.bidder] 重新计算 bucket 分配，当前节点数: 4
1776002784.469625 DEBUG: [kua.bidder] 重新计算 bucket 分配，当前节点数: 4
1776002787.471042 DEBUG: [kua.bidder] 重新计算 bucket 分配，当前节点数: 4
1776002790.471524 DEBUG: [kua.bidder] 重新计算 bucket 分配，当前节点数: 4
1776002793.491359 DEBUG: [kua.bidder] 重新计算 bucket 分配，当前节点数: 4
1776002796.531282 DEBUG: [kua.bidder] 重新计算 bucket 分配，当前节点数: 4
1776002799.567228 DEBUG: [kua.bidder] 重新计算 bucket 分配，当前节点数: 4
1776002802.567684 DEBUG: [kua.bidder] 重新计算 bucket 分配，当前节点数: 4
1776002805.568234 DEBUG: [kua.bidder] 重新计算 bucket 分配，当前节点数: 4
1776002808.568641 DEBUG: [kua.bidder] 重新计算 bucket 分配，当前节点数: 4
1776002811.569185 DEBUG: [kua.bidder] 重新计算 bucket 分配，当前节点数: 4
1776002814.569608 DEBUG: [kua.bidder] 重新计算 bucket 分配，当前节点数: 4
1776002817.570090 DEBUG: [kua.bidder] 重新计算 bucket 分配，当前节点数: 4
1776002820.570619 DEBUG: [kua.bidder] 重新计算 bucket 分配，当前节点数: 4
1776002823.571275 DEBUG: [kua.bidder] 重新计算 bucket 分配，当前节点数: 4
1776002826.572529 DEBUG: [kua.bidder] 重新计算 bucket 分配，当前节点数: 4
1776002829.573121 DEBUG: [kua.bidder] 重新计算 bucket 分配，当前节点数: 4
1776002832.573533 DEBUG: [kua.bidder] 重新计算 bucket 分配，当前节点数: 4
1776002835.577704 DEBUG: [kua.bidder] 重新计算 bucket 分配，当前节点数: 4
1776002838.578351 DEBUG: [kua.bidder] 重新计算 bucket 分配，当前节点数: 4
1776002841.578883 DEBUG: [kua.bidder] 重新计算 bucket 分配，当前节点数: 4
1776002844.579548 DEBUG: [kua.bidder] 重新计算 bucket 分配，当前节点数: 4
1776002847.581840 DEBUG: [kua.bidder] 重新计算 bucket 分配，当前节点数: 4
1776002850.582325 DEBUG: [kua.bidder] 重新计算 bucket 分配，当前节点数: 4
1776002853.583036 DEBUG: [kua.bidder] 重新计算 bucket 分配，当前节点数: 4
1776002856.583448 DEBUG: [kua.bidder] 重新计算 bucket 分配，当前节点数: 4
1776002859.583880 DEBUG: [kua.bidder] 重新计算 bucket 分配，当前节点数: 4
1776002862.584467 DEBUG: [kua.bidder] 重新计算 bucket 分配，当前节点数: 4
1776002865.585294 DEBUG: [kua.bidder] 重新计算 bucket 分配，当前节点数: 4
1776002868.586153 DEBUG: [kua.bidder] 重新计算 bucket 分配，当前节点数: 4
1776002871.586681 DEBUG: [kua.bidder] 重新计算 bucket 分配，当前节点数: 4
1776002874.587068 DEBUG: [kua.bidder] 重新计算 bucket 分配，当前节点数: 4
1776002877.587412 DEBUG: [kua.bidder] 重新计算 bucket 分配，当前节点数: 4
1776002880.587819 DEBUG: [kua.bidder] 重新计算 bucket 分配，当前节点数: 4
1776002883.588230 DEBUG: [kua.bidder] 重新计算 bucket 分配，当前节点数: 4
1776002886.588611 DEBUG: [kua.bidder] 重新计算 bucket 分配，当前节点数: 4
1776002889.589071 DEBUG: [kua.bidder] 重新计算 bucket 分配，当前节点数: 4
1776002892.589452 DEBUG: [kua.bidder] 重新计算 bucket 分配，当前节点数: 4
1776002895.589905 DEBUG: [kua.bidder] 重新计算 bucket 分配，当前节点数: 4
1776002898.590376 DEBUG: [kua.bidder] 重新计算 bucket 分配，当前节点数: 4
1776002901.591357 DEBUG: [kua.bidder] 重新计算 bucket 分配，当前节点数: 4
1776002904.591683 DEBUG: [kua.bidder] 重新计算 bucket 分配，当前节点数: 4
1776002907.591961 DEBUG: [kua.bidder] 重新计算 bucket 分配，当前节点数: 4
1776002910.592612 DEBUG: [kua.bidder] 重新计算 bucket 分配，当前节点数: 4
1776002913.593212 DEBUG: [kua.bidder] 重新计算 bucket 分配，当前节点数: 4
1776002916.594078 DEBUG: [kua.bidder] 重新计算 bucket 分配，当前节点数: 4
1776002919.594863 DEBUG: [kua.bidder] 重新计算 bucket 分配，当前节点数: 4
1776002922.596699 DEBUG: [kua.bidder] 重新计算 bucket 分配，当前节点数: 4
1776002925.597176 DEBUG: [kua.bidder] 重新计算 bucket 分配，当前节点数: 4
1776002928.597513 DEBUG: [kua.bidder] 重新计算 bucket 分配，当前节点数: 4
1776002931.597845 DEBUG: [kua.bidder] 重新计算 bucket 分配，当前节点数: 4
1776002934.598440 DEBUG: [kua.bidder] 重新计算 bucket 分配，当前节点数: 4
1776002937.599426 DEBUG: [kua.bidder] 重新计算 bucket 分配，当前节点数: 4
1776002940.601128 DEBUG: [kua.bidder] 重新计算 bucket 分配，当前节点数: 4
1776002943.601573 DEBUG: [kua.bidder] 重新计算 bucket 分配，当前节点数: 4
1776002946.602628 DEBUG: [kua.bidder] 重新计算 bucket 分配，当前节点数: 4
1776002949.603084 DEBUG: [kua.bidder] 重新计算 bucket 分配，当前节点数: 4
1776002952.604675 DEBUG: [kua.bidder] 重新计算 bucket 分配，当前节点数: 4
1776002955.605391 DEBUG: [kua.bidder] 重新计算 bucket 分配，当前节点数: 4
1776002958.605900 DEBUG: [kua.bidder] 重新计算 bucket 分配，当前节点数: 4
1776002961.606362 DEBUG: [kua.bidder] 重新计算 bucket 分配，当前节点数: 4
1776002964.606808 DEBUG: [kua.bidder] 重新计算 bucket 分配，当前节点数: 4
1776002967.607733 DEBUG: [kua.bidder] 重新计算 bucket 分配，当前节点数: 4
1776002970.608426 DEBUG: [kua.bidder] 重新计算 bucket 分配，当前节点数: 4
1776002973.608878 DEBUG: [kua.bidder] 重新计算 bucket 分配，当前节点数: 4
1776002976.610037 DEBUG: [kua.bidder] 重新计算 bucket 分配，当前节点数: 4
1776002979.610574 DEBUG: [kua.bidder] 重新计算 bucket 分配，当前节点数: 4
1776002982.611119 DEBUG: [kua.bidder] 重新计算 bucket 分配，当前节点数: 4
1776002985.611787 DEBUG: [kua.bidder] 重新计算 bucket 分配，当前节点数: 4
1776002988.612524 DEBUG: [kua.bidder] 重新计算 bucket 分配，当前节点数: 4
1776002991.613637 DEBUG: [kua.bidder] 重新计算 bucket 分配，当前节点数: 4
1776002994.614191 DEBUG: [kua.bidder] 重新计算 bucket 分配，当前节点数: 4
1776002997.617604 DEBUG: [kua.bidder] 重新计算 bucket 分配，当前节点数: 4
1776003000.618202 DEBUG: [kua.bidder] 重新计算 bucket 分配，当前节点数: 4
1776003003.618772 DEBUG: [kua.bidder] 重新计算 bucket 分配，当前节点数: 4
1776003006.619615 DEBUG: [kua.bidder] 重新计算 bucket 分配，当前节点数: 4
1776003009.620048 DEBUG: [kua.bidder] 重新计算 bucket 分配，当前节点数: 4
1776003012.620503 DEBUG: [kua.bidder] 重新计算 bucket 分配，当前节点数: 4
1776003015.621135 DEBUG: [kua.bidder] 重新计算 bucket 分配，当前节点数: 4
1776003018.621538 DEBUG: [kua.bidder] 重新计算 bucket 分配，当前节点数: 4
1776003021.622063 DEBUG: [kua.bidder] 重新计算 bucket 分配，当前节点数: 4
1776003024.624159 DEBUG: [kua.bidder] 重新计算 bucket 分配，当前节点数: 4
1776003027.638337 DEBUG: [kua.bidder] 重新计算 bucket 分配，当前节点数: 4
1776003030.638781 DEBUG: [kua.bidder] 重新计算 bucket 分配，当前节点数: 4
1776003033.639294 DEBUG: [kua.bidder] 重新计算 bucket 分配，当前节点数: 4
1776003036.639728 DEBUG: [kua.bidder] 重新计算 bucket 分配，当前节点数: 4
1776003039.640241 DEBUG: [kua.bidder] 重新计算 bucket 分配，当前节点数: 4
1776003042.641204 DEBUG: [kua.bidder] 重新计算 bucket 分配，当前节点数: 4
1776003045.643196 DEBUG: [kua.bidder] 重新计算 bucket 分配，当前节点数: 4
1776003048.644882 DEBUG: [kua.bidder] 重新计算 bucket 分配，当前节点数: 4
1776003051.645524 DEBUG: [kua.bidder] 重新计算 bucket 分配，当前节点数: 4
1776003054.645867 DEBUG: [kua.bidder] 重新计算 bucket 分配，当前节点数: 4
1776003057.646283 DEBUG: [kua.bidder] 重新计算 bucket 分配，当前节点数: 4
1776003060.646719 DEBUG: [kua.bidder] 重新计算 bucket 分配，当前节点数: 4
1776003063.647235 DEBUG: [kua.bidder] 重新计算 bucket 分配，当前节点数: 4
1776003066.648040 DEBUG: [kua.bidder] 重新计算 bucket 分配，当前节点数: 4
1776003069.648736 DEBUG: [kua.bidder] 重新计算 bucket 分配，当前节点数: 4
1776003072.649334 DEBUG: [kua.bidder] 重新计算 bucket 分配，当前节点数: 4
1776003075.649770 DEBUG: [kua.bidder] 重新计算 bucket 分配，当前节点数: 4
1776003078.650383 DEBUG: [kua.bidder] 重新计算 bucket 分配，当前节点数: 4
1776003081.650826 DEBUG: [kua.bidder] 重新计算 bucket 分配，当前节点数: 4
1776003084.651501 DEBUG: [kua.bidder] 重新计算 bucket 分配，当前节点数: 4
1776003087.652100 DEBUG: [kua.bidder] 重新计算 bucket 分配，当前节点数: 4
1776003090.658616 DEBUG: [kua.bidder] 重新计算 bucket 分配，当前节点数: 4
1776003093.659141 DEBUG: [kua.bidder] 重新计算 bucket 分配，当前节点数: 4
1776003096.663793 DEBUG: [kua.bidder] 重新计算 bucket 分配，当前节点数: 4
1776003099.664528 DEBUG: [kua.bidder] 重新计算 bucket 分配，当前节点数: 4
1776003102.665076 DEBUG: [kua.bidder] 重新计算 bucket 分配，当前节点数: 4
1776003105.666983 DEBUG: [kua.bidder] 重新计算 bucket 分配，当前节点数: 4
1776003108.667321 DEBUG: [kua.bidder] 重新计算 bucket 分配，当前节点数: 4
1776003111.667869 DEBUG: [kua.bidder] 重新计算 bucket 分配，当前节点数: 4
1776003114.668361 DEBUG: [kua.bidder] 重新计算 bucket 分配，当前节点数: 4
1776003117.668783 DEBUG: [kua.bidder] 重新计算 bucket 分配，当前节点数: 4
1776003120.669274 DEBUG: [kua.bidder] 重新计算 bucket 分配，当前节点数: 4
1776003123.669731 DEBUG: [kua.bidder] 重新计算 bucket 分配，当前节点数: 4
1776003126.670259 DEBUG: [kua.bidder] 重新计算 bucket 分配，当前节点数: 4
1776003129.670800 DEBUG: [kua.bidder] 重新计算 bucket 分配，当前节点数: 4
1776003132.671544 DEBUG: [kua.bidder] 重新计算 bucket 分配，当前节点数: 4
1776003135.672214 DEBUG: [kua.bidder] 重新计算 bucket 分配，当前节点数: 4
1776003138.672773 DEBUG: [kua.bidder] 重新计算 bucket 分配，当前节点数: 4
1776003141.673514 DEBUG: [kua.bidder] 重新计算 bucket 分配，当前节点数: 4
1776003144.674133 DEBUG: [kua.bidder] 重新计算 bucket 分配，当前节点数: 4
1776003147.680759 DEBUG: [kua.bidder] 重新计算 bucket 分配，当前节点数: 4
1776003150.681456 DEBUG: [kua.bidder] 重新计算 bucket 分配，当前节点数: 4
1776003153.682213 DEBUG: [kua.bidder] 重新计算 bucket 分配，当前节点数: 4
1776003156.688854 DEBUG: [kua.bidder] 重新计算 bucket 分配，当前节点数: 4
1776003159.693756 DEBUG: [kua.bidder] 重新计算 bucket 分配，当前节点数: 4
1776003162.696175 DEBUG: [kua.bidder] 重新计算 bucket 分配，当前节点数: 4
1776003165.697715 DEBUG: [kua.bidder] 重新计算 bucket 分配，当前节点数: 4
1776003168.700072 DEBUG: [kua.bidder] 重新计算 bucket 分配，当前节点数: 4
1776003171.700594 DEBUG: [kua.bidder] 重新计算 bucket 分配，当前节点数: 4
1776003174.701080 DEBUG: [kua.bidder] 重新计算 bucket 分配，当前节点数: 4
1776003177.701624 DEBUG: [kua.bidder] 重新计算 bucket 分配，当前节点数: 4
1776003180.702073 DEBUG: [kua.bidder] 重新计算 bucket 分配，当前节点数: 4
1776003183.703147 DEBUG: [kua.bidder] 重新计算 bucket 分配，当前节点数: 4
1776003186.703559 DEBUG: [kua.bidder] 重新计算 bucket 分配，当前节点数: 4
1776003189.704163 DEBUG: [kua.bidder] 重新计算 bucket 分配，当前节点数: 4
1776003192.704873 DEBUG: [kua.bidder] 重新计算 bucket 分配，当前节点数: 4
1776003195.705462 DEBUG: [kua.bidder] 重新计算 bucket 分配，当前节点数: 4
1776003198.705930 DEBUG: [kua.bidder] 重新计算 bucket 分配，当前节点数: 4
1776003201.706849 DEBUG: [kua.bidder] 重新计算 bucket 分配，当前节点数: 4
1776003204.707351 DEBUG: [kua.bidder] 重新计算 bucket 分配，当前节点数: 4
1776003207.708522 DEBUG: [kua.bidder] 重新计算 bucket 分配，当前节点数: 4
1776003210.709061 DEBUG: [kua.bidder] 重新计算 bucket 分配，当前节点数: 4
1776003213.709840 DEBUG: [kua.bidder] 重新计算 bucket 分配，当前节点数: 4
1776003216.714044 DEBUG: [kua.bidder] 重新计算 bucket 分配，当前节点数: 4
1776003219.717266 DEBUG: [kua.bidder] 重新计算 bucket 分配，当前节点数: 4
1776003222.717714 DEBUG: [kua.bidder] 重新计算 bucket 分配，当前节点数: 4
1776003225.718874 DEBUG: [kua.bidder] 重新计算 bucket 分配，当前节点数: 4
1776003228.719408 DEBUG: [kua.bidder] 重新计算 bucket 分配，当前节点数: 4
1776003231.720031 DEBUG: [kua.bidder] 重新计算 bucket 分配，当前节点数: 4
1776003234.720534 DEBUG: [kua.bidder] 重新计算 bucket 分配，当前节点数: 4
1776003237.721136 DEBUG: [kua.bidder] 重新计算 bucket 分配，当前节点数: 4
1776003240.721587 DEBUG: [kua.bidder] 重新计算 bucket 分配，当前节点数: 4
1776003243.722195 DEBUG: [kua.bidder] 重新计算 bucket 分配，当前节点数: 4
1776003246.722683 DEBUG: [kua.bidder] 重新计算 bucket 分配，当前节点数: 4
1776003249.723774 DEBUG: [kua.bidder] 重新计算 bucket 分配，当前节点数: 4
1776003252.735822 DEBUG: [kua.bidder] 重新计算 bucket 分配，当前节点数: 4
1776003255.737230 DEBUG: [kua.bidder] 重新计算 bucket 分配，当前节点数: 4
1776003258.738747 DEBUG: [kua.bidder] 重新计算 bucket 分配，当前节点数: 4
1776003261.739720 DEBUG: [kua.bidder] 重新计算 bucket 分配，当前节点数: 4
1776003264.804413 DEBUG: [kua.bidder] 重新计算 bucket 分配，当前节点数: 4
1776003267.805057 DEBUG: [kua.bidder] 重新计算 bucket 分配，当前节点数: 4
1776003270.805709 DEBUG: [kua.bidder] 重新计算 bucket 分配，当前节点数: 4
1776003273.806345 DEBUG: [kua.bidder] 重新计算 bucket 分配，当前节点数: 4
1776003276.806859 DEBUG: [kua.bidder] 重新计算 bucket 分配，当前节点数: 4
1776003279.807433 DEBUG: [kua.bidder] 重新计算 bucket 分配，当前节点数: 4
1776003282.808105 DEBUG: [kua.bidder] 重新计算 bucket 分配，当前节点数: 4
1776003285.808574 DEBUG: [kua.bidder] 重新计算 bucket 分配，当前节点数: 4
1776003288.809319 DEBUG: [kua.bidder] 重新计算 bucket 分配，当前节点数: 4
1776003291.809813 DEBUG: [kua.bidder] 重新计算 bucket 分配，当前节点数: 4
1776003294.810346 DEBUG: [kua.bidder] 重新计算 bucket 分配，当前节点数: 4
1776003297.810767 DEBUG: [kua.bidder] 重新计算 bucket 分配，当前节点数: 4
1776003300.811344 DEBUG: [kua.bidder] 重新计算 bucket 分配，当前节点数: 4
1776003303.811885 DEBUG: [kua.bidder] 重新计算 bucket 分配，当前节点数: 4
1776003306.813088 DEBUG: [kua.bidder] 重新计算 bucket 分配，当前节点数: 4
1776003309.814878 DEBUG: [kua.bidder] 重新计算 bucket 分配，当前节点数: 4
1776003312.816289 DEBUG: [kua.bidder] 重新计算 bucket 分配，当前节点数: 4
1776003315.816780 DEBUG: [kua.bidder] 重新计算 bucket 分配，当前节点数: 4
1776003318.817457 DEBUG: [kua.bidder] 重新计算 bucket 分配，当前节点数: 4
1776003321.817908 DEBUG: [kua.bidder] 重新计算 bucket 分配，当前节点数: 4
1776003324.818595 DEBUG: [kua.bidder] 重新计算 bucket 分配，当前节点数: 4
1776003327.819060 DEBUG: [kua.bidder] 重新计算 bucket 分配，当前节点数: 4
1776003330.819532 DEBUG: [kua.bidder] 重新计算 bucket 分配，当前节点数: 4
1776003333.820578 DEBUG: [kua.bidder] 重新计算 bucket 分配，当前节点数: 4
1776003336.826913 DEBUG: [kua.bidder] 重新计算 bucket 分配，当前节点数: 4
1776003339.828198 DEBUG: [kua.bidder] 重新计算 bucket 分配，当前节点数: 4
1776003342.829087 DEBUG: [kua.bidder] 重新计算 bucket 分配，当前节点数: 4
1776003345.829568 DEBUG: [kua.bidder] 重新计算 bucket 分配，当前节点数: 4
1776003348.830090 DEBUG: [kua.bidder] 重新计算 bucket 分配，当前节点数: 4
1776003351.830565 DEBUG: [kua.bidder] 重新计算 bucket 分配，当前节点数: 4
1776003354.831134 DEBUG: [kua.bidder] 重新计算 bucket 分配，当前节点数: 4
1776003357.831650 DEBUG: [kua.bidder] 重新计算 bucket 分配，当前节点数: 4
1776003360.833267 DEBUG: [kua.bidder] 重新计算 bucket 分配，当前节点数: 4
1776003363.833738 DEBUG: [kua.bidder] 重新计算 bucket 分配，当前节点数: 4
1776003366.834711 DEBUG: [kua.bidder] 重新计算 bucket 分配，当前节点数: 4
1776003369.835152 DEBUG: [kua.bidder] 重新计算 bucket 分配，当前节点数: 4
1776003372.835612 DEBUG: [kua.bidder] 重新计算 bucket 分配，当前节点数: 4
1776003375.837665 DEBUG: [kua.bidder] 重新计算 bucket 分配，当前节点数: 4
1776003378.838188 DEBUG: [kua.bidder] 重新计算 bucket 分配，当前节点数: 4
1776003381.838675 DEBUG: [kua.bidder] 重新计算 bucket 分配，当前节点数: 4
1776003384.839276 DEBUG: [kua.bidder] 重新计算 bucket 分配，当前节点数: 4
1776003387.843175 DEBUG: [kua.bidder] 重新计算 bucket 分配，当前节点数: 4
1776003390.844307 DEBUG: [kua.bidder] 重新计算 bucket 分配，当前节点数: 4
1776003393.844915 DEBUG: [kua.bidder] 重新计算 bucket 分配，当前节点数: 4
1776003396.845802 DEBUG: [kua.bidder] 重新计算 bucket 分配，当前节点数: 4
1776003399.846453 DEBUG: [kua.bidder] 重新计算 bucket 分配，当前节点数: 4
1776003402.847101 DEBUG: [kua.bidder] 重新计算 bucket 分配，当前节点数: 4
1776003405.847538 DEBUG: [kua.bidder] 重新计算 bucket 分配，当前节点数: 4
1776003408.848533 DEBUG: [kua.bidder] 重新计算 bucket 分配，当前节点数: 4
1776003411.849164 DEBUG: [kua.bidder] 重新计算 bucket 分配，当前节点数: 4
1776003414.849863 DEBUG: [kua.bidder] 重新计算 bucket 分配，当前节点数: 4
1776003417.850690 DEBUG: [kua.bidder] 重新计算 bucket 分配，当前节点数: 4
1776003420.851426 DEBUG: [kua.bidder] 重新计算 bucket 分配，当前节点数: 4
1776003423.851990 DEBUG: [kua.bidder] 重新计算 bucket 分配，当前节点数: 4
1776003426.852486 DEBUG: [kua.bidder] 重新计算 bucket 分配，当前节点数: 4
1776003429.852912 DEBUG: [kua.bidder] 重新计算 bucket 分配，当前节点数: 4
1776003432.853500 DEBUG: [kua.bidder] 重新计算 bucket 分配，当前节点数: 4
1776003435.854012 DEBUG: [kua.bidder] 重新计算 bucket 分配，当前节点数: 4
1776003438.854539 DEBUG: [kua.bidder] 重新计算 bucket 分配，当前节点数: 4
1776003441.855004 DEBUG: [kua.bidder] 重新计算 bucket 分配，当前节点数: 4
1776003444.855407 DEBUG: [kua.bidder] 重新计算 bucket 分配，当前节点数: 4
1776003447.855836 DEBUG: [kua.bidder] 重新计算 bucket 分配，当前节点数: 4
1776003450.856708 DEBUG: [kua.bidder] 重新计算 bucket 分配，当前节点数: 4
1776003453.857333 DEBUG: [kua.bidder] 重新计算 bucket 分配，当前节点数: 4
1776003456.857805 DEBUG: [kua.bidder] 重新计算 bucket 分配，当前节点数: 4
1776003459.858363 DEBUG: [kua.bidder] 重新计算 bucket 分配，当前节点数: 4
1776003462.858789 DEBUG: [kua.bidder] 重新计算 bucket 分配，当前节点数: 4
1776003465.860553 DEBUG: [kua.bidder] 重新计算 bucket 分配，当前节点数: 4
1776003468.861468 DEBUG: [kua.bidder] 重新计算 bucket 分配，当前节点数: 4
1776003471.862050 DEBUG: [kua.bidder] 重新计算 bucket 分配，当前节点数: 4
1776003474.862440 DEBUG: [kua.bidder] 重新计算 bucket 分配，当前节点数: 4
1776003477.862862 DEBUG: [kua.bidder] 重新计算 bucket 分配，当前节点数: 4
1776003480.863799 DEBUG: [kua.bidder] 重新计算 bucket 分配，当前节点数: 4
1776003483.864405 DEBUG: [kua.bidder] 重新计算 bucket 分配，当前节点数: 4
1776003486.864915 DEBUG: [kua.bidder] 重新计算 bucket 分配，当前节点数: 4
1776003489.865572 DEBUG: [kua.bidder] 重新计算 bucket 分配，当前节点数: 4
1776003492.866152 DEBUG: [kua.bidder] 重新计算 bucket 分配，当前节点数: 4
1776003495.866854 DEBUG: [kua.bidder] 重新计算 bucket 分配，当前节点数: 4
1776003498.867725 DEBUG: [kua.bidder] 重新计算 bucket 分配，当前节点数: 4
1776003501.869562 DEBUG: [kua.bidder] 重新计算 bucket 分配，当前节点数: 4
1776003504.870363 DEBUG: [kua.bidder] 重新计算 bucket 分配，当前节点数: 4
1776003507.870805 DEBUG: [kua.bidder] 重新计算 bucket 分配，当前节点数: 4
1776003510.871366 DEBUG: [kua.bidder] 重新计算 bucket 分配，当前节点数: 4
1776003513.871799 DEBUG: [kua.bidder] 重新计算 bucket 分配，当前节点数: 4
1776003516.872389 DEBUG: [kua.bidder] 重新计算 bucket 分配，当前节点数: 4
1776003519.872856 DEBUG: [kua.bidder] 重新计算 bucket 分配，当前节点数: 4
1776003522.873430 DEBUG: [kua.bidder] 重新计算 bucket 分配，当前节点数: 4
1776003525.873788 DEBUG: [kua.bidder] 重新计算 bucket 分配，当前节点数: 4
1776003528.877138 DEBUG: [kua.bidder] 重新计算 bucket 分配，当前节点数: 4
1776003531.877647 DEBUG: [kua.bidder] 重新计算 bucket 分配，当前节点数: 4
1776003534.878174 DEBUG: [kua.bidder] 重新计算 bucket 分配，当前节点数: 4
1776003537.878711 DEBUG: [kua.bidder] 重新计算 bucket 分配，当前节点数: 4
1776003540.879302 DEBUG: [kua.bidder] 重新计算 bucket 分配，当前节点数: 4
1776003543.879744 DEBUG: [kua.bidder] 重新计算 bucket 分配，当前节点数: 4
1776003546.880296 DEBUG: [kua.bidder] 重新计算 bucket 分配，当前节点数: 4
1776003549.883196 DEBUG: [kua.bidder] 重新计算 bucket 分配，当前节点数: 4
1776003552.883783 DEBUG: [kua.bidder] 重新计算 bucket 分配，当前节点数: 4
1776003555.884502 DEBUG: [kua.bidder] 重新计算 bucket 分配，当前节点数: 4
1776003558.885103 DEBUG: [kua.bidder] 重新计算 bucket 分配，当前节点数: 4
1776003561.885560 DEBUG: [kua.bidder] 重新计算 bucket 分配，当前节点数: 4
1776003564.886174 DEBUG: [kua.bidder] 重新计算 bucket 分配，当前节点数: 4
1776003567.893375 DEBUG: [kua.bidder] 重新计算 bucket 分配，当前节点数: 4
1776003570.893811 DEBUG: [kua.bidder] 重新计算 bucket 分配，当前节点数: 4
1776003573.894312 DEBUG: [kua.bidder] 重新计算 bucket 分配，当前节点数: 4
1776003576.895044 DEBUG: [kua.bidder] 重新计算 bucket 分配，当前节点数: 4
1776003579.895442 DEBUG: [kua.bidder] 重新计算 bucket 分配，当前节点数: 4
1776003582.896022 DEBUG: [kua.bidder] 重新计算 bucket 分配，当前节点数: 4
1776003585.896499 DEBUG: [kua.bidder] 重新计算 bucket 分配，当前节点数: 4
1776003588.897060 DEBUG: [kua.bidder] 重新计算 bucket 分配，当前节点数: 4
1776003591.897480 DEBUG: [kua.bidder] 重新计算 bucket 分配，当前节点数: 4
1776003594.907378 DEBUG: [kua.bidder] 重新计算 bucket 分配，当前节点数: 4
1776003597.907911 DEBUG: [kua.bidder] 重新计算 bucket 分配，当前节点数: 4
1776003600.908360 DEBUG: [kua.bidder] 重新计算 bucket 分配，当前节点数: 4
1776003603.908831 DEBUG: [kua.bidder] 重新计算 bucket 分配，当前节点数: 4
1776003606.909380 DEBUG: [kua.bidder] 重新计算 bucket 分配，当前节点数: 4
1776003609.910410 DEBUG: [kua.bidder] 重新计算 bucket 分配，当前节点数: 4
1776003612.911393 DEBUG: [kua.bidder] 重新计算 bucket 分配，当前节点数: 4
1776003615.911838 DEBUG: [kua.bidder] 重新计算 bucket 分配，当前节点数: 4
1776003618.912338 DEBUG: [kua.bidder] 重新计算 bucket 分配，当前节点数: 4
1776003621.912764 DEBUG: [kua.bidder] 重新计算 bucket 分配，当前节点数: 4
1776003624.913543 DEBUG: [kua.bidder] 重新计算 bucket 分配，当前节点数: 4
1776003627.914180 DEBUG: [kua.bidder] 重新计算 bucket 分配，当前节点数: 4
1776003630.914649 DEBUG: [kua.bidder] 重新计算 bucket 分配，当前节点数: 4
1776003633.915062 DEBUG: [kua.bidder] 重新计算 bucket 分配，当前节点数: 4
1776003636.915463 DEBUG: [kua.bidder] 重新计算 bucket 分配，当前节点数: 4
1776003639.917551 DEBUG: [kua.bidder] 重新计算 bucket 分配，当前节点数: 4
1776003642.918114 DEBUG: [kua.bidder] 重新计算 bucket 分配，当前节点数: 4
1776003645.922209 DEBUG: [kua.bidder] 重新计算 bucket 分配，当前节点数: 4
1776003648.922721 DEBUG: [kua.bidder] 重新计算 bucket 分配，当前节点数: 4
1776003651.924054 DEBUG: [kua.bidder] 重新计算 bucket 分配，当前节点数: 4
1776003654.924579 DEBUG: [kua.bidder] 重新计算 bucket 分配，当前节点数: 4
1776003657.925063 DEBUG: [kua.bidder] 重新计算 bucket 分配，当前节点数: 4
1776003660.925556 DEBUG: [kua.bidder] 重新计算 bucket 分配，当前节点数: 4
1776003663.926133 DEBUG: [kua.bidder] 重新计算 bucket 分配，当前节点数: 4
1776003666.938535 DEBUG: [kua.bidder] 重新计算 bucket 分配，当前节点数: 4
1776003669.939100 DEBUG: [kua.bidder] 重新计算 bucket 分配，当前节点数: 4
1776003672.939648 DEBUG: [kua.bidder] 重新计算 bucket 分配，当前节点数: 4
1776003675.940182 DEBUG: [kua.bidder] 重新计算 bucket 分配，当前节点数: 4
1776003678.941167 DEBUG: [kua.bidder] 重新计算 bucket 分配，当前节点数: 4
1776003681.941672 DEBUG: [kua.bidder] 重新计算 bucket 分配，当前节点数: 4
1776003684.942320 DEBUG: [kua.bidder] 重新计算 bucket 分配，当前节点数: 4
1776003687.943020 DEBUG: [kua.bidder] 重新计算 bucket 分配，当前节点数: 4
1776003690.944132 DEBUG: [kua.bidder] 重新计算 bucket 分配，当前节点数: 4
1776003693.944777 DEBUG: [kua.bidder] 重新计算 bucket 分配，当前节点数: 4
1776003696.945348 DEBUG: [kua.bidder] 重新计算 bucket 分配，当前节点数: 4
1776003699.945826 DEBUG: [kua.bidder] 重新计算 bucket 分配，当前节点数: 4
1776003702.946419 DEBUG: [kua.bidder] 重新计算 bucket 分配，当前节点数: 4
1776003705.947171 DEBUG: [kua.bidder] 重新计算 bucket 分配，当前节点数: 4
1776003708.947750 DEBUG: [kua.bidder] 重新计算 bucket 分配，当前节点数: 4
1776003711.948275 DEBUG: [kua.bidder] 重新计算 bucket 分配，当前节点数: 4
1776003714.948765 DEBUG: [kua.bidder] 重新计算 bucket 分配，当前节点数: 4
1776003717.949275 DEBUG: [kua.bidder] 重新计算 bucket 分配，当前节点数: 4
1776003720.949745 DEBUG: [kua.bidder] 重新计算 bucket 分配，当前节点数: 4
1776003723.950300 DEBUG: [kua.bidder] 重新计算 bucket 分配，当前节点数: 4
1776003726.950824 DEBUG: [kua.bidder] 重新计算 bucket 分配，当前节点数: 4
1776003729.953169 DEBUG: [kua.bidder] 重新计算 bucket 分配，当前节点数: 4
1776003732.959137 DEBUG: [kua.bidder] 重新计算 bucket 分配，当前节点数: 4
1776003735.959596 DEBUG: [kua.bidder] 重新计算 bucket 分配，当前节点数: 4
1776003738.960412 DEBUG: [kua.bidder] 重新计算 bucket 分配，当前节点数: 4
1776003741.961176 DEBUG: [kua.bidder] 重新计算 bucket 分配，当前节点数: 4
1776003744.962066 DEBUG: [kua.bidder] 重新计算 bucket 分配，当前节点数: 4
1776003747.962437 DEBUG: [kua.bidder] 重新计算 bucket 分配，当前节点数: 4
1776003750.963224 DEBUG: [kua.bidder] 重新计算 bucket 分配，当前节点数: 4
1776003753.963890 DEBUG: [kua.bidder] 重新计算 bucket 分配，当前节点数: 4
1776003757.033358 DEBUG: [kua.bidder] 重新计算 bucket 分配，当前节点数: 4
1776003760.034254 DEBUG: [kua.bidder] 重新计算 bucket 分配，当前节点数: 4
1776003763.037073 DEBUG: [kua.bidder] 重新计算 bucket 分配，当前节点数: 4
1776003766.037733 DEBUG: [kua.bidder] 重新计算 bucket 分配，当前节点数: 4
1776003769.039706 DEBUG: [kua.bidder] 重新计算 bucket 分配，当前节点数: 4
1776003772.040309 DEBUG: [kua.bidder] 重新计算 bucket 分配，当前节点数: 4
1776003775.040793 DEBUG: [kua.bidder] 重新计算 bucket 分配，当前节点数: 4
1776003778.041387 DEBUG: [kua.bidder] 重新计算 bucket 分配，当前节点数: 4
1776003781.042054 DEBUG: [kua.bidder] 重新计算 bucket 分配，当前节点数: 4
1776003784.042599 DEBUG: [kua.bidder] 重新计算 bucket 分配，当前节点数: 4
1776003787.043916 DEBUG: [kua.bidder] 重新计算 bucket 分配，当前节点数: 4
1776003790.045011 DEBUG: [kua.bidder] 重新计算 bucket 分配，当前节点数: 4
1776003793.047631 DEBUG: [kua.bidder] 重新计算 bucket 分配，当前节点数: 4
1776003796.048813 DEBUG: [kua.bidder] 重新计算 bucket 分配，当前节点数: 4
1776003799.049346 DEBUG: [kua.bidder] 重新计算 bucket 分配，当前节点数: 4
1776003802.049811 DEBUG: [kua.bidder] 重新计算 bucket 分配，当前节点数: 4
1776003805.050408 DEBUG: [kua.bidder] 重新计算 bucket 分配，当前节点数: 4
1776003808.050772 DEBUG: [kua.bidder] 重新计算 bucket 分配，当前节点数: 4
1776003811.051368 DEBUG: [kua.bidder] 重新计算 bucket 分配，当前节点数: 4
1776003814.051831 DEBUG: [kua.bidder] 重新计算 bucket 分配，当前节点数: 4
1776003817.053564 DEBUG: [kua.bidder] 重新计算 bucket 分配，当前节点数: 4
1776003820.059889 DEBUG: [kua.bidder] 重新计算 bucket 分配，当前节点数: 4
1776003823.060648 DEBUG: [kua.bidder] 重新计算 bucket 分配，当前节点数: 4
1776003826.061112 DEBUG: [kua.bidder] 重新计算 bucket 分配，当前节点数: 4
1776003829.061536 DEBUG: [kua.bidder] 重新计算 bucket 分配，当前节点数: 4
1776003832.062044 DEBUG: [kua.bidder] 重新计算 bucket 分配，当前节点数: 4
1776003835.062438 DEBUG: [kua.bidder] 重新计算 bucket 分配，当前节点数: 4
1776003838.063009 DEBUG: [kua.bidder] 重新计算 bucket 分配，当前节点数: 4
1776003841.063451 DEBUG: [kua.bidder] 重新计算 bucket 分配，当前节点数: 4
1776003844.064043 DEBUG: [kua.bidder] 重新计算 bucket 分配，当前节点数: 4
1776003847.064478 DEBUG: [kua.bidder] 重新计算 bucket 分配，当前节点数: 4
1776003850.065026 DEBUG: [kua.bidder] 重新计算 bucket 分配，当前节点数: 4
1776003853.065799 DEBUG: [kua.bidder] 重新计算 bucket 分配，当前节点数: 4
1776003856.068290 DEBUG: [kua.bidder] 重新计算 bucket 分配，当前节点数: 4
1776003859.068779 DEBUG: [kua.bidder] 重新计算 bucket 分配，当前节点数: 4
1776003862.069356 DEBUG: [kua.bidder] 重新计算 bucket 分配，当前节点数: 4
1776003865.070065 DEBUG: [kua.bidder] 重新计算 bucket 分配，当前节点数: 4
1776003868.070587 DEBUG: [kua.bidder] 重新计算 bucket 分配，当前节点数: 4
1776003871.072629 DEBUG: [kua.bidder] 重新计算 bucket 分配，当前节点数: 4
1776003874.073366 DEBUG: [kua.bidder] 重新计算 bucket 分配，当前节点数: 4
1776003877.075124 DEBUG: [kua.bidder] 重新计算 bucket 分配，当前节点数: 4
1776003880.076210 DEBUG: [kua.bidder] 重新计算 bucket 分配，当前节点数: 4
1776003883.078123 DEBUG: [kua.bidder] 重新计算 bucket 分配，当前节点数: 4
1776003886.078618 DEBUG: [kua.bidder] 重新计算 bucket 分配，当前节点数: 4
1776003889.079083 DEBUG: [kua.bidder] 重新计算 bucket 分配，当前节点数: 4
1776003892.079537 DEBUG: [kua.bidder] 重新计算 bucket 分配，当前节点数: 4
1776003895.080032 DEBUG: [kua.bidder] 重新计算 bucket 分配，当前节点数: 4
1776003898.080716 DEBUG: [kua.bidder] 重新计算 bucket 分配，当前节点数: 4
1776003901.081476 DEBUG: [kua.bidder] 重新计算 bucket 分配，当前节点数: 4
1776003904.082208 DEBUG: [kua.bidder] 重新计算 bucket 分配，当前节点数: 4
1776003907.082723 DEBUG: [kua.bidder] 重新计算 bucket 分配，当前节点数: 4
1776003910.083269 DEBUG: [kua.bidder] 重新计算 bucket 分配，当前节点数: 4
1776003913.083721 DEBUG: [kua.bidder] 重新计算 bucket 分配，当前节点数: 4
1776003916.084346 DEBUG: [kua.bidder] 重新计算 bucket 分配，当前节点数: 4
1776003919.090881 DEBUG: [kua.bidder] 重新计算 bucket 分配，当前节点数: 4
1776003922.092540 DEBUG: [kua.bidder] 重新计算 bucket 分配，当前节点数: 4
1776003925.094066 DEBUG: [kua.bidder] 重新计算 bucket 分配，当前节点数: 4
1776003928.098141 DEBUG: [kua.bidder] 重新计算 bucket 分配，当前节点数: 4
1776003931.098711 DEBUG: [kua.bidder] 重新计算 bucket 分配，当前节点数: 4
1776003934.099211 DEBUG: [kua.bidder] 重新计算 bucket 分配，当前节点数: 4
1776003937.099651 DEBUG: [kua.bidder] 重新计算 bucket 分配，当前节点数: 4
1776003940.100067 DEBUG: [kua.bidder] 重新计算 bucket 分配，当前节点数: 3
1776003940.100161  INFO: [kua.bidder] 本地节点成为 bucket 0 的所有者
1776003940.101186  INFO: [kua.worker] 构造 worker #0 /three
1776003940.103888  INFO: [kua.worker] bucket #1 无需迁移数据（names: 0, owners: 1）
1776003940.103918  INFO: [kua.worker] 等待 5 秒后开始迁移 bucket #2 的 3 条数据到 1 个新所有者
1776003940.103953  INFO: [kua.bidder] 本地节点成为 bucket 3 的所有者
1776003940.104650  INFO: [kua.worker] 构造 worker #3 /three
1776003943.108776 DEBUG: [kua.bidder] 重新计算 bucket 分配，当前节点数: 4
1776003943.109094  INFO: [kua.worker] bucket #0 无需迁移数据（names: 0, owners: 3）
1776003943.109147  INFO: [kua.worker] bucket #1 无需迁移数据（names: 0, owners: 1）
1776003943.109193  INFO: [kua.worker] 等待 5 秒后开始迁移 bucket #2 的 3 条数据到 1 个新所有者
1776003943.109222  INFO: [kua.worker] bucket #3 无需迁移数据（names: 0, owners: 3）
1776003944.311174 DEBUG: [kua.worker] 收到请求 : #0 : /three/%00/%07%13%08%0Ebucket0-test-22%01%00/%0B
1776003944.311235  INFO: [kua.worker] 接收数据: /bucket0-test-2/seg=0 到 bucket #0
1776003944.311282 DEBUG: [kua.worker] 收到请求 : #0 : /three/%00/%07%13%08%0Ebucket0-test-72%01%00/%0B
1776003944.311293  INFO: [kua.worker] 接收数据: /bucket0-test-7/seg=0 到 bucket #0
1776003944.311321 DEBUG: [kua.worker] 收到请求 : #0 : /three/%00/%07%13%08%0Ebucket0-test-92%01%00/%0B
1776003944.311326  INFO: [kua.worker] 接收数据: /bucket0-test-9/seg=0 到 bucket #0
1776003944.311447 DEBUG: [kua.worker] 收到请求 : #0 : /bucket0-test-2/seg=0
1776003944.311500 DEBUG: [kua.worker] 收到请求 : #0 : /bucket0-test-7/seg=0
1776003944.311516 DEBUG: [kua.worker] 收到请求 : #0 : /bucket0-test-9/seg=0
1776003944.311740  INFO: [kua.worker] 接收数据并存储成功: /bucket0-test-2/seg=0 到 bucket #0
1776003944.312006  INFO: [kua.worker] 接收数据并存储成功: /bucket0-test-7/seg=0 到 bucket #0
1776003944.312099  INFO: [kua.worker] 接收数据并存储成功: /bucket0-test-9/seg=0 到 bucket #0
1776003945.107319  INFO: [kua.worker] 开始迁移 bucket #2 的 3 条数据到 1 个新所有者
1776003945.107456  INFO: [kua.worker] 迁移 bucket #2 到所有者: /five (3 条数据)
1776003945.107824 DEBUG: [kua.worker] 发送迁移请求 #1: /bucket0-test-11/seg=0 -> /five
1776003945.107897 DEBUG: [kua.worker] 发送迁移请求 #2: /bucket0-test-13/seg=0 -> /five
1776003945.108040 DEBUG: [kua.worker] 发送迁移请求 #3: /bucket0-test-18/seg=0 -> /five
1776003945.108058  INFO: [kua.worker] bucket #2 迁移完成，共发送 3 条数据
1776003945.108221 DEBUG: [kua.worker] 收到请求 : #2 : /five/%02/%07%14%08%0Fbucket0-test-112%01%00/%0B
1776003945.108257 DEBUG: [kua.worker] 收到请求 : #2 : /five/%02/%07%14%08%0Fbucket0-test-132%01%00/%0B
1776003945.108278 DEBUG: [kua.worker] 收到请求 : #2 : /five/%02/%07%14%08%0Fbucket0-test-182%01%00/%0B
1776003945.110617  INFO: [kua.worker] 迁移成功 #1: /bucket0-test-11/seg=0 已发送到 /five
1776003945.110690  INFO: [kua.worker] 迁移成功 #2: /bucket0-test-13/seg=0 已发送到 /five
1776003945.110704  INFO: [kua.worker] 迁移成功 #3: /bucket0-test-18/seg=0 已发送到 /five
1776003946.113904 DEBUG: [kua.bidder] 重新计算 bucket 分配，当前节点数: 4
1776003948.110040  INFO: [kua.worker] 开始迁移 bucket #2 的 3 条数据到 1 个新所有者
1776003948.110181  INFO: [kua.worker] 迁移 bucket #2 到所有者: /four (3 条数据)
1776003948.111139 DEBUG: [kua.worker] 发送迁移请求 #1: /bucket0-test-11/seg=0 -> /four
1776003948.111212 DEBUG: [kua.worker] 发送迁移请求 #2: /bucket0-test-13/seg=0 -> /four
1776003948.111242 DEBUG: [kua.worker] 发送迁移请求 #3: /bucket0-test-18/seg=0 -> /four
1776003948.111252  INFO: [kua.worker] bucket #2 迁移完成，共发送 3 条数据
1776003948.111427 DEBUG: [kua.worker] 收到请求 : #2 : /four/%02/%07%14%08%0Fbucket0-test-112%01%00/%0B
1776003948.111468 DEBUG: [kua.worker] 收到请求 : #2 : /four/%02/%07%14%08%0Fbucket0-test-132%01%00/%0B
1776003948.111490 DEBUG: [kua.worker] 收到请求 : #2 : /four/%02/%07%14%08%0Fbucket0-test-182%01%00/%0B
1776003948.127140  INFO: [kua.worker] 迁移成功 #1: /bucket0-test-11/seg=0 已发送到 /four
1776003948.127202  INFO: [kua.worker] 迁移成功 #2: /bucket0-test-13/seg=0 已发送到 /four
1776003948.127225  INFO: [kua.worker] 迁移成功 #3: /bucket0-test-18/seg=0 已发送到 /four
1776003949.114484 DEBUG: [kua.bidder] 重新计算 bucket 分配，当前节点数: 4
1776003952.115551 DEBUG: [kua.bidder] 重新计算 bucket 分配，当前节点数: 4
1776003953.109374  INFO: [kua.worker] 停止 worker #0 (/three)，包含 3 条数据
1776003953.109468  INFO: [kua.worker] worker #0 停止前数据列表:
1776003953.109480  INFO: [kua.worker]   - /bucket0-test-2/seg=0
1776003953.109494  INFO: [kua.worker]   - /bucket0-test-7/seg=0
1776003953.109496  INFO: [kua.worker]   - /bucket0-test-9/seg=0
1776003953.109888  INFO: [kua.worker] 停止 worker #2694095872 (/three)，包含 0 条数据
1776003955.133122 DEBUG: [kua.bidder] 重新计算 bucket 分配，当前节点数: 4
1776003958.133669 DEBUG: [kua.bidder] 重新计算 bucket 分配，当前节点数: 4
1776003961.134279 DEBUG: [kua.bidder] 重新计算 bucket 分配，当前节点数: 4
1776003964.134710 DEBUG: [kua.bidder] 重新计算 bucket 分配，当前节点数: 4
1776003967.135210 DEBUG: [kua.bidder] 重新计算 bucket 分配，当前节点数: 4
1776003970.135754 DEBUG: [kua.bidder] 重新计算 bucket 分配，当前节点数: 4
1776003973.137177 DEBUG: [kua.bidder] 重新计算 bucket 分配，当前节点数: 4
1776003976.138721 DEBUG: [kua.bidder] 重新计算 bucket 分配，当前节点数: 4
1776003979.146299 DEBUG: [kua.bidder] 重新计算 bucket 分配，当前节点数: 4
1776003982.147136 DEBUG: [kua.bidder] 重新计算 bucket 分配，当前节点数: 4
1776003985.147766 DEBUG: [kua.bidder] 重新计算 bucket 分配，当前节点数: 4
1776003988.148307 DEBUG: [kua.bidder] 重新计算 bucket 分配，当前节点数: 4
1776003991.148781 DEBUG: [kua.bidder] 重新计算 bucket 分配，当前节点数: 4
1776003994.150202 DEBUG: [kua.bidder] 重新计算 bucket 分配，当前节点数: 4
1776003997.150676 DEBUG: [kua.bidder] 重新计算 bucket 分配，当前节点数: 4
1776004000.151109 DEBUG: [kua.bidder] 重新计算 bucket 分配，当前节点数: 4
1776004003.151555 DEBUG: [kua.bidder] 重新计算 bucket 分配，当前节点数: 4
1776004006.153263 DEBUG: [kua.bidder] 重新计算 bucket 分配，当前节点数: 4
1776004009.153696 DEBUG: [kua.bidder] 重新计算 bucket 分配，当前节点数: 4
1776004012.163859 DEBUG: [kua.bidder] 重新计算 bucket 分配，当前节点数: 4
1776004015.171861 DEBUG: [kua.bidder] 重新计算 bucket 分配，当前节点数: 4
1776004018.172550 DEBUG: [kua.bidder] 重新计算 bucket 分配，当前节点数: 4
1776004021.173392 DEBUG: [kua.bidder] 重新计算 bucket 分配，当前节点数: 4
1776004024.174135 DEBUG: [kua.bidder] 重新计算 bucket 分配，当前节点数: 4
1776004027.176091 DEBUG: [kua.bidder] 重新计算 bucket 分配，当前节点数: 4
1776004030.177128 DEBUG: [kua.bidder] 重新计算 bucket 分配，当前节点数: 4
1776004033.178176 DEBUG: [kua.bidder] 重新计算 bucket 分配，当前节点数: 4
1776004036.178721 DEBUG: [kua.bidder] 重新计算 bucket 分配，当前节点数: 4
1776004039.179356 DEBUG: [kua.bidder] 重新计算 bucket 分配，当前节点数: 4
1776004042.179880 DEBUG: [kua.bidder] 重新计算 bucket 分配，当前节点数: 4
1776004045.180514 DEBUG: [kua.bidder] 重新计算 bucket 分配，当前节点数: 4
1776004048.181084 DEBUG: [kua.bidder] 重新计算 bucket 分配，当前节点数: 4
1776004051.181668 DEBUG: [kua.bidder] 重新计算 bucket 分配，当前节点数: 4
1776004054.182306 DEBUG: [kua.bidder] 重新计算 bucket 分配，当前节点数: 4
1776004057.183500 DEBUG: [kua.bidder] 重新计算 bucket 分配，当前节点数: 4
1776004060.184138 DEBUG: [kua.bidder] 重新计算 bucket 分配，当前节点数: 4
1776004063.184536 DEBUG: [kua.bidder] 重新计算 bucket 分配，当前节点数: 4
1776004066.185059 DEBUG: [kua.bidder] 重新计算 bucket 分配，当前节点数: 4
1776004069.185425 DEBUG: [kua.bidder] 重新计算 bucket 分配，当前节点数: 4
1776004072.185872 DEBUG: [kua.bidder] 重新计算 bucket 分配，当前节点数: 4
1776004075.187533 DEBUG: [kua.bidder] 重新计算 bucket 分配，当前节点数: 4
1776004078.188089 DEBUG: [kua.bidder] 重新计算 bucket 分配，当前节点数: 4
1776004081.188525 DEBUG: [kua.bidder] 重新计算 bucket 分配，当前节点数: 4
1776004084.189188 DEBUG: [kua.bidder] 重新计算 bucket 分配，当前节点数: 4
1776004087.192623 DEBUG: [kua.bidder] 重新计算 bucket 分配，当前节点数: 4
1776004090.193187 DEBUG: [kua.bidder] 重新计算 bucket 分配，当前节点数: 4
1776004093.194090 DEBUG: [kua.bidder] 重新计算 bucket 分配，当前节点数: 4
1776004096.195292 DEBUG: [kua.bidder] 重新计算 bucket 分配，当前节点数: 4
1776004099.196097 DEBUG: [kua.bidder] 重新计算 bucket 分配，当前节点数: 4
1776004102.197057 DEBUG: [kua.bidder] 重新计算 bucket 分配，当前节点数: 4
1776004105.197463 DEBUG: [kua.bidder] 重新计算 bucket 分配，当前节点数: 4
1776004108.198196 DEBUG: [kua.bidder] 重新计算 bucket 分配，当前节点数: 4
1776004111.198695 DEBUG: [kua.bidder] 重新计算 bucket 分配，当前节点数: 4
1776004114.199240 DEBUG: [kua.bidder] 重新计算 bucket 分配，当前节点数: 4
1776004117.199708 DEBUG: [kua.bidder] 重新计算 bucket 分配，当前节点数: 4
1776004120.200258 DEBUG: [kua.bidder] 重新计算 bucket 分配，当前节点数: 4
1776004123.200788 DEBUG: [kua.bidder] 重新计算 bucket 分配，当前节点数: 4
1776004126.201405 DEBUG: [kua.bidder] 重新计算 bucket 分配，当前节点数: 4
1776004129.201845 DEBUG: [kua.bidder] 重新计算 bucket 分配，当前节点数: 4
1776004132.202469 DEBUG: [kua.bidder] 重新计算 bucket 分配，当前节点数: 4
1776004135.203091 DEBUG: [kua.bidder] 重新计算 bucket 分配，当前节点数: 4
1776004138.203731 DEBUG: [kua.bidder] 重新计算 bucket 分配，当前节点数: 4
1776004141.204502 DEBUG: [kua.bidder] 重新计算 bucket 分配，当前节点数: 4
1776004144.204974 DEBUG: [kua.bidder] 重新计算 bucket 分配，当前节点数: 4
1776004147.205471 DEBUG: [kua.bidder] 重新计算 bucket 分配，当前节点数: 4
1776004150.205911 DEBUG: [kua.bidder] 重新计算 bucket 分配，当前节点数: 4
1776004153.206370 DEBUG: [kua.bidder] 重新计算 bucket 分配，当前节点数: 4
1776004156.207126 DEBUG: [kua.bidder] 重新计算 bucket 分配，当前节点数: 4
1776004159.207674 DEBUG: [kua.bidder] 重新计算 bucket 分配，当前节点数: 4
1776004162.216897 DEBUG: [kua.bidder] 重新计算 bucket 分配，当前节点数: 4
1776004165.217567 DEBUG: [kua.bidder] 重新计算 bucket 分配，当前节点数: 4
1776004168.218042 DEBUG: [kua.bidder] 重新计算 bucket 分配，当前节点数: 4
1776004171.218883 DEBUG: [kua.bidder] 重新计算 bucket 分配，当前节点数: 4
1776004174.219481 DEBUG: [kua.bidder] 重新计算 bucket 分配，当前节点数: 4
1776004177.220132 DEBUG: [kua.bidder] 重新计算 bucket 分配，当前节点数: 4
1776004180.220552 DEBUG: [kua.bidder] 重新计算 bucket 分配，当前节点数: 4
1776004183.221467 DEBUG: [kua.bidder] 重新计算 bucket 分配，当前节点数: 4
1776004186.222025 DEBUG: [kua.bidder] 重新计算 bucket 分配，当前节点数: 4
1776004189.222435 DEBUG: [kua.bidder] 重新计算 bucket 分配，当前节点数: 4
1776004192.223087 DEBUG: [kua.bidder] 重新计算 bucket 分配，当前节点数: 4
1776004195.223754 DEBUG: [kua.bidder] 重新计算 bucket 分配，当前节点数: 4
1776004198.224374 DEBUG: [kua.bidder] 重新计算 bucket 分配，当前节点数: 4
1776004201.230677 DEBUG: [kua.bidder] 重新计算 bucket 分配，当前节点数: 4
1776004204.234638 DEBUG: [kua.bidder] 重新计算 bucket 分配，当前节点数: 4
1776004207.235230 DEBUG: [kua.bidder] 重新计算 bucket 分配，当前节点数: 4
1776004210.235738 DEBUG: [kua.bidder] 重新计算 bucket 分配，当前节点数: 4
1776004213.236292 DEBUG: [kua.bidder] 重新计算 bucket 分配，当前节点数: 4
1776004216.236676 DEBUG: [kua.bidder] 重新计算 bucket 分配，当前节点数: 4
1776004219.237074 DEBUG: [kua.bidder] 重新计算 bucket 分配，当前节点数: 4
1776004222.237473 DEBUG: [kua.bidder] 重新计算 bucket 分配，当前节点数: 4
1776004225.237896 DEBUG: [kua.bidder] 重新计算 bucket 分配，当前节点数: 4
1776004228.304383 DEBUG: [kua.bidder] 重新计算 bucket 分配，当前节点数: 4
1776004231.305949 DEBUG: [kua.bidder] 重新计算 bucket 分配，当前节点数: 4
1776004234.306432 DEBUG: [kua.bidder] 重新计算 bucket 分配，当前节点数: 4
1776004237.306909 DEBUG: [kua.bidder] 重新计算 bucket 分配，当前节点数: 4
1776004240.307466 DEBUG: [kua.bidder] 重新计算 bucket 分配，当前节点数: 4
1776004243.310053 DEBUG: [kua.bidder] 重新计算 bucket 分配，当前节点数: 4
1776004246.313302 DEBUG: [kua.bidder] 重新计算 bucket 分配，当前节点数: 4
1776004249.314479 DEBUG: [kua.bidder] 重新计算 bucket 分配，当前节点数: 4
1776004252.315052 DEBUG: [kua.bidder] 重新计算 bucket 分配，当前节点数: 4
1776004255.315665 DEBUG: [kua.bidder] 重新计算 bucket 分配，当前节点数: 4
1776004258.316171 DEBUG: [kua.bidder] 重新计算 bucket 分配，当前节点数: 4
1776004261.317318 DEBUG: [kua.bidder] 重新计算 bucket 分配，当前节点数: 4
1776004264.318238 DEBUG: [kua.bidder] 重新计算 bucket 分配，当前节点数: 4
1776004267.319166 DEBUG: [kua.bidder] 重新计算 bucket 分配，当前节点数: 4
1776004270.320405 DEBUG: [kua.bidder] 重新计算 bucket 分配，当前节点数: 4
1776004273.321632 DEBUG: [kua.bidder] 重新计算 bucket 分配，当前节点数: 4
1776004276.322166 DEBUG: [kua.bidder] 重新计算 bucket 分配，当前节点数: 4
1776004279.322645 DEBUG: [kua.bidder] 重新计算 bucket 分配，当前节点数: 4
1776004282.323255 DEBUG: [kua.bidder] 重新计算 bucket 分配，当前节点数: 4
1776004285.323834 DEBUG: [kua.bidder] 重新计算 bucket 分配，当前节点数: 4
1776004288.325434 DEBUG: [kua.bidder] 重新计算 bucket 分配，当前节点数: 4
1776004291.326060 DEBUG: [kua.bidder] 重新计算 bucket 分配，当前节点数: 4
1776004294.326551 DEBUG: [kua.bidder] 重新计算 bucket 分配，当前节点数: 4
1776004297.327120 DEBUG: [kua.bidder] 重新计算 bucket 分配，当前节点数: 4
1776004300.327639 DEBUG: [kua.bidder] 重新计算 bucket 分配，当前节点数: 4
1776004303.328372 DEBUG: [kua.bidder] 重新计算 bucket 分配，当前节点数: 4
1776004306.329030 DEBUG: [kua.bidder] 重新计算 bucket 分配，当前节点数: 4
1776004309.329636 DEBUG: [kua.bidder] 重新计算 bucket 分配，当前节点数: 4
1776004312.330130 DEBUG: [kua.bidder] 重新计算 bucket 分配，当前节点数: 4
1776004315.330694 DEBUG: [kua.bidder] 重新计算 bucket 分配，当前节点数: 4
1776004318.331613 DEBUG: [kua.bidder] 重新计算 bucket 分配，当前节点数: 4
1776004321.332772 DEBUG: [kua.bidder] 重新计算 bucket 分配，当前节点数: 4
1776004324.333351 DEBUG: [kua.bidder] 重新计算 bucket 分配，当前节点数: 4
1776004327.333788 DEBUG: [kua.bidder] 重新计算 bucket 分配，当前节点数: 4
1776004330.334347 DEBUG: [kua.bidder] 重新计算 bucket 分配，当前节点数: 4
1776004333.334907 DEBUG: [kua.bidder] 重新计算 bucket 分配，当前节点数: 4
1776004336.335436 DEBUG: [kua.bidder] 重新计算 bucket 分配，当前节点数: 4
1776004339.335809 DEBUG: [kua.bidder] 重新计算 bucket 分配，当前节点数: 4
1776004342.336260 DEBUG: [kua.bidder] 重新计算 bucket 分配，当前节点数: 4
1776004345.336678 DEBUG: [kua.bidder] 重新计算 bucket 分配，当前节点数: 4
1776004348.337068 DEBUG: [kua.bidder] 重新计算 bucket 分配，当前节点数: 4
1776004351.347077 DEBUG: [kua.bidder] 重新计算 bucket 分配，当前节点数: 4
1776004354.347549 DEBUG: [kua.bidder] 重新计算 bucket 分配，当前节点数: 4
1776004357.348545 DEBUG: [kua.bidder] 重新计算 bucket 分配，当前节点数: 4
1776004360.349075 DEBUG: [kua.bidder] 重新计算 bucket 分配，当前节点数: 4
1776004363.349578 DEBUG: [kua.bidder] 重新计算 bucket 分配，当前节点数: 4
1776004366.349956 DEBUG: [kua.bidder] 重新计算 bucket 分配，当前节点数: 4
1776004369.350420 DEBUG: [kua.bidder] 重新计算 bucket 分配，当前节点数: 4
1776004372.350859 DEBUG: [kua.bidder] 重新计算 bucket 分配，当前节点数: 4
1776004375.351865 DEBUG: [kua.bidder] 重新计算 bucket 分配，当前节点数: 4
1776004378.354494 DEBUG: [kua.bidder] 重新计算 bucket 分配，当前节点数: 4
1776004381.355056 DEBUG: [kua.bidder] 重新计算 bucket 分配，当前节点数: 4
1776004384.355498 DEBUG: [kua.bidder] 重新计算 bucket 分配，当前节点数: 4
1776004387.358220 DEBUG: [kua.bidder] 重新计算 bucket 分配，当前节点数: 4
1776004390.364329 DEBUG: [kua.bidder] 重新计算 bucket 分配，当前节点数: 4
1776004393.364776 DEBUG: [kua.bidder] 重新计算 bucket 分配，当前节点数: 4
1776004396.365458 DEBUG: [kua.bidder] 重新计算 bucket 分配，当前节点数: 4
1776004399.366064 DEBUG: [kua.bidder] 重新计算 bucket 分配，当前节点数: 4
1776004402.366566 DEBUG: [kua.bidder] 重新计算 bucket 分配，当前节点数: 4
1776004405.374346 DEBUG: [kua.bidder] 重新计算 bucket 分配，当前节点数: 4
1776004408.374768 DEBUG: [kua.bidder] 重新计算 bucket 分配，当前节点数: 4
1776004411.376105 DEBUG: [kua.bidder] 重新计算 bucket 分配，当前节点数: 4
1776004414.376692 DEBUG: [kua.bidder] 重新计算 bucket 分配，当前节点数: 4
1776004417.377324 DEBUG: [kua.bidder] 重新计算 bucket 分配，当前节点数: 4
1776004420.378366 DEBUG: [kua.bidder] 重新计算 bucket 分配，当前节点数: 4
1776004423.381899 DEBUG: [kua.bidder] 重新计算 bucket 分配，当前节点数: 4
1776004426.382521 DEBUG: [kua.bidder] 重新计算 bucket 分配，当前节点数: 4
1776004429.383030 DEBUG: [kua.bidder] 重新计算 bucket 分配，当前节点数: 4
1776004432.383464 DEBUG: [kua.bidder] 重新计算 bucket 分配，当前节点数: 4
1776004435.384119 DEBUG: [kua.bidder] 重新计算 bucket 分配，当前节点数: 4
1776004438.384738 DEBUG: [kua.bidder] 重新计算 bucket 分配，当前节点数: 4
1776004441.385163 DEBUG: [kua.bidder] 重新计算 bucket 分配，当前节点数: 4
1776004444.385571 DEBUG: [kua.bidder] 重新计算 bucket 分配，当前节点数: 4
1776004447.386125 DEBUG: [kua.bidder] 重新计算 bucket 分配，当前节点数: 4
1776004450.386554 DEBUG: [kua.bidder] 重新计算 bucket 分配，当前节点数: 4
1776004453.387089 DEBUG: [kua.bidder] 重新计算 bucket 分配，当前节点数: 4
1776004456.387543 DEBUG: [kua.bidder] 重新计算 bucket 分配，当前节点数: 4
1776004459.388036 DEBUG: [kua.bidder] 重新计算 bucket 分配，当前节点数: 4
1776004462.388680 DEBUG: [kua.bidder] 重新计算 bucket 分配，当前节点数: 4
1776004465.389128 DEBUG: [kua.bidder] 重新计算 bucket 分配，当前节点数: 4
1776004468.389588 DEBUG: [kua.bidder] 重新计算 bucket 分配，当前节点数: 4
1776004471.391235 DEBUG: [kua.bidder] 重新计算 bucket 分配，当前节点数: 4
1776004474.394141 DEBUG: [kua.bidder] 重新计算 bucket 分配，当前节点数: 4
1776004477.394610 DEBUG: [kua.bidder] 重新计算 bucket 分配，当前节点数: 4
1776004480.395066 DEBUG: [kua.bidder] 重新计算 bucket 分配，当前节点数: 4
1776004483.395801 DEBUG: [kua.bidder] 重新计算 bucket 分配，当前节点数: 4
1776004486.396494 DEBUG: [kua.bidder] 重新计算 bucket 分配，当前节点数: 4
1776004489.403511 DEBUG: [kua.bidder] 重新计算 bucket 分配，当前节点数: 4
1776004492.416316 DEBUG: [kua.bidder] 重新计算 bucket 分配，当前节点数: 4
1776004495.417414 DEBUG: [kua.bidder] 重新计算 bucket 分配，当前节点数: 4
1776004498.417888 DEBUG: [kua.bidder] 重新计算 bucket 分配，当前节点数: 4
1776004501.418482 DEBUG: [kua.bidder] 重新计算 bucket 分配，当前节点数: 4
1776004504.419073 DEBUG: [kua.bidder] 重新计算 bucket 分配，当前节点数: 4
1776004507.419506 DEBUG: [kua.bidder] 重新计算 bucket 分配，当前节点数: 4
1776004510.427384 DEBUG: [kua.bidder] 重新计算 bucket 分配，当前节点数: 4
1776004513.428207 DEBUG: [kua.bidder] 重新计算 bucket 分配，当前节点数: 4
1776004516.428721 DEBUG: [kua.bidder] 重新计算 bucket 分配，当前节点数: 4
1776004519.429582 DEBUG: [kua.bidder] 重新计算 bucket 分配，当前节点数: 4
1776004522.430252 DEBUG: [kua.bidder] 重新计算 bucket 分配，当前节点数: 4
1776004525.431105 DEBUG: [kua.bidder] 重新计算 bucket 分配，当前节点数: 4
1776004528.431701 DEBUG: [kua.bidder] 重新计算 bucket 分配，当前节点数: 4
1776004531.435717 DEBUG: [kua.bidder] 重新计算 bucket 分配，当前节点数: 4
1776004534.436530 DEBUG: [kua.bidder] 重新计算 bucket 分配，当前节点数: 4
1776004537.437051 DEBUG: [kua.bidder] 重新计算 bucket 分配，当前节点数: 4
1776004540.437509 DEBUG: [kua.bidder] 重新计算 bucket 分配，当前节点数: 4
1776004543.438021 DEBUG: [kua.bidder] 重新计算 bucket 分配，当前节点数: 4
1776004546.438435 DEBUG: [kua.bidder] 重新计算 bucket 分配，当前节点数: 4
1776004549.438871 DEBUG: [kua.bidder] 重新计算 bucket 分配，当前节点数: 4
1776004552.439631 DEBUG: [kua.bidder] 重新计算 bucket 分配，当前节点数: 4
1776004555.440098 DEBUG: [kua.bidder] 重新计算 bucket 分配，当前节点数: 4
1776004558.441351 DEBUG: [kua.bidder] 重新计算 bucket 分配，当前节点数: 4
1776004561.442078 DEBUG: [kua.bidder] 重新计算 bucket 分配，当前节点数: 4
1776004564.442604 DEBUG: [kua.bidder] 重新计算 bucket 分配，当前节点数: 4
1776004567.444256 DEBUG: [kua.bidder] 重新计算 bucket 分配，当前节点数: 4
1776004570.445469 DEBUG: [kua.bidder] 重新计算 bucket 分配，当前节点数: 4
1776004573.449346 DEBUG: [kua.bidder] 重新计算 bucket 分配，当前节点数: 4
1776004576.450021 DEBUG: [kua.bidder] 重新计算 bucket 分配，当前节点数: 4
1776004579.450840 DEBUG: [kua.bidder] 重新计算 bucket 分配，当前节点数: 4
1776004582.485190 DEBUG: [kua.bidder] 重新计算 bucket 分配，当前节点数: 4
1776004585.485643 DEBUG: [kua.bidder] 重新计算 bucket 分配，当前节点数: 4
1776004588.486136 DEBUG: [kua.bidder] 重新计算 bucket 分配，当前节点数: 4
1776004591.486663 DEBUG: [kua.bidder] 重新计算 bucket 分配，当前节点数: 4
1776004594.487442 DEBUG: [kua.bidder] 重新计算 bucket 分配，当前节点数: 4
1776004597.487982 DEBUG: [kua.bidder] 重新计算 bucket 分配，当前节点数: 4
1776004600.488410 DEBUG: [kua.bidder] 重新计算 bucket 分配，当前节点数: 4
1776004603.488778 DEBUG: [kua.bidder] 重新计算 bucket 分配，当前节点数: 4
1776004606.502792 DEBUG: [kua.bidder] 重新计算 bucket 分配，当前节点数: 4
1776004609.503377 DEBUG: [kua.bidder] 重新计算 bucket 分配，当前节点数: 4
1776004612.504098 DEBUG: [kua.bidder] 重新计算 bucket 分配，当前节点数: 4
1776004615.504901 DEBUG: [kua.bidder] 重新计算 bucket 分配，当前节点数: 4
1776004618.505730 DEBUG: [kua.bidder] 重新计算 bucket 分配，当前节点数: 4
1776004621.506465 DEBUG: [kua.bidder] 重新计算 bucket 分配，当前节点数: 4
1776004624.507088 DEBUG: [kua.bidder] 重新计算 bucket 分配，当前节点数: 4
1776004627.507465 DEBUG: [kua.bidder] 重新计算 bucket 分配，当前节点数: 4
1776004630.543138 DEBUG: [kua.bidder] 重新计算 bucket 分配，当前节点数: 4
1776004633.544131 DEBUG: [kua.bidder] 重新计算 bucket 分配，当前节点数: 4
1776004636.547863 DEBUG: [kua.bidder] 重新计算 bucket 分配，当前节点数: 4
1776004639.571485 DEBUG: [kua.bidder] 重新计算 bucket 分配，当前节点数: 4
1776004642.590199 DEBUG: [kua.bidder] 重新计算 bucket 分配，当前节点数: 4
1776004645.590718 DEBUG: [kua.bidder] 重新计算 bucket 分配，当前节点数: 4
1776004648.591385 DEBUG: [kua.bidder] 重新计算 bucket 分配，当前节点数: 4
1776004651.593147 DEBUG: [kua.bidder] 重新计算 bucket 分配，当前节点数: 4
1776004654.593603 DEBUG: [kua.bidder] 重新计算 bucket 分配，当前节点数: 4
1776004657.598404 DEBUG: [kua.bidder] 重新计算 bucket 分配，当前节点数: 4
1776004660.598882 DEBUG: [kua.bidder] 重新计算 bucket 分配，当前节点数: 4
1776004663.599607 DEBUG: [kua.bidder] 重新计算 bucket 分配，当前节点数: 4
1776004666.600062 DEBUG: [kua.bidder] 重新计算 bucket 分配，当前节点数: 4
1776004669.600582 DEBUG: [kua.bidder] 重新计算 bucket 分配，当前节点数: 4
1776004672.601404 DEBUG: [kua.bidder] 重新计算 bucket 分配，当前节点数: 4
1776004675.601874 DEBUG: [kua.bidder] 重新计算 bucket 分配，当前节点数: 4
1776004678.603131 DEBUG: [kua.bidder] 重新计算 bucket 分配，当前节点数: 4
1776004681.603808 DEBUG: [kua.bidder] 重新计算 bucket 分配，当前节点数: 4
1776004684.604454 DEBUG: [kua.bidder] 重新计算 bucket 分配，当前节点数: 4
1776004687.605058 DEBUG: [kua.bidder] 重新计算 bucket 分配，当前节点数: 4
1776004690.605534 DEBUG: [kua.bidder] 重新计算 bucket 分配，当前节点数: 4
1776004693.606114 DEBUG: [kua.bidder] 重新计算 bucket 分配，当前节点数: 4
1776004696.606497 DEBUG: [kua.bidder] 重新计算 bucket 分配，当前节点数: 4
1776004699.606906 DEBUG: [kua.bidder] 重新计算 bucket 分配，当前节点数: 4
1776004702.609119 DEBUG: [kua.bidder] 重新计算 bucket 分配，当前节点数: 4
1776004705.610188 DEBUG: [kua.bidder] 重新计算 bucket 分配，当前节点数: 4
1776004708.611465 DEBUG: [kua.bidder] 重新计算 bucket 分配，当前节点数: 4
1776004711.612218 DEBUG: [kua.bidder] 重新计算 bucket 分配，当前节点数: 4
1776004714.612888 DEBUG: [kua.bidder] 重新计算 bucket 分配，当前节点数: 4
1776004717.613703 DEBUG: [kua.bidder] 重新计算 bucket 分配，当前节点数: 4
1776004720.614394 DEBUG: [kua.bidder] 重新计算 bucket 分配，当前节点数: 4
1776004723.615080 DEBUG: [kua.bidder] 重新计算 bucket 分配，当前节点数: 4
1776004726.615662 DEBUG: [kua.bidder] 重新计算 bucket 分配，当前节点数: 4
1776004729.616534 DEBUG: [kua.bidder] 重新计算 bucket 分配，当前节点数: 4
1776004732.617208 DEBUG: [kua.bidder] 重新计算 bucket 分配，当前节点数: 4
1776004735.619650 DEBUG: [kua.bidder] 重新计算 bucket 分配，当前节点数: 4
1776004738.620316 DEBUG: [kua.bidder] 重新计算 bucket 分配，当前节点数: 4
1776004741.620748 DEBUG: [kua.bidder] 重新计算 bucket 分配，当前节点数: 4
1776004744.621144 DEBUG: [kua.bidder] 重新计算 bucket 分配，当前节点数: 4
1776004747.621589 DEBUG: [kua.bidder] 重新计算 bucket 分配，当前节点数: 4
1776004750.622300 DEBUG: [kua.bidder] 重新计算 bucket 分配，当前节点数: 4
1776004753.623146 DEBUG: [kua.bidder] 重新计算 bucket 分配，当前节点数: 4
1776004756.623705 DEBUG: [kua.bidder] 重新计算 bucket 分配，当前节点数: 4
1776004759.624795 DEBUG: [kua.bidder] 重新计算 bucket 分配，当前节点数: 4
1776004762.625796 DEBUG: [kua.bidder] 重新计算 bucket 分配，当前节点数: 4
1776004765.626273 DEBUG: [kua.bidder] 重新计算 bucket 分配，当前节点数: 4
1776004768.626668 DEBUG: [kua.bidder] 重新计算 bucket 分配，当前节点数: 4
1776004771.627141 DEBUG: [kua.bidder] 重新计算 bucket 分配，当前节点数: 4
1776004774.627522 DEBUG: [kua.bidder] 重新计算 bucket 分配，当前节点数: 4
1776004777.628769 DEBUG: [kua.bidder] 重新计算 bucket 分配，当前节点数: 4
1776004780.629402 DEBUG: [kua.bidder] 重新计算 bucket 分配，当前节点数: 4
1776004783.629919 DEBUG: [kua.bidder] 重新计算 bucket 分配，当前节点数: 4
1776004786.630842 DEBUG: [kua.bidder] 重新计算 bucket 分配，当前节点数: 4
1776004789.631454 DEBUG: [kua.bidder] 重新计算 bucket 分配，当前节点数: 4
1776004792.632289 DEBUG: [kua.bidder] 重新计算 bucket 分配，当前节点数: 4
1776004795.633049 DEBUG: [kua.bidder] 重新计算 bucket 分配，当前节点数: 4
1776004798.633569 DEBUG: [kua.bidder] 重新计算 bucket 分配，当前节点数: 4
1776004801.634204 DEBUG: [kua.bidder] 重新计算 bucket 分配，当前节点数: 4
1776004804.665590 DEBUG: [kua.bidder] 重新计算 bucket 分配，当前节点数: 4
1776004807.665911 DEBUG: [kua.bidder] 重新计算 bucket 分配，当前节点数: 4
1776004810.666472 DEBUG: [kua.bidder] 重新计算 bucket 分配，当前节点数: 4
1776004813.666753 DEBUG: [kua.bidder] 重新计算 bucket 分配，当前节点数: 4
1776004816.667073 DEBUG: [kua.bidder] 重新计算 bucket 分配，当前节点数: 4
1776004819.667377 DEBUG: [kua.bidder] 重新计算 bucket 分配，当前节点数: 4
1776004822.667751 DEBUG: [kua.bidder] 重新计算 bucket 分配，当前节点数: 4
1776004825.668308 DEBUG: [kua.bidder] 重新计算 bucket 分配，当前节点数: 4
1776004828.668735 DEBUG: [kua.bidder] 重新计算 bucket 分配，当前节点数: 4
1776004831.669141 DEBUG: [kua.bidder] 重新计算 bucket 分配，当前节点数: 4
1776004834.670096 DEBUG: [kua.bidder] 重新计算 bucket 分配，当前节点数: 4
1776004837.670400 DEBUG: [kua.bidder] 重新计算 bucket 分配，当前节点数: 4
1776004840.670688 DEBUG: [kua.bidder] 重新计算 bucket 分配，当前节点数: 4
1776004843.670972 DEBUG: [kua.bidder] 重新计算 bucket 分配，当前节点数: 4
1776004846.671328 DEBUG: [kua.bidder] 重新计算 bucket 分配，当前节点数: 4
1776004849.671702 DEBUG: [kua.bidder] 重新计算 bucket 分配，当前节点数: 4
1776004852.672218 DEBUG: [kua.bidder] 重新计算 bucket 分配，当前节点数: 4
1776004855.672917 DEBUG: [kua.bidder] 重新计算 bucket 分配，当前节点数: 4
1776004858.673270 DEBUG: [kua.bidder] 重新计算 bucket 分配，当前节点数: 4
1776004861.673672 DEBUG: [kua.bidder] 重新计算 bucket 分配，当前节点数: 4
1776004864.673900 DEBUG: [kua.bidder] 重新计算 bucket 分配，当前节点数: 4
1776004867.674235 DEBUG: [kua.bidder] 重新计算 bucket 分配，当前节点数: 4
1776004870.674481 DEBUG: [kua.bidder] 重新计算 bucket 分配，当前节点数: 4
1776004873.674780 DEBUG: [kua.bidder] 重新计算 bucket 分配，当前节点数: 4
1776004876.675195 DEBUG: [kua.bidder] 重新计算 bucket 分配，当前节点数: 4
1776004879.675527 DEBUG: [kua.bidder] 重新计算 bucket 分配，当前节点数: 4
1776004882.676083 DEBUG: [kua.bidder] 重新计算 bucket 分配，当前节点数: 4
1776004885.676345 DEBUG: [kua.bidder] 重新计算 bucket 分配，当前节点数: 4
1776004888.676595 DEBUG: [kua.bidder] 重新计算 bucket 分配，当前节点数: 4
1776004891.676858 DEBUG: [kua.bidder] 重新计算 bucket 分配，当前节点数: 4
1776004894.677207 DEBUG: [kua.bidder] 重新计算 bucket 分配，当前节点数: 4
1776004897.677454 DEBUG: [kua.bidder] 重新计算 bucket 分配，当前节点数: 4
1776004900.677778 DEBUG: [kua.bidder] 重新计算 bucket 分配，当前节点数: 4
1776004903.678257 DEBUG: [kua.bidder] 重新计算 bucket 分配，当前节点数: 4
1776004906.678711 DEBUG: [kua.bidder] 重新计算 bucket 分配，当前节点数: 4
1776004909.679025 DEBUG: [kua.bidder] 重新计算 bucket 分配，当前节点数: 4
1776004912.680440 DEBUG: [kua.bidder] 重新计算 bucket 分配，当前节点数: 4
1776004915.681200 DEBUG: [kua.bidder] 重新计算 bucket 分配，当前节点数: 4
1776004918.681505 DEBUG: [kua.bidder] 重新计算 bucket 分配，当前节点数: 4
1776004921.681806 DEBUG: [kua.bidder] 重新计算 bucket 分配，当前节点数: 4
1776004924.701578 DEBUG: [kua.bidder] 重新计算 bucket 分配，当前节点数: 4
