1776091895.851871  INFO: [kua.nodewatcher] 构造 NodeWatcher
1776091895.856623  INFO: [kua.bidder] 构造 Bidder
1776091900.856723 DEBUG: [kua.bidder] 重新计算 bucket 分配，当前节点数: 4
1776091900.856836  INFO: [kua.bidder] 本地节点成为 bucket 0 的所有者
1776091900.857913  INFO: [kua.worker] 构造 worker #0 /four
1776091900.862799  INFO: [kua.bidder] 本地节点成为 bucket 1 的所有者
1776091900.864117  INFO: [kua.worker] 构造 worker #1 /four
1776091900.867608  INFO: [kua.bidder] 本地节点成为 bucket 2 的所有者
1776091900.868487  INFO: [kua.worker] 构造 worker #2 /four
1776091900.871730  INFO: [kua.bidder] 本地节点成为 bucket 3 的所有者
1776091900.873102  INFO: [kua.worker] 构造 worker #3 /four
1776091903.876857 DEBUG: [kua.bidder] 重新计算 bucket 分配，当前节点数: 4
1776091906.877280 DEBUG: [kua.bidder] 重新计算 bucket 分配，当前节点数: 4
1776091909.877803 DEBUG: [kua.bidder] 重新计算 bucket 分配，当前节点数: 4
1776091910.008102 DEBUG: [kua.worker] 收到请求 : #2 : /four/%02/7573657251/7631/%00%00%01%9D%87S%CFs/%00%01%00%02
1776091910.008134  INFO: [kua.worker] KV 写入成功: key=userQ, version=1776091910003, bucket=#2
1776091911.028475 DEBUG: [kua.worker] 收到请求 : #2 : /four/%02/7573657251/%00%02%00%02
1776091912.877991 DEBUG: [kua.bidder] 重新计算 bucket 分配，当前节点数: 4
1776091915.878346 DEBUG: [kua.bidder] 重新计算 bucket 分配，当前节点数: 4
1776091916.098095 DEBUG: [kua.worker] 收到请求 : #2 : /four/%02/7573657251/7632/%00%00%01%9D%87S%E7%2C/%00%01%00%02
1776091916.098127  INFO: [kua.worker] KV 写入成功: key=userQ, version=1776091916076, bucket=#2
1776091918.878646 DEBUG: [kua.bidder] 重新计算 bucket 分配，当前节点数: 3
1776091918.878759  INFO: [kua.worker] bucket #0 无需迁移数据（names: 0, owners: 1）
1776091918.878795  INFO: [kua.worker] bucket #2 无需迁移数据（names: 0, owners: 1）
1776091918.878812  INFO: [kua.worker] bucket #3 无需迁移数据（names: 0, owners: 1）
1776091921.878961 DEBUG: [kua.bidder] 重新计算 bucket 分配，当前节点数: 4
1776091921.879118  INFO: [kua.worker] bucket #0 无需迁移数据（names: 0, owners: 1）
1776091921.879161  INFO: [kua.worker] bucket #2 无需迁移数据（names: 0, owners: 1）
1776091921.879178  INFO: [kua.worker] bucket #3 无需迁移数据（names: 0, owners: 1）
1776091924.879278 DEBUG: [kua.bidder] 重新计算 bucket 分配，当前节点数: 4
1776091927.879545 DEBUG: [kua.bidder] 重新计算 bucket 分配，当前节点数: 4
1776091928.138509 DEBUG: [kua.worker] 收到请求 : #2 : /four/%02/7573657251/%00%02%00%02
1776091930.879792 DEBUG: [kua.bidder] 重新计算 bucket 分配，当前节点数: 4
1776091931.171102 DEBUG: [kua.worker] 收到请求 : #2 : /four/%02/%00%04%00%02
1776091933.880112 DEBUG: [kua.bidder] 重新计算 bucket 分配，当前节点数: 4
1776091936.880530 DEBUG: [kua.bidder] 重新计算 bucket 分配，当前节点数: 4
1776091939.880801 DEBUG: [kua.bidder] 重新计算 bucket 分配，当前节点数: 4
1776091942.881185 DEBUG: [kua.bidder] 重新计算 bucket 分配，当前节点数: 4
1776091945.890252 DEBUG: [kua.bidder] 重新计算 bucket 分配，当前节点数: 4
1776091948.890688 DEBUG: [kua.bidder] 重新计算 bucket 分配，当前节点数: 4
1776091951.890982 DEBUG: [kua.bidder] 重新计算 bucket 分配，当前节点数: 4
1776091954.891539 DEBUG: [kua.bidder] 重新计算 bucket 分配，当前节点数: 4
1776091957.891909 DEBUG: [kua.bidder] 重新计算 bucket 分配，当前节点数: 4
1776091960.892928 DEBUG: [kua.bidder] 重新计算 bucket 分配，当前节点数: 4
1776091963.893213 DEBUG: [kua.bidder] 重新计算 bucket 分配，当前节点数: 4
1776091966.893488 DEBUG: [kua.bidder] 重新计算 bucket 分配，当前节点数: 4
1776091969.893870 DEBUG: [kua.bidder] 重新计算 bucket 分配，当前节点数: 4
1776091972.894154 DEBUG: [kua.bidder] 重新计算 bucket 分配，当前节点数: 4
1776091975.894460 DEBUG: [kua.bidder] 重新计算 bucket 分配，当前节点数: 4
1776091978.895025 DEBUG: [kua.bidder] 重新计算 bucket 分配，当前节点数: 4
1776091981.895418 DEBUG: [kua.bidder] 重新计算 bucket 分配，当前节点数: 4
1776091984.895701 DEBUG: [kua.bidder] 重新计算 bucket 分配，当前节点数: 4
1776091987.896086 DEBUG: [kua.bidder] 重新计算 bucket 分配，当前节点数: 4
1776091990.896388 DEBUG: [kua.bidder] 重新计算 bucket 分配，当前节点数: 4
1776091993.896670 DEBUG: [kua.bidder] 重新计算 bucket 分配，当前节点数: 4
1776091996.896929 DEBUG: [kua.bidder] 重新计算 bucket 分配，当前节点数: 4
1776091999.897298 DEBUG: [kua.bidder] 重新计算 bucket 分配，当前节点数: 4
1776092002.898347 DEBUG: [kua.bidder] 重新计算 bucket 分配，当前节点数: 4
1776092005.899680 DEBUG: [kua.bidder] 重新计算 bucket 分配，当前节点数: 4
1776092008.900231 DEBUG: [kua.bidder] 重新计算 bucket 分配，当前节点数: 4
1776092011.900507 DEBUG: [kua.bidder] 重新计算 bucket 分配，当前节点数: 4
1776092014.900796 DEBUG: [kua.bidder] 重新计算 bucket 分配，当前节点数: 4
1776092017.901642 DEBUG: [kua.bidder] 重新计算 bucket 分配，当前节点数: 4
1776092020.901975 DEBUG: [kua.bidder] 重新计算 bucket 分配，当前节点数: 4
1776092023.902295 DEBUG: [kua.bidder] 重新计算 bucket 分配，当前节点数: 4
1776092026.902553 DEBUG: [kua.bidder] 重新计算 bucket 分配，当前节点数: 4
1776092029.905262 DEBUG: [kua.bidder] 重新计算 bucket 分配，当前节点数: 4
1776092032.911558 DEBUG: [kua.bidder] 重新计算 bucket 分配，当前节点数: 4
1776092035.914520 DEBUG: [kua.bidder] 重新计算 bucket 分配，当前节点数: 4
1776092038.914917 DEBUG: [kua.bidder] 重新计算 bucket 分配，当前节点数: 4
1776092041.915295 DEBUG: [kua.bidder] 重新计算 bucket 分配，当前节点数: 4
1776092044.915699 DEBUG: [kua.bidder] 重新计算 bucket 分配，当前节点数: 4
1776092047.916751 DEBUG: [kua.bidder] 重新计算 bucket 分配，当前节点数: 4
1776092050.917129 DEBUG: [kua.bidder] 重新计算 bucket 分配，当前节点数: 4
1776092053.917465 DEBUG: [kua.bidder] 重新计算 bucket 分配，当前节点数: 4
1776092056.917756 DEBUG: [kua.bidder] 重新计算 bucket 分配，当前节点数: 4
1776092059.918087 DEBUG: [kua.bidder] 重新计算 bucket 分配，当前节点数: 4
1776092062.918322 DEBUG: [kua.bidder] 重新计算 bucket 分配，当前节点数: 4
1776092065.918627 DEBUG: [kua.bidder] 重新计算 bucket 分配，当前节点数: 4
1776092068.919059 DEBUG: [kua.bidder] 重新计算 bucket 分配，当前节点数: 4
1776092071.919291 DEBUG: [kua.bidder] 重新计算 bucket 分配，当前节点数: 4
1776092074.921267 DEBUG: [kua.bidder] 重新计算 bucket 分配，当前节点数: 4
1776092077.921446 DEBUG: [kua.bidder] 重新计算 bucket 分配，当前节点数: 4
1776092080.921793 DEBUG: [kua.bidder] 重新计算 bucket 分配，当前节点数: 4
1776092083.922183 DEBUG: [kua.bidder] 重新计算 bucket 分配，当前节点数: 4
1776092086.922581 DEBUG: [kua.bidder] 重新计算 bucket 分配，当前节点数: 4
1776092089.937379 DEBUG: [kua.bidder] 重新计算 bucket 分配，当前节点数: 4
1776092092.938503 DEBUG: [kua.bidder] 重新计算 bucket 分配，当前节点数: 4
1776092095.940113 DEBUG: [kua.bidder] 重新计算 bucket 分配，当前节点数: 4
1776092098.940432 DEBUG: [kua.bidder] 重新计算 bucket 分配，当前节点数: 4
1776092101.940656 DEBUG: [kua.bidder] 重新计算 bucket 分配，当前节点数: 4
1776092104.941008 DEBUG: [kua.bidder] 重新计算 bucket 分配，当前节点数: 4
1776092107.941250 DEBUG: [kua.bidder] 重新计算 bucket 分配，当前节点数: 4
1776092110.941468 DEBUG: [kua.bidder] 重新计算 bucket 分配，当前节点数: 4
1776092113.941973 DEBUG: [kua.bidder] 重新计算 bucket 分配，当前节点数: 4
1776092116.942281 DEBUG: [kua.bidder] 重新计算 bucket 分配，当前节点数: 4
1776092119.942509 DEBUG: [kua.bidder] 重新计算 bucket 分配，当前节点数: 4
1776092122.942837 DEBUG: [kua.bidder] 重新计算 bucket 分配，当前节点数: 4
1776092125.943089 DEBUG: [kua.bidder] 重新计算 bucket 分配，当前节点数: 4
1776092128.943932 DEBUG: [kua.bidder] 重新计算 bucket 分配，当前节点数: 4
1776092131.944202 DEBUG: [kua.bidder] 重新计算 bucket 分配，当前节点数: 4
1776092134.944591 DEBUG: [kua.bidder] 重新计算 bucket 分配，当前节点数: 4
1776092137.944860 DEBUG: [kua.bidder] 重新计算 bucket 分配，当前节点数: 4
1776092140.945297 DEBUG: [kua.bidder] 重新计算 bucket 分配，当前节点数: 4
1776092144.004059 DEBUG: [kua.bidder] 重新计算 bucket 分配，当前节点数: 4
1776092147.004521 DEBUG: [kua.bidder] 重新计算 bucket 分配，当前节点数: 4
1776092150.009049 DEBUG: [kua.bidder] 重新计算 bucket 分配，当前节点数: 4
1776092153.011601 DEBUG: [kua.bidder] 重新计算 bucket 分配，当前节点数: 4
1776092156.012460 DEBUG: [kua.bidder] 重新计算 bucket 分配，当前节点数: 4
1776092159.037095 DEBUG: [kua.bidder] 重新计算 bucket 分配，当前节点数: 4
1776092162.039369 DEBUG: [kua.bidder] 重新计算 bucket 分配，当前节点数: 4
1776092165.039689 DEBUG: [kua.bidder] 重新计算 bucket 分配，当前节点数: 4
1776092168.040440 DEBUG: [kua.bidder] 重新计算 bucket 分配，当前节点数: 4
1776092171.040740 DEBUG: [kua.bidder] 重新计算 bucket 分配，当前节点数: 4
1776092174.040972 DEBUG: [kua.bidder] 重新计算 bucket 分配，当前节点数: 4
1776092177.069179 DEBUG: [kua.bidder] 重新计算 bucket 分配，当前节点数: 4
1776092180.069455 DEBUG: [kua.bidder] 重新计算 bucket 分配，当前节点数: 4
1776092183.070765 DEBUG: [kua.bidder] 重新计算 bucket 分配，当前节点数: 4
1776092186.071318 DEBUG: [kua.bidder] 重新计算 bucket 分配，当前节点数: 4
1776092189.074455 DEBUG: [kua.bidder] 重新计算 bucket 分配，当前节点数: 4
1776092192.074900 DEBUG: [kua.bidder] 重新计算 bucket 分配，当前节点数: 4
1776092195.075369 DEBUG: [kua.bidder] 重新计算 bucket 分配，当前节点数: 4
1776092198.075708 DEBUG: [kua.bidder] 重新计算 bucket 分配，当前节点数: 4
1776092201.076043 DEBUG: [kua.bidder] 重新计算 bucket 分配，当前节点数: 4
1776092204.076537 DEBUG: [kua.bidder] 重新计算 bucket 分配，当前节点数: 4
1776092207.077230 DEBUG: [kua.bidder] 重新计算 bucket 分配，当前节点数: 4
1776092210.077565 DEBUG: [kua.bidder] 重新计算 bucket 分配，当前节点数: 4
1776092213.077841 DEBUG: [kua.bidder] 重新计算 bucket 分配，当前节点数: 4
1776092216.078108 DEBUG: [kua.bidder] 重新计算 bucket 分配，当前节点数: 4
1776092219.078414 DEBUG: [kua.bidder] 重新计算 bucket 分配，当前节点数: 4
1776092222.078858 DEBUG: [kua.bidder] 重新计算 bucket 分配，当前节点数: 4
1776092225.079205 DEBUG: [kua.bidder] 重新计算 bucket 分配，当前节点数: 4
1776092228.079499 DEBUG: [kua.bidder] 重新计算 bucket 分配，当前节点数: 4
1776092231.079911 DEBUG: [kua.bidder] 重新计算 bucket 分配，当前节点数: 4
1776092234.080332 DEBUG: [kua.bidder] 重新计算 bucket 分配，当前节点数: 4
1776092237.080625 DEBUG: [kua.bidder] 重新计算 bucket 分配，当前节点数: 4
1776092240.080962 DEBUG: [kua.bidder] 重新计算 bucket 分配，当前节点数: 4
1776092243.081275 DEBUG: [kua.bidder] 重新计算 bucket 分配，当前节点数: 4
1776092246.081574 DEBUG: [kua.bidder] 重新计算 bucket 分配，当前节点数: 4
1776092249.081898 DEBUG: [kua.bidder] 重新计算 bucket 分配，当前节点数: 4
1776092252.082266 DEBUG: [kua.bidder] 重新计算 bucket 分配，当前节点数: 4
1776092255.082559 DEBUG: [kua.bidder] 重新计算 bucket 分配，当前节点数: 4
1776092258.086964 DEBUG: [kua.bidder] 重新计算 bucket 分配，当前节点数: 4
1776092261.087381 DEBUG: [kua.bidder] 重新计算 bucket 分配，当前节点数: 4
1776092264.088848 DEBUG: [kua.bidder] 重新计算 bucket 分配，当前节点数: 4
1776092267.092528 DEBUG: [kua.bidder] 重新计算 bucket 分配，当前节点数: 4
1776092270.092940 DEBUG: [kua.bidder] 重新计算 bucket 分配，当前节点数: 4
1776092273.093291 DEBUG: [kua.bidder] 重新计算 bucket 分配，当前节点数: 4
1776092276.093602 DEBUG: [kua.bidder] 重新计算 bucket 分配，当前节点数: 4
1776092279.093934 DEBUG: [kua.bidder] 重新计算 bucket 分配，当前节点数: 4
1776092282.094483 DEBUG: [kua.bidder] 重新计算 bucket 分配，当前节点数: 4
1776092285.094945 DEBUG: [kua.bidder] 重新计算 bucket 分配，当前节点数: 4
1776092288.095322 DEBUG: [kua.bidder] 重新计算 bucket 分配，当前节点数: 4
1776092291.095625 DEBUG: [kua.bidder] 重新计算 bucket 分配，当前节点数: 4
1776092294.096034 DEBUG: [kua.bidder] 重新计算 bucket 分配，当前节点数: 4
1776092297.096503 DEBUG: [kua.bidder] 重新计算 bucket 分配，当前节点数: 4
1776092300.097186 DEBUG: [kua.bidder] 重新计算 bucket 分配，当前节点数: 4
1776092303.097439 DEBUG: [kua.bidder] 重新计算 bucket 分配，当前节点数: 4
1776092306.097766 DEBUG: [kua.bidder] 重新计算 bucket 分配，当前节点数: 4
1776092309.098120 DEBUG: [kua.bidder] 重新计算 bucket 分配，当前节点数: 4
1776092312.098718 DEBUG: [kua.bidder] 重新计算 bucket 分配，当前节点数: 4
1776092315.100174 DEBUG: [kua.bidder] 重新计算 bucket 分配，当前节点数: 4
1776092318.100575 DEBUG: [kua.bidder] 重新计算 bucket 分配，当前节点数: 4
1776092321.101199 DEBUG: [kua.bidder] 重新计算 bucket 分配，当前节点数: 4
1776092324.103198 DEBUG: [kua.bidder] 重新计算 bucket 分配，当前节点数: 4
1776092327.104075 DEBUG: [kua.bidder] 重新计算 bucket 分配，当前节点数: 4
1776092330.104473 DEBUG: [kua.bidder] 重新计算 bucket 分配，当前节点数: 4
1776092333.104886 DEBUG: [kua.bidder] 重新计算 bucket 分配，当前节点数: 4
1776092336.105416 DEBUG: [kua.bidder] 重新计算 bucket 分配，当前节点数: 4
1776092339.105800 DEBUG: [kua.bidder] 重新计算 bucket 分配，当前节点数: 4
1776092342.106169 DEBUG: [kua.bidder] 重新计算 bucket 分配，当前节点数: 4
1776092345.106600 DEBUG: [kua.bidder] 重新计算 bucket 分配，当前节点数: 4
1776092348.106949 DEBUG: [kua.bidder] 重新计算 bucket 分配，当前节点数: 4
1776092351.107390 DEBUG: [kua.bidder] 重新计算 bucket 分配，当前节点数: 4
1776092354.107693 DEBUG: [kua.bidder] 重新计算 bucket 分配，当前节点数: 4
1776092357.108004 DEBUG: [kua.bidder] 重新计算 bucket 分配，当前节点数: 4
1776092360.108879 DEBUG: [kua.bidder] 重新计算 bucket 分配，当前节点数: 4
1776092363.109390 DEBUG: [kua.bidder] 重新计算 bucket 分配，当前节点数: 4
1776092366.109817 DEBUG: [kua.bidder] 重新计算 bucket 分配，当前节点数: 4
1776092369.110311 DEBUG: [kua.bidder] 重新计算 bucket 分配，当前节点数: 4
1776092372.110613 DEBUG: [kua.bidder] 重新计算 bucket 分配，当前节点数: 4
1776092375.110839 DEBUG: [kua.bidder] 重新计算 bucket 分配，当前节点数: 4
1776092378.111131 DEBUG: [kua.bidder] 重新计算 bucket 分配，当前节点数: 4
1776092381.111422 DEBUG: [kua.bidder] 重新计算 bucket 分配，当前节点数: 4
1776092384.111649 DEBUG: [kua.bidder] 重新计算 bucket 分配，当前节点数: 4
1776092387.111969 DEBUG: [kua.bidder] 重新计算 bucket 分配，当前节点数: 4
1776092390.112322 DEBUG: [kua.bidder] 重新计算 bucket 分配，当前节点数: 4
1776092393.112635 DEBUG: [kua.bidder] 重新计算 bucket 分配，当前节点数: 4
1776092396.112949 DEBUG: [kua.bidder] 重新计算 bucket 分配，当前节点数: 4
1776092399.140060 DEBUG: [kua.bidder] 重新计算 bucket 分配，当前节点数: 4
1776092402.140284 DEBUG: [kua.bidder] 重新计算 bucket 分配，当前节点数: 4
1776092405.140671 DEBUG: [kua.bidder] 重新计算 bucket 分配，当前节点数: 4
1776092408.141035 DEBUG: [kua.bidder] 重新计算 bucket 分配，当前节点数: 4
1776092411.141423 DEBUG: [kua.bidder] 重新计算 bucket 分配，当前节点数: 4
1776092414.142025 DEBUG: [kua.bidder] 重新计算 bucket 分配，当前节点数: 4
1776092417.142410 DEBUG: [kua.bidder] 重新计算 bucket 分配，当前节点数: 4
1776092420.142667 DEBUG: [kua.bidder] 重新计算 bucket 分配，当前节点数: 4
1776092423.142987 DEBUG: [kua.bidder] 重新计算 bucket 分配，当前节点数: 4
1776092426.143384 DEBUG: [kua.bidder] 重新计算 bucket 分配，当前节点数: 4
1776092429.143650 DEBUG: [kua.bidder] 重新计算 bucket 分配，当前节点数: 4
1776092432.143949 DEBUG: [kua.bidder] 重新计算 bucket 分配，当前节点数: 4
1776092435.144536 DEBUG: [kua.bidder] 重新计算 bucket 分配，当前节点数: 4
1776092438.144789 DEBUG: [kua.bidder] 重新计算 bucket 分配，当前节点数: 4
1776092441.145114 DEBUG: [kua.bidder] 重新计算 bucket 分配，当前节点数: 4
1776092444.145555 DEBUG: [kua.bidder] 重新计算 bucket 分配，当前节点数: 4
1776092447.145833 DEBUG: [kua.bidder] 重新计算 bucket 分配，当前节点数: 4
1776092450.146139 DEBUG: [kua.bidder] 重新计算 bucket 分配，当前节点数: 4
1776092453.146407 DEBUG: [kua.bidder] 重新计算 bucket 分配，当前节点数: 4
1776092456.146727 DEBUG: [kua.bidder] 重新计算 bucket 分配，当前节点数: 4
1776092458.812365 DEBUG: [kua.worker] 收到请求 : #0 : /four/%00/%00%04%00%02
1776092458.813762 DEBUG: [kua.worker] 收到请求 : #1 : /four/%01/%00%04%00%02
1776092458.815259 DEBUG: [kua.worker] 收到请求 : #2 : /four/%02/%00%04%00%02
1776092458.816691 DEBUG: [kua.worker] 收到请求 : #3 : /four/%03/%00%04%00%02
1776092459.147042 DEBUG: [kua.bidder] 重新计算 bucket 分配，当前节点数: 4
1776092462.148864 DEBUG: [kua.bidder] 重新计算 bucket 分配，当前节点数: 4
1776092465.151091 DEBUG: [kua.bidder] 重新计算 bucket 分配，当前节点数: 4
1776092468.152532 DEBUG: [kua.bidder] 重新计算 bucket 分配，当前节点数: 4
1776092471.152780 DEBUG: [kua.bidder] 重新计算 bucket 分配，当前节点数: 4
1776092474.153165 DEBUG: [kua.bidder] 重新计算 bucket 分配，当前节点数: 4
1776092477.154199 DEBUG: [kua.bidder] 重新计算 bucket 分配，当前节点数: 4
1776092480.154698 DEBUG: [kua.bidder] 重新计算 bucket 分配，当前节点数: 4
1776092483.154972 DEBUG: [kua.bidder] 重新计算 bucket 分配，当前节点数: 4
1776092486.155529 DEBUG: [kua.bidder] 重新计算 bucket 分配，当前节点数: 4
1776092489.155800 DEBUG: [kua.bidder] 重新计算 bucket 分配，当前节点数: 4
1776092492.156158 DEBUG: [kua.bidder] 重新计算 bucket 分配，当前节点数: 4
1776092495.156449 DEBUG: [kua.bidder] 重新计算 bucket 分配，当前节点数: 4
1776092498.156713 DEBUG: [kua.bidder] 重新计算 bucket 分配，当前节点数: 4
1776092501.156973 DEBUG: [kua.bidder] 重新计算 bucket 分配，当前节点数: 4
1776092504.157257 DEBUG: [kua.bidder] 重新计算 bucket 分配，当前节点数: 4
1776092507.157573 DEBUG: [kua.bidder] 重新计算 bucket 分配，当前节点数: 4
1776092510.158204 DEBUG: [kua.bidder] 重新计算 bucket 分配，当前节点数: 4
1776092513.158538 DEBUG: [kua.bidder] 重新计算 bucket 分配，当前节点数: 4
1776092516.158827 DEBUG: [kua.bidder] 重新计算 bucket 分配，当前节点数: 4
1776092519.159144 DEBUG: [kua.bidder] 重新计算 bucket 分配，当前节点数: 4
1776092522.159750 DEBUG: [kua.bidder] 重新计算 bucket 分配，当前节点数: 4
1776092525.160025 DEBUG: [kua.bidder] 重新计算 bucket 分配，当前节点数: 4
1776092528.165310 DEBUG: [kua.bidder] 重新计算 bucket 分配，当前节点数: 4
1776092531.166329 DEBUG: [kua.bidder] 重新计算 bucket 分配，当前节点数: 4
1776092534.166684 DEBUG: [kua.bidder] 重新计算 bucket 分配，当前节点数: 4
1776092537.167122 DEBUG: [kua.bidder] 重新计算 bucket 分配，当前节点数: 4
1776092540.167392 DEBUG: [kua.bidder] 重新计算 bucket 分配，当前节点数: 4
1776092543.167813 DEBUG: [kua.bidder] 重新计算 bucket 分配，当前节点数: 4
1776092546.169663 DEBUG: [kua.bidder] 重新计算 bucket 分配，当前节点数: 4
1776092549.170114 DEBUG: [kua.bidder] 重新计算 bucket 分配，当前节点数: 4
1776092552.172304 DEBUG: [kua.bidder] 重新计算 bucket 分配，当前节点数: 4
1776092555.174586 DEBUG: [kua.bidder] 重新计算 bucket 分配，当前节点数: 4
1776092558.176258 DEBUG: [kua.bidder] 重新计算 bucket 分配，当前节点数: 4
1776092561.176654 DEBUG: [kua.bidder] 重新计算 bucket 分配，当前节点数: 4
1776092564.177611 DEBUG: [kua.bidder] 重新计算 bucket 分配，当前节点数: 4
1776092567.179331 DEBUG: [kua.bidder] 重新计算 bucket 分配，当前节点数: 4
1776092570.179996 DEBUG: [kua.bidder] 重新计算 bucket 分配，当前节点数: 4
1776092573.180230 DEBUG: [kua.bidder] 重新计算 bucket 分配，当前节点数: 4
