1776091892.814292  INFO: [kua.nodewatcher] 构造 NodeWatcher
1776091892.819345  INFO: [kua.bidder] 构造 Bidder
1776091897.819633 DEBUG: [kua.bidder] 重新计算 bucket 分配，当前节点数: 4
1776091897.819780  INFO: [kua.bidder] 本地节点成为 bucket 0 的所有者
1776091897.821329  INFO: [kua.worker] 构造 worker #0 /one
1776091897.825742  INFO: [kua.bidder] 本地节点成为 bucket 1 的所有者
1776091897.826730  INFO: [kua.worker] 构造 worker #1 /one
1776091897.832000  INFO: [kua.bidder] 本地节点成为 bucket 3 的所有者
1776091897.833016  INFO: [kua.worker] 构造 worker #3 /one
1776091900.835501 DEBUG: [kua.bidder] 重新计算 bucket 分配，当前节点数: 4
1776091903.835807 DEBUG: [kua.bidder] 重新计算 bucket 分配，当前节点数: 4
1776091906.836131 DEBUG: [kua.bidder] 重新计算 bucket 分配，当前节点数: 4
1776091909.836386 DEBUG: [kua.bidder] 重新计算 bucket 分配，当前节点数: 4
1776091912.836684 DEBUG: [kua.bidder] 重新计算 bucket 分配，当前节点数: 4
1776091915.837987 DEBUG: [kua.bidder] 重新计算 bucket 分配，当前节点数: 4
1776091918.838364 DEBUG: [kua.bidder] 重新计算 bucket 分配，当前节点数: 3
1776091918.838500  INFO: [kua.worker] bucket #0 无需迁移数据（names: 0, owners: 1）
1776091918.838541  INFO: [kua.bidder] 本地节点成为 bucket 2 的所有者
1776091918.840074  INFO: [kua.worker] 构造 worker #2 /one
1776091918.844238  INFO: [kua.worker] bucket #3 无需迁移数据（names: 0, owners: 1）
1776091921.844435 DEBUG: [kua.bidder] 重新计算 bucket 分配，当前节点数: 4
1776091921.844551  INFO: [kua.worker] bucket #0 无需迁移数据（names: 0, owners: 1）
1776091921.844593  INFO: [kua.worker] bucket #2 无需迁移数据（names: 0, owners: 3）
1776091921.844614  INFO: [kua.worker] bucket #3 无需迁移数据（names: 0, owners: 1）
1776091924.850789 DEBUG: [kua.bidder] 重新计算 bucket 分配，当前节点数: 4
1776091927.851271 DEBUG: [kua.bidder] 重新计算 bucket 分配，当前节点数: 4
1776091930.851585 DEBUG: [kua.bidder] 重新计算 bucket 分配，当前节点数: 4
1776091931.844978  INFO: [kua.worker] 停止 worker #0 (/one)，包含 0 条数据
1776091933.851914 DEBUG: [kua.bidder] 重新计算 bucket 分配，当前节点数: 4
1776091936.852282 DEBUG: [kua.bidder] 重新计算 bucket 分配，当前节点数: 4
1776091939.852650 DEBUG: [kua.bidder] 重新计算 bucket 分配，当前节点数: 4
1776091942.852963 DEBUG: [kua.bidder] 重新计算 bucket 分配，当前节点数: 4
1776091945.853300 DEBUG: [kua.bidder] 重新计算 bucket 分配，当前节点数: 4
1776091948.853605 DEBUG: [kua.bidder] 重新计算 bucket 分配，当前节点数: 4
1776091951.853892 DEBUG: [kua.bidder] 重新计算 bucket 分配，当前节点数: 4
1776091954.854255 DEBUG: [kua.bidder] 重新计算 bucket 分配，当前节点数: 4
1776091957.854696 DEBUG: [kua.bidder] 重新计算 bucket 分配，当前节点数: 4
1776091960.854968 DEBUG: [kua.bidder] 重新计算 bucket 分配，当前节点数: 4
1776091963.855255 DEBUG: [kua.bidder] 重新计算 bucket 分配，当前节点数: 4
1776091966.855488 DEBUG: [kua.bidder] 重新计算 bucket 分配，当前节点数: 4
1776091969.857503 DEBUG: [kua.bidder] 重新计算 bucket 分配，当前节点数: 4
1776091972.857752 DEBUG: [kua.bidder] 重新计算 bucket 分配，当前节点数: 4
1776091975.858102 DEBUG: [kua.bidder] 重新计算 bucket 分配，当前节点数: 4
1776091978.867798 DEBUG: [kua.bidder] 重新计算 bucket 分配，当前节点数: 4
1776091981.874452 DEBUG: [kua.bidder] 重新计算 bucket 分配，当前节点数: 4
1776091984.874738 DEBUG: [kua.bidder] 重新计算 bucket 分配，当前节点数: 4
1776091987.875027 DEBUG: [kua.bidder] 重新计算 bucket 分配，当前节点数: 4
1776091990.875701 DEBUG: [kua.bidder] 重新计算 bucket 分配，当前节点数: 4
1776091993.876000 DEBUG: [kua.bidder] 重新计算 bucket 分配，当前节点数: 4
1776091996.876346 DEBUG: [kua.bidder] 重新计算 bucket 分配，当前节点数: 4
1776091999.878468 DEBUG: [kua.bidder] 重新计算 bucket 分配，当前节点数: 4
1776092002.883666 DEBUG: [kua.bidder] 重新计算 bucket 分配，当前节点数: 4
1776092005.884021 DEBUG: [kua.bidder] 重新计算 bucket 分配，当前节点数: 4
1776092008.885023 DEBUG: [kua.bidder] 重新计算 bucket 分配，当前节点数: 4
1776092011.886631 DEBUG: [kua.bidder] 重新计算 bucket 分配，当前节点数: 4
1776092014.887007 DEBUG: [kua.bidder] 重新计算 bucket 分配，当前节点数: 4
1776092017.887616 DEBUG: [kua.bidder] 重新计算 bucket 分配，当前节点数: 4
1776092020.888096 DEBUG: [kua.bidder] 重新计算 bucket 分配，当前节点数: 4
1776092023.889343 DEBUG: [kua.bidder] 重新计算 bucket 分配，当前节点数: 4
1776092026.889591 DEBUG: [kua.bidder] 重新计算 bucket 分配，当前节点数: 4
1776092029.890235 DEBUG: [kua.bidder] 重新计算 bucket 分配，当前节点数: 4
1776092032.895858 DEBUG: [kua.bidder] 重新计算 bucket 分配，当前节点数: 4
1776092035.897774 DEBUG: [kua.bidder] 重新计算 bucket 分配，当前节点数: 4
1776092038.898312 DEBUG: [kua.bidder] 重新计算 bucket 分配，当前节点数: 4
1776092041.898597 DEBUG: [kua.bidder] 重新计算 bucket 分配，当前节点数: 4
1776092044.899050 DEBUG: [kua.bidder] 重新计算 bucket 分配，当前节点数: 4
1776092047.899396 DEBUG: [kua.bidder] 重新计算 bucket 分配，当前节点数: 4
1776092050.899824 DEBUG: [kua.bidder] 重新计算 bucket 分配，当前节点数: 4
1776092053.900299 DEBUG: [kua.bidder] 重新计算 bucket 分配，当前节点数: 4
1776092056.902213 DEBUG: [kua.bidder] 重新计算 bucket 分配，当前节点数: 4
1776092059.907296 DEBUG: [kua.bidder] 重新计算 bucket 分配，当前节点数: 4
1776092062.907575 DEBUG: [kua.bidder] 重新计算 bucket 分配，当前节点数: 4
1776092065.907915 DEBUG: [kua.bidder] 重新计算 bucket 分配，当前节点数: 4
1776092068.908383 DEBUG: [kua.bidder] 重新计算 bucket 分配，当前节点数: 4
1776092071.913475 DEBUG: [kua.bidder] 重新计算 bucket 分配，当前节点数: 4
1776092074.920928 DEBUG: [kua.bidder] 重新计算 bucket 分配，当前节点数: 4
1776092077.921186 DEBUG: [kua.bidder] 重新计算 bucket 分配，当前节点数: 4
1776092080.921485 DEBUG: [kua.bidder] 重新计算 bucket 分配，当前节点数: 4
1776092083.921896 DEBUG: [kua.bidder] 重新计算 bucket 分配，当前节点数: 4
1776092086.922463 DEBUG: [kua.bidder] 重新计算 bucket 分配，当前节点数: 4
1776092089.932577 DEBUG: [kua.bidder] 重新计算 bucket 分配，当前节点数: 4
1776092092.932821 DEBUG: [kua.bidder] 重新计算 bucket 分配，当前节点数: 4
1776092095.933204 DEBUG: [kua.bidder] 重新计算 bucket 分配，当前节点数: 4
1776092098.934122 DEBUG: [kua.bidder] 重新计算 bucket 分配，当前节点数: 4
1776092101.934396 DEBUG: [kua.bidder] 重新计算 bucket 分配，当前节点数: 4
1776092104.934746 DEBUG: [kua.bidder] 重新计算 bucket 分配，当前节点数: 4
1776092107.935587 DEBUG: [kua.bidder] 重新计算 bucket 分配，当前节点数: 4
1776092110.937223 DEBUG: [kua.bidder] 重新计算 bucket 分配，当前节点数: 4
1776092113.941131 DEBUG: [kua.bidder] 重新计算 bucket 分配，当前节点数: 4
1776092116.941540 DEBUG: [kua.bidder] 重新计算 bucket 分配，当前节点数: 4
1776092119.941865 DEBUG: [kua.bidder] 重新计算 bucket 分配，当前节点数: 4
1776092122.942182 DEBUG: [kua.bidder] 重新计算 bucket 分配，当前节点数: 4
1776092125.942479 DEBUG: [kua.bidder] 重新计算 bucket 分配，当前节点数: 4
1776092128.942741 DEBUG: [kua.bidder] 重新计算 bucket 分配，当前节点数: 4
1776092131.943337 DEBUG: [kua.bidder] 重新计算 bucket 分配，当前节点数: 4
1776092134.943759 DEBUG: [kua.bidder] 重新计算 bucket 分配，当前节点数: 4
1776092137.944173 DEBUG: [kua.bidder] 重新计算 bucket 分配，当前节点数: 4
1776092140.944502 DEBUG: [kua.bidder] 重新计算 bucket 分配，当前节点数: 4
1776092144.006443 DEBUG: [kua.bidder] 重新计算 bucket 分配，当前节点数: 4
1776092147.006645 DEBUG: [kua.bidder] 重新计算 bucket 分配，当前节点数: 4
1776092150.008059 DEBUG: [kua.bidder] 重新计算 bucket 分配，当前节点数: 4
1776092153.008411 DEBUG: [kua.bidder] 重新计算 bucket 分配，当前节点数: 4
1776092156.008898 DEBUG: [kua.bidder] 重新计算 bucket 分配，当前节点数: 4
1776092159.013005 DEBUG: [kua.bidder] 重新计算 bucket 分配，当前节点数: 4
1776092162.013763 DEBUG: [kua.bidder] 重新计算 bucket 分配，当前节点数: 4
1776092165.014294 DEBUG: [kua.bidder] 重新计算 bucket 分配，当前节点数: 4
1776092168.036109 DEBUG: [kua.bidder] 重新计算 bucket 分配，当前节点数: 4
1776092171.037334 DEBUG: [kua.bidder] 重新计算 bucket 分配，当前节点数: 4
1776092174.037992 DEBUG: [kua.bidder] 重新计算 bucket 分配，当前节点数: 4
1776092177.068782 DEBUG: [kua.bidder] 重新计算 bucket 分配，当前节点数: 4
1776092180.069306 DEBUG: [kua.bidder] 重新计算 bucket 分配，当前节点数: 4
1776092183.070726 DEBUG: [kua.bidder] 重新计算 bucket 分配，当前节点数: 4
1776092186.071124 DEBUG: [kua.bidder] 重新计算 bucket 分配，当前节点数: 4
1776092189.074575 DEBUG: [kua.bidder] 重新计算 bucket 分配，当前节点数: 4
1776092192.074900 DEBUG: [kua.bidder] 重新计算 bucket 分配，当前节点数: 4
1776092195.075692 DEBUG: [kua.bidder] 重新计算 bucket 分配，当前节点数: 4
1776092198.075992 DEBUG: [kua.bidder] 重新计算 bucket 分配，当前节点数: 4
1776092201.076328 DEBUG: [kua.bidder] 重新计算 bucket 分配，当前节点数: 4
1776092204.076777 DEBUG: [kua.bidder] 重新计算 bucket 分配，当前节点数: 4
1776092207.077529 DEBUG: [kua.bidder] 重新计算 bucket 分配，当前节点数: 4
1776092210.078029 DEBUG: [kua.bidder] 重新计算 bucket 分配，当前节点数: 4
1776092213.078260 DEBUG: [kua.bidder] 重新计算 bucket 分配，当前节点数: 4
1776092216.078473 DEBUG: [kua.bidder] 重新计算 bucket 分配，当前节点数: 4
1776092219.078717 DEBUG: [kua.bidder] 重新计算 bucket 分配，当前节点数: 4
1776092222.079224 DEBUG: [kua.bidder] 重新计算 bucket 分配，当前节点数: 4
1776092225.079602 DEBUG: [kua.bidder] 重新计算 bucket 分配，当前节点数: 4
1776092228.079868 DEBUG: [kua.bidder] 重新计算 bucket 分配，当前节点数: 4
1776092231.080375 DEBUG: [kua.bidder] 重新计算 bucket 分配，当前节点数: 4
1776092234.080670 DEBUG: [kua.bidder] 重新计算 bucket 分配，当前节点数: 4
1776092237.081067 DEBUG: [kua.bidder] 重新计算 bucket 分配，当前节点数: 4
1776092240.081551 DEBUG: [kua.bidder] 重新计算 bucket 分配，当前节点数: 4
1776092243.081714 DEBUG: [kua.bidder] 重新计算 bucket 分配，当前节点数: 4
1776092246.082683 DEBUG: [kua.bidder] 重新计算 bucket 分配，当前节点数: 4
1776092249.082864 DEBUG: [kua.bidder] 重新计算 bucket 分配，当前节点数: 4
1776092252.085596 DEBUG: [kua.bidder] 重新计算 bucket 分配，当前节点数: 4
1776092255.088319 DEBUG: [kua.bidder] 重新计算 bucket 分配，当前节点数: 4
1776092258.088655 DEBUG: [kua.bidder] 重新计算 bucket 分配，当前节点数: 4
1776092261.088965 DEBUG: [kua.bidder] 重新计算 bucket 分配，当前节点数: 4
1776092264.092143 DEBUG: [kua.bidder] 重新计算 bucket 分配，当前节点数: 4
1776092267.092550 DEBUG: [kua.bidder] 重新计算 bucket 分配，当前节点数: 4
1776092270.092940 DEBUG: [kua.bidder] 重新计算 bucket 分配，当前节点数: 4
1776092273.093290 DEBUG: [kua.bidder] 重新计算 bucket 分配，当前节点数: 4
1776092276.093602 DEBUG: [kua.bidder] 重新计算 bucket 分配，当前节点数: 4
1776092279.094289 DEBUG: [kua.bidder] 重新计算 bucket 分配，当前节点数: 4
1776092282.094591 DEBUG: [kua.bidder] 重新计算 bucket 分配，当前节点数: 4
1776092285.095129 DEBUG: [kua.bidder] 重新计算 bucket 分配，当前节点数: 4
1776092288.095395 DEBUG: [kua.bidder] 重新计算 bucket 分配，当前节点数: 4
1776092291.095641 DEBUG: [kua.bidder] 重新计算 bucket 分配，当前节点数: 4
1776092294.096059 DEBUG: [kua.bidder] 重新计算 bucket 分配，当前节点数: 4
1776092297.096827 DEBUG: [kua.bidder] 重新计算 bucket 分配，当前节点数: 4
1776092300.097191 DEBUG: [kua.bidder] 重新计算 bucket 分配，当前节点数: 4
1776092303.100363 DEBUG: [kua.bidder] 重新计算 bucket 分配，当前节点数: 4
1776092306.101225 DEBUG: [kua.bidder] 重新计算 bucket 分配，当前节点数: 4
1776092309.101609 DEBUG: [kua.bidder] 重新计算 bucket 分配，当前节点数: 4
1776092312.102275 DEBUG: [kua.bidder] 重新计算 bucket 分配，当前节点数: 4
1776092315.102534 DEBUG: [kua.bidder] 重新计算 bucket 分配，当前节点数: 4
1776092318.102909 DEBUG: [kua.bidder] 重新计算 bucket 分配，当前节点数: 4
1776092321.103216 DEBUG: [kua.bidder] 重新计算 bucket 分配，当前节点数: 4
1776092324.104775 DEBUG: [kua.bidder] 重新计算 bucket 分配，当前节点数: 4
1776092327.105073 DEBUG: [kua.bidder] 重新计算 bucket 分配，当前节点数: 4
1776092330.105533 DEBUG: [kua.bidder] 重新计算 bucket 分配，当前节点数: 4
1776092333.105795 DEBUG: [kua.bidder] 重新计算 bucket 分配，当前节点数: 4
1776092336.106134 DEBUG: [kua.bidder] 重新计算 bucket 分配，当前节点数: 4
1776092339.106404 DEBUG: [kua.bidder] 重新计算 bucket 分配，当前节点数: 4
1776092342.106652 DEBUG: [kua.bidder] 重新计算 bucket 分配，当前节点数: 4
1776092345.106901 DEBUG: [kua.bidder] 重新计算 bucket 分配，当前节点数: 4
1776092348.107196 DEBUG: [kua.bidder] 重新计算 bucket 分配，当前节点数: 4
1776092351.107546 DEBUG: [kua.bidder] 重新计算 bucket 分配，当前节点数: 4
1776092354.107842 DEBUG: [kua.bidder] 重新计算 bucket 分配，当前节点数: 4
1776092357.108161 DEBUG: [kua.bidder] 重新计算 bucket 分配，当前节点数: 4
1776092360.108785 DEBUG: [kua.bidder] 重新计算 bucket 分配，当前节点数: 4
1776092363.109253 DEBUG: [kua.bidder] 重新计算 bucket 分配，当前节点数: 4
1776092366.109553 DEBUG: [kua.bidder] 重新计算 bucket 分配，当前节点数: 4
1776092369.109854 DEBUG: [kua.bidder] 重新计算 bucket 分配，当前节点数: 4
1776092372.110333 DEBUG: [kua.bidder] 重新计算 bucket 分配，当前节点数: 4
1776092375.110622 DEBUG: [kua.bidder] 重新计算 bucket 分配，当前节点数: 4
1776092378.110873 DEBUG: [kua.bidder] 重新计算 bucket 分配，当前节点数: 4
1776092381.111172 DEBUG: [kua.bidder] 重新计算 bucket 分配，当前节点数: 4
1776092384.111437 DEBUG: [kua.bidder] 重新计算 bucket 分配，当前节点数: 4
1776092387.111706 DEBUG: [kua.bidder] 重新计算 bucket 分配，当前节点数: 4
1776092390.111994 DEBUG: [kua.bidder] 重新计算 bucket 分配，当前节点数: 4
1776092393.112472 DEBUG: [kua.bidder] 重新计算 bucket 分配，当前节点数: 4
1776092396.112868 DEBUG: [kua.bidder] 重新计算 bucket 分配，当前节点数: 4
1776092399.114477 DEBUG: [kua.bidder] 重新计算 bucket 分配，当前节点数: 4
1776092402.118248 DEBUG: [kua.bidder] 重新计算 bucket 分配，当前节点数: 4
1776092405.121219 DEBUG: [kua.bidder] 重新计算 bucket 分配，当前节点数: 4
1776092408.121555 DEBUG: [kua.bidder] 重新计算 bucket 分配，当前节点数: 4
1776092411.121889 DEBUG: [kua.bidder] 重新计算 bucket 分配，当前节点数: 4
1776092414.122488 DEBUG: [kua.bidder] 重新计算 bucket 分配，当前节点数: 4
1776092417.122822 DEBUG: [kua.bidder] 重新计算 bucket 分配，当前节点数: 4
1776092420.123189 DEBUG: [kua.bidder] 重新计算 bucket 分配，当前节点数: 4
1776092423.123493 DEBUG: [kua.bidder] 重新计算 bucket 分配，当前节点数: 4
1776092426.123870 DEBUG: [kua.bidder] 重新计算 bucket 分配，当前节点数: 4
1776092429.124236 DEBUG: [kua.bidder] 重新计算 bucket 分配，当前节点数: 4
1776092432.124742 DEBUG: [kua.bidder] 重新计算 bucket 分配，当前节点数: 4
1776092435.125124 DEBUG: [kua.bidder] 重新计算 bucket 分配，当前节点数: 4
1776092438.125741 DEBUG: [kua.bidder] 重新计算 bucket 分配，当前节点数: 4
1776092441.126204 DEBUG: [kua.bidder] 重新计算 bucket 分配，当前节点数: 4
1776092444.127324 DEBUG: [kua.bidder] 重新计算 bucket 分配，当前节点数: 4
1776092447.127714 DEBUG: [kua.bidder] 重新计算 bucket 分配，当前节点数: 4
1776092450.128015 DEBUG: [kua.bidder] 重新计算 bucket 分配，当前节点数: 4
1776092453.128395 DEBUG: [kua.bidder] 重新计算 bucket 分配，当前节点数: 4
1776092456.128804 DEBUG: [kua.bidder] 重新计算 bucket 分配，当前节点数: 4
1776092458.811103 DEBUG: [kua.worker] 收到请求 : #0 : /kua/%00/%00%04%00%00
1776092458.811360 DEBUG: [kua.worker] 收到请求 : #0 : /one/%00/%00%04%00%02
1776092458.811472 DEBUG: [kua.worker] 收到请求 : #0 : /two/%00/%00%04%00%02
1776092458.811556 DEBUG: [kua.worker] 收到请求 : #0 : /four/%00/%00%04%00%02
1776092458.812976 DEBUG: [kua.worker] 收到请求 : #1 : /kua/%01/%00%04%00%00
1776092458.813136 DEBUG: [kua.worker] 收到请求 : #1 : /one/%01/%00%04%00%02
1776092458.813171 DEBUG: [kua.worker] 收到请求 : #1 : /four/%01/%00%04%00%02
1776092458.813180 DEBUG: [kua.worker] 收到请求 : #1 : /three/%01/%00%04%00%02
1776092458.816018 DEBUG: [kua.worker] 收到请求 : #3 : /kua/%03/%00%04%00%00
1776092458.816245 DEBUG: [kua.worker] 收到请求 : #3 : /one/%03/%00%04%00%02
1776092458.816334 DEBUG: [kua.worker] 收到请求 : #3 : /two/%03/%00%04%00%02
1776092458.816362 DEBUG: [kua.worker] 收到请求 : #3 : /four/%03/%00%04%00%02
1776092459.129142 DEBUG: [kua.bidder] 重新计算 bucket 分配，当前节点数: 4
1776092462.129696 DEBUG: [kua.bidder] 重新计算 bucket 分配，当前节点数: 4
1776092465.130070 DEBUG: [kua.bidder] 重新计算 bucket 分配，当前节点数: 4
1776092468.130402 DEBUG: [kua.bidder] 重新计算 bucket 分配，当前节点数: 4
1776092471.131709 DEBUG: [kua.bidder] 重新计算 bucket 分配，当前节点数: 4
1776092474.132019 DEBUG: [kua.bidder] 重新计算 bucket 分配，当前节点数: 4
1776092477.132412 DEBUG: [kua.bidder] 重新计算 bucket 分配，当前节点数: 4
1776092480.132850 DEBUG: [kua.bidder] 重新计算 bucket 分配，当前节点数: 4
1776092483.133238 DEBUG: [kua.bidder] 重新计算 bucket 分配，当前节点数: 4
1776092486.133593 DEBUG: [kua.bidder] 重新计算 bucket 分配，当前节点数: 4
1776092489.133917 DEBUG: [kua.bidder] 重新计算 bucket 分配，当前节点数: 4
1776092492.134799 DEBUG: [kua.bidder] 重新计算 bucket 分配，当前节点数: 4
1776092495.135168 DEBUG: [kua.bidder] 重新计算 bucket 分配，当前节点数: 4
1776092498.135451 DEBUG: [kua.bidder] 重新计算 bucket 分配，当前节点数: 4
1776092501.136113 DEBUG: [kua.bidder] 重新计算 bucket 分配，当前节点数: 4
1776092504.136542 DEBUG: [kua.bidder] 重新计算 bucket 分配，当前节点数: 4
1776092507.137249 DEBUG: [kua.bidder] 重新计算 bucket 分配，当前节点数: 4
1776092510.137570 DEBUG: [kua.bidder] 重新计算 bucket 分配，当前节点数: 4
1776092513.138132 DEBUG: [kua.bidder] 重新计算 bucket 分配，当前节点数: 4
1776092516.138542 DEBUG: [kua.bidder] 重新计算 bucket 分配，当前节点数: 4
1776092519.142553 DEBUG: [kua.bidder] 重新计算 bucket 分配，当前节点数: 4
1776092522.142971 DEBUG: [kua.bidder] 重新计算 bucket 分配，当前节点数: 4
1776092525.143561 DEBUG: [kua.bidder] 重新计算 bucket 分配，当前节点数: 4
1776092528.147898 DEBUG: [kua.bidder] 重新计算 bucket 分配，当前节点数: 4
1776092531.148562 DEBUG: [kua.bidder] 重新计算 bucket 分配，当前节点数: 4
1776092534.156148 DEBUG: [kua.bidder] 重新计算 bucket 分配，当前节点数: 4
1776092537.156480 DEBUG: [kua.bidder] 重新计算 bucket 分配，当前节点数: 4
1776092540.156753 DEBUG: [kua.bidder] 重新计算 bucket 分配，当前节点数: 4
1776092543.157025 DEBUG: [kua.bidder] 重新计算 bucket 分配，当前节点数: 4
1776092546.160704 DEBUG: [kua.bidder] 重新计算 bucket 分配，当前节点数: 4
1776092549.163484 DEBUG: [kua.bidder] 重新计算 bucket 分配，当前节点数: 4
1776092552.165470 DEBUG: [kua.bidder] 重新计算 bucket 分配，当前节点数: 4
1776092555.165854 DEBUG: [kua.bidder] 重新计算 bucket 分配，当前节点数: 4
1776092558.166261 DEBUG: [kua.bidder] 重新计算 bucket 分配，当前节点数: 4
1776092561.166553 DEBUG: [kua.bidder] 重新计算 bucket 分配，当前节点数: 4
1776092564.167093 DEBUG: [kua.bidder] 重新计算 bucket 分配，当前节点数: 4
1776092567.169691 DEBUG: [kua.bidder] 重新计算 bucket 分配，当前节点数: 4
1776092570.169984 DEBUG: [kua.bidder] 重新计算 bucket 分配，当前节点数: 4
1776092573.170202 DEBUG: [kua.bidder] 重新计算 bucket 分配，当前节点数: 4
1776092576.170553 DEBUG: [kua.bidder] 重新计算 bucket 分配，当前节点数: 4
1776092579.170881 DEBUG: [kua.bidder] 重新计算 bucket 分配，当前节点数: 4
1776092582.171534 DEBUG: [kua.bidder] 重新计算 bucket 分配，当前节点数: 4
1776092585.172666 DEBUG: [kua.bidder] 重新计算 bucket 分配，当前节点数: 4
1776092588.173003 DEBUG: [kua.bidder] 重新计算 bucket 分配，当前节点数: 4
1776092591.174839 DEBUG: [kua.bidder] 重新计算 bucket 分配，当前节点数: 4
1776092594.177127 DEBUG: [kua.bidder] 重新计算 bucket 分配，当前节点数: 4
1776092597.177404 DEBUG: [kua.bidder] 重新计算 bucket 分配，当前节点数: 4
1776092600.177685 DEBUG: [kua.bidder] 重新计算 bucket 分配，当前节点数: 4
1776092603.177959 DEBUG: [kua.bidder] 重新计算 bucket 分配，当前节点数: 4
1776092606.178342 DEBUG: [kua.bidder] 重新计算 bucket 分配，当前节点数: 4
1776092609.178879 DEBUG: [kua.bidder] 重新计算 bucket 分配，当前节点数: 4
1776092612.179397 DEBUG: [kua.bidder] 重新计算 bucket 分配，当前节点数: 4
1776092615.179778 DEBUG: [kua.bidder] 重新计算 bucket 分配，当前节点数: 4
1776092618.180401 DEBUG: [kua.bidder] 重新计算 bucket 分配，当前节点数: 4
1776092621.180724 DEBUG: [kua.bidder] 重新计算 bucket 分配，当前节点数: 4
1776092624.181223 DEBUG: [kua.bidder] 重新计算 bucket 分配，当前节点数: 4
1776092627.181572 DEBUG: [kua.bidder] 重新计算 bucket 分配，当前节点数: 4
1776092630.182097 DEBUG: [kua.bidder] 重新计算 bucket 分配，当前节点数: 4
1776092633.182433 DEBUG: [kua.bidder] 重新计算 bucket 分配，当前节点数: 4
1776092636.182720 DEBUG: [kua.bidder] 重新计算 bucket 分配，当前节点数: 4
1776092639.182981 DEBUG: [kua.bidder] 重新计算 bucket 分配，当前节点数: 4
1776092642.183344 DEBUG: [kua.bidder] 重新计算 bucket 分配，当前节点数: 4
1776092645.183707 DEBUG: [kua.bidder] 重新计算 bucket 分配，当前节点数: 4
1776092648.184085 DEBUG: [kua.bidder] 重新计算 bucket 分配，当前节点数: 4
1776092651.184384 DEBUG: [kua.bidder] 重新计算 bucket 分配，当前节点数: 4
1776092654.184947 DEBUG: [kua.bidder] 重新计算 bucket 分配，当前节点数: 4
1776092657.185377 DEBUG: [kua.bidder] 重新计算 bucket 分配，当前节点数: 4
1776092660.185717 DEBUG: [kua.bidder] 重新计算 bucket 分配，当前节点数: 4
1776092663.186038 DEBUG: [kua.bidder] 重新计算 bucket 分配，当前节点数: 4
1776092666.186326 DEBUG: [kua.bidder] 重新计算 bucket 分配，当前节点数: 4
1776092669.186597 DEBUG: [kua.bidder] 重新计算 bucket 分配，当前节点数: 4
1776092672.186945 DEBUG: [kua.bidder] 重新计算 bucket 分配，当前节点数: 4
1776092675.187316 DEBUG: [kua.bidder] 重新计算 bucket 分配，当前节点数: 4
1776092678.187670 DEBUG: [kua.bidder] 重新计算 bucket 分配，当前节点数: 4
1776092681.189291 DEBUG: [kua.bidder] 重新计算 bucket 分配，当前节点数: 4
1776092684.189966 DEBUG: [kua.bidder] 重新计算 bucket 分配，当前节点数: 4
1776092687.190493 DEBUG: [kua.bidder] 重新计算 bucket 分配，当前节点数: 4
1776092690.190833 DEBUG: [kua.bidder] 重新计算 bucket 分配，当前节点数: 4
1776092693.191273 DEBUG: [kua.bidder] 重新计算 bucket 分配，当前节点数: 4
1776092696.191668 DEBUG: [kua.bidder] 重新计算 bucket 分配，当前节点数: 4
1776092699.192012 DEBUG: [kua.bidder] 重新计算 bucket 分配，当前节点数: 4
1776092702.192266 DEBUG: [kua.bidder] 重新计算 bucket 分配，当前节点数: 4
1776092705.192615 DEBUG: [kua.bidder] 重新计算 bucket 分配，当前节点数: 4
1776092708.192928 DEBUG: [kua.bidder] 重新计算 bucket 分配，当前节点数: 4
1776092711.193298 DEBUG: [kua.bidder] 重新计算 bucket 分配，当前节点数: 4
1776092714.193604 DEBUG: [kua.bidder] 重新计算 bucket 分配，当前节点数: 4
1776092717.193912 DEBUG: [kua.bidder] 重新计算 bucket 分配，当前节点数: 4
1776092720.195091 DEBUG: [kua.bidder] 重新计算 bucket 分配，当前节点数: 4
1776092723.195402 DEBUG: [kua.bidder] 重新计算 bucket 分配，当前节点数: 4
1776092726.195747 DEBUG: [kua.bidder] 重新计算 bucket 分配，当前节点数: 4
1776092729.196163 DEBUG: [kua.bidder] 重新计算 bucket 分配，当前节点数: 4
1776092732.196456 DEBUG: [kua.bidder] 重新计算 bucket 分配，当前节点数: 4
1776092735.196771 DEBUG: [kua.bidder] 重新计算 bucket 分配，当前节点数: 4
1776092738.197214 DEBUG: [kua.bidder] 重新计算 bucket 分配，当前节点数: 4
1776092741.197552 DEBUG: [kua.bidder] 重新计算 bucket 分配，当前节点数: 4
1776092744.197878 DEBUG: [kua.bidder] 重新计算 bucket 分配，当前节点数: 4
1776092747.198211 DEBUG: [kua.bidder] 重新计算 bucket 分配，当前节点数: 4
1776092750.198537 DEBUG: [kua.bidder] 重新计算 bucket 分配，当前节点数: 4
1776092753.198822 DEBUG: [kua.bidder] 重新计算 bucket 分配，当前节点数: 4
1776092756.199192 DEBUG: [kua.bidder] 重新计算 bucket 分配，当前节点数: 4
1776092759.199496 DEBUG: [kua.bidder] 重新计算 bucket 分配，当前节点数: 4
1776092762.199864 DEBUG: [kua.bidder] 重新计算 bucket 分配，当前节点数: 4
1776092765.200290 DEBUG: [kua.bidder] 重新计算 bucket 分配，当前节点数: 4
1776092768.201485 DEBUG: [kua.bidder] 重新计算 bucket 分配，当前节点数: 4
1776092771.202234 DEBUG: [kua.bidder] 重新计算 bucket 分配，当前节点数: 4
1776092774.202508 DEBUG: [kua.bidder] 重新计算 bucket 分配，当前节点数: 4
1776092777.203054 DEBUG: [kua.bidder] 重新计算 bucket 分配，当前节点数: 4
1776092780.203419 DEBUG: [kua.bidder] 重新计算 bucket 分配，当前节点数: 4
1776092783.203827 DEBUG: [kua.bidder] 重新计算 bucket 分配，当前节点数: 4
1776092786.207036 DEBUG: [kua.bidder] 重新计算 bucket 分配，当前节点数: 4
1776092789.207748 DEBUG: [kua.bidder] 重新计算 bucket 分配，当前节点数: 4
1776092792.208295 DEBUG: [kua.bidder] 重新计算 bucket 分配，当前节点数: 4
1776092795.208663 DEBUG: [kua.bidder] 重新计算 bucket 分配，当前节点数: 4
1776092798.208999 DEBUG: [kua.bidder] 重新计算 bucket 分配，当前节点数: 4
1776092801.209285 DEBUG: [kua.bidder] 重新计算 bucket 分配，当前节点数: 4
1776092804.209839 DEBUG: [kua.bidder] 重新计算 bucket 分配，当前节点数: 4
1776092807.210387 DEBUG: [kua.bidder] 重新计算 bucket 分配，当前节点数: 4
1776092810.210699 DEBUG: [kua.bidder] 重新计算 bucket 分配，当前节点数: 4
1776092813.211034 DEBUG: [kua.bidder] 重新计算 bucket 分配，当前节点数: 4
1776092816.211341 DEBUG: [kua.bidder] 重新计算 bucket 分配，当前节点数: 4
1776092819.212101 DEBUG: [kua.bidder] 重新计算 bucket 分配，当前节点数: 4
1776092822.212389 DEBUG: [kua.bidder] 重新计算 bucket 分配，当前节点数: 4
1776092825.212593 DEBUG: [kua.bidder] 重新计算 bucket 分配，当前节点数: 4
1776092828.212875 DEBUG: [kua.bidder] 重新计算 bucket 分配，当前节点数: 4
1776092831.213236 DEBUG: [kua.bidder] 重新计算 bucket 分配，当前节点数: 4
1776092834.213517 DEBUG: [kua.bidder] 重新计算 bucket 分配，当前节点数: 4
1776092837.213808 DEBUG: [kua.bidder] 重新计算 bucket 分配，当前节点数: 4
1776092840.214164 DEBUG: [kua.bidder] 重新计算 bucket 分配，当前节点数: 4
1776092843.214541 DEBUG: [kua.bidder] 重新计算 bucket 分配，当前节点数: 4
1776092846.215022 DEBUG: [kua.bidder] 重新计算 bucket 分配，当前节点数: 4
1776092849.215532 DEBUG: [kua.bidder] 重新计算 bucket 分配，当前节点数: 4
1776092852.215844 DEBUG: [kua.bidder] 重新计算 bucket 分配，当前节点数: 4
1776092855.216289 DEBUG: [kua.bidder] 重新计算 bucket 分配，当前节点数: 4
1776092858.216588 DEBUG: [kua.bidder] 重新计算 bucket 分配，当前节点数: 4
1776092861.216903 DEBUG: [kua.bidder] 重新计算 bucket 分配，当前节点数: 4
1776092864.217260 DEBUG: [kua.bidder] 重新计算 bucket 分配，当前节点数: 4
1776092867.217870 DEBUG: [kua.bidder] 重新计算 bucket 分配，当前节点数: 4
1776092870.218256 DEBUG: [kua.bidder] 重新计算 bucket 分配，当前节点数: 4
1776092873.218629 DEBUG: [kua.bidder] 重新计算 bucket 分配，当前节点数: 4
1776092876.218996 DEBUG: [kua.bidder] 重新计算 bucket 分配，当前节点数: 4
1776092879.219394 DEBUG: [kua.bidder] 重新计算 bucket 分配，当前节点数: 4
1776092882.219690 DEBUG: [kua.bidder] 重新计算 bucket 分配，当前节点数: 4
1776092885.220394 DEBUG: [kua.bidder] 重新计算 bucket 分配，当前节点数: 4
1776092888.222138 DEBUG: [kua.bidder] 重新计算 bucket 分配，当前节点数: 4
1776092891.223052 DEBUG: [kua.bidder] 重新计算 bucket 分配，当前节点数: 4
1776092894.223420 DEBUG: [kua.bidder] 重新计算 bucket 分配，当前节点数: 4
1776092897.223750 DEBUG: [kua.bidder] 重新计算 bucket 分配，当前节点数: 4
1776092900.224083 DEBUG: [kua.bidder] 重新计算 bucket 分配，当前节点数: 4
1776092903.224663 DEBUG: [kua.bidder] 重新计算 bucket 分配，当前节点数: 4
1776092906.225106 DEBUG: [kua.bidder] 重新计算 bucket 分配，当前节点数: 4
1776092909.225496 DEBUG: [kua.bidder] 重新计算 bucket 分配，当前节点数: 4
1776092912.225952 DEBUG: [kua.bidder] 重新计算 bucket 分配，当前节点数: 4
1776092915.226389 DEBUG: [kua.bidder] 重新计算 bucket 分配，当前节点数: 4
1776092918.226907 DEBUG: [kua.bidder] 重新计算 bucket 分配，当前节点数: 4
1776092921.227332 DEBUG: [kua.bidder] 重新计算 bucket 分配，当前节点数: 4
1776092924.227909 DEBUG: [kua.bidder] 重新计算 bucket 分配，当前节点数: 4
1776092927.228152 DEBUG: [kua.bidder] 重新计算 bucket 分配，当前节点数: 4
1776092930.228941 DEBUG: [kua.bidder] 重新计算 bucket 分配，当前节点数: 4
1776092933.229321 DEBUG: [kua.bidder] 重新计算 bucket 分配，当前节点数: 4
1776092936.229580 DEBUG: [kua.bidder] 重新计算 bucket 分配，当前节点数: 4
1776092939.229856 DEBUG: [kua.bidder] 重新计算 bucket 分配，当前节点数: 4
1776092942.230202 DEBUG: [kua.bidder] 重新计算 bucket 分配，当前节点数: 4
1776092945.230532 DEBUG: [kua.bidder] 重新计算 bucket 分配，当前节点数: 4
1776092948.230801 DEBUG: [kua.bidder] 重新计算 bucket 分配，当前节点数: 4
1776092951.231277 DEBUG: [kua.bidder] 重新计算 bucket 分配，当前节点数: 4
1776092954.231502 DEBUG: [kua.bidder] 重新计算 bucket 分配，当前节点数: 4
1776092957.231873 DEBUG: [kua.bidder] 重新计算 bucket 分配，当前节点数: 4
1776092960.232212 DEBUG: [kua.bidder] 重新计算 bucket 分配，当前节点数: 4
1776092963.232428 DEBUG: [kua.bidder] 重新计算 bucket 分配，当前节点数: 4
1776092966.232804 DEBUG: [kua.bidder] 重新计算 bucket 分配，当前节点数: 4
1776092969.233288 DEBUG: [kua.bidder] 重新计算 bucket 分配，当前节点数: 4
1776092972.233512 DEBUG: [kua.bidder] 重新计算 bucket 分配，当前节点数: 4
1776092975.233758 DEBUG: [kua.bidder] 重新计算 bucket 分配，当前节点数: 4
1776092978.234052 DEBUG: [kua.bidder] 重新计算 bucket 分配，当前节点数: 4
1776092981.234405 DEBUG: [kua.bidder] 重新计算 bucket 分配，当前节点数: 4
1776092984.236083 DEBUG: [kua.bidder] 重新计算 bucket 分配，当前节点数: 4
1776092987.236307 DEBUG: [kua.bidder] 重新计算 bucket 分配，当前节点数: 4
1776092990.236726 DEBUG: [kua.bidder] 重新计算 bucket 分配，当前节点数: 4
1776092993.237116 DEBUG: [kua.bidder] 重新计算 bucket 分配，当前节点数: 4
1776092996.237458 DEBUG: [kua.bidder] 重新计算 bucket 分配，当前节点数: 4
1776092999.237759 DEBUG: [kua.bidder] 重新计算 bucket 分配，当前节点数: 4
1776093002.238151 DEBUG: [kua.bidder] 重新计算 bucket 分配，当前节点数: 4
1776093005.239060 DEBUG: [kua.bidder] 重新计算 bucket 分配，当前节点数: 4
1776093008.239386 DEBUG: [kua.bidder] 重新计算 bucket 分配，当前节点数: 4
1776093011.240572 DEBUG: [kua.bidder] 重新计算 bucket 分配，当前节点数: 4
1776093014.242446 DEBUG: [kua.bidder] 重新计算 bucket 分配，当前节点数: 4
1776093017.243020 DEBUG: [kua.bidder] 重新计算 bucket 分配，当前节点数: 4
1776093020.243415 DEBUG: [kua.bidder] 重新计算 bucket 分配，当前节点数: 4
1776093023.243686 DEBUG: [kua.bidder] 重新计算 bucket 分配，当前节点数: 4
1776093026.244002 DEBUG: [kua.bidder] 重新计算 bucket 分配，当前节点数: 4
1776093029.244356 DEBUG: [kua.bidder] 重新计算 bucket 分配，当前节点数: 4
1776093032.244798 DEBUG: [kua.bidder] 重新计算 bucket 分配，当前节点数: 4
1776093035.245174 DEBUG: [kua.bidder] 重新计算 bucket 分配，当前节点数: 4
1776093038.275904 DEBUG: [kua.bidder] 重新计算 bucket 分配，当前节点数: 4
1776093041.276166 DEBUG: [kua.bidder] 重新计算 bucket 分配，当前节点数: 4
1776093044.276451 DEBUG: [kua.bidder] 重新计算 bucket 分配，当前节点数: 4
1776093047.276754 DEBUG: [kua.bidder] 重新计算 bucket 分配，当前节点数: 4
1776093050.277007 DEBUG: [kua.bidder] 重新计算 bucket 分配，当前节点数: 4
1776093053.277305 DEBUG: [kua.bidder] 重新计算 bucket 分配，当前节点数: 4
1776093056.277696 DEBUG: [kua.bidder] 重新计算 bucket 分配，当前节点数: 4
1776093059.277959 DEBUG: [kua.bidder] 重新计算 bucket 分配，当前节点数: 4
1776093062.278948 DEBUG: [kua.bidder] 重新计算 bucket 分配，当前节点数: 4
1776093065.279316 DEBUG: [kua.bidder] 重新计算 bucket 分配，当前节点数: 4
1776093068.279592 DEBUG: [kua.bidder] 重新计算 bucket 分配，当前节点数: 4
1776093071.279834 DEBUG: [kua.bidder] 重新计算 bucket 分配，当前节点数: 4
1776093074.280156 DEBUG: [kua.bidder] 重新计算 bucket 分配，当前节点数: 4
1776093077.280415 DEBUG: [kua.bidder] 重新计算 bucket 分配，当前节点数: 4
1776093080.281092 DEBUG: [kua.bidder] 重新计算 bucket 分配，当前节点数: 4
1776093083.281393 DEBUG: [kua.bidder] 重新计算 bucket 分配，当前节点数: 4
1776093086.281702 DEBUG: [kua.bidder] 重新计算 bucket 分配，当前节点数: 4
1776093089.281908 DEBUG: [kua.bidder] 重新计算 bucket 分配，当前节点数: 4
1776093092.282236 DEBUG: [kua.bidder] 重新计算 bucket 分配，当前节点数: 4
1776093095.282602 DEBUG: [kua.bidder] 重新计算 bucket 分配，当前节点数: 4
1776093098.282873 DEBUG: [kua.bidder] 重新计算 bucket 分配，当前节点数: 4
1776093101.283333 DEBUG: [kua.bidder] 重新计算 bucket 分配，当前节点数: 4
1776093104.284688 DEBUG: [kua.bidder] 重新计算 bucket 分配，当前节点数: 4
1776093107.285144 DEBUG: [kua.bidder] 重新计算 bucket 分配，当前节点数: 4
1776093110.285417 DEBUG: [kua.bidder] 重新计算 bucket 分配，当前节点数: 4
1776093113.285706 DEBUG: [kua.bidder] 重新计算 bucket 分配，当前节点数: 4
1776093116.286030 DEBUG: [kua.bidder] 重新计算 bucket 分配，当前节点数: 4
1776093119.286762 DEBUG: [kua.bidder] 重新计算 bucket 分配，当前节点数: 4
1776093122.287085 DEBUG: [kua.bidder] 重新计算 bucket 分配，当前节点数: 4
1776093125.287596 DEBUG: [kua.bidder] 重新计算 bucket 分配，当前节点数: 4
1776093128.287876 DEBUG: [kua.bidder] 重新计算 bucket 分配，当前节点数: 4
1776093131.288938 DEBUG: [kua.bidder] 重新计算 bucket 分配，当前节点数: 4
1776093134.289300 DEBUG: [kua.bidder] 重新计算 bucket 分配，当前节点数: 4
1776093137.289669 DEBUG: [kua.bidder] 重新计算 bucket 分配，当前节点数: 4
1776093140.289988 DEBUG: [kua.bidder] 重新计算 bucket 分配，当前节点数: 4
1776093143.371475 DEBUG: [kua.bidder] 重新计算 bucket 分配，当前节点数: 4
1776093146.382231 DEBUG: [kua.bidder] 重新计算 bucket 分配，当前节点数: 4
1776093149.382563 DEBUG: [kua.bidder] 重新计算 bucket 分配，当前节点数: 4
1776093152.382908 DEBUG: [kua.bidder] 重新计算 bucket 分配，当前节点数: 4
1776093155.383345 DEBUG: [kua.bidder] 重新计算 bucket 分配，当前节点数: 4
1776093158.383623 DEBUG: [kua.bidder] 重新计算 bucket 分配，当前节点数: 4
1776093161.383898 DEBUG: [kua.bidder] 重新计算 bucket 分配，当前节点数: 4
1776093164.384229 DEBUG: [kua.bidder] 重新计算 bucket 分配，当前节点数: 4
1776093167.384719 DEBUG: [kua.bidder] 重新计算 bucket 分配，当前节点数: 4
1776093170.385047 DEBUG: [kua.bidder] 重新计算 bucket 分配，当前节点数: 4
1776093173.385339 DEBUG: [kua.bidder] 重新计算 bucket 分配，当前节点数: 4
1776093176.385612 DEBUG: [kua.bidder] 重新计算 bucket 分配，当前节点数: 4
1776093179.385895 DEBUG: [kua.bidder] 重新计算 bucket 分配，当前节点数: 4
1776093182.386124 DEBUG: [kua.bidder] 重新计算 bucket 分配，当前节点数: 4
1776093185.386351 DEBUG: [kua.bidder] 重新计算 bucket 分配，当前节点数: 4
1776093188.386705 DEBUG: [kua.bidder] 重新计算 bucket 分配，当前节点数: 4
1776093191.386932 DEBUG: [kua.bidder] 重新计算 bucket 分配，当前节点数: 4
1776093194.388418 DEBUG: [kua.bidder] 重新计算 bucket 分配，当前节点数: 4
1776093197.388747 DEBUG: [kua.bidder] 重新计算 bucket 分配，当前节点数: 4
1776093200.390572 DEBUG: [kua.bidder] 重新计算 bucket 分配，当前节点数: 4
1776093203.390971 DEBUG: [kua.bidder] 重新计算 bucket 分配，当前节点数: 4
1776093206.391292 DEBUG: [kua.bidder] 重新计算 bucket 分配，当前节点数: 4
1776093209.391533 DEBUG: [kua.bidder] 重新计算 bucket 分配，当前节点数: 4
1776093212.391794 DEBUG: [kua.bidder] 重新计算 bucket 分配，当前节点数: 4
1776093215.392080 DEBUG: [kua.bidder] 重新计算 bucket 分配，当前节点数: 4
1776093218.392262 DEBUG: [kua.bidder] 重新计算 bucket 分配，当前节点数: 4
1776093221.395608 DEBUG: [kua.bidder] 重新计算 bucket 分配，当前节点数: 4
1776093224.395950 DEBUG: [kua.bidder] 重新计算 bucket 分配，当前节点数: 4
1776093227.396312 DEBUG: [kua.bidder] 重新计算 bucket 分配，当前节点数: 4
1776093230.396591 DEBUG: [kua.bidder] 重新计算 bucket 分配，当前节点数: 4
1776093233.396839 DEBUG: [kua.bidder] 重新计算 bucket 分配，当前节点数: 4
1776093236.397165 DEBUG: [kua.bidder] 重新计算 bucket 分配，当前节点数: 4
1776093239.397505 DEBUG: [kua.bidder] 重新计算 bucket 分配，当前节点数: 4
1776093242.397745 DEBUG: [kua.bidder] 重新计算 bucket 分配，当前节点数: 4
1776093245.398019 DEBUG: [kua.bidder] 重新计算 bucket 分配，当前节点数: 4
1776093248.398273 DEBUG: [kua.bidder] 重新计算 bucket 分配，当前节点数: 4
1776093251.398551 DEBUG: [kua.bidder] 重新计算 bucket 分配，当前节点数: 4
1776093254.398834 DEBUG: [kua.bidder] 重新计算 bucket 分配，当前节点数: 4
1776093257.399172 DEBUG: [kua.bidder] 重新计算 bucket 分配，当前节点数: 4
1776093260.399446 DEBUG: [kua.bidder] 重新计算 bucket 分配，当前节点数: 4
1776093263.425797 DEBUG: [kua.bidder] 重新计算 bucket 分配，当前节点数: 4
1776093266.426042 DEBUG: [kua.bidder] 重新计算 bucket 分配，当前节点数: 4
1776093269.426496 DEBUG: [kua.bidder] 重新计算 bucket 分配，当前节点数: 4
1776093272.426873 DEBUG: [kua.bidder] 重新计算 bucket 分配，当前节点数: 4
1776093275.427293 DEBUG: [kua.bidder] 重新计算 bucket 分配，当前节点数: 4
1776093278.427576 DEBUG: [kua.bidder] 重新计算 bucket 分配，当前节点数: 4
1776093281.427913 DEBUG: [kua.bidder] 重新计算 bucket 分配，当前节点数: 4
1776093284.428368 DEBUG: [kua.bidder] 重新计算 bucket 分配，当前节点数: 4
1776093287.428685 DEBUG: [kua.bidder] 重新计算 bucket 分配，当前节点数: 4
1776093290.428949 DEBUG: [kua.bidder] 重新计算 bucket 分配，当前节点数: 4
1776093293.429269 DEBUG: [kua.bidder] 重新计算 bucket 分配，当前节点数: 4
1776093296.429634 DEBUG: [kua.bidder] 重新计算 bucket 分配，当前节点数: 4
1776093299.429986 DEBUG: [kua.bidder] 重新计算 bucket 分配，当前节点数: 4
1776093302.430479 DEBUG: [kua.bidder] 重新计算 bucket 分配，当前节点数: 4
1776093305.430790 DEBUG: [kua.bidder] 重新计算 bucket 分配，当前节点数: 4
1776093308.431397 DEBUG: [kua.bidder] 重新计算 bucket 分配，当前节点数: 4
1776093311.431827 DEBUG: [kua.bidder] 重新计算 bucket 分配，当前节点数: 4
1776093314.432032 DEBUG: [kua.bidder] 重新计算 bucket 分配，当前节点数: 4
1776093317.432389 DEBUG: [kua.bidder] 重新计算 bucket 分配，当前节点数: 4
1776093320.432673 DEBUG: [kua.bidder] 重新计算 bucket 分配，当前节点数: 4
1776093323.433012 DEBUG: [kua.bidder] 重新计算 bucket 分配，当前节点数: 4
1776093326.433435 DEBUG: [kua.bidder] 重新计算 bucket 分配，当前节点数: 4
1776093329.433758 DEBUG: [kua.bidder] 重新计算 bucket 分配，当前节点数: 4
1776093332.434260 DEBUG: [kua.bidder] 重新计算 bucket 分配，当前节点数: 4
1776093335.434589 DEBUG: [kua.bidder] 重新计算 bucket 分配，当前节点数: 4
1776093338.434993 DEBUG: [kua.bidder] 重新计算 bucket 分配，当前节点数: 4
1776093341.435546 DEBUG: [kua.bidder] 重新计算 bucket 分配，当前节点数: 4
1776093344.436005 DEBUG: [kua.bidder] 重新计算 bucket 分配，当前节点数: 4
1776093347.436312 DEBUG: [kua.bidder] 重新计算 bucket 分配，当前节点数: 4
1776093350.436598 DEBUG: [kua.bidder] 重新计算 bucket 分配，当前节点数: 4
1776093353.436900 DEBUG: [kua.bidder] 重新计算 bucket 分配，当前节点数: 4
1776093356.437342 DEBUG: [kua.bidder] 重新计算 bucket 分配，当前节点数: 4
1776093359.440403 DEBUG: [kua.bidder] 重新计算 bucket 分配，当前节点数: 4
1776093362.440731 DEBUG: [kua.bidder] 重新计算 bucket 分配，当前节点数: 4
1776093365.441203 DEBUG: [kua.bidder] 重新计算 bucket 分配，当前节点数: 4
1776093368.441651 DEBUG: [kua.bidder] 重新计算 bucket 分配，当前节点数: 4
1776093371.442011 DEBUG: [kua.bidder] 重新计算 bucket 分配，当前节点数: 4
1776093374.442442 DEBUG: [kua.bidder] 重新计算 bucket 分配，当前节点数: 4
1776093377.442955 DEBUG: [kua.bidder] 重新计算 bucket 分配，当前节点数: 4
1776093380.443375 DEBUG: [kua.bidder] 重新计算 bucket 分配，当前节点数: 4
1776093383.443712 DEBUG: [kua.bidder] 重新计算 bucket 分配，当前节点数: 4
1776093386.444189 DEBUG: [kua.bidder] 重新计算 bucket 分配，当前节点数: 4
1776093389.444529 DEBUG: [kua.bidder] 重新计算 bucket 分配，当前节点数: 4
1776093392.444869 DEBUG: [kua.bidder] 重新计算 bucket 分配，当前节点数: 4
1776093395.445262 DEBUG: [kua.bidder] 重新计算 bucket 分配，当前节点数: 4
1776093398.445709 DEBUG: [kua.bidder] 重新计算 bucket 分配，当前节点数: 4
1776093401.446081 DEBUG: [kua.bidder] 重新计算 bucket 分配，当前节点数: 4
1776093404.446403 DEBUG: [kua.bidder] 重新计算 bucket 分配，当前节点数: 4
1776093407.446671 DEBUG: [kua.bidder] 重新计算 bucket 分配，当前节点数: 4
1776093410.446996 DEBUG: [kua.bidder] 重新计算 bucket 分配，当前节点数: 4
1776093413.447350 DEBUG: [kua.bidder] 重新计算 bucket 分配，当前节点数: 4
1776093416.447686 DEBUG: [kua.bidder] 重新计算 bucket 分配，当前节点数: 4
1776093419.447976 DEBUG: [kua.bidder] 重新计算 bucket 分配，当前节点数: 4
1776093422.448297 DEBUG: [kua.bidder] 重新计算 bucket 分配，当前节点数: 4
1776093425.449353 DEBUG: [kua.bidder] 重新计算 bucket 分配，当前节点数: 4
1776093428.449617 DEBUG: [kua.bidder] 重新计算 bucket 分配，当前节点数: 4
1776093431.449940 DEBUG: [kua.bidder] 重新计算 bucket 分配，当前节点数: 4
1776093434.450332 DEBUG: [kua.bidder] 重新计算 bucket 分配，当前节点数: 4
1776093437.450672 DEBUG: [kua.bidder] 重新计算 bucket 分配，当前节点数: 4
1776093440.450983 DEBUG: [kua.bidder] 重新计算 bucket 分配，当前节点数: 4
1776093443.521558 DEBUG: [kua.bidder] 重新计算 bucket 分配，当前节点数: 4
1776093446.522905 DEBUG: [kua.bidder] 重新计算 bucket 分配，当前节点数: 4
1776093449.523213 DEBUG: [kua.bidder] 重新计算 bucket 分配，当前节点数: 4
1776093452.523559 DEBUG: [kua.bidder] 重新计算 bucket 分配，当前节点数: 4
1776093455.524413 DEBUG: [kua.bidder] 重新计算 bucket 分配，当前节点数: 4
1776093458.525589 DEBUG: [kua.bidder] 重新计算 bucket 分配，当前节点数: 4
1776093461.525978 DEBUG: [kua.bidder] 重新计算 bucket 分配，当前节点数: 4
1776093464.527111 DEBUG: [kua.bidder] 重新计算 bucket 分配，当前节点数: 4
1776093467.528600 DEBUG: [kua.bidder] 重新计算 bucket 分配，当前节点数: 4
1776093470.528931 DEBUG: [kua.bidder] 重新计算 bucket 分配，当前节点数: 4
1776093473.529325 DEBUG: [kua.bidder] 重新计算 bucket 分配，当前节点数: 4
1776093476.529602 DEBUG: [kua.bidder] 重新计算 bucket 分配，当前节点数: 4
1776093479.529861 DEBUG: [kua.bidder] 重新计算 bucket 分配，当前节点数: 4
1776093482.530411 DEBUG: [kua.bidder] 重新计算 bucket 分配，当前节点数: 4
1776093485.530670 DEBUG: [kua.bidder] 重新计算 bucket 分配，当前节点数: 4
1776093488.530996 DEBUG: [kua.bidder] 重新计算 bucket 分配，当前节点数: 4
1776093491.531235 DEBUG: [kua.bidder] 重新计算 bucket 分配，当前节点数: 4
1776093494.531451 DEBUG: [kua.bidder] 重新计算 bucket 分配，当前节点数: 4
1776093497.531610 DEBUG: [kua.bidder] 重新计算 bucket 分配，当前节点数: 4
1776093500.531972 DEBUG: [kua.bidder] 重新计算 bucket 分配，当前节点数: 4
1776093503.532150 DEBUG: [kua.bidder] 重新计算 bucket 分配，当前节点数: 4
1776093506.532320 DEBUG: [kua.bidder] 重新计算 bucket 分配，当前节点数: 4
1776093509.533912 DEBUG: [kua.bidder] 重新计算 bucket 分配，当前节点数: 4
1776093512.534190 DEBUG: [kua.bidder] 重新计算 bucket 分配，当前节点数: 4
1776093515.535107 DEBUG: [kua.bidder] 重新计算 bucket 分配，当前节点数: 4
1776093518.535285 DEBUG: [kua.bidder] 重新计算 bucket 分配，当前节点数: 4
1776093521.535649 DEBUG: [kua.bidder] 重新计算 bucket 分配，当前节点数: 4
1776093524.535868 DEBUG: [kua.bidder] 重新计算 bucket 分配，当前节点数: 4
1776093527.536159 DEBUG: [kua.bidder] 重新计算 bucket 分配，当前节点数: 4
1776093530.536447 DEBUG: [kua.bidder] 重新计算 bucket 分配，当前节点数: 4
1776093533.536708 DEBUG: [kua.bidder] 重新计算 bucket 分配，当前节点数: 4
1776093536.536904 DEBUG: [kua.bidder] 重新计算 bucket 分配，当前节点数: 4
1776093539.537530 DEBUG: [kua.bidder] 重新计算 bucket 分配，当前节点数: 4
1776093542.540729 DEBUG: [kua.bidder] 重新计算 bucket 分配，当前节点数: 4
1776093545.541368 DEBUG: [kua.bidder] 重新计算 bucket 分配，当前节点数: 4
1776093548.544061 DEBUG: [kua.bidder] 重新计算 bucket 分配，当前节点数: 4
1776093551.544527 DEBUG: [kua.bidder] 重新计算 bucket 分配，当前节点数: 4
1776093554.544906 DEBUG: [kua.bidder] 重新计算 bucket 分配，当前节点数: 4
1776093557.545236 DEBUG: [kua.bidder] 重新计算 bucket 分配，当前节点数: 4
1776093560.545566 DEBUG: [kua.bidder] 重新计算 bucket 分配，当前节点数: 4
1776093563.545887 DEBUG: [kua.bidder] 重新计算 bucket 分配，当前节点数: 4
1776093566.546265 DEBUG: [kua.bidder] 重新计算 bucket 分配，当前节点数: 4
1776093569.546596 DEBUG: [kua.bidder] 重新计算 bucket 分配，当前节点数: 4
1776093572.547058 DEBUG: [kua.bidder] 重新计算 bucket 分配，当前节点数: 4
1776093575.547540 DEBUG: [kua.bidder] 重新计算 bucket 分配，当前节点数: 4
1776093578.547870 DEBUG: [kua.bidder] 重新计算 bucket 分配，当前节点数: 4
1776093581.548154 DEBUG: [kua.bidder] 重新计算 bucket 分配，当前节点数: 4
1776093584.548821 DEBUG: [kua.bidder] 重新计算 bucket 分配，当前节点数: 4
1776093587.549141 DEBUG: [kua.bidder] 重新计算 bucket 分配，当前节点数: 4
1776093590.549907 DEBUG: [kua.bidder] 重新计算 bucket 分配，当前节点数: 4
1776093593.550514 DEBUG: [kua.bidder] 重新计算 bucket 分配，当前节点数: 4
1776093596.551227 DEBUG: [kua.bidder] 重新计算 bucket 分配，当前节点数: 4
1776093599.551556 DEBUG: [kua.bidder] 重新计算 bucket 分配，当前节点数: 4
1776093602.552021 DEBUG: [kua.bidder] 重新计算 bucket 分配，当前节点数: 4
1776093605.552340 DEBUG: [kua.bidder] 重新计算 bucket 分配，当前节点数: 4
1776093608.552591 DEBUG: [kua.bidder] 重新计算 bucket 分配，当前节点数: 4
1776093611.552845 DEBUG: [kua.bidder] 重新计算 bucket 分配，当前节点数: 4
1776093614.553279 DEBUG: [kua.bidder] 重新计算 bucket 分配，当前节点数: 4
1776093617.553576 DEBUG: [kua.bidder] 重新计算 bucket 分配，当前节点数: 4
1776093620.553861 DEBUG: [kua.bidder] 重新计算 bucket 分配，当前节点数: 4
1776093623.554207 DEBUG: [kua.bidder] 重新计算 bucket 分配，当前节点数: 4
1776093626.554575 DEBUG: [kua.bidder] 重新计算 bucket 分配，当前节点数: 4
1776093629.559422 DEBUG: [kua.bidder] 重新计算 bucket 分配，当前节点数: 4
1776093632.563183 DEBUG: [kua.bidder] 重新计算 bucket 分配，当前节点数: 4
1776093635.563461 DEBUG: [kua.bidder] 重新计算 bucket 分配，当前节点数: 4
1776093638.563758 DEBUG: [kua.bidder] 重新计算 bucket 分配，当前节点数: 4
1776093641.564022 DEBUG: [kua.bidder] 重新计算 bucket 分配，当前节点数: 4
1776093644.564329 DEBUG: [kua.bidder] 重新计算 bucket 分配，当前节点数: 4
1776093647.564525 DEBUG: [kua.bidder] 重新计算 bucket 分配，当前节点数: 4
1776093650.564889 DEBUG: [kua.bidder] 重新计算 bucket 分配，当前节点数: 4
1776093653.565156 DEBUG: [kua.bidder] 重新计算 bucket 分配，当前节点数: 4
1776093656.565419 DEBUG: [kua.bidder] 重新计算 bucket 分配，当前节点数: 4
1776093659.565756 DEBUG: [kua.bidder] 重新计算 bucket 分配，当前节点数: 4
1776093662.566239 DEBUG: [kua.bidder] 重新计算 bucket 分配，当前节点数: 4
1776093665.566492 DEBUG: [kua.bidder] 重新计算 bucket 分配，当前节点数: 4
1776093668.566917 DEBUG: [kua.bidder] 重新计算 bucket 分配，当前节点数: 4
1776093671.567155 DEBUG: [kua.bidder] 重新计算 bucket 分配，当前节点数: 4
1776093674.567468 DEBUG: [kua.bidder] 重新计算 bucket 分配，当前节点数: 4
1776093677.567810 DEBUG: [kua.bidder] 重新计算 bucket 分配，当前节点数: 4
1776093680.569224 DEBUG: [kua.bidder] 重新计算 bucket 分配，当前节点数: 4
1776093683.569574 DEBUG: [kua.bidder] 重新计算 bucket 分配，当前节点数: 4
1776093686.569885 DEBUG: [kua.bidder] 重新计算 bucket 分配，当前节点数: 4
1776093689.570145 DEBUG: [kua.bidder] 重新计算 bucket 分配，当前节点数: 4
1776093692.586337 DEBUG: [kua.bidder] 重新计算 bucket 分配，当前节点数: 4
1776093695.586597 DEBUG: [kua.bidder] 重新计算 bucket 分配，当前节点数: 4
1776093698.587419 DEBUG: [kua.bidder] 重新计算 bucket 分配，当前节点数: 4
1776093701.587683 DEBUG: [kua.bidder] 重新计算 bucket 分配，当前节点数: 4
1776093704.587888 DEBUG: [kua.bidder] 重新计算 bucket 分配，当前节点数: 4
1776093707.590353 DEBUG: [kua.bidder] 重新计算 bucket 分配，当前节点数: 4
1776093710.591313 DEBUG: [kua.bidder] 重新计算 bucket 分配，当前节点数: 4
1776093713.592102 DEBUG: [kua.bidder] 重新计算 bucket 分配，当前节点数: 4
1776093716.592918 DEBUG: [kua.bidder] 重新计算 bucket 分配，当前节点数: 4
1776093719.593300 DEBUG: [kua.bidder] 重新计算 bucket 分配，当前节点数: 4
1776093722.593574 DEBUG: [kua.bidder] 重新计算 bucket 分配，当前节点数: 4
1776093725.593858 DEBUG: [kua.bidder] 重新计算 bucket 分配，当前节点数: 4
1776093728.594313 DEBUG: [kua.bidder] 重新计算 bucket 分配，当前节点数: 4
1776093731.594583 DEBUG: [kua.bidder] 重新计算 bucket 分配，当前节点数: 4
1776093734.594881 DEBUG: [kua.bidder] 重新计算 bucket 分配，当前节点数: 4
1776093737.595250 DEBUG: [kua.bidder] 重新计算 bucket 分配，当前节点数: 4
1776093740.595503 DEBUG: [kua.bidder] 重新计算 bucket 分配，当前节点数: 4
1776093743.595965 DEBUG: [kua.bidder] 重新计算 bucket 分配，当前节点数: 4
1776093746.596369 DEBUG: [kua.bidder] 重新计算 bucket 分配，当前节点数: 4
1776093749.596760 DEBUG: [kua.bidder] 重新计算 bucket 分配，当前节点数: 4
1776093752.598007 DEBUG: [kua.bidder] 重新计算 bucket 分配，当前节点数: 4
1776093755.599485 DEBUG: [kua.bidder] 重新计算 bucket 分配，当前节点数: 4
1776093758.599922 DEBUG: [kua.bidder] 重新计算 bucket 分配，当前节点数: 4
1776093761.600418 DEBUG: [kua.bidder] 重新计算 bucket 分配，当前节点数: 4
1776093764.600860 DEBUG: [kua.bidder] 重新计算 bucket 分配，当前节点数: 4
1776093767.601152 DEBUG: [kua.bidder] 重新计算 bucket 分配，当前节点数: 4
1776093770.601389 DEBUG: [kua.bidder] 重新计算 bucket 分配，当前节点数: 4
1776093773.601721 DEBUG: [kua.bidder] 重新计算 bucket 分配，当前节点数: 4
1776093776.602116 DEBUG: [kua.bidder] 重新计算 bucket 分配，当前节点数: 4
1776093779.602590 DEBUG: [kua.bidder] 重新计算 bucket 分配，当前节点数: 4
1776093782.603013 DEBUG: [kua.bidder] 重新计算 bucket 分配，当前节点数: 4
1776093785.603262 DEBUG: [kua.bidder] 重新计算 bucket 分配，当前节点数: 4
1776093788.603515 DEBUG: [kua.bidder] 重新计算 bucket 分配，当前节点数: 4
1776093791.603754 DEBUG: [kua.bidder] 重新计算 bucket 分配，当前节点数: 4
1776093794.604359 DEBUG: [kua.bidder] 重新计算 bucket 分配，当前节点数: 4
1776093797.608541 DEBUG: [kua.bidder] 重新计算 bucket 分配，当前节点数: 4
1776093800.609479 DEBUG: [kua.bidder] 重新计算 bucket 分配，当前节点数: 4
1776093803.609828 DEBUG: [kua.bidder] 重新计算 bucket 分配，当前节点数: 4
1776093806.610534 DEBUG: [kua.bidder] 重新计算 bucket 分配，当前节点数: 4
1776093809.610929 DEBUG: [kua.bidder] 重新计算 bucket 分配，当前节点数: 4
1776093812.611393 DEBUG: [kua.bidder] 重新计算 bucket 分配，当前节点数: 4
1776093815.611652 DEBUG: [kua.bidder] 重新计算 bucket 分配，当前节点数: 4
1776093818.611875 DEBUG: [kua.bidder] 重新计算 bucket 分配，当前节点数: 4
1776093821.612225 DEBUG: [kua.bidder] 重新计算 bucket 分配，当前节点数: 4
1776093824.612538 DEBUG: [kua.bidder] 重新计算 bucket 分配，当前节点数: 4
1776093827.612918 DEBUG: [kua.bidder] 重新计算 bucket 分配，当前节点数: 4
1776093830.613580 DEBUG: [kua.bidder] 重新计算 bucket 分配，当前节点数: 4
1776093833.613821 DEBUG: [kua.bidder] 重新计算 bucket 分配，当前节点数: 4
1776093836.614142 DEBUG: [kua.bidder] 重新计算 bucket 分配，当前节点数: 4
1776093839.614578 DEBUG: [kua.bidder] 重新计算 bucket 分配，当前节点数: 4
1776093842.614886 DEBUG: [kua.bidder] 重新计算 bucket 分配，当前节点数: 4
1776093845.615226 DEBUG: [kua.bidder] 重新计算 bucket 分配，当前节点数: 4
1776093848.615495 DEBUG: [kua.bidder] 重新计算 bucket 分配，当前节点数: 4
1776093851.615755 DEBUG: [kua.bidder] 重新计算 bucket 分配，当前节点数: 4
1776093854.616027 DEBUG: [kua.bidder] 重新计算 bucket 分配，当前节点数: 4
1776093857.616307 DEBUG: [kua.bidder] 重新计算 bucket 分配，当前节点数: 4
1776093860.616659 DEBUG: [kua.bidder] 重新计算 bucket 分配，当前节点数: 4
1776093863.617071 DEBUG: [kua.bidder] 重新计算 bucket 分配，当前节点数: 4
1776093866.617454 DEBUG: [kua.bidder] 重新计算 bucket 分配，当前节点数: 4
1776093869.617812 DEBUG: [kua.bidder] 重新计算 bucket 分配，当前节点数: 4
1776093872.618206 DEBUG: [kua.bidder] 重新计算 bucket 分配，当前节点数: 4
1776093875.618510 DEBUG: [kua.bidder] 重新计算 bucket 分配，当前节点数: 4
1776093878.620237 DEBUG: [kua.bidder] 重新计算 bucket 分配，当前节点数: 4
1776093881.621106 DEBUG: [kua.bidder] 重新计算 bucket 分配，当前节点数: 4
1776093884.621372 DEBUG: [kua.bidder] 重新计算 bucket 分配，当前节点数: 4
1776093887.627708 DEBUG: [kua.bidder] 重新计算 bucket 分配，当前节点数: 4
1776093890.628349 DEBUG: [kua.bidder] 重新计算 bucket 分配，当前节点数: 4
1776093893.628643 DEBUG: [kua.bidder] 重新计算 bucket 分配，当前节点数: 4
1776093896.629616 DEBUG: [kua.bidder] 重新计算 bucket 分配，当前节点数: 4
1776093899.629896 DEBUG: [kua.bidder] 重新计算 bucket 分配，当前节点数: 4
1776093902.631694 DEBUG: [kua.bidder] 重新计算 bucket 分配，当前节点数: 4
1776093905.632001 DEBUG: [kua.bidder] 重新计算 bucket 分配，当前节点数: 4
1776093908.632244 DEBUG: [kua.bidder] 重新计算 bucket 分配，当前节点数: 4
1776093911.632511 DEBUG: [kua.bidder] 重新计算 bucket 分配，当前节点数: 4
1776093914.632782 DEBUG: [kua.bidder] 重新计算 bucket 分配，当前节点数: 4
1776093917.633071 DEBUG: [kua.bidder] 重新计算 bucket 分配，当前节点数: 4
1776093920.633365 DEBUG: [kua.bidder] 重新计算 bucket 分配，当前节点数: 4
1776093923.633682 DEBUG: [kua.bidder] 重新计算 bucket 分配，当前节点数: 4
1776093926.634031 DEBUG: [kua.bidder] 重新计算 bucket 分配，当前节点数: 4
1776093929.635139 DEBUG: [kua.bidder] 重新计算 bucket 分配，当前节点数: 4
1776093932.635491 DEBUG: [kua.bidder] 重新计算 bucket 分配，当前节点数: 4
1776093935.636729 DEBUG: [kua.bidder] 重新计算 bucket 分配，当前节点数: 4
1776093938.636960 DEBUG: [kua.bidder] 重新计算 bucket 分配，当前节点数: 4
1776093941.637359 DEBUG: [kua.bidder] 重新计算 bucket 分配，当前节点数: 4
1776093944.637585 DEBUG: [kua.bidder] 重新计算 bucket 分配，当前节点数: 4
1776093947.637794 DEBUG: [kua.bidder] 重新计算 bucket 分配，当前节点数: 4
1776093950.638024 DEBUG: [kua.bidder] 重新计算 bucket 分配，当前节点数: 4
1776093953.638292 DEBUG: [kua.bidder] 重新计算 bucket 分配，当前节点数: 4
1776093956.641447 DEBUG: [kua.bidder] 重新计算 bucket 分配，当前节点数: 4
1776093959.642190 DEBUG: [kua.bidder] 重新计算 bucket 分配，当前节点数: 4
1776093962.642475 DEBUG: [kua.bidder] 重新计算 bucket 分配，当前节点数: 4
1776093965.642872 DEBUG: [kua.bidder] 重新计算 bucket 分配，当前节点数: 4
1776093968.643334 DEBUG: [kua.bidder] 重新计算 bucket 分配，当前节点数: 4
1776093971.643621 DEBUG: [kua.bidder] 重新计算 bucket 分配，当前节点数: 4
1776093974.644002 DEBUG: [kua.bidder] 重新计算 bucket 分配，当前节点数: 4
1776093977.644538 DEBUG: [kua.bidder] 重新计算 bucket 分配，当前节点数: 4
1776093980.645292 DEBUG: [kua.bidder] 重新计算 bucket 分配，当前节点数: 4
1776093983.645628 DEBUG: [kua.bidder] 重新计算 bucket 分配，当前节点数: 4
1776093986.645903 DEBUG: [kua.bidder] 重新计算 bucket 分配，当前节点数: 4
1776093989.646328 DEBUG: [kua.bidder] 重新计算 bucket 分配，当前节点数: 4
1776093992.646664 DEBUG: [kua.bidder] 重新计算 bucket 分配，当前节点数: 4
1776093995.647214 DEBUG: [kua.bidder] 重新计算 bucket 分配，当前节点数: 4
1776093998.647459 DEBUG: [kua.bidder] 重新计算 bucket 分配，当前节点数: 4
1776094001.647839 DEBUG: [kua.bidder] 重新计算 bucket 分配，当前节点数: 4
1776094004.648014 DEBUG: [kua.bidder] 重新计算 bucket 分配，当前节点数: 4
1776094007.648665 DEBUG: [kua.bidder] 重新计算 bucket 分配，当前节点数: 4
1776094010.649053 DEBUG: [kua.bidder] 重新计算 bucket 分配，当前节点数: 4
1776094013.649421 DEBUG: [kua.bidder] 重新计算 bucket 分配，当前节点数: 4
1776094016.649708 DEBUG: [kua.bidder] 重新计算 bucket 分配，当前节点数: 4
1776094019.650060 DEBUG: [kua.bidder] 重新计算 bucket 分配，当前节点数: 4
1776094022.650357 DEBUG: [kua.bidder] 重新计算 bucket 分配，当前节点数: 4
1776094025.650672 DEBUG: [kua.bidder] 重新计算 bucket 分配，当前节点数: 4
1776094028.650963 DEBUG: [kua.bidder] 重新计算 bucket 分配，当前节点数: 4
1776094031.651617 DEBUG: [kua.bidder] 重新计算 bucket 分配，当前节点数: 4
1776094034.651955 DEBUG: [kua.bidder] 重新计算 bucket 分配，当前节点数: 4
1776094037.652336 DEBUG: [kua.bidder] 重新计算 bucket 分配，当前节点数: 4
1776094040.652742 DEBUG: [kua.bidder] 重新计算 bucket 分配，当前节点数: 4
1776094043.653007 DEBUG: [kua.bidder] 重新计算 bucket 分配，当前节点数: 4
1776094046.653272 DEBUG: [kua.bidder] 重新计算 bucket 分配，当前节点数: 4
1776094049.653594 DEBUG: [kua.bidder] 重新计算 bucket 分配，当前节点数: 4
1776094052.654250 DEBUG: [kua.bidder] 重新计算 bucket 分配，当前节点数: 4
1776094055.654624 DEBUG: [kua.bidder] 重新计算 bucket 分配，当前节点数: 4
1776094058.654940 DEBUG: [kua.bidder] 重新计算 bucket 分配，当前节点数: 4
1776094061.655239 DEBUG: [kua.bidder] 重新计算 bucket 分配，当前节点数: 4
1776094064.658107 DEBUG: [kua.bidder] 重新计算 bucket 分配，当前节点数: 4
1776094067.658397 DEBUG: [kua.bidder] 重新计算 bucket 分配，当前节点数: 4
1776094070.658659 DEBUG: [kua.bidder] 重新计算 bucket 分配，当前节点数: 4
1776094073.658900 DEBUG: [kua.bidder] 重新计算 bucket 分配，当前节点数: 4
1776094076.659304 DEBUG: [kua.bidder] 重新计算 bucket 分配，当前节点数: 4
1776094079.659886 DEBUG: [kua.bidder] 重新计算 bucket 分配，当前节点数: 4
1776094082.660257 DEBUG: [kua.bidder] 重新计算 bucket 分配，当前节点数: 4
1776094085.660779 DEBUG: [kua.bidder] 重新计算 bucket 分配，当前节点数: 4
1776094088.660988 DEBUG: [kua.bidder] 重新计算 bucket 分配，当前节点数: 4
1776094091.661424 DEBUG: [kua.bidder] 重新计算 bucket 分配，当前节点数: 4
1776094094.661736 DEBUG: [kua.bidder] 重新计算 bucket 分配，当前节点数: 4
1776094097.662095 DEBUG: [kua.bidder] 重新计算 bucket 分配，当前节点数: 4
1776094100.662759 DEBUG: [kua.bidder] 重新计算 bucket 分配，当前节点数: 4
1776094103.663069 DEBUG: [kua.bidder] 重新计算 bucket 分配，当前节点数: 4
1776094106.663330 DEBUG: [kua.bidder] 重新计算 bucket 分配，当前节点数: 4
1776094109.663694 DEBUG: [kua.bidder] 重新计算 bucket 分配，当前节点数: 4
1776094112.664023 DEBUG: [kua.bidder] 重新计算 bucket 分配，当前节点数: 4
1776094115.664376 DEBUG: [kua.bidder] 重新计算 bucket 分配，当前节点数: 4
1776094118.664750 DEBUG: [kua.bidder] 重新计算 bucket 分配，当前节点数: 4
1776094121.665364 DEBUG: [kua.bidder] 重新计算 bucket 分配，当前节点数: 4
1776094124.665806 DEBUG: [kua.bidder] 重新计算 bucket 分配，当前节点数: 4
1776094127.666202 DEBUG: [kua.bidder] 重新计算 bucket 分配，当前节点数: 4
1776094130.666606 DEBUG: [kua.bidder] 重新计算 bucket 分配，当前节点数: 4
1776094133.666900 DEBUG: [kua.bidder] 重新计算 bucket 分配，当前节点数: 4
1776094136.667250 DEBUG: [kua.bidder] 重新计算 bucket 分配，当前节点数: 4
1776094139.667494 DEBUG: [kua.bidder] 重新计算 bucket 分配，当前节点数: 4
1776094142.667795 DEBUG: [kua.bidder] 重新计算 bucket 分配，当前节点数: 4
1776094145.668186 DEBUG: [kua.bidder] 重新计算 bucket 分配，当前节点数: 4
1776094148.668520 DEBUG: [kua.bidder] 重新计算 bucket 分配，当前节点数: 4
1776094151.668835 DEBUG: [kua.bidder] 重新计算 bucket 分配，当前节点数: 4
1776094154.669261 DEBUG: [kua.bidder] 重新计算 bucket 分配，当前节点数: 4
1776094157.669550 DEBUG: [kua.bidder] 重新计算 bucket 分配，当前节点数: 4
1776094160.670008 DEBUG: [kua.bidder] 重新计算 bucket 分配，当前节点数: 4
1776094163.670395 DEBUG: [kua.bidder] 重新计算 bucket 分配，当前节点数: 4
1776094166.670781 DEBUG: [kua.bidder] 重新计算 bucket 分配，当前节点数: 4
1776094169.671170 DEBUG: [kua.bidder] 重新计算 bucket 分配，当前节点数: 4
1776094172.671974 DEBUG: [kua.bidder] 重新计算 bucket 分配，当前节点数: 4
1776094175.676904 DEBUG: [kua.bidder] 重新计算 bucket 分配，当前节点数: 4
1776094178.677887 DEBUG: [kua.bidder] 重新计算 bucket 分配，当前节点数: 4
1776094181.678305 DEBUG: [kua.bidder] 重新计算 bucket 分配，当前节点数: 4
1776094184.678644 DEBUG: [kua.bidder] 重新计算 bucket 分配，当前节点数: 4
1776094187.678942 DEBUG: [kua.bidder] 重新计算 bucket 分配，当前节点数: 4
1776094190.679268 DEBUG: [kua.bidder] 重新计算 bucket 分配，当前节点数: 4
1776094193.679561 DEBUG: [kua.bidder] 重新计算 bucket 分配，当前节点数: 4
1776094196.679888 DEBUG: [kua.bidder] 重新计算 bucket 分配，当前节点数: 4
1776094199.680420 DEBUG: [kua.bidder] 重新计算 bucket 分配，当前节点数: 4
1776094202.680816 DEBUG: [kua.bidder] 重新计算 bucket 分配，当前节点数: 4
1776094205.681233 DEBUG: [kua.bidder] 重新计算 bucket 分配，当前节点数: 4
1776094208.681519 DEBUG: [kua.bidder] 重新计算 bucket 分配，当前节点数: 4
1776094211.684404 DEBUG: [kua.bidder] 重新计算 bucket 分配，当前节点数: 4
1776094214.684726 DEBUG: [kua.bidder] 重新计算 bucket 分配，当前节点数: 4
1776094217.685039 DEBUG: [kua.bidder] 重新计算 bucket 分配，当前节点数: 4
1776094220.685395 DEBUG: [kua.bidder] 重新计算 bucket 分配，当前节点数: 4
1776094223.686198 DEBUG: [kua.bidder] 重新计算 bucket 分配，当前节点数: 4
1776094226.686535 DEBUG: [kua.bidder] 重新计算 bucket 分配，当前节点数: 4
1776094229.686845 DEBUG: [kua.bidder] 重新计算 bucket 分配，当前节点数: 4
1776094232.687257 DEBUG: [kua.bidder] 重新计算 bucket 分配，当前节点数: 4
1776094235.688709 DEBUG: [kua.bidder] 重新计算 bucket 分配，当前节点数: 4
1776094238.689761 DEBUG: [kua.bidder] 重新计算 bucket 分配，当前节点数: 4
1776094241.690801 DEBUG: [kua.bidder] 重新计算 bucket 分配，当前节点数: 4
1776094244.691059 DEBUG: [kua.bidder] 重新计算 bucket 分配，当前节点数: 4
1776094247.691863 DEBUG: [kua.bidder] 重新计算 bucket 分配，当前节点数: 4
1776094250.694642 DEBUG: [kua.bidder] 重新计算 bucket 分配，当前节点数: 4
1776094253.694941 DEBUG: [kua.bidder] 重新计算 bucket 分配，当前节点数: 4
1776094256.695209 DEBUG: [kua.bidder] 重新计算 bucket 分配，当前节点数: 4
1776094259.695446 DEBUG: [kua.bidder] 重新计算 bucket 分配，当前节点数: 4
1776094262.695904 DEBUG: [kua.bidder] 重新计算 bucket 分配，当前节点数: 4
1776094265.696247 DEBUG: [kua.bidder] 重新计算 bucket 分配，当前节点数: 4
1776094268.696613 DEBUG: [kua.bidder] 重新计算 bucket 分配，当前节点数: 4
1776094271.697261 DEBUG: [kua.bidder] 重新计算 bucket 分配，当前节点数: 4
1776094274.697642 DEBUG: [kua.bidder] 重新计算 bucket 分配，当前节点数: 4
1776094277.698517 DEBUG: [kua.bidder] 重新计算 bucket 分配，当前节点数: 4
1776094280.698744 DEBUG: [kua.bidder] 重新计算 bucket 分配，当前节点数: 4
1776094283.699012 DEBUG: [kua.bidder] 重新计算 bucket 分配，当前节点数: 4
1776094286.699393 DEBUG: [kua.bidder] 重新计算 bucket 分配，当前节点数: 4
1776094289.699789 DEBUG: [kua.bidder] 重新计算 bucket 分配，当前节点数: 4
1776094292.700209 DEBUG: [kua.bidder] 重新计算 bucket 分配，当前节点数: 4
1776094295.700450 DEBUG: [kua.bidder] 重新计算 bucket 分配，当前节点数: 4
1776094298.700760 DEBUG: [kua.bidder] 重新计算 bucket 分配，当前节点数: 4
1776094301.701078 DEBUG: [kua.bidder] 重新计算 bucket 分配，当前节点数: 4
1776094304.701367 DEBUG: [kua.bidder] 重新计算 bucket 分配，当前节点数: 4
1776094307.701669 DEBUG: [kua.bidder] 重新计算 bucket 分配，当前节点数: 4
1776094310.702366 DEBUG: [kua.bidder] 重新计算 bucket 分配，当前节点数: 4
1776094313.702595 DEBUG: [kua.bidder] 重新计算 bucket 分配，当前节点数: 4
1776094316.702922 DEBUG: [kua.bidder] 重新计算 bucket 分配，当前节点数: 4
1776094319.704068 DEBUG: [kua.bidder] 重新计算 bucket 分配，当前节点数: 4
1776094322.704633 DEBUG: [kua.bidder] 重新计算 bucket 分配，当前节点数: 4
1776094325.709007 DEBUG: [kua.bidder] 重新计算 bucket 分配，当前节点数: 4
1776094328.709422 DEBUG: [kua.bidder] 重新计算 bucket 分配，当前节点数: 4
1776094331.709718 DEBUG: [kua.bidder] 重新计算 bucket 分配，当前节点数: 4
1776094334.710596 DEBUG: [kua.bidder] 重新计算 bucket 分配，当前节点数: 4
1776094337.710851 DEBUG: [kua.bidder] 重新计算 bucket 分配，当前节点数: 4
1776094340.711347 DEBUG: [kua.bidder] 重新计算 bucket 分配，当前节点数: 4
1776094343.711632 DEBUG: [kua.bidder] 重新计算 bucket 分配，当前节点数: 4
1776094346.711923 DEBUG: [kua.bidder] 重新计算 bucket 分配，当前节点数: 4
1776094349.712371 DEBUG: [kua.bidder] 重新计算 bucket 分配，当前节点数: 4
1776094352.712606 DEBUG: [kua.bidder] 重新计算 bucket 分配，当前节点数: 4
1776094355.713396 DEBUG: [kua.bidder] 重新计算 bucket 分配，当前节点数: 4
1776094358.713846 DEBUG: [kua.bidder] 重新计算 bucket 分配，当前节点数: 4
1776094361.714250 DEBUG: [kua.bidder] 重新计算 bucket 分配，当前节点数: 4
1776094364.714584 DEBUG: [kua.bidder] 重新计算 bucket 分配，当前节点数: 4
1776094367.714866 DEBUG: [kua.bidder] 重新计算 bucket 分配，当前节点数: 4
1776094370.715250 DEBUG: [kua.bidder] 重新计算 bucket 分配，当前节点数: 4
1776094373.715590 DEBUG: [kua.bidder] 重新计算 bucket 分配，当前节点数: 4
1776094376.715891 DEBUG: [kua.bidder] 重新计算 bucket 分配，当前节点数: 4
1776094379.716587 DEBUG: [kua.bidder] 重新计算 bucket 分配，当前节点数: 4
1776094382.716953 DEBUG: [kua.bidder] 重新计算 bucket 分配，当前节点数: 4
1776094385.717308 DEBUG: [kua.bidder] 重新计算 bucket 分配，当前节点数: 4
1776094388.717672 DEBUG: [kua.bidder] 重新计算 bucket 分配，当前节点数: 4
1776094391.718226 DEBUG: [kua.bidder] 重新计算 bucket 分配，当前节点数: 4
1776094394.718828 DEBUG: [kua.bidder] 重新计算 bucket 分配，当前节点数: 4
1776094397.720260 DEBUG: [kua.bidder] 重新计算 bucket 分配，当前节点数: 4
1776094400.720472 DEBUG: [kua.bidder] 重新计算 bucket 分配，当前节点数: 4
1776094403.722250 DEBUG: [kua.bidder] 重新计算 bucket 分配，当前节点数: 4
1776094406.723581 DEBUG: [kua.bidder] 重新计算 bucket 分配，当前节点数: 4
1776094409.724101 DEBUG: [kua.bidder] 重新计算 bucket 分配，当前节点数: 4
1776094412.724307 DEBUG: [kua.bidder] 重新计算 bucket 分配，当前节点数: 4
1776094415.724606 DEBUG: [kua.bidder] 重新计算 bucket 分配，当前节点数: 4
1776094418.725475 DEBUG: [kua.bidder] 重新计算 bucket 分配，当前节点数: 4
1776094421.726034 DEBUG: [kua.bidder] 重新计算 bucket 分配，当前节点数: 4
1776094424.726371 DEBUG: [kua.bidder] 重新计算 bucket 分配，当前节点数: 4
1776094427.726681 DEBUG: [kua.bidder] 重新计算 bucket 分配，当前节点数: 4
1776094430.727016 DEBUG: [kua.bidder] 重新计算 bucket 分配，当前节点数: 4
1776094433.727344 DEBUG: [kua.bidder] 重新计算 bucket 分配，当前节点数: 4
1776094436.727716 DEBUG: [kua.bidder] 重新计算 bucket 分配，当前节点数: 4
1776094439.728266 DEBUG: [kua.bidder] 重新计算 bucket 分配，当前节点数: 4
1776094442.728747 DEBUG: [kua.bidder] 重新计算 bucket 分配，当前节点数: 4
1776094445.729279 DEBUG: [kua.bidder] 重新计算 bucket 分配，当前节点数: 4
1776094448.729679 DEBUG: [kua.bidder] 重新计算 bucket 分配，当前节点数: 4
1776094451.730001 DEBUG: [kua.bidder] 重新计算 bucket 分配，当前节点数: 4
1776094454.730326 DEBUG: [kua.bidder] 重新计算 bucket 分配，当前节点数: 4
1776094457.730632 DEBUG: [kua.bidder] 重新计算 bucket 分配，当前节点数: 4
1776094460.730959 DEBUG: [kua.bidder] 重新计算 bucket 分配，当前节点数: 4
1776094463.731304 DEBUG: [kua.bidder] 重新计算 bucket 分配，当前节点数: 4
1776094466.732926 DEBUG: [kua.bidder] 重新计算 bucket 分配，当前节点数: 4
1776094469.733324 DEBUG: [kua.bidder] 重新计算 bucket 分配，当前节点数: 4
1776094472.733625 DEBUG: [kua.bidder] 重新计算 bucket 分配，当前节点数: 4
1776094475.733920 DEBUG: [kua.bidder] 重新计算 bucket 分配，当前节点数: 4
1776094478.734240 DEBUG: [kua.bidder] 重新计算 bucket 分配，当前节点数: 4
1776094481.734546 DEBUG: [kua.bidder] 重新计算 bucket 分配，当前节点数: 4
1776094484.734877 DEBUG: [kua.bidder] 重新计算 bucket 分配，当前节点数: 4
1776094487.735232 DEBUG: [kua.bidder] 重新计算 bucket 分配，当前节点数: 4
1776094490.740125 DEBUG: [kua.bidder] 重新计算 bucket 分配，当前节点数: 4
1776094493.741425 DEBUG: [kua.bidder] 重新计算 bucket 分配，当前节点数: 4
1776094496.742851 DEBUG: [kua.bidder] 重新计算 bucket 分配，当前节点数: 4
1776094499.744562 DEBUG: [kua.bidder] 重新计算 bucket 分配，当前节点数: 4
1776094502.745337 DEBUG: [kua.bidder] 重新计算 bucket 分配，当前节点数: 4
1776094505.747048 DEBUG: [kua.bidder] 重新计算 bucket 分配，当前节点数: 4
1776094508.747354 DEBUG: [kua.bidder] 重新计算 bucket 分配，当前节点数: 4
1776094511.747597 DEBUG: [kua.bidder] 重新计算 bucket 分配，当前节点数: 4
1776094514.747805 DEBUG: [kua.bidder] 重新计算 bucket 分配，当前节点数: 4
1776094517.748153 DEBUG: [kua.bidder] 重新计算 bucket 分配，当前节点数: 4
1776094520.748780 DEBUG: [kua.bidder] 重新计算 bucket 分配，当前节点数: 4
1776094523.749143 DEBUG: [kua.bidder] 重新计算 bucket 分配，当前节点数: 4
1776094526.749397 DEBUG: [kua.bidder] 重新计算 bucket 分配，当前节点数: 4
1776094529.749988 DEBUG: [kua.bidder] 重新计算 bucket 分配，当前节点数: 4
1776094532.750416 DEBUG: [kua.bidder] 重新计算 bucket 分配，当前节点数: 4
1776094535.750686 DEBUG: [kua.bidder] 重新计算 bucket 分配，当前节点数: 4
1776094538.751098 DEBUG: [kua.bidder] 重新计算 bucket 分配，当前节点数: 4
1776094541.751400 DEBUG: [kua.bidder] 重新计算 bucket 分配，当前节点数: 4
1776094544.751607 DEBUG: [kua.bidder] 重新计算 bucket 分配，当前节点数: 4
1776094547.754080 DEBUG: [kua.bidder] 重新计算 bucket 分配，当前节点数: 4
1776094550.754926 DEBUG: [kua.bidder] 重新计算 bucket 分配，当前节点数: 4
1776094553.755291 DEBUG: [kua.bidder] 重新计算 bucket 分配，当前节点数: 4
1776094556.755734 DEBUG: [kua.bidder] 重新计算 bucket 分配，当前节点数: 4
1776094559.756382 DEBUG: [kua.bidder] 重新计算 bucket 分配，当前节点数: 4
1776094562.756614 DEBUG: [kua.bidder] 重新计算 bucket 分配，当前节点数: 4
1776094565.756859 DEBUG: [kua.bidder] 重新计算 bucket 分配，当前节点数: 4
1776094568.759271 DEBUG: [kua.bidder] 重新计算 bucket 分配，当前节点数: 4
1776094571.759630 DEBUG: [kua.bidder] 重新计算 bucket 分配，当前节点数: 4
1776094574.762005 DEBUG: [kua.bidder] 重新计算 bucket 分配，当前节点数: 4
1776094577.762350 DEBUG: [kua.bidder] 重新计算 bucket 分配，当前节点数: 4
1776094580.762844 DEBUG: [kua.bidder] 重新计算 bucket 分配，当前节点数: 4
1776094583.763266 DEBUG: [kua.bidder] 重新计算 bucket 分配，当前节点数: 4
1776094586.763494 DEBUG: [kua.bidder] 重新计算 bucket 分配，当前节点数: 4
1776094589.763705 DEBUG: [kua.bidder] 重新计算 bucket 分配，当前节点数: 4
1776094592.763899 DEBUG: [kua.bidder] 重新计算 bucket 分配，当前节点数: 4
1776094595.764608 DEBUG: [kua.bidder] 重新计算 bucket 分配，当前节点数: 4
1776094598.764953 DEBUG: [kua.bidder] 重新计算 bucket 分配，当前节点数: 4
1776094601.765286 DEBUG: [kua.bidder] 重新计算 bucket 分配，当前节点数: 4
1776094604.789684 DEBUG: [kua.bidder] 重新计算 bucket 分配，当前节点数: 4
1776094607.790248 DEBUG: [kua.bidder] 重新计算 bucket 分配，当前节点数: 4
1776094610.790804 DEBUG: [kua.bidder] 重新计算 bucket 分配，当前节点数: 4
1776094613.791323 DEBUG: [kua.bidder] 重新计算 bucket 分配，当前节点数: 4
1776094616.791686 DEBUG: [kua.bidder] 重新计算 bucket 分配，当前节点数: 4
1776094619.792383 DEBUG: [kua.bidder] 重新计算 bucket 分配，当前节点数: 4
1776094622.793058 DEBUG: [kua.bidder] 重新计算 bucket 分配，当前节点数: 4
1776094625.793455 DEBUG: [kua.bidder] 重新计算 bucket 分配，当前节点数: 4
1776094628.793803 DEBUG: [kua.bidder] 重新计算 bucket 分配，当前节点数: 4
1776094631.794251 DEBUG: [kua.bidder] 重新计算 bucket 分配，当前节点数: 4
1776094634.794893 DEBUG: [kua.bidder] 重新计算 bucket 分配，当前节点数: 4
1776094637.795274 DEBUG: [kua.bidder] 重新计算 bucket 分配，当前节点数: 4
1776094640.795673 DEBUG: [kua.bidder] 重新计算 bucket 分配，当前节点数: 4
1776094643.796020 DEBUG: [kua.bidder] 重新计算 bucket 分配，当前节点数: 4
1776094646.796382 DEBUG: [kua.bidder] 重新计算 bucket 分配，当前节点数: 4
1776094649.796694 DEBUG: [kua.bidder] 重新计算 bucket 分配，当前节点数: 4
1776094652.797441 DEBUG: [kua.bidder] 重新计算 bucket 分配，当前节点数: 4
1776094655.797751 DEBUG: [kua.bidder] 重新计算 bucket 分配，当前节点数: 4
1776094658.798091 DEBUG: [kua.bidder] 重新计算 bucket 分配，当前节点数: 4
1776094661.798397 DEBUG: [kua.bidder] 重新计算 bucket 分配，当前节点数: 4
1776094664.798760 DEBUG: [kua.bidder] 重新计算 bucket 分配，当前节点数: 4
1776094667.799179 DEBUG: [kua.bidder] 重新计算 bucket 分配，当前节点数: 4
1776094670.799490 DEBUG: [kua.bidder] 重新计算 bucket 分配，当前节点数: 4
1776094673.799973 DEBUG: [kua.bidder] 重新计算 bucket 分配，当前节点数: 4
1776094676.800398 DEBUG: [kua.bidder] 重新计算 bucket 分配，当前节点数: 4
1776094679.803332 DEBUG: [kua.bidder] 重新计算 bucket 分配，当前节点数: 4
1776094682.803655 DEBUG: [kua.bidder] 重新计算 bucket 分配，当前节点数: 4
1776094685.804251 DEBUG: [kua.bidder] 重新计算 bucket 分配，当前节点数: 4
1776094688.804518 DEBUG: [kua.bidder] 重新计算 bucket 分配，当前节点数: 4
1776094691.804814 DEBUG: [kua.bidder] 重新计算 bucket 分配，当前节点数: 4
1776094694.805168 DEBUG: [kua.bidder] 重新计算 bucket 分配，当前节点数: 4
1776094697.805489 DEBUG: [kua.bidder] 重新计算 bucket 分配，当前节点数: 4
1776094700.805794 DEBUG: [kua.bidder] 重新计算 bucket 分配，当前节点数: 4
1776094703.806148 DEBUG: [kua.bidder] 重新计算 bucket 分配，当前节点数: 4
1776094706.806458 DEBUG: [kua.bidder] 重新计算 bucket 分配，当前节点数: 4
1776094709.806884 DEBUG: [kua.bidder] 重新计算 bucket 分配，当前节点数: 4
1776094712.807220 DEBUG: [kua.bidder] 重新计算 bucket 分配，当前节点数: 4
1776094715.807526 DEBUG: [kua.bidder] 重新计算 bucket 分配，当前节点数: 4
1776094718.807911 DEBUG: [kua.bidder] 重新计算 bucket 分配，当前节点数: 4
1776094721.811338 DEBUG: [kua.bidder] 重新计算 bucket 分配，当前节点数: 4
1776094724.811596 DEBUG: [kua.bidder] 重新计算 bucket 分配，当前节点数: 4
1776094727.813943 DEBUG: [kua.bidder] 重新计算 bucket 分配，当前节点数: 4
1776094730.814292 DEBUG: [kua.bidder] 重新计算 bucket 分配，当前节点数: 4
1776094733.814635 DEBUG: [kua.bidder] 重新计算 bucket 分配，当前节点数: 4
1776094736.815581 DEBUG: [kua.bidder] 重新计算 bucket 分配，当前节点数: 4
1776094739.816117 DEBUG: [kua.bidder] 重新计算 bucket 分配，当前节点数: 4
1776094742.828804 DEBUG: [kua.bidder] 重新计算 bucket 分配，当前节点数: 4
1776094745.829054 DEBUG: [kua.bidder] 重新计算 bucket 分配，当前节点数: 4
1776094748.829311 DEBUG: [kua.bidder] 重新计算 bucket 分配，当前节点数: 4
1776094751.829675 DEBUG: [kua.bidder] 重新计算 bucket 分配，当前节点数: 4
1776094754.830145 DEBUG: [kua.bidder] 重新计算 bucket 分配，当前节点数: 4
1776094757.830789 DEBUG: [kua.bidder] 重新计算 bucket 分配，当前节点数: 4
1776094760.831155 DEBUG: [kua.bidder] 重新计算 bucket 分配，当前节点数: 4
1776094763.831473 DEBUG: [kua.bidder] 重新计算 bucket 分配，当前节点数: 4
1776094766.831855 DEBUG: [kua.bidder] 重新计算 bucket 分配，当前节点数: 4
1776094769.832207 DEBUG: [kua.bidder] 重新计算 bucket 分配，当前节点数: 4
1776094772.832474 DEBUG: [kua.bidder] 重新计算 bucket 分配，当前节点数: 4
1776094775.832755 DEBUG: [kua.bidder] 重新计算 bucket 分配，当前节点数: 4
1776094778.833203 DEBUG: [kua.bidder] 重新计算 bucket 分配，当前节点数: 4
1776094781.833597 DEBUG: [kua.bidder] 重新计算 bucket 分配，当前节点数: 4
1776094784.836565 DEBUG: [kua.bidder] 重新计算 bucket 分配，当前节点数: 4
1776094787.836894 DEBUG: [kua.bidder] 重新计算 bucket 分配，当前节点数: 4
1776094790.837375 DEBUG: [kua.bidder] 重新计算 bucket 分配，当前节点数: 4
1776094793.837736 DEBUG: [kua.bidder] 重新计算 bucket 分配，当前节点数: 4
1776094796.842276 DEBUG: [kua.bidder] 重新计算 bucket 分配，当前节点数: 4
1776094799.845078 DEBUG: [kua.bidder] 重新计算 bucket 分配，当前节点数: 4
1776094802.846723 DEBUG: [kua.bidder] 重新计算 bucket 分配，当前节点数: 4
1776094805.850885 DEBUG: [kua.bidder] 重新计算 bucket 分配，当前节点数: 4
1776094808.851239 DEBUG: [kua.bidder] 重新计算 bucket 分配，当前节点数: 4
1776094811.851689 DEBUG: [kua.bidder] 重新计算 bucket 分配，当前节点数: 4
1776094814.852050 DEBUG: [kua.bidder] 重新计算 bucket 分配，当前节点数: 4
1776094817.852372 DEBUG: [kua.bidder] 重新计算 bucket 分配，当前节点数: 4
1776094820.852779 DEBUG: [kua.bidder] 重新计算 bucket 分配，当前节点数: 4
1776094823.853004 DEBUG: [kua.bidder] 重新计算 bucket 分配，当前节点数: 4
1776094826.853304 DEBUG: [kua.bidder] 重新计算 bucket 分配，当前节点数: 4
1776094829.853659 DEBUG: [kua.bidder] 重新计算 bucket 分配，当前节点数: 4
1776094832.854233 DEBUG: [kua.bidder] 重新计算 bucket 分配，当前节点数: 4
1776094835.859205 DEBUG: [kua.bidder] 重新计算 bucket 分配，当前节点数: 4
1776094838.859517 DEBUG: [kua.bidder] 重新计算 bucket 分配，当前节点数: 4
1776094841.861855 DEBUG: [kua.bidder] 重新计算 bucket 分配，当前节点数: 4
1776094844.862295 DEBUG: [kua.bidder] 重新计算 bucket 分配，当前节点数: 4
1776094847.862598 DEBUG: [kua.bidder] 重新计算 bucket 分配，当前节点数: 4
1776094850.862997 DEBUG: [kua.bidder] 重新计算 bucket 分配，当前节点数: 4
1776094853.863340 DEBUG: [kua.bidder] 重新计算 bucket 分配，当前节点数: 4
1776094856.863633 DEBUG: [kua.bidder] 重新计算 bucket 分配，当前节点数: 4
1776094859.863973 DEBUG: [kua.bidder] 重新计算 bucket 分配，当前节点数: 4
1776094862.864287 DEBUG: [kua.bidder] 重新计算 bucket 分配，当前节点数: 4
1776094865.864601 DEBUG: [kua.bidder] 重新计算 bucket 分配，当前节点数: 4
1776094868.865547 DEBUG: [kua.bidder] 重新计算 bucket 分配，当前节点数: 4
1776094871.866008 DEBUG: [kua.bidder] 重新计算 bucket 分配，当前节点数: 4
1776094874.866388 DEBUG: [kua.bidder] 重新计算 bucket 分配，当前节点数: 4
1776094877.866733 DEBUG: [kua.bidder] 重新计算 bucket 分配，当前节点数: 4
1776094880.867077 DEBUG: [kua.bidder] 重新计算 bucket 分配，当前节点数: 4
1776094883.867300 DEBUG: [kua.bidder] 重新计算 bucket 分配，当前节点数: 4
1776094886.867548 DEBUG: [kua.bidder] 重新计算 bucket 分配，当前节点数: 4
1776094889.867828 DEBUG: [kua.bidder] 重新计算 bucket 分配，当前节点数: 4
1776094892.868267 DEBUG: [kua.bidder] 重新计算 bucket 分配，当前节点数: 4
1776094895.868817 DEBUG: [kua.bidder] 重新计算 bucket 分配，当前节点数: 4
1776094898.869056 DEBUG: [kua.bidder] 重新计算 bucket 分配，当前节点数: 4
1776094901.869315 DEBUG: [kua.bidder] 重新计算 bucket 分配，当前节点数: 4
1776094904.869616 DEBUG: [kua.bidder] 重新计算 bucket 分配，当前节点数: 4
1776094907.869968 DEBUG: [kua.bidder] 重新计算 bucket 分配，当前节点数: 4
1776094910.870331 DEBUG: [kua.bidder] 重新计算 bucket 分配，当前节点数: 4
1776094913.870687 DEBUG: [kua.bidder] 重新计算 bucket 分配，当前节点数: 4
1776094916.871073 DEBUG: [kua.bidder] 重新计算 bucket 分配，当前节点数: 4
1776094919.876218 DEBUG: [kua.bidder] 重新计算 bucket 分配，当前节点数: 4
1776094922.876700 DEBUG: [kua.bidder] 重新计算 bucket 分配，当前节点数: 4
1776094925.877873 DEBUG: [kua.bidder] 重新计算 bucket 分配，当前节点数: 4
1776094928.878583 DEBUG: [kua.bidder] 重新计算 bucket 分配，当前节点数: 4
1776094931.879215 DEBUG: [kua.bidder] 重新计算 bucket 分配，当前节点数: 4
1776094934.879543 DEBUG: [kua.bidder] 重新计算 bucket 分配，当前节点数: 4
1776094937.880420 DEBUG: [kua.bidder] 重新计算 bucket 分配，当前节点数: 4
1776094940.880766 DEBUG: [kua.bidder] 重新计算 bucket 分配，当前节点数: 4
1776094943.881822 DEBUG: [kua.bidder] 重新计算 bucket 分配，当前节点数: 4
1776094946.885915 DEBUG: [kua.bidder] 重新计算 bucket 分配，当前节点数: 4
1776094949.886297 DEBUG: [kua.bidder] 重新计算 bucket 分配，当前节点数: 4
1776094952.886681 DEBUG: [kua.bidder] 重新计算 bucket 分配，当前节点数: 4
1776094955.887232 DEBUG: [kua.bidder] 重新计算 bucket 分配，当前节点数: 4
1776094958.887469 DEBUG: [kua.bidder] 重新计算 bucket 分配，当前节点数: 4
1776094961.887740 DEBUG: [kua.bidder] 重新计算 bucket 分配，当前节点数: 4
1776094964.888103 DEBUG: [kua.bidder] 重新计算 bucket 分配，当前节点数: 4
1776094967.888458 DEBUG: [kua.bidder] 重新计算 bucket 分配，当前节点数: 4
1776094970.888758 DEBUG: [kua.bidder] 重新计算 bucket 分配，当前节点数: 4
1776094973.889123 DEBUG: [kua.bidder] 重新计算 bucket 分配，当前节点数: 4
1776094976.889480 DEBUG: [kua.bidder] 重新计算 bucket 分配，当前节点数: 4
1776094979.889844 DEBUG: [kua.bidder] 重新计算 bucket 分配，当前节点数: 4
1776094982.890226 DEBUG: [kua.bidder] 重新计算 bucket 分配，当前节点数: 4
1776094985.890531 DEBUG: [kua.bidder] 重新计算 bucket 分配，当前节点数: 4
1776094988.890856 DEBUG: [kua.bidder] 重新计算 bucket 分配，当前节点数: 4
1776094991.891249 DEBUG: [kua.bidder] 重新计算 bucket 分配，当前节点数: 4
1776094994.891558 DEBUG: [kua.bidder] 重新计算 bucket 分配，当前节点数: 4
1776094997.891857 DEBUG: [kua.bidder] 重新计算 bucket 分配，当前节点数: 4
1776095000.892290 DEBUG: [kua.bidder] 重新计算 bucket 分配，当前节点数: 4
1776095003.892550 DEBUG: [kua.bidder] 重新计算 bucket 分配，当前节点数: 4
1776095006.893062 DEBUG: [kua.bidder] 重新计算 bucket 分配，当前节点数: 4
1776095009.893459 DEBUG: [kua.bidder] 重新计算 bucket 分配，当前节点数: 4
1776095012.893875 DEBUG: [kua.bidder] 重新计算 bucket 分配，当前节点数: 4
1776095015.894196 DEBUG: [kua.bidder] 重新计算 bucket 分配，当前节点数: 4
1776095018.894439 DEBUG: [kua.bidder] 重新计算 bucket 分配，当前节点数: 4
1776095021.894663 DEBUG: [kua.bidder] 重新计算 bucket 分配，当前节点数: 4
1776095024.894978 DEBUG: [kua.bidder] 重新计算 bucket 分配，当前节点数: 4
1776095027.898677 DEBUG: [kua.bidder] 重新计算 bucket 分配，当前节点数: 4
1776095030.898990 DEBUG: [kua.bidder] 重新计算 bucket 分配，当前节点数: 4
1776095033.899496 DEBUG: [kua.bidder] 重新计算 bucket 分配，当前节点数: 4
1776095036.900012 DEBUG: [kua.bidder] 重新计算 bucket 分配，当前节点数: 4
1776095039.901234 DEBUG: [kua.bidder] 重新计算 bucket 分配，当前节点数: 4
1776095042.901949 DEBUG: [kua.bidder] 重新计算 bucket 分配，当前节点数: 4
1776095045.902694 DEBUG: [kua.bidder] 重新计算 bucket 分配，当前节点数: 4
1776095048.903408 DEBUG: [kua.bidder] 重新计算 bucket 分配，当前节点数: 4
1776095051.903781 DEBUG: [kua.bidder] 重新计算 bucket 分配，当前节点数: 4
1776095054.904168 DEBUG: [kua.bidder] 重新计算 bucket 分配，当前节点数: 4
1776095057.904468 DEBUG: [kua.bidder] 重新计算 bucket 分配，当前节点数: 4
1776095060.904803 DEBUG: [kua.bidder] 重新计算 bucket 分配，当前节点数: 4
1776095063.905598 DEBUG: [kua.bidder] 重新计算 bucket 分配，当前节点数: 4
1776095066.905857 DEBUG: [kua.bidder] 重新计算 bucket 分配，当前节点数: 4
1776095069.906195 DEBUG: [kua.bidder] 重新计算 bucket 分配，当前节点数: 4
1776095072.906519 DEBUG: [kua.bidder] 重新计算 bucket 分配，当前节点数: 4
1776095075.906837 DEBUG: [kua.bidder] 重新计算 bucket 分配，当前节点数: 4
1776095078.907245 DEBUG: [kua.bidder] 重新计算 bucket 分配，当前节点数: 4
1776095081.908209 DEBUG: [kua.bidder] 重新计算 bucket 分配，当前节点数: 4
1776095084.908600 DEBUG: [kua.bidder] 重新计算 bucket 分配，当前节点数: 4
1776095087.909002 DEBUG: [kua.bidder] 重新计算 bucket 分配，当前节点数: 4
1776095090.909231 DEBUG: [kua.bidder] 重新计算 bucket 分配，当前节点数: 4
1776095093.909530 DEBUG: [kua.bidder] 重新计算 bucket 分配，当前节点数: 4
1776095096.909835 DEBUG: [kua.bidder] 重新计算 bucket 分配，当前节点数: 4
1776095099.910485 DEBUG: [kua.bidder] 重新计算 bucket 分配，当前节点数: 4
1776095102.910799 DEBUG: [kua.bidder] 重新计算 bucket 分配，当前节点数: 4
1776095105.911134 DEBUG: [kua.bidder] 重新计算 bucket 分配，当前节点数: 4
1776095108.911469 DEBUG: [kua.bidder] 重新计算 bucket 分配，当前节点数: 4
1776095111.911773 DEBUG: [kua.bidder] 重新计算 bucket 分配，当前节点数: 4
1776095114.912134 DEBUG: [kua.bidder] 重新计算 bucket 分配，当前节点数: 4
1776095117.912569 DEBUG: [kua.bidder] 重新计算 bucket 分配，当前节点数: 4
1776095120.912852 DEBUG: [kua.bidder] 重新计算 bucket 分配，当前节点数: 4
1776095123.913234 DEBUG: [kua.bidder] 重新计算 bucket 分配，当前节点数: 4
1776095126.914312 DEBUG: [kua.bidder] 重新计算 bucket 分配，当前节点数: 4
1776095129.914597 DEBUG: [kua.bidder] 重新计算 bucket 分配，当前节点数: 4
1776095132.914838 DEBUG: [kua.bidder] 重新计算 bucket 分配，当前节点数: 4
1776095135.915193 DEBUG: [kua.bidder] 重新计算 bucket 分配，当前节点数: 4
1776095138.915516 DEBUG: [kua.bidder] 重新计算 bucket 分配，当前节点数: 4
1776095141.915870 DEBUG: [kua.bidder] 重新计算 bucket 分配，当前节点数: 4
