1776091893.829795  INFO: [kua.nodewatcher] 构造 NodeWatcher
1776091893.835215  INFO: [kua.bidder] 构造 Bidder
1776091898.835563 DEBUG: [kua.bidder] 重新计算 bucket 分配，当前节点数: 4
1776091898.835658  INFO: [kua.bidder] 本地节点成为 bucket 0 的所有者
1776091898.836347  INFO: [kua.worker] 构造 worker #0 /two
1776091898.838225  INFO: [kua.bidder] 本地节点成为 bucket 2 的所有者
1776091898.838634  INFO: [kua.worker] 构造 worker #2 /two
1776091898.840124  INFO: [kua.bidder] 本地节点成为 bucket 3 的所有者
1776091898.840521  INFO: [kua.worker] 构造 worker #3 /two
1776091898.844902 ERROR: [kua.worker] 错误：注册前缀 '/two/%02' 到本地转发器失败（authorization rejected）
1776091898.845051 ERROR: [kua.worker] 错误：注册前缀 '/two/%03' 到本地转发器失败（authorization rejected）
1776091899.149355 ERROR: [kua.worker] 错误：注册前缀 '/two/%03' 到本地转发器失败（authorization rejected）
1776091901.844677 DEBUG: [kua.bidder] 重新计算 bucket 分配，当前节点数: 4
1776091904.844958 DEBUG: [kua.bidder] 重新计算 bucket 分配，当前节点数: 4
1776091907.870184 DEBUG: [kua.bidder] 重新计算 bucket 分配，当前节点数: 4
1776091910.007653 DEBUG: [kua.worker] 收到请求 : #2 : /kua/%02/7573657251/7631/%00%00%01%9D%87S%CFs/%00%01%00%00
1776091910.007783 DEBUG: [kua.worker] 收到请求 : #2 : /two/%02/7573657251/7631/%00%00%01%9D%87S%CFs/%00%01%00%02
1776091910.007802  INFO: [kua.worker] KV 写入成功: key=userQ, version=1776091910003, bucket=#2
1776091910.007828 DEBUG: [kua.worker] 收到请求 : #2 : /four/%02/7573657251/7631/%00%00%01%9D%87S%CFs/%00%01%00%02
1776091910.007837 DEBUG: [kua.worker] 收到请求 : #2 : /three/%02/7573657251/7631/%00%00%01%9D%87S%CFs/%00%01%00%02
1776091910.870358 DEBUG: [kua.bidder] 重新计算 bucket 分配，当前节点数: 4
1776091911.028041 DEBUG: [kua.worker] 收到请求 : #2 : /kua/%02/7573657251/%00%02%00%00
1776091911.028203 DEBUG: [kua.worker] 收到请求 : #2 : /two/%02/7573657251/%00%02%00%02
1776091911.028262 DEBUG: [kua.worker] 收到请求 : #2 : /four/%02/7573657251/%00%02%00%02
1776091911.028274 DEBUG: [kua.worker] 收到请求 : #2 : /three/%02/7573657251/%00%02%00%02
1776091916.120078  INFO: [kua.nodewatcher] 构造 NodeWatcher
1776091916.125145  INFO: [kua.bidder] 构造 Bidder
1776091921.139940 DEBUG: [kua.bidder] 重新计算 bucket 分配，当前节点数: 4
1776091921.140107  INFO: [kua.bidder] 本地节点成为 bucket 0 的所有者
1776091921.141097  INFO: [kua.worker] 构造 worker #0 /two
1776091921.143810  INFO: [kua.bidder] 本地节点成为 bucket 2 的所有者
1776091921.144282  INFO: [kua.worker] 构造 worker #2 /two
1776091921.145843  INFO: [kua.bidder] 本地节点成为 bucket 3 的所有者
1776091921.146290  INFO: [kua.worker] 构造 worker #3 /two
1776091924.148123 DEBUG: [kua.bidder] 重新计算 bucket 分配，当前节点数: 4
1776091927.148411 DEBUG: [kua.bidder] 重新计算 bucket 分配，当前节点数: 4
1776091928.130204 DEBUG: [kua.worker] 收到请求 : #2 : /two/%02/7573657251/%00%02%00%02
1776091928.142061 DEBUG: [kua.worker] 收到请求 : #2 : /two/%02/7573657251/7632/%00%00%01%9D%87S%E7%2C/%00%01%00%02
1776091928.142102  INFO: [kua.worker] KV 写入成功: key=userQ, version=1776091916076, bucket=#2
1776091930.150899 DEBUG: [kua.bidder] 重新计算 bucket 分配，当前节点数: 4
1776091931.170812 DEBUG: [kua.worker] 收到请求 : #2 : /two/%02/%00%04%00%02
1776091933.151218 DEBUG: [kua.bidder] 重新计算 bucket 分配，当前节点数: 4
1776091936.151498 DEBUG: [kua.bidder] 重新计算 bucket 分配，当前节点数: 4
1776091939.151839 DEBUG: [kua.bidder] 重新计算 bucket 分配，当前节点数: 4
1776091942.152261 DEBUG: [kua.bidder] 重新计算 bucket 分配，当前节点数: 4
1776091945.152557 DEBUG: [kua.bidder] 重新计算 bucket 分配，当前节点数: 4
1776091948.152864 DEBUG: [kua.bidder] 重新计算 bucket 分配，当前节点数: 4
1776091951.153644 DEBUG: [kua.bidder] 重新计算 bucket 分配，当前节点数: 4
1776091954.153913 DEBUG: [kua.bidder] 重新计算 bucket 分配，当前节点数: 4
1776091957.154254 DEBUG: [kua.bidder] 重新计算 bucket 分配，当前节点数: 4
1776091960.154643 DEBUG: [kua.bidder] 重新计算 bucket 分配，当前节点数: 4
1776091963.155070 DEBUG: [kua.bidder] 重新计算 bucket 分配，当前节点数: 4
1776091966.155402 DEBUG: [kua.bidder] 重新计算 bucket 分配，当前节点数: 4
1776091969.155701 DEBUG: [kua.bidder] 重新计算 bucket 分配，当前节点数: 4
1776091972.156051 DEBUG: [kua.bidder] 重新计算 bucket 分配，当前节点数: 4
1776091975.156357 DEBUG: [kua.bidder] 重新计算 bucket 分配，当前节点数: 4
1776091978.156882 DEBUG: [kua.bidder] 重新计算 bucket 分配，当前节点数: 4
1776091981.157229 DEBUG: [kua.bidder] 重新计算 bucket 分配，当前节点数: 4
1776091984.158856 DEBUG: [kua.bidder] 重新计算 bucket 分配，当前节点数: 4
1776091987.160667 DEBUG: [kua.bidder] 重新计算 bucket 分配，当前节点数: 4
1776091990.160888 DEBUG: [kua.bidder] 重新计算 bucket 分配，当前节点数: 4
1776091993.161317 DEBUG: [kua.bidder] 重新计算 bucket 分配，当前节点数: 4
1776091996.161659 DEBUG: [kua.bidder] 重新计算 bucket 分配，当前节点数: 4
1776091999.163177 DEBUG: [kua.bidder] 重新计算 bucket 分配，当前节点数: 4
1776092002.163640 DEBUG: [kua.bidder] 重新计算 bucket 分配，当前节点数: 4
1776092005.163930 DEBUG: [kua.bidder] 重新计算 bucket 分配，当前节点数: 4
1776092008.164281 DEBUG: [kua.bidder] 重新计算 bucket 分配，当前节点数: 4
1776092011.164569 DEBUG: [kua.bidder] 重新计算 bucket 分配，当前节点数: 4
1776092014.165321 DEBUG: [kua.bidder] 重新计算 bucket 分配，当前节点数: 4
1776092017.165703 DEBUG: [kua.bidder] 重新计算 bucket 分配，当前节点数: 4
1776092020.165956 DEBUG: [kua.bidder] 重新计算 bucket 分配，当前节点数: 4
1776092023.166306 DEBUG: [kua.bidder] 重新计算 bucket 分配，当前节点数: 4
1776092026.166708 DEBUG: [kua.bidder] 重新计算 bucket 分配，当前节点数: 4
1776092029.166933 DEBUG: [kua.bidder] 重新计算 bucket 分配，当前节点数: 4
1776092032.167169 DEBUG: [kua.bidder] 重新计算 bucket 分配，当前节点数: 4
1776092035.167402 DEBUG: [kua.bidder] 重新计算 bucket 分配，当前节点数: 4
1776092038.168054 DEBUG: [kua.bidder] 重新计算 bucket 分配，当前节点数: 4
1776092041.171245 DEBUG: [kua.bidder] 重新计算 bucket 分配，当前节点数: 4
1776092044.172382 DEBUG: [kua.bidder] 重新计算 bucket 分配，当前节点数: 4
1776092047.172623 DEBUG: [kua.bidder] 重新计算 bucket 分配，当前节点数: 4
1776092050.173163 DEBUG: [kua.bidder] 重新计算 bucket 分配，当前节点数: 4
1776092053.173513 DEBUG: [kua.bidder] 重新计算 bucket 分配，当前节点数: 4
1776092056.173817 DEBUG: [kua.bidder] 重新计算 bucket 分配，当前节点数: 4
1776092059.174187 DEBUG: [kua.bidder] 重新计算 bucket 分配，当前节点数: 4
1776092062.174477 DEBUG: [kua.bidder] 重新计算 bucket 分配，当前节点数: 4
1776092065.176507 DEBUG: [kua.bidder] 重新计算 bucket 分配，当前节点数: 4
1776092068.176776 DEBUG: [kua.bidder] 重新计算 bucket 分配，当前节点数: 4
1776092071.177555 DEBUG: [kua.bidder] 重新计算 bucket 分配，当前节点数: 4
1776092074.177943 DEBUG: [kua.bidder] 重新计算 bucket 分配，当前节点数: 4
1776092077.178333 DEBUG: [kua.bidder] 重新计算 bucket 分配，当前节点数: 4
1776092080.178646 DEBUG: [kua.bidder] 重新计算 bucket 分配，当前节点数: 4
1776092083.178987 DEBUG: [kua.bidder] 重新计算 bucket 分配，当前节点数: 4
1776092086.179358 DEBUG: [kua.bidder] 重新计算 bucket 分配，当前节点数: 4
1776092089.179562 DEBUG: [kua.bidder] 重新计算 bucket 分配，当前节点数: 4
1776092092.179817 DEBUG: [kua.bidder] 重新计算 bucket 分配，当前节点数: 4
1776092095.181280 DEBUG: [kua.bidder] 重新计算 bucket 分配，当前节点数: 4
1776092098.181716 DEBUG: [kua.bidder] 重新计算 bucket 分配，当前节点数: 4
1776092101.182021 DEBUG: [kua.bidder] 重新计算 bucket 分配，当前节点数: 4
1776092104.182367 DEBUG: [kua.bidder] 重新计算 bucket 分配，当前节点数: 4
1776092107.183361 DEBUG: [kua.bidder] 重新计算 bucket 分配，当前节点数: 4
1776092110.183673 DEBUG: [kua.bidder] 重新计算 bucket 分配，当前节点数: 4
1776092113.185971 DEBUG: [kua.bidder] 重新计算 bucket 分配，当前节点数: 4
1776092116.186892 DEBUG: [kua.bidder] 重新计算 bucket 分配，当前节点数: 4
1776092119.190836 DEBUG: [kua.bidder] 重新计算 bucket 分配，当前节点数: 4
1776092122.191238 DEBUG: [kua.bidder] 重新计算 bucket 分配，当前节点数: 4
1776092125.191630 DEBUG: [kua.bidder] 重新计算 bucket 分配，当前节点数: 4
1776092128.192024 DEBUG: [kua.bidder] 重新计算 bucket 分配，当前节点数: 4
1776092131.192653 DEBUG: [kua.bidder] 重新计算 bucket 分配，当前节点数: 4
1776092134.193117 DEBUG: [kua.bidder] 重新计算 bucket 分配，当前节点数: 4
1776092137.193495 DEBUG: [kua.bidder] 重新计算 bucket 分配，当前节点数: 4
1776092140.193749 DEBUG: [kua.bidder] 重新计算 bucket 分配，当前节点数: 4
1776092143.194017 DEBUG: [kua.bidder] 重新计算 bucket 分配，当前节点数: 4
1776092146.194252 DEBUG: [kua.bidder] 重新计算 bucket 分配，当前节点数: 4
1776092149.194497 DEBUG: [kua.bidder] 重新计算 bucket 分配，当前节点数: 4
1776092152.194751 DEBUG: [kua.bidder] 重新计算 bucket 分配，当前节点数: 4
1776092155.195148 DEBUG: [kua.bidder] 重新计算 bucket 分配，当前节点数: 4
1776092158.195449 DEBUG: [kua.bidder] 重新计算 bucket 分配，当前节点数: 4
1776092161.195788 DEBUG: [kua.bidder] 重新计算 bucket 分配，当前节点数: 4
1776092164.196191 DEBUG: [kua.bidder] 重新计算 bucket 分配，当前节点数: 4
1776092167.196508 DEBUG: [kua.bidder] 重新计算 bucket 分配，当前节点数: 4
1776092170.196847 DEBUG: [kua.bidder] 重新计算 bucket 分配，当前节点数: 4
1776092173.197257 DEBUG: [kua.bidder] 重新计算 bucket 分配，当前节点数: 4
1776092176.197583 DEBUG: [kua.bidder] 重新计算 bucket 分配，当前节点数: 4
1776092179.197986 DEBUG: [kua.bidder] 重新计算 bucket 分配，当前节点数: 4
1776092182.198342 DEBUG: [kua.bidder] 重新计算 bucket 分配，当前节点数: 4
1776092185.198697 DEBUG: [kua.bidder] 重新计算 bucket 分配，当前节点数: 4
1776092188.198977 DEBUG: [kua.bidder] 重新计算 bucket 分配，当前节点数: 4
1776092191.199448 DEBUG: [kua.bidder] 重新计算 bucket 分配，当前节点数: 4
1776092194.199756 DEBUG: [kua.bidder] 重新计算 bucket 分配，当前节点数: 4
1776092197.200021 DEBUG: [kua.bidder] 重新计算 bucket 分配，当前节点数: 4
1776092200.242249 DEBUG: [kua.bidder] 重新计算 bucket 分配，当前节点数: 4
1776092203.242540 DEBUG: [kua.bidder] 重新计算 bucket 分配，当前节点数: 4
1776092206.242817 DEBUG: [kua.bidder] 重新计算 bucket 分配，当前节点数: 4
1776092209.243127 DEBUG: [kua.bidder] 重新计算 bucket 分配，当前节点数: 4
1776092212.243367 DEBUG: [kua.bidder] 重新计算 bucket 分配，当前节点数: 4
1776092215.243721 DEBUG: [kua.bidder] 重新计算 bucket 分配，当前节点数: 4
1776092218.243993 DEBUG: [kua.bidder] 重新计算 bucket 分配，当前节点数: 4
1776092221.245420 DEBUG: [kua.bidder] 重新计算 bucket 分配，当前节点数: 4
1776092224.245889 DEBUG: [kua.bidder] 重新计算 bucket 分配，当前节点数: 4
1776092227.246375 DEBUG: [kua.bidder] 重新计算 bucket 分配，当前节点数: 4
1776092230.247085 DEBUG: [kua.bidder] 重新计算 bucket 分配，当前节点数: 4
1776092233.247451 DEBUG: [kua.bidder] 重新计算 bucket 分配，当前节点数: 4
1776092236.247828 DEBUG: [kua.bidder] 重新计算 bucket 分配，当前节点数: 4
1776092239.248143 DEBUG: [kua.bidder] 重新计算 bucket 分配，当前节点数: 4
1776092242.248413 DEBUG: [kua.bidder] 重新计算 bucket 分配，当前节点数: 4
1776092245.248744 DEBUG: [kua.bidder] 重新计算 bucket 分配，当前节点数: 4
1776092248.249070 DEBUG: [kua.bidder] 重新计算 bucket 分配，当前节点数: 4
1776092251.249361 DEBUG: [kua.bidder] 重新计算 bucket 分配，当前节点数: 4
1776092254.250564 DEBUG: [kua.bidder] 重新计算 bucket 分配，当前节点数: 4
1776092257.250834 DEBUG: [kua.bidder] 重新计算 bucket 分配，当前节点数: 4
1776092260.251261 DEBUG: [kua.bidder] 重新计算 bucket 分配，当前节点数: 4
1776092263.277798 DEBUG: [kua.bidder] 重新计算 bucket 分配，当前节点数: 4
1776092266.278059 DEBUG: [kua.bidder] 重新计算 bucket 分配，当前节点数: 4
1776092269.278390 DEBUG: [kua.bidder] 重新计算 bucket 分配，当前节点数: 4
1776092272.278633 DEBUG: [kua.bidder] 重新计算 bucket 分配，当前节点数: 4
1776092275.283046 DEBUG: [kua.bidder] 重新计算 bucket 分配，当前节点数: 4
1776092278.283378 DEBUG: [kua.bidder] 重新计算 bucket 分配，当前节点数: 4
1776092281.283930 DEBUG: [kua.bidder] 重新计算 bucket 分配，当前节点数: 4
1776092284.284331 DEBUG: [kua.bidder] 重新计算 bucket 分配，当前节点数: 4
1776092287.284928 DEBUG: [kua.bidder] 重新计算 bucket 分配，当前节点数: 4
1776092290.285372 DEBUG: [kua.bidder] 重新计算 bucket 分配，当前节点数: 4
1776092293.285742 DEBUG: [kua.bidder] 重新计算 bucket 分配，当前节点数: 4
1776092296.286182 DEBUG: [kua.bidder] 重新计算 bucket 分配，当前节点数: 4
1776092299.286552 DEBUG: [kua.bidder] 重新计算 bucket 分配，当前节点数: 4
1776092302.286893 DEBUG: [kua.bidder] 重新计算 bucket 分配，当前节点数: 4
1776092305.287311 DEBUG: [kua.bidder] 重新计算 bucket 分配，当前节点数: 4
1776092308.289422 DEBUG: [kua.bidder] 重新计算 bucket 分配，当前节点数: 4
1776092311.289736 DEBUG: [kua.bidder] 重新计算 bucket 分配，当前节点数: 4
1776092314.290033 DEBUG: [kua.bidder] 重新计算 bucket 分配，当前节点数: 4
1776092317.290414 DEBUG: [kua.bidder] 重新计算 bucket 分配，当前节点数: 4
1776092320.290787 DEBUG: [kua.bidder] 重新计算 bucket 分配，当前节点数: 4
1776092323.291181 DEBUG: [kua.bidder] 重新计算 bucket 分配，当前节点数: 4
1776092326.292682 DEBUG: [kua.bidder] 重新计算 bucket 分配，当前节点数: 4
1776092329.293505 DEBUG: [kua.bidder] 重新计算 bucket 分配，当前节点数: 4
1776092332.293789 DEBUG: [kua.bidder] 重新计算 bucket 分配，当前节点数: 4
1776092335.294197 DEBUG: [kua.bidder] 重新计算 bucket 分配，当前节点数: 4
1776092338.294543 DEBUG: [kua.bidder] 重新计算 bucket 分配，当前节点数: 4
1776092341.294817 DEBUG: [kua.bidder] 重新计算 bucket 分配，当前节点数: 4
1776092344.295162 DEBUG: [kua.bidder] 重新计算 bucket 分配，当前节点数: 4
1776092347.295508 DEBUG: [kua.bidder] 重新计算 bucket 分配，当前节点数: 4
1776092350.295845 DEBUG: [kua.bidder] 重新计算 bucket 分配，当前节点数: 4
1776092353.296237 DEBUG: [kua.bidder] 重新计算 bucket 分配，当前节点数: 4
1776092356.296543 DEBUG: [kua.bidder] 重新计算 bucket 分配，当前节点数: 4
1776092359.296843 DEBUG: [kua.bidder] 重新计算 bucket 分配，当前节点数: 4
1776092362.297183 DEBUG: [kua.bidder] 重新计算 bucket 分配，当前节点数: 4
1776092365.297447 DEBUG: [kua.bidder] 重新计算 bucket 分配，当前节点数: 4
1776092368.297718 DEBUG: [kua.bidder] 重新计算 bucket 分配，当前节点数: 4
1776092371.298039 DEBUG: [kua.bidder] 重新计算 bucket 分配，当前节点数: 4
1776092374.298737 DEBUG: [kua.bidder] 重新计算 bucket 分配，当前节点数: 4
1776092377.299051 DEBUG: [kua.bidder] 重新计算 bucket 分配，当前节点数: 4
1776092380.299373 DEBUG: [kua.bidder] 重新计算 bucket 分配，当前节点数: 4
1776092383.299656 DEBUG: [kua.bidder] 重新计算 bucket 分配，当前节点数: 4
1776092386.299956 DEBUG: [kua.bidder] 重新计算 bucket 分配，当前节点数: 4
1776092389.300565 DEBUG: [kua.bidder] 重新计算 bucket 分配，当前节点数: 4
1776092392.300995 DEBUG: [kua.bidder] 重新计算 bucket 分配，当前节点数: 4
1776092395.301395 DEBUG: [kua.bidder] 重新计算 bucket 分配，当前节点数: 4
1776092398.301764 DEBUG: [kua.bidder] 重新计算 bucket 分配，当前节点数: 4
1776092401.302033 DEBUG: [kua.bidder] 重新计算 bucket 分配，当前节点数: 4
1776092404.302411 DEBUG: [kua.bidder] 重新计算 bucket 分配，当前节点数: 4
1776092407.302790 DEBUG: [kua.bidder] 重新计算 bucket 分配，当前节点数: 4
1776092410.303185 DEBUG: [kua.bidder] 重新计算 bucket 分配，当前节点数: 4
1776092413.303476 DEBUG: [kua.bidder] 重新计算 bucket 分配，当前节点数: 4
1776092416.303813 DEBUG: [kua.bidder] 重新计算 bucket 分配，当前节点数: 4
1776092419.304187 DEBUG: [kua.bidder] 重新计算 bucket 分配，当前节点数: 4
1776092422.304513 DEBUG: [kua.bidder] 重新计算 bucket 分配，当前节点数: 4
1776092425.304823 DEBUG: [kua.bidder] 重新计算 bucket 分配，当前节点数: 4
1776092428.305282 DEBUG: [kua.bidder] 重新计算 bucket 分配，当前节点数: 4
1776092431.305598 DEBUG: [kua.bidder] 重新计算 bucket 分配，当前节点数: 4
1776092434.305901 DEBUG: [kua.bidder] 重新计算 bucket 分配，当前节点数: 4
1776092437.306230 DEBUG: [kua.bidder] 重新计算 bucket 分配，当前节点数: 4
1776092440.306884 DEBUG: [kua.bidder] 重新计算 bucket 分配，当前节点数: 4
1776092443.307262 DEBUG: [kua.bidder] 重新计算 bucket 分配，当前节点数: 4
1776092446.307549 DEBUG: [kua.bidder] 重新计算 bucket 分配，当前节点数: 4
1776092449.307829 DEBUG: [kua.bidder] 重新计算 bucket 分配，当前节点数: 4
1776092452.308163 DEBUG: [kua.bidder] 重新计算 bucket 分配，当前节点数: 4
1776092455.308460 DEBUG: [kua.bidder] 重新计算 bucket 分配，当前节点数: 4
1776092458.308809 DEBUG: [kua.bidder] 重新计算 bucket 分配，当前节点数: 4
1776092458.812103 DEBUG: [kua.worker] 收到请求 : #0 : /two/%00/%00%04%00%02
1776092458.815206 DEBUG: [kua.worker] 收到请求 : #2 : /two/%02/%00%04%00%02
1776092458.816569 DEBUG: [kua.worker] 收到请求 : #3 : /two/%03/%00%04%00%02
1776092461.309221 DEBUG: [kua.bidder] 重新计算 bucket 分配，当前节点数: 4
1776092464.309588 DEBUG: [kua.bidder] 重新计算 bucket 分配，当前节点数: 4
1776092467.309887 DEBUG: [kua.bidder] 重新计算 bucket 分配，当前节点数: 4
1776092470.320380 DEBUG: [kua.bidder] 重新计算 bucket 分配，当前节点数: 4
1776092473.320734 DEBUG: [kua.bidder] 重新计算 bucket 分配，当前节点数: 4
1776092476.321218 DEBUG: [kua.bidder] 重新计算 bucket 分配，当前节点数: 4
1776092479.321722 DEBUG: [kua.bidder] 重新计算 bucket 分配，当前节点数: 4
1776092482.322265 DEBUG: [kua.bidder] 重新计算 bucket 分配，当前节点数: 4
1776092485.322566 DEBUG: [kua.bidder] 重新计算 bucket 分配，当前节点数: 4
1776092488.322892 DEBUG: [kua.bidder] 重新计算 bucket 分配，当前节点数: 4
1776092491.323295 DEBUG: [kua.bidder] 重新计算 bucket 分配，当前节点数: 4
1776092494.325256 DEBUG: [kua.bidder] 重新计算 bucket 分配，当前节点数: 4
1776092497.325921 DEBUG: [kua.bidder] 重新计算 bucket 分配，当前节点数: 4
1776092500.326374 DEBUG: [kua.bidder] 重新计算 bucket 分配，当前节点数: 4
1776092503.327087 DEBUG: [kua.bidder] 重新计算 bucket 分配，当前节点数: 4
1776092506.327402 DEBUG: [kua.bidder] 重新计算 bucket 分配，当前节点数: 4
1776092509.327994 DEBUG: [kua.bidder] 重新计算 bucket 分配，当前节点数: 4
1776092512.329152 DEBUG: [kua.bidder] 重新计算 bucket 分配，当前节点数: 4
1776092515.329615 DEBUG: [kua.bidder] 重新计算 bucket 分配，当前节点数: 4
1776092518.426895 DEBUG: [kua.bidder] 重新计算 bucket 分配，当前节点数: 4
1776092521.427137 DEBUG: [kua.bidder] 重新计算 bucket 分配，当前节点数: 4
1776092524.427476 DEBUG: [kua.bidder] 重新计算 bucket 分配，当前节点数: 4
1776092527.427784 DEBUG: [kua.bidder] 重新计算 bucket 分配，当前节点数: 4
1776092530.428142 DEBUG: [kua.bidder] 重新计算 bucket 分配，当前节点数: 4
1776092533.428480 DEBUG: [kua.bidder] 重新计算 bucket 分配，当前节点数: 4
1776092536.428822 DEBUG: [kua.bidder] 重新计算 bucket 分配，当前节点数: 4
1776092539.429274 DEBUG: [kua.bidder] 重新计算 bucket 分配，当前节点数: 4
1776092542.429651 DEBUG: [kua.bidder] 重新计算 bucket 分配，当前节点数: 4
1776092545.429968 DEBUG: [kua.bidder] 重新计算 bucket 分配，当前节点数: 4
1776092548.430331 DEBUG: [kua.bidder] 重新计算 bucket 分配，当前节点数: 4
1776092551.430648 DEBUG: [kua.bidder] 重新计算 bucket 分配，当前节点数: 4
1776092554.430928 DEBUG: [kua.bidder] 重新计算 bucket 分配，当前节点数: 4
1776092557.431351 DEBUG: [kua.bidder] 重新计算 bucket 分配，当前节点数: 4
1776092560.431647 DEBUG: [kua.bidder] 重新计算 bucket 分配，当前节点数: 4
1776092563.431943 DEBUG: [kua.bidder] 重新计算 bucket 分配，当前节点数: 4
1776092566.432299 DEBUG: [kua.bidder] 重新计算 bucket 分配，当前节点数: 4
1776092569.432600 DEBUG: [kua.bidder] 重新计算 bucket 分配，当前节点数: 4
1776092572.432927 DEBUG: [kua.bidder] 重新计算 bucket 分配，当前节点数: 4
