1764948030.853311  INFO: [kua.nodewatcher] Constructing NodeWatcher
1764948030.859432  INFO: [kua.bidder] Constructing Bidder
1764948030.859645 DEBUG: [kua.bidder] Initializing Bidder
1764948034.274340 DEBUG: [kua.bidder] SVS missing data: node=/master, low=1, high=1
1764948034.275656 DEBUG: [kua.bidder] RECV_AUCTION for #0 AID 3123450526
1764948034.275664 DEBUG: [kua.bidder] PLACE_BID for #0 AID 3123450526 $10019
1764948034.276890 DEBUG: [kua.bidder] SVS missing data: node=/two, low=1, high=1
1764948062.939356 DEBUG: [kua.bidder] SVS missing data: node=/four, low=1, high=1
1764948063.395081 DEBUG: [kua.bidder] SVS missing data: node=/three, low=1, high=1
1764948063.397852 DEBUG: [kua.bidder] SVS missing data: node=/master, low=2, high=4
1764948063.398470  INFO: [kua.bidder] Won auction for #0
1764948063.398576  INFO: [kua.bidder] Should have workers for #0
1764948091.111188 DEBUG: [kua.bidder] SVS missing data: node=/two, low=2, high=2
1764948091.147114 DEBUG: [kua.bidder] SVS missing data: node=/four, low=2, high=2
1764948091.148870 DEBUG: [kua.bidder] SVS missing data: node=/master, low=5, high=6
1764948091.153268 DEBUG: [kua.bidder] Entering AuctionEnd handler for bucket #0
1764948091.153272 DEBUG: [kua.bidder] Confirmed node for #0 /one
1764948091.153275 DEBUG: [kua.bidder] Confirmed node for #0 /two
1764948091.153275 DEBUG: [kua.bidder] Confirmed node for #0 /four
1764948091.153782  INFO: [kua.worker] Constructing worker for #0 /one
1764948091.155512 DEBUG: [kua.bidder] RECV_AUCTION for #1 AID 4127212144
1764948091.155517 DEBUG: [kua.bidder] PLACE_BID for #1 AID 4127212144 $5053
1764948091.155691 DEBUG: [kua.bidder] SVS missing data: node=/two, low=3, high=3
1764948091.155703 DEBUG: [kua.bidder] SVS missing data: node=/three, low=2, high=2
1764948119.992691 DEBUG: [kua.bidder] SVS missing data: node=/four, low=3, high=3
1764948120.264908 DEBUG: [kua.bidder] SVS missing data: node=/master, low=7, high=9
1764948120.266153  INFO: [kua.bidder] Won auction for #1
1764948120.266446  INFO: [kua.bidder] Should have workers for #0 #1
1764948148.404304 DEBUG: [kua.bidder] SVS missing data: node=/three, low=3, high=3
1764948148.637031 DEBUG: [kua.bidder] SVS missing data: node=/two, low=4, high=4
1764948148.638927 DEBUG: [kua.bidder] SVS missing data: node=/master, low=10, high=11
1764948148.641786 DEBUG: [kua.bidder] Entering AuctionEnd handler for bucket #1
1764948148.642009 DEBUG: [kua.bidder] Confirmed node for #1 /one
1764948148.642017 DEBUG: [kua.bidder] Confirmed node for #1 /two
1764948148.642019 DEBUG: [kua.bidder] Confirmed node for #1 /three
1764948148.642442  INFO: [kua.worker] Constructing worker for #1 /one
1764948148.644653 DEBUG: [kua.bidder] RECV_AUCTION for #2 AID 3379319517
1764948148.644662 DEBUG: [kua.bidder] PLACE_BID for #2 AID 3379319517 $3354
1764948148.644760 DEBUG: [kua.bidder] SVS missing data: node=/two, low=5, high=5
1764948177.099724 DEBUG: [kua.bidder] SVS missing data: node=/four, low=4, high=4
1764948177.599769 DEBUG: [kua.bidder] SVS missing data: node=/three, low=4, high=4
1764948177.603347 DEBUG: [kua.bidder] SVS missing data: node=/master, low=12, high=14
1764948177.605745 DEBUG: [kua.bidder] SVS missing data: node=/four, low=5, high=5
1764948208.405339 DEBUG: [kua.bidder] SVS missing data: node=/two, low=6, high=6
1764948208.816922 DEBUG: [kua.bidder] SVS missing data: node=/three, low=5, high=5
1764948208.819672 DEBUG: [kua.bidder] SVS missing data: node=/master, low=15, high=16
1764948208.822271 DEBUG: [kua.bidder] Entering AuctionEnd handler for bucket #2
1764948208.822297 DEBUG: [kua.bidder] RECV_AUCTION for #3 AID 2467368867
1764948208.822300 DEBUG: [kua.bidder] PLACE_BID for #3 AID 2467368867 $3367
1764948208.824880 DEBUG: [kua.bidder] SVS missing data: node=/two, low=7, high=7
1764948236.477107 DEBUG: [kua.bidder] SVS missing data: node=/four, low=6, high=6
1764948236.976695 DEBUG: [kua.bidder] SVS missing data: node=/three, low=6, high=6
1764948236.978969 DEBUG: [kua.bidder] SVS missing data: node=/master, low=17, high=19
1764948236.980485  INFO: [kua.bidder] Won auction for #3
1764948236.980617  INFO: [kua.bidder] Should have workers for #0 #1 #3
1764948236.983013 DEBUG: [kua.bidder] SVS missing data: node=/four, low=7, high=7
1764948264.770852 DEBUG: [kua.bidder] SVS missing data: node=/three, low=7, high=7
1764948264.774204 DEBUG: [kua.bidder] SVS missing data: node=/master, low=20, high=20
1764948264.777842 DEBUG: [kua.bidder] Entering AuctionEnd handler for bucket #3
1764948264.777869 DEBUG: [kua.bidder] Confirmed node for #3 /one
1764948264.777873 DEBUG: [kua.bidder] Confirmed node for #3 /four
1764948264.777875 DEBUG: [kua.bidder] Confirmed node for #3 /three
1764948264.778340  INFO: [kua.worker] Constructing worker for #3 /one
1765271081.017134  INFO: [kua.nodewatcher] Constructing NodeWatcher
1765271081.030676  INFO: [kua.bidder] Constructing Bidder
1765271081.031060 DEBUG: [kua.bidder] Initializing Bidder
1765271084.435539 DEBUG: [kua.bidder] SVS missing data: node=/master, low=1, high=1
1765271084.436779 DEBUG: [kua.bidder] RECV_AUCTION for #0 AID 2952935156
1765271084.436800 DEBUG: [kua.bidder] PLACE_BID for #0 AID 2952935156 $10062
1765271084.439125 DEBUG: [kua.bidder] SVS missing data: node=/three, low=1, high=1
1765271084.439167 DEBUG: [kua.bidder] SVS missing data: node=/four, low=1, high=1
1765271114.043355 DEBUG: [kua.bidder] SVS missing data: node=/two, low=1, high=1
1765271114.046129 DEBUG: [kua.bidder] SVS missing data: node=/master, low=2, high=4
1765271114.047649  INFO: [kua.bidder] Won auction for #0
1765271114.048032  INFO: [kua.bidder] Should have workers for #0
1765271114.048580 DEBUG: [kua.bidder] SVS missing data: node=/four, low=2, high=2
1765271114.048623 DEBUG: [kua.bidder] SVS missing data: node=/two, low=2, high=2
1765271143.807585 DEBUG: [kua.bidder] SVS missing data: node=/master, low=5, high=6
1765271143.808451 DEBUG: [kua.bidder] Entering AuctionEnd handler for bucket #0
1765271143.808464 DEBUG: [kua.bidder] Confirmed node for #0 /one
1765271143.808469 DEBUG: [kua.bidder] Confirmed node for #0 /two
1765271143.808472 DEBUG: [kua.bidder] Confirmed node for #0 /four
1765271143.809694  INFO: [kua.worker] Constructing worker for #0 /one
1765271143.812744 DEBUG: [kua.bidder] RECV_AUCTION for #1 AID 3634776375
1765271143.812754 DEBUG: [kua.bidder] PLACE_BID for #1 AID 3634776375 $5031
1765271143.828514 ERROR: [kua.worker] ERROR: Failed to register prefix '/one/%00' with the local forwarder (authorization rejected)
1765271143.828544 ERROR: [kua.worker] ERROR: Failed to register prefix '/kua/%00' with the local forwarder (authorization rejected)
1765271144.131174 ERROR: [kua.worker] ERROR: Failed to register prefix '/one/%00' with the local forwarder (authorization rejected)
1765271144.131224 ERROR: [kua.worker] ERROR: Failed to register prefix '/kua/%00' with the local forwarder (authorization rejected)
1765271173.420797 DEBUG: [kua.bidder] SVS missing data: node=/two, low=3, high=3
1765271173.420844 DEBUG: [kua.bidder] SVS missing data: node=/four, low=3, high=3
1765271173.421249 DEBUG: [kua.bidder] SVS missing data: node=/three, low=2, high=2
1765271173.423814 DEBUG: [kua.bidder] SVS missing data: node=/master, low=7, high=9
1765271173.427927  INFO: [kua.bidder] Won auction for #1
1765271173.428556  INFO: [kua.bidder] Should have workers for #0 #1
1765271173.430460 DEBUG: [kua.bidder] SVS missing data: node=/three, low=3, high=3
1765271202.688330 DEBUG: [kua.bidder] SVS missing data: node=/four, low=4, high=4
1765271202.732732 DEBUG: [kua.bidder] SVS missing data: node=/master, low=10, high=11
1765271202.736042 DEBUG: [kua.bidder] Entering AuctionEnd handler for bucket #1
1765271202.736056 DEBUG: [kua.bidder] Confirmed node for #1 /one
1765271202.736061 DEBUG: [kua.bidder] Confirmed node for #1 /four
1765271202.736063 DEBUG: [kua.bidder] Confirmed node for #1 /three
1765271202.737059  INFO: [kua.worker] Constructing worker for #1 /one
1765271202.739695 DEBUG: [kua.bidder] RECV_AUCTION for #2 AID 1631308571
1765271202.739708 DEBUG: [kua.bidder] PLACE_BID for #2 AID 1631308571 $3371
1765271202.739910 DEBUG: [kua.bidder] SVS missing data: node=/two, low=4, high=4
1765271202.750079 ERROR: [kua.worker] ERROR: Failed to register prefix '/one/%01' with the local forwarder (authorization rejected)
1765271203.064631 ERROR: [kua.worker] ERROR: Failed to register prefix '/one/%01' with the local forwarder (authorization rejected)
1765271230.757857 DEBUG: [kua.bidder] SVS missing data: node=/four, low=5, high=5
1765271231.194758 DEBUG: [kua.bidder] SVS missing data: node=/three, low=4, high=4
1765271231.260603 DEBUG: [kua.bidder] SVS missing data: node=/master, low=12, high=14
1765271231.263180 DEBUG: [kua.bidder] SVS missing data: node=/two, low=5, high=5
1765271231.263247 DEBUG: [kua.bidder] SVS missing data: node=/four, low=6, high=6
1765271258.329879 DEBUG: [kua.bidder] SVS missing data: node=/three, low=5, high=5
1765271258.333149 DEBUG: [kua.bidder] SVS missing data: node=/master, low=15, high=16
1765271258.341125 DEBUG: [kua.bidder] Entering AuctionEnd handler for bucket #2
1765271258.341162 DEBUG: [kua.bidder] RECV_AUCTION for #3 AID 3559885819
1765271258.341166 DEBUG: [kua.bidder] PLACE_BID for #3 AID 3559885819 $3405
1765271258.346745 DEBUG: [kua.bidder] SVS missing data: node=/three, low=6, high=6
1765271287.492453 DEBUG: [kua.bidder] SVS missing data: node=/four, low=7, high=7
1765271287.492713 DEBUG: [kua.bidder] SVS missing data: node=/two, low=6, high=6
1765271287.494755 DEBUG: [kua.bidder] SVS missing data: node=/master, low=17, high=19
1765271287.495467  INFO: [kua.bidder] Won auction for #3
1765271287.495629  INFO: [kua.bidder] Should have workers for #0 #1 #3
1765271287.496796 DEBUG: [kua.bidder] SVS missing data: node=/two, low=7, high=7
1765271316.294368 DEBUG: [kua.bidder] SVS missing data: node=/three, low=7, high=7
1765271316.297846 DEBUG: [kua.bidder] SVS missing data: node=/master, low=20, high=20
1765271316.299018 DEBUG: [kua.bidder] Entering AuctionEnd handler for bucket #3
1765271316.299080 DEBUG: [kua.bidder] Confirmed node for #3 /one
1765271316.299107 DEBUG: [kua.bidder] Confirmed node for #3 /two
1765271316.299115 DEBUG: [kua.bidder] Confirmed node for #3 /three
1765271316.300355  INFO: [kua.worker] Constructing worker for #3 /one
1765271316.311946 ERROR: [kua.worker] ERROR: Failed to register prefix '/one/%03' with the local forwarder (authorization rejected)
1765271316.312067 ERROR: [kua.worker] ERROR: Failed to register prefix '/kua/%03' with the local forwarder (authorization rejected)
