1764664252.566392  INFO: [kua.nodewatcher] Constructing NodeWatcher
1764664252.574476  INFO: [kua.bidder] Constructing Bidder
1764664252.576043  INFO: [kua.master] Constructing Master
1764664255.576325 DEBUG: [kua.master] Initializing Master
1764664255.576375  INFO: [kua.master] Starting auction for #0 AID 1893667100
1764664255.584835 DEBUG: [kua.master] RECV_BID from /three for #0 AID 1893667100 $10084
1764664255.587792 DEBUG: [kua.master] RECV_BID from /six for #0 AID 1893667100 $10081
1764664283.067591 DEBUG: [kua.master] RECV_BID from /one for #0 AID 1893667100 $10056
1764664283.157384 DEBUG: [kua.master] RECV_BID from /eight for #0 AID 1893667100 $10003
1764664283.161352 DEBUG: [kua.master] RECV_BID from /five for #0 AID 1893667100 $10045
1764664283.161380 DEBUG: [kua.master] RECV_BID from /four for #0 AID 1893667100 $10030
1764664283.161392 DEBUG: [kua.master] RECV_BID from /seven for #0 AID 1893667100 $10006
1764664283.161414 DEBUG: [kua.master] RECV_BID from /two for #0 AID 1893667100 $10023
1764664283.161418  INFO: [kua.master] /three won #0 for 10084
1764664283.167787  INFO: [kua.master] win end
1764664283.167808  INFO: [kua.master] Starting auction for #1 AID 876315638
1764664283.173132 DEBUG: [kua.master] RECV_BID from /one for #1 AID 876315638 $10058
1764664311.067142 DEBUG: [kua.master] RECV_BID from /eight for #1 AID 876315638 $10070
1764664311.489783 DEBUG: [kua.master] RECV_BID from /three for #1 AID 876315638 $5088
1764664311.562357 DEBUG: [kua.master] RECV_BID from /six for #1 AID 876315638 $10017
1764664311.565894 DEBUG: [kua.master] RECV_BID from /five for #1 AID 876315638 $10089
1764664311.567773 DEBUG: [kua.master] RECV_BID from /two for #1 AID 876315638 $10001
1764664311.567841 DEBUG: [kua.master] RECV_BID from /seven for #1 AID 876315638 $10062
1764664311.572504 DEBUG: [kua.master] RECV_BID from /four for #1 AID 876315638 $10037
1764664311.572533  INFO: [kua.master] /five won #1 for 10089
1764664311.581361  INFO: [kua.master] win end
1764664311.581374  INFO: [kua.master] Starting auction for #2 AID 1390137465
1764664311.591940 DEBUG: [kua.master] RECV_BID from /six for #2 AID 1390137465 $10011
1764664311.591962 DEBUG: [kua.master] RECV_BID from /eight for #2 AID 1390137465 $10059
1764664339.239882 DEBUG: [kua.master] RECV_BID from /seven for #2 AID 1390137465 $10001
1764664339.346028 DEBUG: [kua.master] RECV_BID from /four for #2 AID 1390137465 $10072
1764664339.350594 DEBUG: [kua.master] RECV_BID from /three for #2 AID 1390137465 $5055
1764664339.363072 DEBUG: [kua.master] RECV_BID from /two for #2 AID 1390137465 $10040
1764664339.396993 DEBUG: [kua.master] RECV_BID from /one for #2 AID 1390137465 $10004
1764664339.407018 DEBUG: [kua.master] RECV_BID from /five for #2 AID 1390137465 $5077
1764664339.407033  INFO: [kua.master] /four won #2 for 10072
1764664339.413466  INFO: [kua.master] win end
1764664339.413485  INFO: [kua.master] Starting auction for #3 AID 2721496436
1764664339.418091 DEBUG: [kua.master] RECV_BID from /eight for #3 AID 2721496436 $10076
1764664339.419588 DEBUG: [kua.master] RECV_BID from /two for #3 AID 2721496436 $10049
1764664366.615891 DEBUG: [kua.master] RECV_BID from /six for #3 AID 2721496436 $10089
1764664366.888539 DEBUG: [kua.master] RECV_BID from /five for #3 AID 2721496436 $5085
1764664367.027213 DEBUG: [kua.master] RECV_BID from /four for #3 AID 2721496436 $5046
1764664367.042752 DEBUG: [kua.master] RECV_BID from /three for #3 AID 2721496436 $5044
1764664367.111379 DEBUG: [kua.master] RECV_BID from /seven for #3 AID 2721496436 $10080
1764664367.112972 DEBUG: [kua.master] RECV_BID from /one for #3 AID 2721496436 $10072
1764664367.113004  INFO: [kua.master] /six won #3 for 10089
1764664367.121367  INFO: [kua.master] win end
1764664367.121383  INFO: [kua.master] Starting auction for #4 AID 2443452002
1764664367.127092 DEBUG: [kua.master] RECV_BID from /seven for #4 AID 2443452002 $10062
1764664367.127119 DEBUG: [kua.master] RECV_BID from /two for #4 AID 2443452002 $10072
1764664367.127129 DEBUG: [kua.master] RECV_BID from /four for #4 AID 2443452002 $5055
1764664367.127666 DEBUG: [kua.master] RECV_BID from /three for #4 AID 2443452002 $5093
1764664395.240005 DEBUG: [kua.master] RECV_BID from /five for #4 AID 2443452002 $5005
1764664395.347774 DEBUG: [kua.master] RECV_BID from /six for #4 AID 2443452002 $5074
1764664395.728727 DEBUG: [kua.master] RECV_BID from /eight for #4 AID 2443452002 $10029
1764664395.738581 DEBUG: [kua.master] RECV_BID from /one for #4 AID 2443452002 $10022
1764664395.738606  INFO: [kua.master] /two won #4 for 10072
1764664395.761418  INFO: [kua.master] win end
1764664395.761432  INFO: [kua.master] Starting auction for #5 AID 3472416572
1764664395.765751 DEBUG: [kua.master] RECV_BID from /three for #5 AID 3472416572 $5064
1764664423.081733 DEBUG: [kua.master] RECV_BID from /seven for #5 AID 3472416572 $10030
1764664423.116410 DEBUG: [kua.master] RECV_BID from /eight for #5 AID 3472416572 $10057
1764664423.382098 DEBUG: [kua.master] RECV_BID from /six for #5 AID 3472416572 $5009
1764664423.552934 DEBUG: [kua.master] RECV_BID from /two for #5 AID 3472416572 $5073
1764664423.556176 DEBUG: [kua.master] RECV_BID from /four for #5 AID 3472416572 $5042
1764664423.577042 DEBUG: [kua.master] RECV_BID from /one for #5 AID 3472416572 $10009
1764664423.579007 DEBUG: [kua.master] RECV_BID from /five for #5 AID 3472416572 $5037
1764664423.579060  INFO: [kua.master] /eight won #5 for 10057
1764664423.587283  INFO: [kua.master] win end
1764664423.587290  INFO: [kua.master] Starting auction for #6 AID 3151575490
1764664423.593214 DEBUG: [kua.master] RECV_BID from /three for #6 AID 3151575490 $5018
1764664450.847818 DEBUG: [kua.master] RECV_BID from /one for #6 AID 3151575490 $10064
1764664451.143002 DEBUG: [kua.master] RECV_BID from /eight for #6 AID 3151575490 $5100
1764664451.157478 DEBUG: [kua.master] RECV_BID from /five for #6 AID 3151575490 $5024
1764664451.326249 DEBUG: [kua.master] RECV_BID from /six for #6 AID 3151575490 $5026
1764664451.332480 DEBUG: [kua.master] RECV_BID from /four for #6 AID 3151575490 $5082
1764664451.338497 DEBUG: [kua.master] RECV_BID from /seven for #6 AID 3151575490 $10074
1764664451.349985 DEBUG: [kua.master] RECV_BID from /two for #6 AID 3151575490 $5055
1764664451.350017  INFO: [kua.master] /seven won #6 for 10074
1764664451.357438  INFO: [kua.master] win end
1764664451.357459  INFO: [kua.master] Starting auction for #7 AID 1924262068
1764664451.365169 DEBUG: [kua.master] RECV_BID from /five for #7 AID 1924262068 $5028
1764664451.365199 DEBUG: [kua.master] RECV_BID from /one for #7 AID 1924262068 $10062
1764664451.366461 DEBUG: [kua.master] RECV_BID from /four for #7 AID 1924262068 $5095
1764664478.497009 DEBUG: [kua.master] RECV_BID from /eight for #7 AID 1924262068 $5050
1764664478.674624 DEBUG: [kua.master] RECV_BID from /two for #7 AID 1924262068 $5048
1764664478.979401 DEBUG: [kua.master] RECV_BID from /six for #7 AID 1924262068 $5067
1764664478.994462 DEBUG: [kua.master] RECV_BID from /three for #7 AID 1924262068 $5024
1764664478.996117 DEBUG: [kua.master] RECV_BID from /seven for #7 AID 1924262068 $5006
1764664478.996159  INFO: [kua.master] /one won #7 for 10062
1764664479.002797  INFO: [kua.master] win end
