1764663718.844218  INFO: [kua.nodewatcher] Constructing NodeWatcher
1764663718.848615  INFO: [kua.bidder] Constructing Bidder
1764663718.848769 DEBUG: [kua.bidder] Initializing Bidder
1764663722.057214 DEBUG: [kua.bidder] SVS missing data: node=/master, low=1, high=1
1764663722.059725 DEBUG: [kua.bidder] RECV_AUCTION for #0 AID 823657218
1764663722.059750 DEBUG: [kua.bidder] PLACE_BID for #0 AID 823657218 $10025
1764663722.064883 DEBUG: [kua.bidder] SVS missing data: node=/one, low=1, high=1
1764663722.064924 DEBUG: [kua.bidder] SVS missing data: node=/five, low=1, high=1
1764663749.723524 DEBUG: [kua.bidder] SVS missing data: node=/four, low=1, high=1
1764663749.851116 DEBUG: [kua.bidder] SVS missing data: node=/eight, low=1, high=1
1764663749.980879 DEBUG: [kua.bidder] SVS missing data: node=/two, low=1, high=1
1764663749.980950 DEBUG: [kua.bidder] SVS missing data: node=/three, low=1, high=1
1764663749.980988 DEBUG: [kua.bidder] SVS missing data: node=/six, low=1, high=1
1764663749.985299 DEBUG: [kua.bidder] SVS missing data: node=/master, low=2, high=4
1764663749.990696 DEBUG: [kua.bidder] SVS missing data: node=/three, low=2, high=2
1764663775.067016 DEBUG: [kua.bidder] SVS missing data: node=/master, low=5, high=5
1764663775.068412 DEBUG: [kua.bidder] RECV_AUCTION for #1 AID 3167459125
1764663775.068428 DEBUG: [kua.bidder] PLACE_BID for #1 AID 3167459125 $10035
1764663775.074298 DEBUG: [kua.bidder] SVS missing data: node=/one, low=2, high=2
1764663775.074357 DEBUG: [kua.bidder] SVS missing data: node=/five, low=2, high=2
1764663802.148101 DEBUG: [kua.bidder] SVS missing data: node=/six, low=2, high=3
1764663802.461367 DEBUG: [kua.bidder] SVS missing data: node=/two, low=2, high=2
1764663802.574864 DEBUG: [kua.bidder] SVS missing data: node=/four, low=2, high=2
1764663802.650895 DEBUG: [kua.bidder] SVS missing data: node=/three, low=3, high=3
1764663802.651003 DEBUG: [kua.bidder] SVS missing data: node=/eight, low=2, high=3
1764663802.658581 DEBUG: [kua.bidder] SVS missing data: node=/master, low=6, high=8
1764663802.660111 DEBUG: [kua.bidder] SVS missing data: node=/five, low=3, high=3
1764663828.098271 DEBUG: [kua.bidder] SVS missing data: node=/master, low=9, high=9
1764663828.100631 DEBUG: [kua.bidder] RECV_AUCTION for #2 AID 1992707374
1764663828.100650 DEBUG: [kua.bidder] PLACE_BID for #2 AID 1992707374 $10070
1764663828.103672 DEBUG: [kua.bidder] SVS missing data: node=/three, low=4, high=4
1764663856.226764 DEBUG: [kua.bidder] SVS missing data: node=/eight, low=4, high=4
1764663856.357582 DEBUG: [kua.bidder] SVS missing data: node=/one, low=3, high=4
1764663856.382204 DEBUG: [kua.bidder] SVS missing data: node=/six, low=4, high=4
1764663856.382269 DEBUG: [kua.bidder] SVS missing data: node=/four, low=3, high=3
1764663856.385529 DEBUG: [kua.bidder] SVS missing data: node=/two, low=3, high=4
1764663856.391330 DEBUG: [kua.bidder] SVS missing data: node=/five, low=4, high=4
1764663856.394526 DEBUG: [kua.bidder] SVS missing data: node=/master, low=10, high=12
1764663856.395509  INFO: [kua.bidder] Won auction for #2
1764663856.395693  INFO: [kua.bidder] Should have workers for #2
1764663881.147201 DEBUG: [kua.bidder] SVS missing data: node=/master, low=13, high=13
1764663881.149169 DEBUG: [kua.bidder] RECV_AUCTION for #3 AID 3800242845
1764663881.149212 DEBUG: [kua.bidder] PLACE_BID for #3 AID 3800242845 $5089
1764663881.155428 DEBUG: [kua.bidder] SVS missing data: node=/five, low=5, high=5
1764663881.155489 DEBUG: [kua.bidder] SVS missing data: node=/eight, low=5, high=5
1764663881.155520 DEBUG: [kua.bidder] SVS missing data: node=/six, low=5, high=5
1764663909.666678 DEBUG: [kua.bidder] SVS missing data: node=/three, low=5, high=5
1764663910.163854 DEBUG: [kua.bidder] SVS missing data: node=/two, low=5, high=5
1764663910.164974 DEBUG: [kua.bidder] SVS missing data: node=/one, low=5, high=6
1764663910.166282 DEBUG: [kua.bidder] SVS missing data: node=/four, low=4, high=5
1764663910.170508 DEBUG: [kua.bidder] SVS missing data: node=/master, low=14, high=16
1764663910.173143  INFO: [kua.bidder] Won auction for #3
1764663910.173419  INFO: [kua.bidder] Should have workers for #2 #3
1764663910.177495 DEBUG: [kua.bidder] SVS missing data: node=/three, low=6, high=6
1764663910.177634 DEBUG: [kua.bidder] SVS missing data: node=/five, low=6, high=6
1764663910.184002 DEBUG: [kua.bidder] SVS missing data: node=/master, low=17, high=18
1764663910.185404 DEBUG: [kua.bidder] Entering AuctionEnd handler for bucket #3
1764663910.185444 DEBUG: [kua.bidder] Confirmed node for #3 /five
1764663910.185449 DEBUG: [kua.bidder] Confirmed node for #3 /seven
1764663910.185451 DEBUG: [kua.bidder] Confirmed node for #3 /three
1764663910.186218  INFO: [kua.worker] Constructing worker for #3 /seven
1764663910.187947 DEBUG: [kua.bidder] RECV_AUCTION for #4 AID 4033206031
1764663910.187953 DEBUG: [kua.bidder] PLACE_BID for #4 AID 4033206031 $3425
1764663910.189604 DEBUG: [kua.bidder] SVS missing data: node=/one, low=7, high=7
1764663910.190232 DEBUG: [kua.bidder] SVS missing data: node=/four, low=6, high=6
1764663938.158606 DEBUG: [kua.bidder] SVS missing data: node=/two, low=6, high=6
1764663938.179437 DEBUG: [kua.bidder] SVS missing data: node=/three, low=7, high=7
1764663938.633515 DEBUG: [kua.bidder] SVS missing data: node=/six, low=6, high=6
1764663938.661269 DEBUG: [kua.bidder] SVS missing data: node=/eight, low=6, high=6
1764663938.661436 DEBUG: [kua.bidder] SVS missing data: node=/five, low=7, high=7
1764663938.665745 DEBUG: [kua.bidder] SVS missing data: node=/master, low=19, high=21
1764663938.669458 DEBUG: [kua.bidder] SVS missing data: node=/six, low=7, high=7
1764663938.669486 DEBUG: [kua.bidder] SVS missing data: node=/two, low=7, high=7
1764663963.223831 DEBUG: [kua.bidder] SVS missing data: node=/master, low=22, high=22
1764663963.224470 DEBUG: [kua.bidder] RECV_AUCTION for #5 AID 3129298505
1764663963.224482 DEBUG: [kua.bidder] PLACE_BID for #5 AID 3129298505 $3386
1764663963.227894 DEBUG: [kua.bidder] SVS missing data: node=/two, low=8, high=8
1764663990.467850 DEBUG: [kua.bidder] SVS missing data: node=/five, low=8, high=8
1764663990.898876 DEBUG: [kua.bidder] SVS missing data: node=/three, low=8, high=8
1764663990.915731 DEBUG: [kua.bidder] SVS missing data: node=/one, low=8, high=8
1764663990.929829 DEBUG: [kua.bidder] SVS missing data: node=/six, low=8, high=8
1764663990.962132 DEBUG: [kua.bidder] SVS missing data: node=/four, low=7, high=7
1764663990.967035 DEBUG: [kua.bidder] SVS missing data: node=/eight, low=7, high=8
1764663990.976817 DEBUG: [kua.bidder] SVS missing data: node=/master, low=23, high=25
1764663990.981675  INFO: [kua.bidder] Won auction for #5
1764663990.981934  INFO: [kua.bidder] Should have workers for #2 #3 #5
1764663990.986927 DEBUG: [kua.bidder] SVS missing data: node=/one, low=9, high=9
1764663990.986961 DEBUG: [kua.bidder] SVS missing data: node=/four, low=8, high=8
1764663990.997560 DEBUG: [kua.bidder] SVS missing data: node=/master, low=26, high=27
1764663990.998473 DEBUG: [kua.bidder] Entering AuctionEnd handler for bucket #5
1764663990.998481 DEBUG: [kua.bidder] Confirmed node for #5 /one
1764663990.998483 DEBUG: [kua.bidder] Confirmed node for #5 /four
1764663990.998485 DEBUG: [kua.bidder] Confirmed node for #5 /seven
1764663990.998932  INFO: [kua.worker] Constructing worker for #5 /seven
1764663991.000249 DEBUG: [kua.bidder] RECV_AUCTION for #6 AID 110583855
1764663991.000254 DEBUG: [kua.bidder] PLACE_BID for #6 AID 110583855 $2506
1764663991.010496 DEBUG: [kua.bidder] SVS missing data: node=/three, low=9, high=9
1764663991.012660 DEBUG: [kua.bidder] SVS missing data: node=/one, low=10, high=10
1764663991.013338 DEBUG: [kua.bidder] SVS missing data: node=/six, low=9, high=9
1764663991.013798 DEBUG: [kua.bidder] SVS missing data: node=/five, low=9, high=9
1764663991.014143 DEBUG: [kua.bidder] SVS missing data: node=/eight, low=9, high=9
1764664018.741518 DEBUG: [kua.bidder] SVS missing data: node=/two, low=9, high=9
1764664018.744728 DEBUG: [kua.bidder] SVS missing data: node=/four, low=9, high=9
1764664018.751184 DEBUG: [kua.bidder] SVS missing data: node=/master, low=28, high=30
1764664018.761194 DEBUG: [kua.bidder] SVS missing data: node=/eight, low=10, high=10
1764664018.761238 DEBUG: [kua.bidder] SVS missing data: node=/three, low=10, high=10
1764664044.018157 DEBUG: [kua.bidder] SVS missing data: node=/master, low=31, high=31
1764664044.020197 DEBUG: [kua.bidder] RECV_AUCTION for #7 AID 3468833590
1764664044.020207 DEBUG: [kua.bidder] PLACE_BID for #7 AID 3468833590 $2547
1764664044.022140 DEBUG: [kua.bidder] SVS missing data: node=/one, low=11, high=11
1764664044.022172 DEBUG: [kua.bidder] SVS missing data: node=/three, low=11, high=11
1764664071.246531 DEBUG: [kua.bidder] SVS missing data: node=/six, low=10, high=10
1764664071.312467 DEBUG: [kua.bidder] SVS missing data: node=/eight, low=11, high=11
1764664071.378233 DEBUG: [kua.bidder] SVS missing data: node=/five, low=10, high=11
1764664071.614330 DEBUG: [kua.bidder] SVS missing data: node=/four, low=10, high=10
1764664071.615911 DEBUG: [kua.bidder] SVS missing data: node=/two, low=10, high=10
1764664071.620571 DEBUG: [kua.bidder] SVS missing data: node=/master, low=32, high=34
1764664071.631860 DEBUG: [kua.bidder] SVS missing data: node=/six, low=11, high=11
1764664071.631886 DEBUG: [kua.bidder] SVS missing data: node=/four, low=11, high=11
1764664099.328099 DEBUG: [kua.bidder] SVS missing data: node=/two, low=11, high=11
1764664252.357498  INFO: [kua.nodewatcher] Constructing NodeWatcher
1764664252.365322  INFO: [kua.bidder] Constructing Bidder
1764664252.365557 DEBUG: [kua.bidder] Initializing Bidder
1764664255.579101 DEBUG: [kua.bidder] SVS missing data: node=/master, low=1, high=1
1764664255.581120 DEBUG: [kua.bidder] RECV_AUCTION for #0 AID 1893667100
1764664255.581130 DEBUG: [kua.bidder] PLACE_BID for #0 AID 1893667100 $10006
1764664255.582464 DEBUG: [kua.bidder] SVS missing data: node=/six, low=1, high=1
1764664255.582568 DEBUG: [kua.bidder] SVS missing data: node=/three, low=1, high=1
1764664283.066560 DEBUG: [kua.bidder] SVS missing data: node=/one, low=1, high=1
1764664283.155567 DEBUG: [kua.bidder] SVS missing data: node=/eight, low=1, high=1
1764664283.160591 DEBUG: [kua.bidder] SVS missing data: node=/five, low=1, high=1
1764664283.160669 DEBUG: [kua.bidder] SVS missing data: node=/four, low=1, high=1
1764664283.160723 DEBUG: [kua.bidder] SVS missing data: node=/two, low=1, high=1
1764664283.163809 DEBUG: [kua.bidder] SVS missing data: node=/master, low=2, high=2
1764664283.167271 DEBUG: [kua.bidder] SVS missing data: node=/three, low=2, high=2
1764664283.170646 DEBUG: [kua.bidder] SVS missing data: node=/master, low=3, high=4
1764664283.172524 DEBUG: [kua.bidder] Entering AuctionEnd handler for bucket #0
1764664283.172542 DEBUG: [kua.bidder] RECV_AUCTION for #1 AID 876315638
1764664283.172544 DEBUG: [kua.bidder] PLACE_BID for #1 AID 876315638 $10062
1764664283.174567 DEBUG: [kua.bidder] SVS missing data: node=/one, low=2, high=2
1764664311.065668 DEBUG: [kua.bidder] SVS missing data: node=/eight, low=2, high=2
1764664311.488863 DEBUG: [kua.bidder] SVS missing data: node=/three, low=3, high=3
1764664311.560123 DEBUG: [kua.bidder] SVS missing data: node=/six, low=2, high=2
1764664311.562608 DEBUG: [kua.bidder] SVS missing data: node=/five, low=2, high=2
1764664311.565590 DEBUG: [kua.bidder] SVS missing data: node=/two, low=2, high=2
1764664311.567523 DEBUG: [kua.bidder] SVS missing data: node=/four, low=2, high=2
1764664311.577964 DEBUG: [kua.bidder] SVS missing data: node=/master, low=5, high=5
1764664311.580812 DEBUG: [kua.bidder] SVS missing data: node=/five, low=3, high=3
1764664311.583016 DEBUG: [kua.bidder] SVS missing data: node=/master, low=6, high=7
1764664311.583485 DEBUG: [kua.bidder] Entering AuctionEnd handler for bucket #1
1764664311.583689 DEBUG: [kua.bidder] RECV_AUCTION for #2 AID 1390137465
1764664311.583693 DEBUG: [kua.bidder] PLACE_BID for #2 AID 1390137465 $10001
1764664311.589859 DEBUG: [kua.bidder] SVS missing data: node=/six, low=3, high=3
1764664311.589884 DEBUG: [kua.bidder] SVS missing data: node=/eight, low=3, high=3
1764664339.345242 DEBUG: [kua.bidder] SVS missing data: node=/four, low=3, high=3
1764664339.349673 DEBUG: [kua.bidder] SVS missing data: node=/three, low=4, high=4
1764664339.362613 DEBUG: [kua.bidder] SVS missing data: node=/two, low=3, high=3
1764664339.395821 DEBUG: [kua.bidder] SVS missing data: node=/one, low=3, high=3
1764664339.406607 DEBUG: [kua.bidder] SVS missing data: node=/five, low=4, high=4
1764664339.410259 DEBUG: [kua.bidder] SVS missing data: node=/master, low=8, high=8
1764664339.412927 DEBUG: [kua.bidder] SVS missing data: node=/four, low=4, high=4
1764664339.414942 DEBUG: [kua.bidder] SVS missing data: node=/master, low=9, high=10
1764664339.416157 DEBUG: [kua.bidder] Entering AuctionEnd handler for bucket #2
1764664339.416221 DEBUG: [kua.bidder] RECV_AUCTION for #3 AID 2721496436
1764664339.416226 DEBUG: [kua.bidder] PLACE_BID for #3 AID 2721496436 $10080
1764664339.417691 DEBUG: [kua.bidder] SVS missing data: node=/eight, low=4, high=4
1764664339.417837 DEBUG: [kua.bidder] SVS missing data: node=/two, low=4, high=4
1764664366.614896 DEBUG: [kua.bidder] SVS missing data: node=/six, low=4, high=4
1764664366.886612 DEBUG: [kua.bidder] SVS missing data: node=/five, low=5, high=5
1764664367.025353 DEBUG: [kua.bidder] SVS missing data: node=/four, low=5, high=5
1764664367.039852 DEBUG: [kua.bidder] SVS missing data: node=/three, low=5, high=5
1764664367.112193 DEBUG: [kua.bidder] SVS missing data: node=/one, low=4, high=4
1764664367.115307 DEBUG: [kua.bidder] SVS missing data: node=/master, low=11, high=11
1764664367.120175 DEBUG: [kua.bidder] SVS missing data: node=/six, low=5, high=5
1764664367.123016 DEBUG: [kua.bidder] SVS missing data: node=/master, low=12, high=13
1764664367.123720 DEBUG: [kua.bidder] Entering AuctionEnd handler for bucket #3
1764664367.123743 DEBUG: [kua.bidder] RECV_AUCTION for #4 AID 2443452002
1764664367.123745 DEBUG: [kua.bidder] PLACE_BID for #4 AID 2443452002 $10062
1764664367.126026 DEBUG: [kua.bidder] SVS missing data: node=/two, low=5, high=5
1764664367.126047 DEBUG: [kua.bidder] SVS missing data: node=/four, low=6, high=6
1764664367.126093 DEBUG: [kua.bidder] SVS missing data: node=/three, low=6, high=6
1764664395.237908 DEBUG: [kua.bidder] SVS missing data: node=/five, low=6, high=6
1764664395.345252 DEBUG: [kua.bidder] SVS missing data: node=/six, low=6, high=6
1764664395.728511 DEBUG: [kua.bidder] SVS missing data: node=/eight, low=5, high=5
1764664395.738350 DEBUG: [kua.bidder] SVS missing data: node=/one, low=5, high=5
1764664395.748849 DEBUG: [kua.bidder] SVS missing data: node=/master, low=14, high=14
1764664395.759386 DEBUG: [kua.bidder] SVS missing data: node=/two, low=6, high=6
1764664395.763578 DEBUG: [kua.bidder] SVS missing data: node=/master, low=15, high=16
1764664395.764406 DEBUG: [kua.bidder] Entering AuctionEnd handler for bucket #4
1764664395.764422 DEBUG: [kua.bidder] RECV_AUCTION for #5 AID 3472416572
1764664395.764425 DEBUG: [kua.bidder] PLACE_BID for #5 AID 3472416572 $10030
1764664395.765905 DEBUG: [kua.bidder] SVS missing data: node=/three, low=7, high=7
1764664423.115482 DEBUG: [kua.bidder] SVS missing data: node=/eight, low=6, high=6
1764664423.380552 DEBUG: [kua.bidder] SVS missing data: node=/six, low=7, high=7
1764664423.549360 DEBUG: [kua.bidder] SVS missing data: node=/two, low=7, high=7
1764664423.554100 DEBUG: [kua.bidder] SVS missing data: node=/four, low=7, high=7
1764664423.575647 DEBUG: [kua.bidder] SVS missing data: node=/one, low=6, high=6
1764664423.578452 DEBUG: [kua.bidder] SVS missing data: node=/five, low=7, high=7
1764664423.581850 DEBUG: [kua.bidder] SVS missing data: node=/master, low=17, high=17
1764664423.584144 DEBUG: [kua.bidder] SVS missing data: node=/eight, low=7, high=7
1764664423.588999 DEBUG: [kua.bidder] SVS missing data: node=/master, low=18, high=19
1764664423.591391 DEBUG: [kua.bidder] Entering AuctionEnd handler for bucket #5
1764664423.591409 DEBUG: [kua.bidder] RECV_AUCTION for #6 AID 3151575490
1764664423.591411 DEBUG: [kua.bidder] PLACE_BID for #6 AID 3151575490 $10074
1764664423.592339 DEBUG: [kua.bidder] SVS missing data: node=/three, low=8, high=8
1764664450.839735 DEBUG: [kua.bidder] SVS missing data: node=/one, low=7, high=7
1764664451.141356 DEBUG: [kua.bidder] SVS missing data: node=/eight, low=8, high=8
1764664451.154666 DEBUG: [kua.bidder] SVS missing data: node=/five, low=8, high=8
1764664451.325062 DEBUG: [kua.bidder] SVS missing data: node=/six, low=8, high=8
1764664451.330797 DEBUG: [kua.bidder] SVS missing data: node=/four, low=8, high=8
1764664451.346113 DEBUG: [kua.bidder] SVS missing data: node=/two, low=8, high=8
1764664451.354819 DEBUG: [kua.bidder] SVS missing data: node=/master, low=20, high=20
1764664451.355499  INFO: [kua.bidder] Won auction for #6
1764664451.355641  INFO: [kua.bidder] Should have workers for #6
1764664451.358970 DEBUG: [kua.bidder] SVS missing data: node=/master, low=21, high=22
1764664451.360580 DEBUG: [kua.bidder] Entering AuctionEnd handler for bucket #6
1764664451.360588 DEBUG: [kua.bidder] Confirmed node for #6 /seven
1764664451.361090  INFO: [kua.worker] Constructing worker for #6 /seven
1764664451.362305 DEBUG: [kua.bidder] RECV_AUCTION for #7 AID 1924262068
1764664451.362313 DEBUG: [kua.bidder] PLACE_BID for #7 AID 1924262068 $5006
1764664451.363894 DEBUG: [kua.bidder] SVS missing data: node=/five, low=9, high=9
1764664451.363916 DEBUG: [kua.bidder] SVS missing data: node=/four, low=9, high=9
1764664451.363928 DEBUG: [kua.bidder] SVS missing data: node=/one, low=8, high=8
1764664478.496197 DEBUG: [kua.bidder] SVS missing data: node=/eight, low=9, high=9
1764664478.674188 DEBUG: [kua.bidder] SVS missing data: node=/two, low=9, high=9
1764664478.979060 DEBUG: [kua.bidder] SVS missing data: node=/six, low=9, high=9
1764664478.993578 DEBUG: [kua.bidder] SVS missing data: node=/three, low=9, high=9
1764664478.997986 DEBUG: [kua.bidder] SVS missing data: node=/master, low=23, high=23
1764664479.001619 DEBUG: [kua.bidder] SVS missing data: node=/one, low=9, high=9
1764664479.004517 DEBUG: [kua.bidder] SVS missing data: node=/master, low=24, high=24
1764664479.005122 DEBUG: [kua.bidder] Entering AuctionEnd handler for bucket #7
